#
# There is insufficient memory for the Java Runtime Environment to continue.
# Native memory allocation (malloc) failed to allocate 1346576 bytes for Chunk::new
# Possible reasons:
#   The system is out of physical RAM or swap space
#   The process is running with CompressedOops enabled, and the Java Heap may be blocking the growth of the native heap
# Possible solutions:
#   Reduce memory load on the system
#   Increase physical memory or swap space
#   Check if swap backing store is full
#   Decrease Java heap size (-Xmx/-Xms)
#   Decrease number of Java threads
#   Decrease Java thread stack sizes (-Xss)
#   Set larger code cache with -XX:ReservedCodeCacheSize=
#   JVM is running with Zero Based Compressed Oops mode in which the Java heap is
#     placed in the first 32GB address space. The Java Heap base address is the
#     maximum limit for the native heap growth. Please use -XX:HeapBaseMinAddress
#     to set the Java Heap base and to place the Java Heap above 32GB virtual address.
# This output file may be truncated or incomplete.
#
#  Out of Memory Error (allocation.cpp:389), pid=14988, tid=0x0000000000004e88
#
# JRE version: Java(TM) SE Runtime Environment (8.0_371) (build 1.8.0_371-b11)
# Java VM: Java HotSpot(TM) 64-Bit Server VM (25.371-b11 mixed mode windows-amd64 compressed oops)
# Failed to write core dump. Minidumps are not enabled by default on client versions of Windows
#

---------------  T H R E A D  ---------------

Current thread (0x0000021ddde94800):  JavaThread "C2 CompilerThread2" daemon [_thread_in_native, id=20104, stack(0x0000004c47f00000,0x0000004c48000000)]

Stack: [0x0000004c47f00000,0x0000004c48000000]
Native frames: (J=compiled Java code, j=interpreted, Vv=VM code, C=native code)
V  [jvm.dll+0x34d9f9]
V  [jvm.dll+0x28aa12]
V  [jvm.dll+0x28b5dd]
V  [jvm.dll+0x281da5]
V  [jvm.dll+0xdb51c]
V  [jvm.dll+0xdbd2c]
V  [jvm.dll+0x49774d]
V  [jvm.dll+0x45b223]
V  [jvm.dll+0x46433f]
V  [jvm.dll+0x463739]
V  [jvm.dll+0x44d45b]
V  [jvm.dll+0xb02c6]
V  [jvm.dll+0xae99f]
V  [jvm.dll+0x24e572]
V  [jvm.dll+0x2a76ac]
C  [ucrtbase.dll+0x21bb2]
C  [KERNEL32.DLL+0x17614]
C  [ntdll.dll+0x526b1]


Current CompileTask:
C2:   2958 1174       4       java.nio.file.FileTreeIterator::hasNext (35 bytes)


---------------  P R O C E S S  ---------------

Java Threads: ( => current thread )
  0x0000021dc2792000 JavaThread "DestroyJavaVM" [_thread_blocked, id=5868, stack(0x0000004c46e00000,0x0000004c46f00000)]
  0x0000021ddf886800 JavaThread "pool-1-thread-1" [_thread_in_vm, id=13652, stack(0x0000004c48300000,0x0000004c48400000)]
  0x0000021ddf139000 JavaThread "Service Thread" daemon [_thread_blocked, id=29204, stack(0x0000004c48100000,0x0000004c48200000)]
  0x0000021ddde98800 JavaThread "C1 CompilerThread3" daemon [_thread_blocked, id=6428, stack(0x0000004c48000000,0x0000004c48100000)]
=>0x0000021ddde94800 JavaThread "C2 CompilerThread2" daemon [_thread_in_native, id=20104, stack(0x0000004c47f00000,0x0000004c48000000)]
  0x0000021ddde87000 JavaThread "C2 CompilerThread1" daemon [_thread_in_native, id=27256, stack(0x0000004c47e00000,0x0000004c47f00000)]
  0x0000021ddde80800 JavaThread "C2 CompilerThread0" daemon [_thread_in_native, id=16956, stack(0x0000004c47d00000,0x0000004c47e00000)]
  0x0000021ddde7f000 JavaThread "Attach Listener" daemon [_thread_blocked, id=28632, stack(0x0000004c47c00000,0x0000004c47d00000)]
  0x0000021ddde6b800 JavaThread "Signal Dispatcher" daemon [_thread_blocked, id=29240, stack(0x0000004c47b00000,0x0000004c47c00000)]
  0x0000021ddd1f9000 JavaThread "Finalizer" daemon [_thread_blocked, id=16732, stack(0x0000004c47900000,0x0000004c47a00000)]
  0x0000021ddddfa000 JavaThread "Reference Handler" daemon [_thread_blocked, id=30120, stack(0x0000004c47800000,0x0000004c47900000)]

Other Threads:
  0x0000021ddddd4000 VMThread [stack: 0x0000004c47700000,0x0000004c47800000] [id=24820]
  0x0000021ddf14d000 WatcherThread [stack: 0x0000004c48200000,0x0000004c48300000] [id=17704]

VM state:not at safepoint (normal execution)

VM Mutex/Monitor currently owned by a thread: None

heap address: 0x00000006c3600000, size: 4042 MB, Compressed Oops mode: Zero based, Oop shift amount: 3
Narrow klass base: 0x0000000000000000, Narrow klass shift: 3
Compressed class space size: 1073741824 Address: 0x00000007c0000000

Heap:
 PSYoungGen      total 75776K, used 35139K [0x000000076bd00000, 0x0000000771180000, 0x00000007c0000000)
  eden space 65024K, 54% used [0x000000076bd00000,0x000000076df50db0,0x000000076fc80000)
  from space 10752K, 0% used [0x0000000770700000,0x0000000770700000,0x0000000771180000)
  to   space 10752K, 0% used [0x000000076fc80000,0x000000076fc80000,0x0000000770700000)
 ParOldGen       total 173568K, used 0K [0x00000006c3600000, 0x00000006cdf80000, 0x000000076bd00000)
  object space 173568K, 0% used [0x00000006c3600000,0x00000006c3600000,0x00000006cdf80000)
 Metaspace       used 11290K, capacity 11590K, committed 11648K, reserved 1058816K
  class space    used 1312K, capacity 1397K, committed 1408K, reserved 1048576K

Card table byte_map: [0x0000021dd3580000,0x0000021dd3d70000] byte_map_base: 0x0000021dcff65000

Marking Bits: (ParMarkBitMap*) 0x00000000515bd980
 Begin Bits: [0x0000021dd42c0000, 0x0000021dd81e8000)
 End Bits:   [0x0000021dd81e8000, 0x0000021ddc110000)

Polling page: 0x0000021dc28c0000

CodeCache: size=245760Kb used=4335Kb max_used=4335Kb free=241424Kb
 bounds [0x0000021dc41c0000, 0x0000021dc4600000, 0x0000021dd31c0000]
 total_blobs=1558 nmethods=1218 adapters=253
 compilation: enabled

Compilation events (10 events):
Event: 2.941 Thread 0x0000021ddde98800 nmethod 1206 0x0000021dc45f08d0 code [0x0000021dc45f0a40, 0x0000021dc45f0bf0]
Event: 2.941 Thread 0x0000021ddde98800 1207       3       java.util.ArrayDeque::addLast (53 bytes)
Event: 2.941 Thread 0x0000021ddde98800 nmethod 1207 0x0000021dc45f0c90 code [0x0000021dc45f0e20, 0x0000021dc45f1240]
Event: 2.941 Thread 0x0000021ddde98800 1208   !   3       sun.misc.URLClassPath$JarLoader::getResource (85 bytes)
Event: 2.942 Thread 0x0000021ddde98800 nmethod 1208 0x0000021dc45f13d0 code [0x0000021dc45f1600, 0x0000021dc45f20a0]
Event: 2.942 Thread 0x0000021ddde98800 1209       3       sun.reflect.ReflectionFactory::copyField (10 bytes)
Event: 2.942 Thread 0x0000021ddde98800 nmethod 1209 0x0000021dc45f2610 code [0x0000021dc45f27a0, 0x0000021dc45f2b90]
Event: 2.942 Thread 0x0000021ddde98800 1210       3       java.lang.reflect.ReflectAccess::copyField (5 bytes)
Event: 2.942 Thread 0x0000021ddde98800 nmethod 1210 0x0000021dc45f2d50 code [0x0000021dc45f2ec0, 0x0000021dc45f30d0]
Event: 2.943 Thread 0x0000021ddde98800 1211       3       java.lang.Class::newReflectionData (74 bytes)

GC Heap History (0 events):
No events

Deoptimization events (10 events):
Event: 2.089 Thread 0x0000021dc2792000 Uncommon trap: reason=unstable_if action=reinterpret pc=0x0000021dc44cb044 method=java.util.HashMap.getNode(ILjava/lang/Object;)Ljava/util/HashMap$Node; @ 62
Event: 2.101 Thread 0x0000021dc2792000 Uncommon trap: reason=bimorphic action=maybe_recompile pc=0x0000021dc444a264 method=java.util.stream.ReferencePipeline$3$1.accept(Ljava/lang/Object;)V @ 12
Event: 2.121 Thread 0x0000021dc2792000 Uncommon trap: reason=bimorphic action=maybe_recompile pc=0x0000021dc444a264 method=java.util.stream.ReferencePipeline$3$1.accept(Ljava/lang/Object;)V @ 12
Event: 2.122 Thread 0x0000021dc2792000 Uncommon trap: reason=bimorphic action=maybe_recompile pc=0x0000021dc444a264 method=java.util.stream.ReferencePipeline$3$1.accept(Ljava/lang/Object;)V @ 12
Event: 2.122 Thread 0x0000021dc2792000 Uncommon trap: reason=bimorphic action=maybe_recompile pc=0x0000021dc444a264 method=java.util.stream.ReferencePipeline$3$1.accept(Ljava/lang/Object;)V @ 12
Event: 2.698 Thread 0x0000021ddf886800 Uncommon trap: reason=unstable_if action=reinterpret pc=0x0000021dc446bf98 method=sun.nio.fs.WindowsPathParser.isSlash(C)Z @ 9
Event: 2.698 Thread 0x0000021ddf886800 Uncommon trap: reason=unstable_if action=reinterpret pc=0x0000021dc4445f08 method=java.io.WinNTFileSystem.isLetter(C)Z @ 3
Event: 2.702 Thread 0x0000021ddf886800 Uncommon trap: reason=unstable_if action=reinterpret pc=0x0000021dc443e0b8 method=sun.nio.fs.WindowsPathParser.isSlash(C)Z @ 9
Event: 2.798 Thread 0x0000021ddf886800 Uncommon trap: reason=unstable_if action=reinterpret pc=0x0000021dc456ab5c method=sun.misc.MetaIndex.mayContain(Ljava/lang/String;)Z @ 38
Event: 2.799 Thread 0x0000021ddf886800 Uncommon trap: reason=unstable_if action=reinterpret pc=0x0000021dc452d290 method=sun.misc.MetaIndex.mayContain(Ljava/lang/String;)Z @ 38

Classes redefined (0 events):
No events

Internal exceptions (8 events):
Event: 0.035 Thread 0x0000021dc2792000 Exception <a 'java/lang/NoSuchMethodError': Method sun.misc.Unsafe.defineClass(Ljava/lang/String;[BII)Ljava/lang/Class; name or signature does not match> (0x000000076bd07ce0) thrown at [C:\jenkins\workspace\8-2-build-windows-x64-cygwin\jdk8u371\3355\hotsp
Event: 0.035 Thread 0x0000021dc2792000 Exception <a 'java/lang/NoSuchMethodError': Method sun.misc.Unsafe.prefetchRead(Ljava/lang/Object;J)V name or signature does not match> (0x000000076bd07fc8) thrown at [C:\jenkins\workspace\8-2-build-windows-x64-cygwin\jdk8u371\3355\hotspot\src\share\vm\pr
Event: 0.474 Thread 0x0000021dc2792000 Exception <a 'java/lang/NoSuchFieldError': method resolution failed> (0x000000076c3c2870) thrown at [C:\jenkins\workspace\8-2-build-windows-x64-cygwin\jdk8u371\3355\hotspot\src\share\vm\prims\methodHandles.cpp, line 1188]
Event: 0.479 Thread 0x0000021dc2792000 Exception <a 'java/lang/NoSuchFieldError': method resolution failed> (0x000000076c3cffb0) thrown at [C:\jenkins\workspace\8-2-build-windows-x64-cygwin\jdk8u371\3355\hotspot\src\share\vm\prims\methodHandles.cpp, line 1188]
Event: 1.846 Thread 0x0000021dc2792000 Implicit null exception at 0x0000021dc4451e49 to 0x0000021dc4455b75
Event: 1.911 Thread 0x0000021dc2792000 Exception <a 'java/security/PrivilegedActionException'> (0x000000076d120638) thrown at [C:\jenkins\workspace\8-2-build-windows-x64-cygwin\jdk8u371\3355\hotspot\src\share\vm\prims\jvm.cpp, line 1513]
Event: 1.911 Thread 0x0000021dc2792000 Exception <a 'java/security/PrivilegedActionException'> (0x000000076d120848) thrown at [C:\jenkins\workspace\8-2-build-windows-x64-cygwin\jdk8u371\3355\hotspot\src\share\vm\prims\jvm.cpp, line 1513]
Event: 2.049 Thread 0x0000021dc2792000 Exception <a 'java/lang/NoSuchMethodError': java.lang.Object.lambda$comparingInt$7b0bb60$1(Ljava/util/function/ToIntFunction;Ljava/lang/Object;Ljava/lang/Object;)I> (0x000000076d3cbb60) thrown at [C:\jenkins\workspace\8-2-build-windows-x64-cygwin\jdk8u371

Events (10 events):
Event: 2.938 loading class org/eclipse/lsp4j/CodeLensOptions
Event: 2.938 loading class org/eclipse/lsp4j/CodeLensOptions done
Event: 2.939 loading class org/eclipse/lsp4j/DocumentOnTypeFormattingOptions
Event: 2.939 loading class org/eclipse/lsp4j/DocumentOnTypeFormattingOptions done
Event: 2.941 loading class org/eclipse/lsp4j/DocumentLinkOptions
Event: 2.941 loading class org/eclipse/lsp4j/DocumentLinkOptions done
Event: 2.941 loading class org/eclipse/lsp4j/WorkspaceServerCapabilities
Event: 2.941 loading class org/eclipse/lsp4j/WorkspaceServerCapabilities done
Event: 2.943 loading class org/eclipse/lsp4j/HoverOptions
Event: 2.943 loading class org/eclipse/lsp4j/HoverOptions done


Dynamic libraries:
0x00007ff7478f0000 - 0x00007ff74793a000 	C:\Program Files\Java\jdk-1.8\bin\java.exe
0x00007ffd682b0000 - 0x00007ffd684a8000 	C:\WINDOWS\SYSTEM32\ntdll.dll
0x00007ffd67190000 - 0x00007ffd6724f000 	C:\WINDOWS\System32\KERNEL32.DLL
0x00007ffd65ba0000 - 0x00007ffd65e96000 	C:\WINDOWS\System32\KERNELBASE.dll
0x00007ffd67f20000 - 0x00007ffd67fcf000 	C:\WINDOWS\System32\ADVAPI32.dll
0x00007ffd66b30000 - 0x00007ffd66bce000 	C:\WINDOWS\System32\msvcrt.dll
0x00007ffd67a00000 - 0x00007ffd67a9c000 	C:\WINDOWS\System32\sechost.dll
0x00007ffd66870000 - 0x00007ffd66996000 	C:\WINDOWS\System32\RPCRT4.dll
0x00007ffd67aa0000 - 0x00007ffd67c3d000 	C:\WINDOWS\System32\USER32.dll
0x00007ffd65a30000 - 0x00007ffd65a52000 	C:\WINDOWS\System32\win32u.dll
0x00007ffd66f90000 - 0x00007ffd66fbc000 	C:\WINDOWS\System32\GDI32.dll
0x00007ffd66100000 - 0x00007ffd66215000 	C:\WINDOWS\System32\gdi32full.dll
0x00007ffd65990000 - 0x00007ffd65a2d000 	C:\WINDOWS\System32\msvcp_win.dll
0x00007ffd66000000 - 0x00007ffd66100000 	C:\WINDOWS\System32\ucrtbase.dll
0x00007ffd55300000 - 0x00007ffd5559a000 	C:\WINDOWS\WinSxS\amd64_microsoft.windows.common-controls_6595b64144ccf1df_6.0.19041.1110_none_60b5254171f9507e\COMCTL32.dll
0x00007ffd67d60000 - 0x00007ffd67d90000 	C:\WINDOWS\System32\IMM32.DLL
0x00007ffd4e0f0000 - 0x00007ffd4e10b000 	C:\Program Files\Java\jdk-1.8\jre\bin\vcruntime140.dll
0x00007ffd55a80000 - 0x00007ffd55a8c000 	C:\Program Files\Java\jdk-1.8\jre\bin\vcruntime140_1.dll
0x00007ffd216a0000 - 0x00007ffd2172e000 	C:\Program Files\Java\jdk-1.8\jre\bin\msvcp140.dll
0x0000000050d90000 - 0x0000000051637000 	C:\Program Files\Java\jdk-1.8\jre\bin\server\jvm.dll
0x00007ffd66fc0000 - 0x00007ffd66fc8000 	C:\WINDOWS\System32\PSAPI.DLL
0x00007ffd47b20000 - 0x00007ffd47b29000 	C:\WINDOWS\SYSTEM32\WSOCK32.dll
0x00007ffd67cc0000 - 0x00007ffd67d2b000 	C:\WINDOWS\System32\WS2_32.dll
0x00007ffd40a80000 - 0x00007ffd40aa7000 	C:\WINDOWS\SYSTEM32\WINMM.dll
0x00007ffd5f1d0000 - 0x00007ffd5f1da000 	C:\WINDOWS\SYSTEM32\VERSION.dll
0x00007ffd64210000 - 0x00007ffd64222000 	C:\WINDOWS\SYSTEM32\kernel.appcore.dll
0x00007ffd55a00000 - 0x00007ffd55a10000 	C:\Program Files\Java\jdk-1.8\jre\bin\verify.dll
0x00007ffd45160000 - 0x00007ffd4518b000 	C:\Program Files\Java\jdk-1.8\jre\bin\java.dll
0x00007ffd45070000 - 0x00007ffd45088000 	C:\Program Files\Java\jdk-1.8\jre\bin\zip.dll
0x00007ffd67250000 - 0x00007ffd67994000 	C:\WINDOWS\System32\SHELL32.dll
0x00007ffd63730000 - 0x00007ffd63ec3000 	C:\WINDOWS\SYSTEM32\windows.storage.dll
0x00007ffd66bd0000 - 0x00007ffd66f24000 	C:\WINDOWS\System32\combase.dll
0x00007ffd653d0000 - 0x00007ffd653fe000 	C:\WINDOWS\SYSTEM32\Wldp.dll
0x00007ffd67fd0000 - 0x00007ffd6807d000 	C:\WINDOWS\System32\SHCORE.dll
0x00007ffd66810000 - 0x00007ffd66865000 	C:\WINDOWS\System32\shlwapi.dll
0x00007ffd658c0000 - 0x00007ffd658e5000 	C:\WINDOWS\SYSTEM32\profapi.dll
0x00007ffd436c0000 - 0x00007ffd436dc000 	C:\Program Files\Java\jdk-1.8\jre\bin\net.dll
0x00007ffd65130000 - 0x00007ffd6519a000 	C:\WINDOWS\system32\mswsock.dll
0x00007ffd42fc0000 - 0x00007ffd42fd3000 	C:\Program Files\Java\jdk-1.8\jre\bin\nio.dll
0x00007ffd63ee0000 - 0x00007ffd640c4000 	C:\WINDOWS\SYSTEM32\dbghelp.dll
0x00007ffd65a60000 - 0x00007ffd65ae2000 	C:\WINDOWS\System32\bcryptPrimitives.dll

VM Arguments:
jvm_args: -Dfile.encoding=utf8 
java_command: c:\Users\admin\.vscode\extensions\vscjava.vscode-gradle-3.12.7\lib\gradle-language-server.jar
java_class_path (initial): c:\Users\admin\.vscode\extensions\vscjava.vscode-gradle-3.12.7\lib\gradle-language-server.jar
Launcher Type: SUN_STANDARD

Environment Variables:
JAVA_HOME=C:\Users\admin\Desktop\soobin\tool\jdk\openjdk-11_windows-x64_bin\jdk-11
CLASSPATH=C:\Users\admin\Desktop\soobin\tool\jdk\openjdk-11_windows-x64_bin\jdk-11\lib
PATH=C:\CUBRID\bin\;C:\WINDOWS\system32;C:\WINDOWS;C:\WINDOWS\System32\Wbem;C:\WINDOWS\System32\WindowsPowerShell\v1.0\;C:\WINDOWS\System32\OpenSSH\;C:\Program Files\Bandizip\;C:\Users\admin\Desktop\soobin\tool\jdk\openjdk-11_windows-x64_bin\jdk-11\bin;C:\dev\Git\cmd;C:\dev\nodejs\;C:\Users\admin\AppData\Local\Microsoft\WindowsApps;;C:\dev\Microsoft VS Code\bin;C:\Users\admin\AppData\Roaming\npm
USERNAME=admin
OS=Windows_NT
PROCESSOR_IDENTIFIER=Intel64 Family 6 Model 126 Stepping 5, GenuineIntel



---------------  S Y S T E M  ---------------

OS: Windows 10 , 64 bit Build 19041 (10.0.19041.3155)

CPU:total 8 (initial active 8) (4 cores per cpu, 2 threads per core) family 6 model 126 stepping 5, cmov, cx8, fxsr, mmx, sse, sse2, sse3, ssse3, sse4.1, sse4.2, popcnt, avx, avx2, aes, clmul, erms, 3dnowpref, lzcnt, ht, tsc, tscinvbit, bmi1, bmi2, adx

Memory: 4k page, physical 16553656k(2224152k free), swap 47727312k(70960k free)

vm_info: Java HotSpot(TM) 64-Bit Server VM (25.371-b11) for windows-amd64 JRE (1.8.0_371-b11), built on Mar 17 2023 04:03:45 by "java_re" with MS VC++ 17.1 (VS2022)

time: Tue Sep 12 12:58:58 2023
timezone: Intel64 Family 6 Model 126 Stepping 5, GenuineIntel
elapsed time: 2.961622 seconds (0d 0h 0m 2s)

