#
# There is insufficient memory for the Java Runtime Environment to continue.
# Native memory allocation (malloc) failed to allocate 1650000 bytes for Chunk::new
# Possible reasons:
#   The system is out of physical RAM or swap space
#   The process is running with CompressedOops enabled, and the Java Heap may be blocking the growth of the native heap
# Possible solutions:
#   Reduce memory load on the system
#   Increase physical memory or swap space
#   Check if swap backing store is full
#   Decrease Java heap size (-Xmx/-Xms)
#   Decrease number of Java threads
#   Decrease Java thread stack sizes (-Xss)
#   Set larger code cache with -XX:ReservedCodeCacheSize=
#   JVM is running with Unscaled Compressed Oops mode in which the Java heap is
#     placed in the first 4GB address space. The Java Heap base address is the
#     maximum limit for the native heap growth. Please use -XX:HeapBaseMinAddress
#     to set the Java Heap base and to place the Java Heap above 4GB virtual address.
# This output file may be truncated or incomplete.
#
#  Out of Memory Error (allocation.cpp:389), pid=15680, tid=0x0000000000006420
#
# JRE version: Java(TM) SE Runtime Environment (8.0_371) (build 1.8.0_371-b11)
# Java VM: Java HotSpot(TM) 64-Bit Server VM (25.371-b11 mixed mode windows-amd64 compressed oops)
# Failed to write core dump. Minidumps are not enabled by default on client versions of Windows
#

---------------  T H R E A D  ---------------

Current thread (0x000001dcf53e7000):  JavaThread "C2 CompilerThread1" daemon [_thread_in_native, id=25632, stack(0x000000742cc00000,0x000000742cd00000)]

Stack: [0x000000742cc00000,0x000000742cd00000]
Native frames: (J=compiled Java code, j=interpreted, Vv=VM code, C=native code)
V  [jvm.dll+0x34d9f9]
V  [jvm.dll+0x28aa12]
V  [jvm.dll+0x28b5dd]
V  [jvm.dll+0x281da5]
V  [jvm.dll+0xdb51c]
V  [jvm.dll+0xdbd2c]
V  [jvm.dll+0x49779c]
V  [jvm.dll+0x45b075]
V  [jvm.dll+0x46433f]
V  [jvm.dll+0x463739]
V  [jvm.dll+0x44d45b]
V  [jvm.dll+0xb02c6]
V  [jvm.dll+0xae99f]
V  [jvm.dll+0x24e572]
V  [jvm.dll+0x2a76ac]
C  [ucrtbase.dll+0x21bb2]
C  [KERNEL32.DLL+0x17614]
C  [ntdll.dll+0x526b1]


Current CompileTask:
C2:   2113 1626       4       java.net.URLClassLoader$1::run (5 bytes)


---------------  P R O C E S S  ---------------

Java Threads: ( => current thread )
  0x000001dcf53fa000 JavaThread "Cache worker for file hash cache (C:\Users\admin\.gradle\caches\7.6.1\fileHashes)" [_thread_blocked, id=29388, stack(0x000000742de00000,0x000000742df00000)]
  0x000001dcf53fb800 JavaThread "File lock release action executor" [_thread_blocked, id=13088, stack(0x000000742dd00000,0x000000742de00000)]
  0x000001dcf53f9800 JavaThread "File lock request listener" [_thread_in_native, id=7096, stack(0x000000742dc00000,0x000000742dd00000)]
  0x000001dcf6aba000 JavaThread "Cache worker for journal cache (C:\Users\admin\.gradle\caches\journal-1)" [_thread_blocked, id=31692, stack(0x000000742db00000,0x000000742dc00000)]
  0x000001dcf70c1000 JavaThread "Daemon client event forwarder" [_thread_blocked, id=29776, stack(0x000000742da00000,0x000000742db00000)]
  0x000001dcf6e26000 JavaThread "Stdin handler" [_thread_blocked, id=6472, stack(0x000000742d900000,0x000000742da00000)]
  0x000001dcf6e24000 JavaThread "Asynchronous log dispatcher for DefaultDaemonConnection: socket connection from /127.0.0.1:53575 to /127.0.0.1:53576" [_thread_blocked, id=22924, stack(0x000000742d800000,0x000000742d900000)]
  0x000001dcf6c37800 JavaThread "Daemon worker" [_thread_in_vm, id=21232, stack(0x000000742d700000,0x000000742d800000)]
  0x000001dcf6c34800 JavaThread "Cancel handler" [_thread_blocked, id=30928, stack(0x000000742d600000,0x000000742d700000)]
  0x000001dcf67e5000 JavaThread "Handler for socket connection from /127.0.0.1:53575 to /127.0.0.1:53576" [_thread_in_native, id=2708, stack(0x000000742d500000,0x000000742d600000)]
  0x000001dcf67bd000 JavaThread "Daemon" [_thread_blocked, id=17292, stack(0x000000742d400000,0x000000742d500000)]
  0x000001dcf6b0d000 JavaThread "Daemon periodic checks" [_thread_blocked, id=13172, stack(0x000000742d300000,0x000000742d400000)]
  0x000001dcf85f6800 JavaThread "Incoming local TCP Connector on port 53575" [_thread_in_native, id=2112, stack(0x000000742d200000,0x000000742d300000)]
  0x000001dcf7f7a000 JavaThread "Daemon health stats" [_thread_blocked, id=31200, stack(0x000000742d100000,0x000000742d200000)]
  0x000001dcf540e000 JavaThread "Service Thread" daemon [_thread_blocked, id=16204, stack(0x000000742cf00000,0x000000742d000000)]
  0x000001dcf53fb000 JavaThread "C1 CompilerThread3" daemon [_thread_blocked, id=24712, stack(0x000000742ce00000,0x000000742cf00000)]
  0x000001dcf53f6800 JavaThread "C2 CompilerThread2" daemon [_thread_blocked, id=1252, stack(0x000000742cd00000,0x000000742ce00000)]
=>0x000001dcf53e7000 JavaThread "C2 CompilerThread1" daemon [_thread_in_native, id=25632, stack(0x000000742cc00000,0x000000742cd00000)]
  0x000001dcf53ca000 JavaThread "C2 CompilerThread0" daemon [_thread_in_native, id=21668, stack(0x000000742cb00000,0x000000742cc00000)]
  0x000001dcf53c9800 JavaThread "Attach Listener" daemon [_thread_blocked, id=9524, stack(0x000000742ca00000,0x000000742cb00000)]
  0x000001dcf53e0000 JavaThread "Signal Dispatcher" daemon [_thread_blocked, id=10644, stack(0x000000742c900000,0x000000742ca00000)]
  0x000001dcf475b800 JavaThread "Finalizer" daemon [_thread_blocked, id=23332, stack(0x000000742c800000,0x000000742c900000)]
  0x000001dcf5359800 JavaThread "Reference Handler" daemon [_thread_blocked, id=12600, stack(0x000000742c700000,0x000000742c800000)]
  0x000001dcf0e64000 JavaThread "main" [_thread_blocked, id=19668, stack(0x000000742bd00000,0x000000742be00000)]

Other Threads:
  0x000001dcf5333800 VMThread [stack: 0x000000742c600000,0x000000742c700000] [id=18796]
  0x000001dcf6759000 WatcherThread [stack: 0x000000742d000000,0x000000742d100000] [id=10208]

VM state:not at safepoint (normal execution)

VM Mutex/Monitor currently owned by a thread:  ([mutex/lock_event])
[0x000001dcf0e55a30] SystemDictionary_lock - owner thread: 0x0000000000000000

heap address: 0x00000000e0000000, size: 512 MB, Compressed Oops mode: 32-bit
Narrow klass base: 0x0000000000000000, Narrow klass shift: 3
Compressed class space size: 1073741824 Address: 0x0000000100000000

Heap:
 PSYoungGen      total 76288K, used 17094K [0x00000000f5580000, 0x00000000fac00000, 0x0000000100000000)
  eden space 65536K, 16% used [0x00000000f5580000,0x00000000f6010128,0x00000000f9580000)
  from space 10752K, 58% used [0x00000000fa000000,0x00000000fa621720,0x00000000faa80000)
  to   space 10752K, 0% used [0x00000000f9580000,0x00000000f9580000,0x00000000fa000000)
 ParOldGen       total 217600K, used 6309K [0x00000000e0000000, 0x00000000ed480000, 0x00000000f5580000)
  object space 217600K, 2% used [0x00000000e0000000,0x00000000e06297f0,0x00000000ed480000)
 Metaspace       used 17531K, capacity 18200K, committed 18304K, reserved 1064960K
  class space    used 2487K, capacity 2646K, committed 2688K, reserved 1048576K

Card table byte_map: [0x000001dcf2ba0000,0x000001dcf2cb0000] byte_map_base: 0x000001dcf24a0000

Marking Bits: (ParMarkBitMap*) 0x00000000515bd980
 Begin Bits: [0x000001dcf2d60000, 0x000001dcf3560000)
 End Bits:   [0x000001dcf3560000, 0x000001dcf3d60000)

Polling page: 0x000001dcf0fc0000

CodeCache: size=245760Kb used=6149Kb max_used=6161Kb free=239610Kb
 bounds [0x000001dc80000000, 0x000001dc80610000, 0x000001dc8f000000]
 total_blobs=2175 nmethods=1745 adapters=342
 compilation: enabled

Compilation events (10 events):
Event: 2.077 Thread 0x000001dcf53fb000 nmethod 1731 0x000001dc805fcd90 code [0x000001dc805fcee0, 0x000001dc805fd018]
Event: 2.077 Thread 0x000001dcf53fb000 1732       3       java.util.concurrent.locks.AbstractQueuedSynchronizer::setState (6 bytes)
Event: 2.077 Thread 0x000001dcf53fb000 nmethod 1732 0x000001dc805fd090 code [0x000001dc805fd1e0, 0x000001dc805fd338]
Event: 2.079 Thread 0x000001dcf53fb000 1733       3       java.util.Collections$EmptySet::iterator (4 bytes)
Event: 2.079 Thread 0x000001dcf53fb000 nmethod 1733 0x000001dc805fd3d0 code [0x000001dc805fd540, 0x000001dc805fd6f8]
Event: 2.080 Thread 0x000001dcf53fb000 1734       3       java.util.Collections$EmptyMap::entrySet (4 bytes)
Event: 2.080 Thread 0x000001dcf53fb000 nmethod 1734 0x000001dc805fd790 code [0x000001dc805fd900, 0x000001dc805fdab8]
Event: 2.089 Thread 0x000001dcf53f6800 1735   !   4       java.util.concurrent.ConcurrentHashMap::putVal (362 bytes)
Event: 2.095 Thread 0x000001dcf53fb000 1736       3       java.util.concurrent.locks.AbstractQueuedSynchronizer::release (33 bytes)
Event: 2.095 Thread 0x000001dcf53fb000 nmethod 1736 0x000001dc805fdb50 code [0x000001dc805fdcc0, 0x000001dc805fdfe0]

GC Heap History (10 events):
Event: 1.436 GC heap before
{Heap before GC invocations=2 (full 0):
 PSYoungGen      total 76288K, used 50829K [0x00000000f5580000, 0x00000000faa80000, 0x0000000100000000)
  eden space 65536K, 67% used [0x00000000f5580000,0x00000000f80b7488,0x00000000f9580000)
  from space 10752K, 61% used [0x00000000f9580000,0x00000000f9bebfa8,0x00000000fa000000)
  to   space 10752K, 0% used [0x00000000fa000000,0x00000000fa000000,0x00000000faa80000)
 ParOldGen       total 175104K, used 16K [0x00000000e0000000, 0x00000000eab00000, 0x00000000f5580000)
  object space 175104K, 0% used [0x00000000e0000000,0x00000000e0004000,0x00000000eab00000)
 Metaspace       used 11470K, capacity 11842K, committed 11904K, reserved 1062912K
  class space    used 1528K, capacity 1623K, committed 1664K, reserved 1048576K
Event: 1.441 GC heap after
Heap after GC invocations=2 (full 0):
 PSYoungGen      total 76288K, used 6816K [0x00000000f5580000, 0x00000000faa80000, 0x0000000100000000)
  eden space 65536K, 0% used [0x00000000f5580000,0x00000000f5580000,0x00000000f9580000)
  from space 10752K, 63% used [0x00000000fa000000,0x00000000fa6a83f8,0x00000000faa80000)
  to   space 10752K, 0% used [0x00000000f9580000,0x00000000f9580000,0x00000000fa000000)
 ParOldGen       total 175104K, used 24K [0x00000000e0000000, 0x00000000eab00000, 0x00000000f5580000)
  object space 175104K, 0% used [0x00000000e0000000,0x00000000e0006000,0x00000000eab00000)
 Metaspace       used 11470K, capacity 11842K, committed 11904K, reserved 1062912K
  class space    used 1528K, capacity 1623K, committed 1664K, reserved 1048576K
}
Event: 1.441 GC heap before
{Heap before GC invocations=3 (full 1):
 PSYoungGen      total 76288K, used 6816K [0x00000000f5580000, 0x00000000faa80000, 0x0000000100000000)
  eden space 65536K, 0% used [0x00000000f5580000,0x00000000f5580000,0x00000000f9580000)
  from space 10752K, 63% used [0x00000000fa000000,0x00000000fa6a83f8,0x00000000faa80000)
  to   space 10752K, 0% used [0x00000000f9580000,0x00000000f9580000,0x00000000fa000000)
 ParOldGen       total 175104K, used 24K [0x00000000e0000000, 0x00000000eab00000, 0x00000000f5580000)
  object space 175104K, 0% used [0x00000000e0000000,0x00000000e0006000,0x00000000eab00000)
 Metaspace       used 11470K, capacity 11842K, committed 11904K, reserved 1062912K
  class space    used 1528K, capacity 1623K, committed 1664K, reserved 1048576K
Event: 1.457 GC heap after
Heap after GC invocations=3 (full 1):
 PSYoungGen      total 76288K, used 0K [0x00000000f5580000, 0x00000000faa80000, 0x0000000100000000)
  eden space 65536K, 0% used [0x00000000f5580000,0x00000000f5580000,0x00000000f9580000)
  from space 10752K, 0% used [0x00000000fa000000,0x00000000fa000000,0x00000000faa80000)
  to   space 10752K, 0% used [0x00000000f9580000,0x00000000f9580000,0x00000000fa000000)
 ParOldGen       total 175104K, used 6566K [0x00000000e0000000, 0x00000000eab00000, 0x00000000f5580000)
  object space 175104K, 3% used [0x00000000e0000000,0x00000000e0669b00,0x00000000eab00000)
 Metaspace       used 11470K, capacity 11842K, committed 11904K, reserved 1060864K
  class space    used 1528K, capacity 1623K, committed 1664K, reserved 1048576K
}
Event: 1.457 GC heap before
{Heap before GC invocations=4 (full 1):
 PSYoungGen      total 76288K, used 0K [0x00000000f5580000, 0x00000000faa80000, 0x0000000100000000)
  eden space 65536K, 0% used [0x00000000f5580000,0x00000000f5580000,0x00000000f9580000)
  from space 10752K, 0% used [0x00000000fa000000,0x00000000fa000000,0x00000000faa80000)
  to   space 10752K, 0% used [0x00000000f9580000,0x00000000f9580000,0x00000000fa000000)
 ParOldGen       total 175104K, used 6566K [0x00000000e0000000, 0x00000000eab00000, 0x00000000f5580000)
  object space 175104K, 3% used [0x00000000e0000000,0x00000000e0669b00,0x00000000eab00000)
 Metaspace       used 11470K, capacity 11842K, committed 11904K, reserved 1064960K
  class space    used 1528K, capacity 1623K, committed 1664K, reserved 1048576K
Event: 1.458 GC heap after
Heap after GC invocations=4 (full 1):
 PSYoungGen      total 76288K, used 0K [0x00000000f5580000, 0x00000000faa80000, 0x0000000100000000)
  eden space 65536K, 0% used [0x00000000f5580000,0x00000000f5580000,0x00000000f9580000)
  from space 10752K, 0% used [0x00000000f9580000,0x00000000f9580000,0x00000000fa000000)
  to   space 10752K, 0% used [0x00000000fa000000,0x00000000fa000000,0x00000000faa80000)
 ParOldGen       total 175104K, used 6566K [0x00000000e0000000, 0x00000000eab00000, 0x00000000f5580000)
  object space 175104K, 3% used [0x00000000e0000000,0x00000000e0669b00,0x00000000eab00000)
 Metaspace       used 11470K, capacity 11842K, committed 11904K, reserved 1064960K
  class space    used 1528K, capacity 1623K, committed 1664K, reserved 1048576K
}
Event: 1.458 GC heap before
{Heap before GC invocations=5 (full 2):
 PSYoungGen      total 76288K, used 0K [0x00000000f5580000, 0x00000000faa80000, 0x0000000100000000)
  eden space 65536K, 0% used [0x00000000f5580000,0x00000000f5580000,0x00000000f9580000)
  from space 10752K, 0% used [0x00000000f9580000,0x00000000f9580000,0x00000000fa000000)
  to   space 10752K, 0% used [0x00000000fa000000,0x00000000fa000000,0x00000000faa80000)
 ParOldGen       total 175104K, used 6566K [0x00000000e0000000, 0x00000000eab00000, 0x00000000f5580000)
  object space 175104K, 3% used [0x00000000e0000000,0x00000000e0669b00,0x00000000eab00000)
 Metaspace       used 11470K, capacity 11842K, committed 11904K, reserved 1064960K
  class space    used 1528K, capacity 1623K, committed 1664K, reserved 1048576K
Event: 1.500 GC heap after
Heap after GC invocations=5 (full 2):
 PSYoungGen      total 76288K, used 0K [0x00000000f5580000, 0x00000000faa80000, 0x0000000100000000)
  eden space 65536K, 0% used [0x00000000f5580000,0x00000000f5580000,0x00000000f9580000)
  from space 10752K, 0% used [0x00000000f9580000,0x00000000f9580000,0x00000000fa000000)
  to   space 10752K, 0% used [0x00000000fa000000,0x00000000fa000000,0x00000000faa80000)
 ParOldGen       total 217600K, used 6301K [0x00000000e0000000, 0x00000000ed480000, 0x00000000f5580000)
  object space 217600K, 2% used [0x00000000e0000000,0x00000000e06277f0,0x00000000ed480000)
 Metaspace       used 11441K, capacity 11784K, committed 11904K, reserved 1060864K
  class space    used 1517K, capacity 1604K, committed 1664K, reserved 1048576K
}
Event: 2.006 GC heap before
{Heap before GC invocations=6 (full 2):
 PSYoungGen      total 76288K, used 65536K [0x00000000f5580000, 0x00000000faa80000, 0x0000000100000000)
  eden space 65536K, 100% used [0x00000000f5580000,0x00000000f9580000,0x00000000f9580000)
  from space 10752K, 0% used [0x00000000f9580000,0x00000000f9580000,0x00000000fa000000)
  to   space 10752K, 0% used [0x00000000fa000000,0x00000000fa000000,0x00000000faa80000)
 ParOldGen       total 217600K, used 6301K [0x00000000e0000000, 0x00000000ed480000, 0x00000000f5580000)
  object space 217600K, 2% used [0x00000000e0000000,0x00000000e06277f0,0x00000000ed480000)
 Metaspace       used 16514K, capacity 17094K, committed 17408K, reserved 1064960K
  class space    used 2319K, capacity 2487K, committed 2560K, reserved 1048576K
Event: 2.010 GC heap after
Heap after GC invocations=6 (full 2):
 PSYoungGen      total 76288K, used 6277K [0x00000000f5580000, 0x00000000fac00000, 0x0000000100000000)
  eden space 65536K, 0% used [0x00000000f5580000,0x00000000f5580000,0x00000000f9580000)
  from space 10752K, 58% used [0x00000000fa000000,0x00000000fa621720,0x00000000faa80000)
  to   space 10752K, 0% used [0x00000000f9580000,0x00000000f9580000,0x00000000fa000000)
 ParOldGen       total 217600K, used 6309K [0x00000000e0000000, 0x00000000ed480000, 0x00000000f5580000)
  object space 217600K, 2% used [0x00000000e0000000,0x00000000e06297f0,0x00000000ed480000)
 Metaspace       used 16514K, capacity 17094K, committed 17408K, reserved 1064960K
  class space    used 2319K, capacity 2487K, committed 2560K, reserved 1048576K
}

Deoptimization events (10 events):
Event: 1.683 Thread 0x000001dcf6c37800 Uncommon trap: reason=class_check action=maybe_recompile pc=0x000001dc8039c0c8 method=java.util.regex.Matcher.match(II)Z @ 86
Event: 1.693 Thread 0x000001dcf6c37800 Uncommon trap: reason=class_check action=maybe_recompile pc=0x000001dc8039c0c8 method=java.util.regex.Matcher.match(II)Z @ 86
Event: 1.800 Thread 0x000001dcf6c37800 Uncommon trap: reason=class_check action=maybe_recompile pc=0x000001dc8039c0c8 method=java.util.regex.Matcher.match(II)Z @ 86
Event: 1.801 Thread 0x000001dcf6c37800 Uncommon trap: reason=class_check action=maybe_recompile pc=0x000001dc801cf3a8 method=java.util.regex.Matcher.match(II)Z @ 86
Event: 1.881 Thread 0x000001dcf6c37800 Uncommon trap: reason=unstable_if action=reinterpret pc=0x000001dc801e0574 method=java.io.WinNTFileSystem.resolve(Ljava/lang/String;Ljava/lang/String;)Ljava/lang/String; @ 19
Event: 1.882 Thread 0x000001dcf6c37800 Uncommon trap: reason=unstable_if action=reinterpret pc=0x000001dc80392b64 method=java.io.File.getName()Ljava/lang/String; @ 16
Event: 1.882 Thread 0x000001dcf6c37800 Uncommon trap: reason=unstable_if action=reinterpret pc=0x000001dc803797e0 method=java.lang.String.substring(I)Ljava/lang/String; @ 35
Event: 1.994 Thread 0x000001dcf6c37800 Uncommon trap: reason=predicate action=maybe_recompile pc=0x000001dc805b003c method=java.util.AbstractCollection.toArray([Ljava/lang/Object;)[Ljava/lang/Object; @ 49
Event: 2.027 Thread 0x000001dcf6c37800 Uncommon trap: reason=array_check action=maybe_recompile pc=0x000001dc805e9f5c method=java.util.AbstractCollection.toArray([Ljava/lang/Object;)[Ljava/lang/Object; @ 119
Event: 2.080 Thread 0x000001dcf6c37800 Uncommon trap: reason=unstable_if action=reinterpret pc=0x000001dc80477f70 method=java.util.HashMap.hash(Ljava/lang/Object;)I @ 1

Classes redefined (0 events):
No events

Internal exceptions (10 events):
Event: 1.582 Thread 0x000001dcf67e5000 Exception <a 'java/lang/NoSuchMethodError': <clinit>> (0x00000000f5bec188) thrown at [C:\jenkins\workspace\8-2-build-windows-x64-cygwin\jdk8u371\3355\hotspot\src\share\vm\prims\jni.cpp, line 1615]
Event: 1.863 Thread 0x000001dcf6c37800 Exception <a 'java/lang/NoSuchMethodError': java.lang.Object.lambda$static$0(Lorg/gradle/internal/state/ModelObject;)Ljava/lang/String;> (0x00000000f797e8a8) thrown at [C:\jenkins\workspace\8-2-build-windows-x64-cygwin\jdk8u371\3355\hotspot\src\share\vm\i
Event: 1.937 Thread 0x000001dcf70c1000 Exception <a 'java/lang/NoSuchMethodError': <clinit>> (0x00000000f891f490) thrown at [C:\jenkins\workspace\8-2-build-windows-x64-cygwin\jdk8u371\3355\hotspot\src\share\vm\prims\jni.cpp, line 1615]
Event: 1.937 Thread 0x000001dcf70c1000 Exception <a 'java/lang/NoSuchMethodError': <clinit>> (0x00000000f89217b0) thrown at [C:\jenkins\workspace\8-2-build-windows-x64-cygwin\jdk8u371\3355\hotspot\src\share\vm\prims\jni.cpp, line 1615]
Event: 1.938 Thread 0x000001dcf70c1000 Exception <a 'java/lang/NoSuchMethodError': <clinit>> (0x00000000f892bcc0) thrown at [C:\jenkins\workspace\8-2-build-windows-x64-cygwin\jdk8u371\3355\hotspot\src\share\vm\prims\jni.cpp, line 1615]
Event: 1.939 Thread 0x000001dcf70c1000 Exception <a 'java/lang/NoSuchMethodError': <clinit>> (0x00000000f893c6d0) thrown at [C:\jenkins\workspace\8-2-build-windows-x64-cygwin\jdk8u371\3355\hotspot\src\share\vm\prims\jni.cpp, line 1615]
Event: 2.031 Thread 0x000001dcf6c37800 Exception <a 'java/lang/NoSuchMethodError': java.lang.Object.lambda$and$0(Ljava/util/function/Predicate;Ljava/lang/Object;)Z> (0x00000000f5732430) thrown at [C:\jenkins\workspace\8-2-build-windows-x64-cygwin\jdk8u371\3355\hotspot\src\share\vm\interpreter\
Event: 2.034 Thread 0x000001dcf6c37800 Exception <a 'java/lang/IncompatibleClassChangeError': Found class java.lang.Object, but interface was expected> (0x00000000f5745568) thrown at [C:\jenkins\workspace\8-2-build-windows-x64-cygwin\jdk8u371\3355\hotspot\src\share\vm\interpreter\linkResolver.
Event: 2.036 Thread 0x000001dcf6c37800 Exception <a 'java/lang/NoSuchMethodError': java.lang.Object.lambda$or$2(Ljava/util/function/Predicate;Ljava/lang/Object;)Z> (0x00000000f574a1f0) thrown at [C:\jenkins\workspace\8-2-build-windows-x64-cygwin\jdk8u371\3355\hotspot\src\share\vm\interpreter\l
Event: 2.080 Thread 0x000001dcf6c37800 Implicit null exception at 0x000001dc80477ed8 to 0x000001dc80477f66

Events (10 events):
Event: 2.099 loading class org/gradle/api/internal/attributes/ImmutableAttributes
Event: 2.099 loading class org/gradle/api/internal/attributes/ImmutableAttributes done
Event: 2.099 loading class org/gradle/api/internal/attributes/AttributeContainerInternal
Event: 2.099 loading class org/gradle/api/internal/attributes/AttributeContainerInternal done
Event: 2.099 loading class org/gradle/api/attributes/AttributeContainer
Event: 2.099 loading class org/gradle/api/attributes/AttributeContainer done
Event: 2.099 loading class org/gradle/api/attributes/HasAttributes
Event: 2.099 loading class org/gradle/api/attributes/HasAttributes done
Event: 2.100 loading class org/gradle/api/internal/attributes/AttributeMergingException
Event: 2.100 loading class org/gradle/api/internal/attributes/AttributeMergingException done


Dynamic libraries:
0x00007ff7478f0000 - 0x00007ff74793a000 	C:\Program Files\Java\jdk-1.8\bin\java.exe
0x00007ffd682b0000 - 0x00007ffd684a8000 	C:\WINDOWS\SYSTEM32\ntdll.dll
0x00007ffd67190000 - 0x00007ffd6724f000 	C:\WINDOWS\System32\KERNEL32.DLL
0x00007ffd65ba0000 - 0x00007ffd65e96000 	C:\WINDOWS\System32\KERNELBASE.dll
0x00007ffd67f20000 - 0x00007ffd67fcf000 	C:\WINDOWS\System32\ADVAPI32.dll
0x00007ffd66b30000 - 0x00007ffd66bce000 	C:\WINDOWS\System32\msvcrt.dll
0x00007ffd67a00000 - 0x00007ffd67a9c000 	C:\WINDOWS\System32\sechost.dll
0x00007ffd66870000 - 0x00007ffd66996000 	C:\WINDOWS\System32\RPCRT4.dll
0x00007ffd67aa0000 - 0x00007ffd67c3d000 	C:\WINDOWS\System32\USER32.dll
0x00007ffd65a30000 - 0x00007ffd65a52000 	C:\WINDOWS\System32\win32u.dll
0x00007ffd66f90000 - 0x00007ffd66fbc000 	C:\WINDOWS\System32\GDI32.dll
0x00007ffd66100000 - 0x00007ffd66215000 	C:\WINDOWS\System32\gdi32full.dll
0x00007ffd65990000 - 0x00007ffd65a2d000 	C:\WINDOWS\System32\msvcp_win.dll
0x00007ffd66000000 - 0x00007ffd66100000 	C:\WINDOWS\System32\ucrtbase.dll
0x00007ffd55300000 - 0x00007ffd5559a000 	C:\WINDOWS\WinSxS\amd64_microsoft.windows.common-controls_6595b64144ccf1df_6.0.19041.1110_none_60b5254171f9507e\COMCTL32.dll
0x00007ffd67d60000 - 0x00007ffd67d90000 	C:\WINDOWS\System32\IMM32.DLL
0x00007ffd4e0f0000 - 0x00007ffd4e10b000 	C:\Program Files\Java\jdk-1.8\jre\bin\vcruntime140.dll
0x00007ffd55a80000 - 0x00007ffd55a8c000 	C:\Program Files\Java\jdk-1.8\jre\bin\vcruntime140_1.dll
0x00007ffd216a0000 - 0x00007ffd2172e000 	C:\Program Files\Java\jdk-1.8\jre\bin\msvcp140.dll
0x0000000050d90000 - 0x0000000051637000 	C:\Program Files\Java\jdk-1.8\jre\bin\server\jvm.dll
0x00007ffd66fc0000 - 0x00007ffd66fc8000 	C:\WINDOWS\System32\PSAPI.DLL
0x00007ffd40a80000 - 0x00007ffd40aa7000 	C:\WINDOWS\SYSTEM32\WINMM.dll
0x00007ffd5f1d0000 - 0x00007ffd5f1da000 	C:\WINDOWS\SYSTEM32\VERSION.dll
0x00007ffd47b20000 - 0x00007ffd47b29000 	C:\WINDOWS\SYSTEM32\WSOCK32.dll
0x00007ffd67cc0000 - 0x00007ffd67d2b000 	C:\WINDOWS\System32\WS2_32.dll
0x00007ffd64210000 - 0x00007ffd64222000 	C:\WINDOWS\SYSTEM32\kernel.appcore.dll
0x00007ffd55a00000 - 0x00007ffd55a10000 	C:\Program Files\Java\jdk-1.8\jre\bin\verify.dll
0x00007ffd45160000 - 0x00007ffd4518b000 	C:\Program Files\Java\jdk-1.8\jre\bin\java.dll
0x00007ffd45070000 - 0x00007ffd45088000 	C:\Program Files\Java\jdk-1.8\jre\bin\zip.dll
0x00007ffd67250000 - 0x00007ffd67994000 	C:\WINDOWS\System32\SHELL32.dll
0x00007ffd63730000 - 0x00007ffd63ec3000 	C:\WINDOWS\SYSTEM32\windows.storage.dll
0x00007ffd66bd0000 - 0x00007ffd66f24000 	C:\WINDOWS\System32\combase.dll
0x00007ffd653d0000 - 0x00007ffd653fe000 	C:\WINDOWS\SYSTEM32\Wldp.dll
0x00007ffd67fd0000 - 0x00007ffd6807d000 	C:\WINDOWS\System32\SHCORE.dll
0x00007ffd66810000 - 0x00007ffd66865000 	C:\WINDOWS\System32\shlwapi.dll
0x00007ffd658c0000 - 0x00007ffd658e5000 	C:\WINDOWS\SYSTEM32\profapi.dll
0x00007ffd436c0000 - 0x00007ffd436dc000 	C:\Program Files\Java\jdk-1.8\jre\bin\net.dll
0x00007ffd65130000 - 0x00007ffd6519a000 	C:\WINDOWS\system32\mswsock.dll
0x00007ffd42fc0000 - 0x00007ffd42fd3000 	C:\Program Files\Java\jdk-1.8\jre\bin\nio.dll
0x00007ffd42bb0000 - 0x00007ffd42bd7000 	C:\Users\admin\.gradle\native\68d5fa5c4cc2d200863cafc0d521ce42e7d3e7ee720ec0a83991735586a16f82\windows-amd64\native-platform.dll
0x00007ffd19720000 - 0x00007ffd19864000 	C:\Users\admin\.gradle\native\e376f236ea51e6404a007f0833ffe2c6e607c4080706a723a18a27aeea778392\windows-amd64\native-platform-file-events.dll
0x00007ffd53560000 - 0x00007ffd5356d000 	C:\Program Files\Java\jdk-1.8\jre\bin\management.dll
0x00007ffd65320000 - 0x00007ffd65338000 	C:\WINDOWS\SYSTEM32\CRYPTSP.dll
0x00007ffd649d0000 - 0x00007ffd64a04000 	C:\WINDOWS\system32\rsaenh.dll
0x00007ffd66270000 - 0x00007ffd66297000 	C:\WINDOWS\System32\bcrypt.dll
0x00007ffd65880000 - 0x00007ffd658ae000 	C:\WINDOWS\SYSTEM32\USERENV.dll
0x00007ffd65a60000 - 0x00007ffd65ae2000 	C:\WINDOWS\System32\bcryptprimitives.dll
0x00007ffd65340000 - 0x00007ffd6534c000 	C:\WINDOWS\SYSTEM32\CRYPTBASE.dll
0x00007ffd64dd0000 - 0x00007ffd64e0b000 	C:\WINDOWS\SYSTEM32\IPHLPAPI.DLL
0x00007ffd67d30000 - 0x00007ffd67d38000 	C:\WINDOWS\System32\NSI.dll
0x00007ffd5e6f0000 - 0x00007ffd5e707000 	C:\WINDOWS\SYSTEM32\dhcpcsvc6.DLL
0x00007ffd5e6d0000 - 0x00007ffd5e6ed000 	C:\WINDOWS\SYSTEM32\dhcpcsvc.DLL
0x00007ffd64e20000 - 0x00007ffd64eea000 	C:\WINDOWS\SYSTEM32\DNSAPI.dll
0x00007ffd63ee0000 - 0x00007ffd640c4000 	C:\WINDOWS\SYSTEM32\dbghelp.dll

VM Arguments:
jvm_args: -XX:MaxMetaspaceSize=256m -XX:+HeapDumpOnOutOfMemoryError -Xms256m -Xmx512m -Dfile.encoding=utf8 -Duser.country=KR -Duser.language=ko -Duser.variant 
java_command: org.gradle.launcher.daemon.bootstrap.GradleDaemon 7.6.1
java_class_path (initial): C:\Users\admin\.gradle\wrapper\dists\gradle-7.6.1-bin\2clxi94ab3brv6467628wnxmd\gradle-7.6.1\lib\gradle-launcher-7.6.1.jar
Launcher Type: SUN_STANDARD

Environment Variables:
JAVA_HOME=C:\Users\admin\Desktop\soobin\tool\jdk\openjdk-11_windows-x64_bin\jdk-11
CLASSPATH=C:\Users\admin\Desktop\soobin\tool\jdk\openjdk-11_windows-x64_bin\jdk-11\lib
PATH=C:\CUBRID\bin\;C:\WINDOWS\system32;C:\WINDOWS;C:\WINDOWS\System32\Wbem;C:\WINDOWS\System32\WindowsPowerShell\v1.0\;C:\WINDOWS\System32\OpenSSH\;C:\Program Files\Bandizip\;C:\Users\admin\Desktop\soobin\tool\jdk\openjdk-11_windows-x64_bin\jdk-11\bin;C:\dev\Git\cmd;C:\dev\nodejs\;C:\Users\admin\AppData\Local\Microsoft\WindowsApps;;C:\dev\Microsoft VS Code\bin;C:\Users\admin\AppData\Roaming\npm
USERNAME=admin
OS=Windows_NT
PROCESSOR_IDENTIFIER=Intel64 Family 6 Model 126 Stepping 5, GenuineIntel



---------------  S Y S T E M  ---------------

OS: Windows 10 , 64 bit Build 19041 (10.0.19041.3155)

CPU:total 8 (initial active 8) (4 cores per cpu, 2 threads per core) family 6 model 126 stepping 5, cmov, cx8, fxsr, mmx, sse, sse2, sse3, ssse3, sse4.1, sse4.2, popcnt, avx, avx2, aes, clmul, erms, 3dnowpref, lzcnt, ht, tsc, tscinvbit, bmi1, bmi2, adx

Memory: 4k page, physical 16553656k(850096k free), swap 47727312k(4248k free)

vm_info: Java HotSpot(TM) 64-Bit Server VM (25.371-b11) for windows-amd64 JRE (1.8.0_371-b11), built on Mar 17 2023 04:03:45 by "java_re" with MS VC++ 17.1 (VS2022)

time: Tue Sep 12 12:40:20 2023
timezone: Intel64 Family 6 Model 126 Stepping 5, GenuineIntel
elapsed time: 2.116113 seconds (0d 0h 0m 2s)

