#
# There is insufficient memory for the Java Runtime Environment to continue.
# Native memory allocation (mmap) failed to map 266338304 bytes for G1 virtual space
# Possible reasons:
#   The system is out of physical RAM or swap space
#   The process is running with CompressedOops enabled, and the Java Heap may be blocking the growth of the native heap
# Possible solutions:
#   Reduce memory load on the system
#   Increase physical memory or swap space
#   Check if swap backing store is full
#   Decrease Java heap size (-Xmx/-Xms)
#   Decrease number of Java threads
#   Decrease Java thread stack sizes (-Xss)
#   Set larger code cache with -XX:ReservedCodeCacheSize=
#   JVM is running with Zero Based Compressed Oops mode in which the Java heap is
#     placed in the first 32GB address space. The Java Heap base address is the
#     maximum limit for the native heap growth. Please use -XX:HeapBaseMinAddress
#     to set the Java Heap base and to place the Java Heap above 32GB virtual address.
# This output file may be truncated or incomplete.
#
#  Out of Memory Error (os_windows.cpp:3528), pid=29788, tid=10500
#
# JRE version:  (20.0.1+9) (build )
# Java VM: OpenJDK 64-Bit Server VM (20.0.1+9, mixed mode, sharing, tiered, compressed oops, compressed class ptrs, g1 gc, windows-amd64)
# No core dump will be written. Minidumps are not enabled by default on client versions of Windows
#

---------------  S U M M A R Y ------------

Command Line: -ea -XX:+ShowCodeDetailsInExceptionMessages -Dfile.encoding=UTF-8 org.eclipse.jdt.internal.junit.runner.RemoteTestRunner -version 3 -port 54971 -testLoaderClass org.eclipse.jdt.internal.junit5.runner.JUnit5TestLoader -loaderpluginname org.eclipse.jdt.junit5.runtime -test com.prac.jpa.JpaPjtApplicationTests:findAllTest

Host: Intel(R) Core(TM) i5-1035G1 CPU @ 1.00GHz, 8 cores, 15G,  Windows 10 , 64 bit Build 19041 (10.0.19041.3155)
Time: Tue Sep 12 12:57:48 2023  Windows 10 , 64 bit Build 19041 (10.0.19041.3155) elapsed time: 0.025991 seconds (0d 0h 0m 0s)

---------------  T H R E A D  ---------------

Current thread (0x000002715dc11fa0):  JavaThread "Unknown thread" [_thread_in_vm, id=10500, stack(0x000000e58de00000,0x000000e58df00000)]

Stack: [0x000000e58de00000,0x000000e58df00000]
Native frames: (J=compiled Java code, j=interpreted, Vv=VM code, C=native code)
V  [jvm.dll+0x6c44aa]
V  [jvm.dll+0x8a27fc]
V  [jvm.dll+0x8a4405]
V  [jvm.dll+0x8a4b03]
V  [jvm.dll+0x284a4f]
V  [jvm.dll+0x6c1229]
V  [jvm.dll+0x6b5d1a]
V  [jvm.dll+0x360dad]
V  [jvm.dll+0x368f26]
V  [jvm.dll+0x3b9d2e]
V  [jvm.dll+0x3b9fa5]
V  [jvm.dll+0x3313ba]
V  [jvm.dll+0x3321cb]
V  [jvm.dll+0x86b0ef]
V  [jvm.dll+0x3c6fb1]
V  [jvm.dll+0x856e76]
V  [jvm.dll+0x45296f]
V  [jvm.dll+0x454451]
C  [jli.dll+0x528f]
C  [ucrtbase.dll+0x21bb2]
C  [KERNEL32.DLL+0x17614]
C  [ntdll.dll+0x526b1]


---------------  P R O C E S S  ---------------

Threads class SMR info:
_java_thread_list=0x00007ffce4de9598, length=0, elements={
}

Java Threads: ( => current thread )

Other Threads:
  0x000002715dc858d0 WorkerThread "GC Thread#0" [stack: 0x000000e58df00000,0x000000e58e000000] [id=624]
  0x000002715dc96380 ConcurrentGCThread "G1 Main Marker" [stack: 0x000000e58e000000,0x000000e58e100000] [id=20428]
  0x000002715dc96e60 WorkerThread "G1 Conc#0" [stack: 0x000000e58e100000,0x000000e58e200000] [id=21376]

[error occurred during error reporting (printing all threads), id 0xc0000005, EXCEPTION_ACCESS_VIOLATION (0xc0000005) at pc=0x00007ffce4564997]
VM state: not at safepoint (not fully initialized)

VM Mutex/Monitor currently owned by a thread:  ([mutex/lock_event])
[0x000002715dc00e50] Heap_lock - owner thread: 0x000002715dc11fa0

Heap address: 0x0000000703600000, size: 4042 MB, Compressed Oops mode: Zero based, Oop shift amount: 3

CDS archive(s) mapped at: [0x0000000000000000-0x0000000000000000-0x0000000000000000), size 0, SharedBaseAddress: 0x0000000800000000, ArchiveRelocationMode: 0.
Narrow klass base: 0x0000000000000000, Narrow klass shift: 0, Narrow klass range: 0x0

GC Precious Log:
 CardTable entry size: 512
 Card Set container configuration: InlinePtr #cards 4 size 8 Array Of Cards #cards 16 size 48 Howl #buckets 8 coarsen threshold 3686 Howl Bitmap #cards 512 size 80 coarsen threshold 460 Card regions per heap region 1 cards per card region 4096

Heap:
 garbage-first heap   total 0K, used 0K [0x0000000703600000, 0x0000000800000000)
  region size 2048K, 0 young (0K), 0 survivors (0K)

[error occurred during error reporting (printing heap information), id 0xc0000005, EXCEPTION_ACCESS_VIOLATION (0xc0000005) at pc=0x00007ffce493d559]
GC Heap History (0 events):
No events

Dll operation events (1 events):
Event: 0.014 Loaded shared library c:\Users\admin\AppData\Roaming\Code\User\globalStorage\pleiades.java-extension-pack-jdk\java\20\bin\java.dll

Deoptimization events (0 events):
No events

Classes loaded (0 events):
No events

Classes unloaded (0 events):
No events

Classes redefined (0 events):
No events

Internal exceptions (0 events):
No events

VM Operations (0 events):
No events

Events (0 events):
No events


Dynamic libraries:
0x00007ff7d6550000 - 0x00007ff7d655e000 	c:\Users\admin\AppData\Roaming\Code\User\globalStorage\pleiades.java-extension-pack-jdk\java\20\bin\java.exe
0x00007ffd682b0000 - 0x00007ffd684a8000 	C:\WINDOWS\SYSTEM32\ntdll.dll
0x00007ffd67190000 - 0x00007ffd6724f000 	C:\WINDOWS\System32\KERNEL32.DLL
0x00007ffd65ba0000 - 0x00007ffd65e96000 	C:\WINDOWS\System32\KERNELBASE.dll
0x00007ffd66000000 - 0x00007ffd66100000 	C:\WINDOWS\System32\ucrtbase.dll
0x00007ffd4f270000 - 0x00007ffd4f287000 	c:\Users\admin\AppData\Roaming\Code\User\globalStorage\pleiades.java-extension-pack-jdk\java\20\bin\jli.dll
0x00007ffd4eeb0000 - 0x00007ffd4eecb000 	c:\Users\admin\AppData\Roaming\Code\User\globalStorage\pleiades.java-extension-pack-jdk\java\20\bin\VCRUNTIME140.dll
0x00007ffd67aa0000 - 0x00007ffd67c3d000 	C:\WINDOWS\System32\USER32.dll
0x00007ffd55300000 - 0x00007ffd5559a000 	C:\WINDOWS\WinSxS\amd64_microsoft.windows.common-controls_6595b64144ccf1df_6.0.19041.1110_none_60b5254171f9507e\COMCTL32.dll
0x00007ffd65a30000 - 0x00007ffd65a52000 	C:\WINDOWS\System32\win32u.dll
0x00007ffd66b30000 - 0x00007ffd66bce000 	C:\WINDOWS\System32\msvcrt.dll
0x00007ffd66f90000 - 0x00007ffd66fbc000 	C:\WINDOWS\System32\GDI32.dll
0x00007ffd66100000 - 0x00007ffd66215000 	C:\WINDOWS\System32\gdi32full.dll
0x00007ffd65990000 - 0x00007ffd65a2d000 	C:\WINDOWS\System32\msvcp_win.dll
0x00007ffd67d60000 - 0x00007ffd67d90000 	C:\WINDOWS\System32\IMM32.DLL
0x00007ffd56620000 - 0x00007ffd5662c000 	c:\Users\admin\AppData\Roaming\Code\User\globalStorage\pleiades.java-extension-pack-jdk\java\20\bin\vcruntime140_1.dll
0x00007ffd20d60000 - 0x00007ffd20ded000 	c:\Users\admin\AppData\Roaming\Code\User\globalStorage\pleiades.java-extension-pack-jdk\java\20\bin\msvcp140.dll
0x00007ffce4220000 - 0x00007ffce4f2e000 	c:\Users\admin\AppData\Roaming\Code\User\globalStorage\pleiades.java-extension-pack-jdk\java\20\bin\server\jvm.dll
0x00007ffd67f20000 - 0x00007ffd67fcf000 	C:\WINDOWS\System32\ADVAPI32.dll
0x00007ffd67a00000 - 0x00007ffd67a9c000 	C:\WINDOWS\System32\sechost.dll
0x00007ffd66870000 - 0x00007ffd66996000 	C:\WINDOWS\System32\RPCRT4.dll
0x00007ffd47b20000 - 0x00007ffd47b29000 	C:\WINDOWS\SYSTEM32\WSOCK32.dll
0x00007ffd5f1d0000 - 0x00007ffd5f1da000 	C:\WINDOWS\SYSTEM32\VERSION.dll
0x00007ffd40a80000 - 0x00007ffd40aa7000 	C:\WINDOWS\SYSTEM32\WINMM.dll
0x00007ffd67cc0000 - 0x00007ffd67d2b000 	C:\WINDOWS\System32\WS2_32.dll
0x00007ffd64210000 - 0x00007ffd64222000 	C:\WINDOWS\SYSTEM32\kernel.appcore.dll
0x00007ffd53840000 - 0x00007ffd5384a000 	c:\Users\admin\AppData\Roaming\Code\User\globalStorage\pleiades.java-extension-pack-jdk\java\20\bin\jimage.dll
0x00007ffd63ee0000 - 0x00007ffd640c4000 	C:\WINDOWS\SYSTEM32\DBGHELP.DLL
0x00007ffd55990000 - 0x00007ffd559c4000 	C:\WINDOWS\SYSTEM32\dbgcore.DLL
0x00007ffd65a60000 - 0x00007ffd65ae2000 	C:\WINDOWS\System32\bcryptPrimitives.dll
0x00007ffd41dd0000 - 0x00007ffd41df6000 	c:\Users\admin\AppData\Roaming\Code\User\globalStorage\pleiades.java-extension-pack-jdk\java\20\bin\java.dll

dbghelp: loaded successfully - version: 4.0.5 - missing functions: none
symbol engine: initialized successfully - sym options: 0x614 - pdb path: .;c:\Users\admin\AppData\Roaming\Code\User\globalStorage\pleiades.java-extension-pack-jdk\java\20\bin;C:\WINDOWS\SYSTEM32;C:\WINDOWS\WinSxS\amd64_microsoft.windows.common-controls_6595b64144ccf1df_6.0.19041.1110_none_60b5254171f9507e;c:\Users\admin\AppData\Roaming\Code\User\globalStorage\pleiades.java-extension-pack-jdk\java\20\bin\server

VM Arguments:
jvm_args: -ea -XX:+ShowCodeDetailsInExceptionMessages -Dfile.encoding=UTF-8 
java_command: org.eclipse.jdt.internal.junit.runner.RemoteTestRunner -version 3 -port 54971 -testLoaderClass org.eclipse.jdt.internal.junit5.runner.JUnit5TestLoader -loaderpluginname org.eclipse.jdt.junit5.runtime -test com.prac.jpa.JpaPjtApplicationTests:findAllTest
java_class_path (initial): c:\workspace_vs\prac_jpa\bin\main;c:\workspace_vs\prac_jpa\bin\test;c:\workspace_vs\prac_jpa\bin\default;c:\Users\admin\.gradle\caches\modules-2\files-2.1\org.projectlombok\lombok\1.18.24\13a394eed5c4f9efb2a6d956e2086f1d81e857d9\lombok-1.18.24.jar;c:\Users\admin\.gradle\caches\modules-2\files-2.1\org.springframework.boot\spring-boot-starter-data-jpa\2.7.0\773d8c4fbe92493655f4c7db3a2d95388b8f6eb8\spring-boot-starter-data-jpa-2.7.0.jar;c:\Users\admin\.gradle\caches\modules-2\files-2.1\org.springframework.boot\spring-boot-starter-web\2.7.0\7bf2381d030023970b5375c1090545e480467aa1\spring-boot-starter-web-2.7.0.jar;c:\Users\admin\.gradle\caches\modules-2\files-2.1\org.springframework.boot\spring-boot-starter-aop\2.7.0\49f204ec9672800932f8f7b344221251b1422da6\spring-boot-starter-aop-2.7.0.jar;c:\Users\admin\.gradle\caches\modules-2\files-2.1\org.springframework.boot\spring-boot-starter-jdbc\2.7.0\dd69f21efd63a2a16d631210b5656dc30348451b\spring-boot-starter-jdbc-2.7.0.jar;c:\Users\admin\.gradle\caches\modules-2\files-2.1\jakarta.transaction\jakarta.transaction-api\1.3.3\c4179d48720a1e87202115fbed6089bdc4195405\jakarta.transaction-api-1.3.3.jar;c:\Users\admin\.gradle\caches\modules-2\files-2.1\jakarta.persistence\jakarta.persistence-api\2.2.3\8f6ea5daedc614f07a3654a455660145286f024e\jakarta.persistence-api-2.2.3.jar;c:\Users\admin\.gradle\caches\modules-2\files-2.1\org.hibernate\hibernate-core\5.6.9.Final\8ec2c7b13de2fbcb19feddfb3a30932bb6a8228a\hibernate-core-5.6.9.Final.jar;c:\Users\admin\.gradle\caches\modules-2\files-2.1\org.springframework.data\spring-data-jpa\2.7.0\f82986cdf2beda49b0bbb28a880ca644a1eb6c42\spring-data-jpa-2.7.0.jar;c:\Users\admin\.gradle\caches\modules-2\files-2.1\org.springframework\spring-aspects\5.3.20\161a2ccb1d68aed17922981909081bd6d1e46628\spring-aspects-5.3.20.jar;c:\Users\admin\.gradle\caches\modules-2\files-2.1\org.springframework.boot\spring-boot-starter-json\2.7.0\f7120f4a6fd5dd2ca2128061e420e45ae2294943\spring-boot-starter-json-2.7.0.jar;c:\Users\admin\.gradle\caches\modules-2\files-2.1\org.springframework.boot\spring-boot-starter\2.7.0\64fd3c21486dd20df9a62566599337dae2eb62cc\spring-boot-starter-2.7.0.jar;c:\Users\admin\.gradle\caches\modules-2\files-2.1\org.springframework.boot\spring-boot-starter-tomcat\2.7.0\b8e5cd8cd4bf3935a68468fe32fe2e7550f96b8a\spring-boot-starter-tomcat-2.7.0.jar;c:\Users\admin\.gradle\caches\modules-2\files-2.1\org.springframework\spring-webmvc\5.3.20\8ac1b72a1f5c41fdc2cb3340cd94f795af260301\spring-webmvc-5.3.20.jar;c:\Users\admin\.gradle\caches\modules-2\files-2.1\org.springframework\spring-web\5.3.20\3c2fe9363760d62d5b7c9f087bb4255e3377a0b2\spring-web-5.3.20.jar;c:\Users\admin\.gradle\caches\modules-2\files-2.1\org.springframework.boot\spring-boot-autoconfigure\2.7.0\483f9a66d0e8326583c5054038d0aa0a95045dc3\spring-boot-autoconfigure-2.7.0.jar;c:\Users\admin\.gradle\caches\modules-2\files-2.1\org.springframework.boot\spring-boot\2.7.0\df8bd106d6c6a6494b787b71d23cef6d2dc73703\spring-boot-2.7.0.jar;c:\Users\admin\.gradle\caches\modules-2\files-2.1\org.springframework\spring-context\5.3.20\517a42165221ea944c8b794154c10b69c0128281\spring-context-5.3.20.jar;c:\Users\admin\.gradle\caches\modules-2\files-2.1\org.springframework\spring-aop\5.3.20\c82f17997ab18ecafa8d08ce34a7c7aa4a04ef9e\spring-aop-5.3.20.jar;c:\Users\admin\.gradle\caches\modules-2\files-2.1\org.aspectj\aspectjweaver\1.9.7\158f5c255cd3e4408e795b79f7c3fbae9b53b7ca\aspectjweaver-1.9.7.jar;c:\Users\admin\.gradle\caches\modules-2\files-2.1\com.zaxxer\HikariCP\4.0.3\107cbdf0db6780a065f895ae9d8fbf3bb0e1c21f\HikariCP-4.0.3.jar;c:\Users\admin\.gradle\caches\modules-2\files-2.1\org.springframework\spring-orm\5.3.20\4eaf36c114a3aa2d1603834cfb197b5742ccde5b\spring-orm-5.3.20.jar;c:\Users\admin\.gradle\caches\modules-2\files-2.1\org.springframework\spring-jdbc\5.3.20\140414df1080754fcefe12921543c599e51dfbb2\spring-jdbc-5.3.20.jar;c:\Users\admin\.gradle\caches\modules-2\files-2.1\org.hibernate.common\hibernate-commons-annotations\5.1.2.Final\e59ffdbc6ad09eeb33507b39ffcf287679a498c8\hibernate-commons-annotations-5.1.2.Final.jar;c:\Users\admin\.gradle\caches\modules-2\files-2.1\org.jboss.logging\jboss-logging\3.4.3.Final\c4bd7e12a745c0e7f6cf98c45cdcdf482fd827ea\jboss-logging-3.4.3.Final.jar;c:\Users\admin\.gradle\caches\modules-2\files-2.1\net.bytebuddy\byte-buddy\1.12.10\f34127d93639fad8c6fb84b3ca30292697d6c55d\byte-buddy-1.12.10.jar;c:\Users\admin\.gradle\caches\modules-2\files-2.1\antlr\antlr\2.7.7\83cd2cd674a217ade95a4bb83a8a14f351f48bd0\antlr-2.7.7.jar;c:\Users\admin\.gradle\caches\modules-2\files-2.1\org.jboss\jandex\2.4.2.Final\1e1c385990b258ff1a24c801e84aebbacf70eb39\jandex-2.4.2.Final.jar;c:\Users\admin\.gradle\caches\modules-2\files-2.1\com.fasterxml\classmate\1.5.1\3fe0bed568c62df5e89f4f174c101eab25345b6c\classmate-1.5.1.jar;c:\Users\admin\.gradle\caches\modules-2\files-2.1\org.glassfish.jaxb\jaxb-runtime\2.3.6\1e6cd0e5d9f9919c8c8824fb4d310b09a978a60e\jaxb-runtime-2.3.6.jar;c:\Users\admin\.gradle\caches\modules-2\files-2.1\org.springframework.data\spring-data-commons\2.7.0\6dc643cf1512fdc5c2d63f55c83080b60b629d10\spring-data-commons-2.7.0.jar;c:\Users\admin\.gradle\caches\modules-2\files-2.1\org.springframework\spring-tx\5.3.20\9a4ec2249dc3523ac70e0710a64288c14fc3ff78\spring-tx-5.3.20.jar;c:\Users\admin\.gradle\caches\modules-2\files-2.1\org.springframework\spring-beans\5.3.20\ab88bd9e3a8307f5c0516c15d295c88ec318659\spring-beans-5.3.20.jar;c:\Users\admin\.gradle\caches\modules-2\files-2.1\org.springframework\spring-expression\5.3.20\20e179f0dfabf0a46428f22c2150c9c4850fd15d\spring-expression-5.3.20.jar;c:\Users\admin\.gradle\caches\modules-2\files-2.1\org.springframework\spring-core\5.3.20\4b88aa3c401ede3d6c8ac78ea0c646cf326ec24b\spring-core-5.3.20.jar;c:\Users\admin\.gradle\caches\modules-2\files-2.1\org.springframework.boot\spring-boot-starter-logging\2.7.0\5ff2a55d345ad824f39d55eaa32203865a92b30f\spring-boot-starter-logging-2.7.0.jar;c:\Users\admin\.gradle\caches\modules-2\files-2.1\ch.qos.logback\logback-classic\1.2.11\4741689214e9d1e8408b206506cbe76d1c6a7d60\logback-classic-1.2.11.jar;c:\Users\admin\.gradle\caches\modules-2\files-2.1\org.apache.logging.log4j\log4j-to-slf4j\2.17.2\17dd0fae2747d9a28c67bc9534108823d2376b46\log4j-to-slf4j-2.17.2.jar;c:\Users\admin\.gradle\caches\modules-2\files-2.1\org.slf4j\jul-to-slf4j\1.7.36\ed46d81cef9c412a88caef405b58f93a678ff2ca\jul-to-slf4j-1.7.36.jar;c:\Users\admin\.gradle\caches\modules-2\files-2.1\org.slf4j\slf4j-api\1.7.36\6c62681a2f655b49963a5983b8b0950a6120ae14\slf4j-api-1.7.36.jar;c:\Users\admin\.gradle\caches\modules-2\files-2.1\jakarta.annotation\jakarta.annotation-api\1.3.5\59eb84ee0d616332ff44aba065f3888cf002cd2d\jakarta.annotation-api-1.3.5.jar;c:\Users\admin\.gradle\caches\modules-2\files-2.1\org.yaml\snakeyaml\1.30\8fde7fe2586328ac3c68db92045e1c8759125000\snakeyaml-1.30.jar;c:\Users\admin\.gradle\caches\modules-2\files-2.1\com.fasterxml.jackson.datatype\jackson-datatype-jsr310\2.13.3\ad2f4c61aeb9e2a8bb5e4a3ed782cfddec52d972\jackson-datatype-jsr310-2.13.3.jar;c:\Users\admin\.gradle\caches\modules-2\files-2.1\com.fasterxml.jackson.module\jackson-module-parameter-names\2.13.3\f71c4ecc1a403787c963f68bc619b78ce1d2687b\jackson-module-parameter-names-2.13.3.jar;c:\Users\admin\.gradle\caches\modules-2\files-2.1\com.fasterxml.jackson.core\jackson-annotations\2.13.3\7198b3aac15285a49e218e08441c5f70af00fc51\jackson-annotations-2.13.3.jar;c:\Users\admin\.gradle\caches\modules-2\files-2.1\com.fasterxml.jackson.core\jackson-core\2.13.3\a27014716e4421684416e5fa83d896ddb87002da\jackson-core-2.13.3.jar;c:\Users\admin\.gradle\caches\modules-2\files-2.1\com.fasterxml.jackson.datatype\jackson-datatype-jdk8\2.13.3\d4884595d5aab5babdb00ddbd693b8fd36b5ec3c\jackson-datatype-jdk8-2.13.3.jar;c:\Users\admin\.gradle\caches\modules-2\files-2.1\com.fasterxml.jackson.core\jackson-databind\2.13.3\56deb9ea2c93a7a556b3afbedd616d342963464e\jackson-databind-2.13.3.jar;c:\Users\admin\.gradle\caches\modules-2\files-2.1\org.apache.tomcat.embed\tomcat-embed-websocket\9.0.63\c0bedf7bad4c0552e1805b2bc802604171c64146\tomcat-embed-websocket-9.0.63.jar;c:\Users\admin\.gradle\caches\modules-2\files-2.1\org.apache.tomcat.embed\tomcat-embed-core\9.0.63\f427a282d02439570f1e2af2c00376d4188c5291\tomcat-embed-core-9.0.63.jar;c:\Users\admin\.gradle\caches\modules-2\files-2.1\org.apache.tomcat.embed\tomcat-embed-el\9.0.63\b595f0bdae0392c8b3c8592fea10023956a3f619\tomcat-embed-el-9.0.63.jar;c:\Users\admin\.gradle\caches\modules-2\files-2.1\jakarta.xml.bind\jakarta.xml.bind-api\2.3.3\48e3b9cfc10752fba3521d6511f4165bea951801\jakarta.xml.bind-api-2.3.3.jar;c:\Users\admin\.gradle\caches\modules-2\files-2.1\org.glassfish.jaxb\txw2\2.3.6\45db7b69a8f1ec2c21eb7d4fc0ee729f53c1addc\txw2-2.3.6.jar;c:\Users\admin\.gradle\caches\modules-2\files-2.1\com.sun.istack\istack-commons-runtime\3.0.12\cbbe1a62b0cc6c85972e99d52aaee350153dc530\istack-commons-runtime-3.0.12.jar;c:\Users\admin\.gradle\caches\modules-2\files-2.1\org.springframework\spring-jcl\5.3.20\35119231d09863699567ce579c21512ddcbc5407\spring-jcl-5.3.20.jar;c:\Users\admin\.gradle\caches\modules-2\files-2.1\ch.qos.logback\logback-core\1.2.11\a01230df5ca5c34540cdaa3ad5efb012f1f1f792\logback-core-1.2.11.jar;c:\Users\admin\.gradle\caches\modules-2\files-2.1\org.apache.logging.log4j\log4j-api\2.17.2\f42d6afa111b4dec5d2aea0fe2197240749a4ea6\log4j-api-2.17.2.jar;c:\Users\admin\.gradle\caches\modules-2\files-2.1\org.springframework.boot\spring-boot-devtools\2.7.0\2a45b04877bbfe9750e4d29f6a73f125e146513d\spring-boot-devtools-2.7.0.jar;c:\Users\admin\.gradle\caches\modules-2\files-2.1\com.h2database\h2\2.1.212\f3187885395bd0c0e0e83f96641bb630f368ee2f\h2-2.1.212.jar;c:\Users\admin\.gradle\caches\modules-2\files-2.1\org.mariadb.jdbc\mariadb-java-client\3.0.4\fa28784fc03bbe87cb97394373760f6c707f3e9\mariadb-java-client-3.0.4.jar;c:\Users\admin\.gradle\caches\modules-2\files-2.1\com.sun.activation\jakarta.activation\1.2.2\74548703f9851017ce2f556066659438019e7eb5\jakarta.activation-1.2.2.jar;c:\Users\admin\.gradle\caches\modules-2\files-2.1\org.springframework.boot\spring-boot-starter-test\2.7.0\417764bfd907f7deffd617fb31b3ea0900547287\spring-boot-starter-test-2.7.0.jar;c:\Users\admin\.gradle\caches\modules-2\files-2.1\org.springframework.boot\spring-boot-test-autoconfigure\2.7.0\e0270c5cf20211c43f7b485c64e3e6a96f16b991\spring-boot-test-autoconfigure-2.7.0.jar;c:\Users\admin\.gradle\caches\modules-2\files-2.1\org.springframework.boot\spring-boot-test\2.7.0\8be4bc652e4bd0ae0f61b99e164ae26ac269f154\spring-boot-test-2.7.0.jar;c:\Users\admin\.gradle\caches\modules-2\files-2.1\com.jayway.jsonpath\json-path\2.7.0\f9d7d9659f2694e61142046ff8a216c047f263e8\json-path-2.7.0.jar;c:\Users\admin\.gradle\caches\modules-2\files-2.1\org.assertj\assertj-core\3.22.0\c300c0c6a24559f35fa0bd3a5472dc1edcd0111e\assertj-core-3.22.0.jar;c:\Users\admin\.gradle\caches\modules-2\files-2.1\org.hamcrest\hamcrest\2.2\1820c0968dba3a11a1b30669bb1f01978a91dedc\hamcrest-2.2.jar;c:\Users\admin\.gradle\caches\modules-2\files-2.1\org.junit.jupiter\junit-jupiter-params\5.8.2\ddeafe92fc263f895bfb73ffeca7fd56e23c2cce\junit-jupiter-params-5.8.2.jar;c:\Users\admin\.gradle\caches\modules-2\files-2.1\org.junit.jupiter\junit-jupiter-api\5.8.2\4c21029217adf07e4c0d0c5e192b6bf610c94bdc\junit-jupiter-api-5.8.2.jar;c:\Users\admin\.gradle\caches\modules-2\files-2.1\org.junit.platform\junit-platform-commons\1.8.2\32c8b8617c1342376fd5af2053da6410d8866861\junit-platform-commons-1.8.2.jar;c:\Users\admin\.gradle\caches\modules-2\files-2.1\org.junit.jupiter\junit-jupiter\5.8.2\5a817b1e63f1217e5c586090c45e681281f097ad\junit-jupiter-5.8.2.jar;c:\Users\admin\.gradle\caches\modules-2\files-2.1\org.mockito\mockito-junit-jupiter\4.5.1\f81fb60bd69b3a6e5537ae23b883326f01632a61\mockito-junit-jupiter-4.5.1.jar;c:\Users\admin\.gradle\caches\modules-2\files-2.1\org.mockito\mockito-core\4.5.1\ed456e623e5afc6f4cee3ae58144e5c45f3b3bf\mockito-core-4.5.1.jar;c:\Users\admin\.gradle\caches\modules-2\files-2.1\org.skyscreamer\jsonassert\1.5.0\6c9d5fe2f59da598d9aefc1cfc6528ff3cf32df3\jsonassert-1.5.0.jar;c:\Users\admin\.gradle\caches\modules-2\files-2.1\org.springframework\spring-test\5.3.20\33a92d5066fb810023969a0d70fac96387962769\spring-test-5.3.20.jar;c:\Users\admin\.gradle\caches\modules-2\files-2.1\org.xmlunit\xmlunit-core\2.9.0\8959725d90eecfee28acd7110e2bb8460285d876\xmlunit-core-2.9.0.jar;c:\Users\admin\.gradle\caches\modules-2\files-2.1\net.minidev\json-smart\2.4.8\7c62f5f72ab05eb54d40e2abf0360a2fe9ea477f\json-smart-2.4.8.jar;c:\Users\admin\.gradle\caches\modules-2\files-2.1\jakarta.activation\jakarta.activation-api\1.2.2\99f53adba383cb1bf7c3862844488574b559621f\jakarta.activation-api-1.2.2.jar;c:\Users\admin\.gradle\caches\modules-2\files-2.1\net.bytebuddy\byte-buddy-agent\1.12.10\1f097f8d6cad60e8f93e5eb670cf5dc9b64da32\byte-buddy-agent-1.12.10.jar;c:\Users\admin\.gradle\caches\modules-2\files-2.1\com.vaadin.external.google\android-json\0.0.20131108.vaadin1\fa26d351fe62a6a17f5cda1287c1c6110dec413f\android-json-0.0.20131108.vaadin1.jar;c:\Users\admin\.gradle\caches\modules-2\files-2.1\net.minidev\accessors-smart\2.4.8\6e1bee5a530caba91893604d6ab41d0edcecca9a\accessors-smart-2.4.8.jar;c:\Users\admin\.gradle\caches\modules-2\files-2.1\org.opentest4j\opentest4j\1.2.0\28c11eb91f9b6d8e200631d46e20a7f407f2a046\opentest4j-1.2.0.jar;c:\Users\admin\.gradle\caches\modules-2\files-2.1\org.apiguardian\apiguardian-api\1.1.2\a231e0d844d2721b0fa1b238006d15c6ded6842a\apiguardian-api-1.1.2.jar;c:\Users\admin\.gradle\caches\modules-2\files-2.1\org.ow2.asm\asm\9.1\a99500cf6eea30535eeac6be73899d048f8d12a8\asm-9.1.jar;c:\Users\admin\.gradle\caches\modules-2\files-2.1\org.junit.jupiter\junit-jupiter-engine\5.8.2\c598b4328d2f397194d11df3b1648d68d7d990e3\junit-jupiter-engine-5.8.2.jar;c:\Users\admin\.gradle\caches\modules-2\files-2.1\org.junit.platform\junit-platform-engine\1.8.2\b737de09f19864bd136805c84df7999a142fec29\junit-platform-engine-1.8.2.jar;c:\Users\admin\.gradle\caches\modules-2\files-2.1\org.objenesis\objenesis\3.2\7fadf57620c8b8abdf7519533e5527367cb51f09\objenesis-3.2.jar;c:\Users\admin\AppData\Roaming\Code\User\globalStorage\redhat.java\1.21.0\config_win\org.eclipse.osgi\123\0\.cp;c:\Users\admin\AppData\Roaming\Code\User\globalStorage\redhat.java\1.21.0\config_win\org.eclipse.osgi\51\0\.cp;c:\Users\admin\AppData\Roaming\Code\User\globalStorage\redhat.java\1.21.0\config_win\org.eclipse.osgi\115\0\.cp
Launcher Type: SUN_STANDARD

[Global flags]
     intx CICompilerCount                          = 4                                         {product} {ergonomic}
     uint ConcGCThreads                            = 2                                         {product} {ergonomic}
     uint G1ConcRefinementThreads                  = 8                                         {product} {ergonomic}
   size_t G1HeapRegionSize                         = 2097152                                   {product} {ergonomic}
    uintx GCDrainStackTargetSize                   = 64                                        {product} {ergonomic}
   size_t InitialHeapSize                          = 266338304                                 {product} {ergonomic}
   size_t MarkStackSize                            = 4194304                                   {product} {ergonomic}
   size_t MaxHeapSize                              = 4238344192                                {product} {ergonomic}
   size_t MinHeapDeltaBytes                        = 2097152                                   {product} {ergonomic}
   size_t MinHeapSize                              = 8388608                                   {product} {ergonomic}
    uintx NonNMethodCodeHeapSize                   = 5839372                                {pd product} {ergonomic}
    uintx NonProfiledCodeHeapSize                  = 122909434                              {pd product} {ergonomic}
    uintx ProfiledCodeHeapSize                     = 122909434                              {pd product} {ergonomic}
    uintx ReservedCodeCacheSize                    = 251658240                              {pd product} {ergonomic}
     bool SegmentedCodeCache                       = true                                      {product} {ergonomic}
     bool ShowCodeDetailsInExceptionMessages       = true                                   {manageable} {command line}
   size_t SoftMaxHeapSize                          = 4238344192                             {manageable} {ergonomic}
     bool UseCompressedClassPointers               = true                           {product lp64_product} {ergonomic}
     bool UseCompressedOops                        = true                           {product lp64_product} {ergonomic}
     bool UseG1GC                                  = true                                      {product} {ergonomic}
     bool UseLargePagesIndividualAllocation        = false                                  {pd product} {ergonomic}

Logging:
Log output configuration:
 #0: stdout all=warning uptime,level,tags foldmultilines=false
 #1: stderr all=off uptime,level,tags foldmultilines=false

Environment Variables:
JAVA_HOME=C:\Users\admin\Desktop\soobin\tool\jdk\openjdk-11_windows-x64_bin\jdk-11
CLASSPATH=C:\Users\admin\Desktop\soobin\tool\jdk\openjdk-11_windows-x64_bin\jdk-11\lib
PATH=C:\CUBRID\bin\;C:\WINDOWS\system32;C:\WINDOWS;C:\WINDOWS\System32\Wbem;C:\WINDOWS\System32\WindowsPowerShell\v1.0\;C:\WINDOWS\System32\OpenSSH\;C:\Program Files\Bandizip\;C:\Users\admin\Desktop\soobin\tool\jdk\openjdk-11_windows-x64_bin\jdk-11\bin;C:\dev\Git\cmd;C:\dev\nodejs\;C:\Users\admin\AppData\Local\Microsoft\WindowsApps;;C:\dev\Microsoft VS Code\bin;C:\Users\admin\AppData\Roaming\npm
USERNAME=admin
OS=Windows_NT
PROCESSOR_IDENTIFIER=Intel64 Family 6 Model 126 Stepping 5, GenuineIntel
TMP=C:\Users\admin\AppData\Local\Temp
TEMP=C:\Users\admin\AppData\Local\Temp




---------------  S Y S T E M  ---------------

OS:
 Windows 10 , 64 bit Build 19041 (10.0.19041.3155)
OS uptime: 33 days 18:27 hours

CPU: total 8 (initial active 8) (4 cores per cpu, 2 threads per core) family 6 model 126 stepping 5 microcode 0x56, cx8, cmov, fxsr, ht, mmx, 3dnowpref, sse, sse2, sse3, ssse3, sse4.1, sse4.2, popcnt, lzcnt, tsc, tscinvbit, avx, avx2, aes, erms, clmul, bmi1, bmi2, adx, avx512f, avx512dq, avx512cd, avx512bw, avx512vl, sha, fma, vzeroupper, avx512_vpopcntdq, avx512_vpclmulqdq, avx512_vaes, avx512_vnni, clflush, clflushopt, avx512_vbmi2, avx512_vbmi, rdtscp, rdpid, fsrm, gfni, avx512_bitalg, f16c, pku, avx512_ifma

Memory: 4k page, system-wide physical 16165M (1701M free)
TotalPageFile size 46608M (AvailPageFile size 246M)
current process WorkingSet (physical memory assigned to process): 10M, peak: 10M
current process commit charge ("private bytes"): 60M, peak: 314M

vm_info: OpenJDK 64-Bit Server VM (20.0.1+9) for windows-amd64 JRE (20.0.1+9), built on 2023-04-18T00:00:00Z by "temurin" with MS VC++ 16.10 / 16.11 (VS2019)

END.
