#
# There is insufficient memory for the Java Runtime Environment to continue.
# Native memory allocation (mmap) failed to map 65536 bytes for Failed to commit metaspace.
# Possible reasons:
#   The system is out of physical RAM or swap space
#   The process is running with CompressedOops enabled, and the Java Heap may be blocking the growth of the native heap
# Possible solutions:
#   Reduce memory load on the system
#   Increase physical memory or swap space
#   Check if swap backing store is full
#   Decrease Java heap size (-Xmx/-Xms)
#   Decrease number of Java threads
#   Decrease Java thread stack sizes (-Xss)
#   Set larger code cache with -XX:ReservedCodeCacheSize=
#   JVM is running with Unscaled Compressed Oops mode in which the Java heap is
#     placed in the first 4GB address space. The Java Heap base address is the
#     maximum limit for the native heap growth. Please use -XX:HeapBaseMinAddress
#     to set the Java Heap base and to place the Java Heap above 4GB virtual address.
# This output file may be truncated or incomplete.
#
#  Out of Memory Error (virtualSpaceNode.cpp:110), pid=20944, tid=10364
#
# JRE version: OpenJDK Runtime Environment Temurin-17.0.8+7 (17.0.8+7) (build 17.0.8+7)
# Java VM: OpenJDK 64-Bit Server VM Temurin-17.0.8+7 (17.0.8+7, mixed mode, tiered, compressed oops, compressed class ptrs, parallel gc, windows-amd64)
# No core dump will be written. Minidumps are not enabled by default on client versions of Windows
#

---------------  S U M M A R Y ------------

Command Line: --add-modules=ALL-SYSTEM --add-opens=java.base/java.util=ALL-UNNAMED --add-opens=java.base/java.lang=ALL-UNNAMED --add-opens=java.base/sun.nio.fs=ALL-UNNAMED -Declipse.application=org.eclipse.jdt.ls.core.id1 -Dosgi.bundles.defaultStartLevel=4 -Declipse.product=org.eclipse.jdt.ls.core.product -Djava.import.generatesMetadataFilesAtProjectRoot=false -Dfile.encoding=utf8 -XX:+UseParallelGC -XX:GCTimeRatio=4 -XX:AdaptiveSizePolicyWeight=90 -Dsun.zip.disableMemoryMapping=true -Xmx1G -Xms100m -Xlog:disable -javaagent:c:\Users\admin\.vscode\extensions\redhat.java-1.21.0-win32-x64\lombok\lombok-1.18.28.jar c:\Users\admin\.vscode\extensions\redhat.java-1.21.0-win32-x64\server\plugins\org.eclipse.equinox.launcher_1.6.500.v20230717-2134.jar -configuration c:\Users\admin\AppData\Roaming\Code\User\globalStorage\redhat.java\1.21.0\config_ss_win -data c:\Users\admin\AppData\Roaming\Code\User\workspaceStorage\0de9fda288e954dfd67d7ebf2119b05c\redhat.java\ss_ws

Host: Intel(R) Core(TM) i5-1035G1 CPU @ 1.00GHz, 8 cores, 15G,  Windows 10 , 64 bit Build 19041 (10.0.19041.3155)
Time: Tue Sep 12 12:58:32 2023  Windows 10 , 64 bit Build 19041 (10.0.19041.3155) elapsed time: 2.067289 seconds (0d 0h 0m 2s)

---------------  T H R E A D  ---------------

Current thread (0x0000022f0f2e5af0):  JavaThread "Start Level: Equinox Container: cae2edbf-24b5-49fe-925e-d513d1dc7ab3" daemon [_thread_in_vm, id=10364, stack(0x0000006125500000,0x0000006125600000)]

Stack: [0x0000006125500000,0x0000006125600000]
Native frames: (J=compiled Java code, j=interpreted, Vv=VM code, C=native code)
V  [jvm.dll+0x678b0a]
V  [jvm.dll+0x835e84]
V  [jvm.dll+0x83762e]
V  [jvm.dll+0x837c93]
V  [jvm.dll+0x24746f]
V  [jvm.dll+0x831f1b]
V  [jvm.dll+0x61d3c6]
V  [jvm.dll+0x1c1aae]
V  [jvm.dll+0x61fd21]
V  [jvm.dll+0x61dd66]
V  [jvm.dll+0x23b9ff]
V  [jvm.dll+0x627c05]
V  [jvm.dll+0x1eb90b]
V  [jvm.dll+0x1ebe45]
V  [jvm.dll+0x1ec87f]
V  [jvm.dll+0x1e1d21]
V  [jvm.dll+0x53fba0]
V  [jvm.dll+0x7b1278]
V  [jvm.dll+0x7b1364]
V  [jvm.dll+0x40ecc5]
V  [jvm.dll+0x414e18]
C  [java.dll+0x17ec]

Java frames: (J=compiled Java code, j=interpreted, Vv=VM code)
J 1054  java.lang.ClassLoader.defineClass1(Ljava/lang/ClassLoader;Ljava/lang/String;[BIILjava/security/ProtectionDomain;Ljava/lang/String;)Ljava/lang/Class; java.base@17.0.8 (0 bytes) @ 0x0000022f07b32bdb [0x0000022f07b32b20+0x00000000000000bb]
J 1638 c1 java.lang.ClassLoader.defineClass(Ljava/lang/String;[BIILjava/security/ProtectionDomain;)Ljava/lang/Class; java.base@17.0.8 (43 bytes) @ 0x0000022f002e61d4 [0x0000022f002e5e80+0x0000000000000354]
J 2025 c1 org.eclipse.osgi.internal.loader.ModuleClassLoader.defineClass(Ljava/lang/String;[BLorg/eclipse/osgi/internal/loader/classpath/ClasspathEntry;)Lorg/eclipse/osgi/internal/loader/ModuleClassLoader$DefineClassResult; (138 bytes) @ 0x0000022f003c291c [0x0000022f003c26c0+0x000000000000025c]
J 1894 c1 org.eclipse.osgi.internal.loader.classpath.ClasspathManager.defineClass(Ljava/lang/String;[BLorg/eclipse/osgi/internal/loader/classpath/ClasspathEntry;Lorg/eclipse/osgi/storage/bundlefile/BundleEntry;Ljava/util/List;)Ljava/lang/Class; (636 bytes) @ 0x0000022f0037a634 [0x0000022f00378c60+0x00000000000019d4]
J 1689 c1 org.eclipse.osgi.internal.loader.classpath.ClasspathManager.findClassImpl(Ljava/lang/String;Lorg/eclipse/osgi/internal/loader/classpath/ClasspathEntry;Ljava/util/List;)Ljava/lang/Class; (308 bytes) @ 0x0000022f0031609c [0x0000022f003132c0+0x0000000000002ddc]
J 1688 c1 org.eclipse.osgi.internal.loader.classpath.ClasspathManager.findLocalClassImpl(Ljava/lang/String;[Lorg/eclipse/osgi/internal/loader/classpath/ClasspathEntry;Ljava/util/List;)Ljava/lang/Class; (55 bytes) @ 0x0000022f0031274c [0x0000022f003125c0+0x000000000000018c]
J 1877 c1 org.eclipse.osgi.internal.loader.classpath.ClasspathManager.findLocalClassImpl(Ljava/lang/String;Ljava/util/List;)Ljava/lang/Class; (132 bytes) @ 0x0000022f0036f554 [0x0000022f0036f040+0x0000000000000514]
J 1682 c1 org.eclipse.osgi.internal.loader.classpath.ClasspathManager.findLocalClass(Ljava/lang/String;)Ljava/lang/Class; (210 bytes) @ 0x0000022f0030c1bc [0x0000022f0030b520+0x0000000000000c9c]
J 1680 c1 org.eclipse.osgi.internal.loader.BundleLoader.findLocalClass(Ljava/lang/String;)Ljava/lang/Class; (152 bytes) @ 0x0000022f0030706c [0x0000022f00306820+0x000000000000084c]
J 1602 c1 org.eclipse.osgi.internal.loader.BundleLoader.findClass0(Ljava/lang/String;ZZ)Ljava/lang/Class; (466 bytes) @ 0x0000022f002d3f94 [0x0000022f002d18a0+0x00000000000026f4]
J 1601 c1 org.eclipse.osgi.internal.loader.BundleLoader.findClass(Ljava/lang/String;)Ljava/lang/Class; (8 bytes) @ 0x0000022f002d0f9c [0x0000022f002d0f20+0x000000000000007c]
J 1604 c1 org.eclipse.osgi.internal.loader.ModuleClassLoader.loadClass(Ljava/lang/String;Z)Ljava/lang/Class; (36 bytes) @ 0x0000022f002d7d3c [0x0000022f002d7b20+0x000000000000021c]
J 796 c1 java.lang.ClassLoader.loadClass(Ljava/lang/String;)Ljava/lang/Class; java.base@17.0.8 (7 bytes) @ 0x0000022f00140dbc [0x0000022f00140cc0+0x00000000000000fc]
v  ~StubRoutines::call_stub
j  org.eclipse.jdt.internal.core.JavaModelManager$8.optionsChanged(Lorg/eclipse/osgi/service/debug/DebugOptions;)V+271
j  org.eclipse.osgi.internal.debug.FrameworkDebugOptions.addingService(Lorg/osgi/framework/ServiceReference;)Lorg/eclipse/osgi/service/debug/DebugOptionsListener;+16
j  org.eclipse.osgi.internal.debug.FrameworkDebugOptions.addingService(Lorg/osgi/framework/ServiceReference;)Ljava/lang/Object;+5
j  org.osgi.util.tracker.ServiceTracker$Tracked.customizerAdding(Lorg/osgi/framework/ServiceReference;Lorg/osgi/framework/ServiceEvent;)Ljava/lang/Object;+8
j  org.osgi.util.tracker.ServiceTracker$Tracked.customizerAdding(Ljava/lang/Object;Ljava/lang/Object;)Ljava/lang/Object;+9
j  org.osgi.util.tracker.AbstractTracked.trackAdding(Ljava/lang/Object;Ljava/lang/Object;)V+8
j  org.osgi.util.tracker.AbstractTracked.track(Ljava/lang/Object;Ljava/lang/Object;)V+83
j  org.osgi.util.tracker.ServiceTracker$Tracked.serviceChanged(Lorg/osgi/framework/ServiceEvent;)V+67
J 1547 c1 org.eclipse.osgi.internal.serviceregistry.FilteredServiceListener.serviceChanged(Lorg/osgi/framework/ServiceEvent;)V (284 bytes) @ 0x0000022f002bb4b4 [0x0000022f002b91e0+0x00000000000022d4]
J 1667 c1 org.eclipse.osgi.internal.framework.BundleContextImpl.dispatchEvent(Ljava/lang/Object;Ljava/lang/Object;ILjava/lang/Object;)V (558 bytes) @ 0x0000022f002fc16c [0x0000022f002f90a0+0x00000000000030cc]
J 1819 c1 org.eclipse.osgi.framework.eventmgr.EventManager.dispatchEvent(Ljava/util/Set;Lorg/eclipse/osgi/framework/eventmgr/EventDispatcher;ILjava/lang/Object;)V (69 bytes) @ 0x0000022f0035d574 [0x0000022f0035d0a0+0x00000000000004d4]
j  org.eclipse.osgi.framework.eventmgr.ListenerQueue.dispatchEventSynchronous(ILjava/lang/Object;)V+67
j  org.eclipse.osgi.internal.serviceregistry.ServiceRegistry.publishServiceEventPrivileged(Lorg/osgi/framework/ServiceEvent;)V+320
j  org.eclipse.osgi.internal.serviceregistry.ServiceRegistry.publishServiceEvent(Lorg/osgi/framework/ServiceEvent;)V+8
j  org.eclipse.osgi.internal.serviceregistry.ServiceRegistrationImpl.register(Ljava/util/Dictionary;)V+128
j  org.eclipse.osgi.internal.serviceregistry.ServiceRegistry.registerService(Lorg/eclipse/osgi/internal/framework/BundleContextImpl;[Ljava/lang/String;Ljava/lang/Object;Ljava/util/Dictionary;)Lorg/eclipse/osgi/internal/serviceregistry/ServiceRegistrationImpl;+298
j  org.eclipse.osgi.internal.framework.BundleContextImpl.registerService([Ljava/lang/String;Ljava/lang/Object;Ljava/util/Dictionary;)Lorg/osgi/framework/ServiceRegistration;+15
j  org.eclipse.osgi.internal.framework.BundleContextImpl.registerService(Ljava/lang/String;Ljava/lang/Object;Ljava/util/Dictionary;)Lorg/osgi/framework/ServiceRegistration;+15
j  org.eclipse.osgi.internal.framework.BundleContextImpl.registerService(Ljava/lang/Class;Ljava/lang/Object;Ljava/util/Dictionary;)Lorg/osgi/framework/ServiceRegistration;+7
j  org.eclipse.jdt.internal.core.JavaModelManager.registerDebugOptionsListener(Lorg/osgi/framework/BundleContext;)V+32
j  org.eclipse.jdt.core.JavaCore.start(Lorg/osgi/framework/BundleContext;)V+6
j  org.eclipse.osgi.internal.framework.BundleContextImpl$2.run()Ljava/lang/Void;+23
j  org.eclipse.osgi.internal.framework.BundleContextImpl$2.run()Ljava/lang/Object;+1
J 1166 c1 java.security.AccessController.executePrivileged(Ljava/security/PrivilegedExceptionAction;Ljava/security/AccessControlContext;Ljava/lang/Class;)Ljava/lang/Object; java.base@17.0.8 (65 bytes) @ 0x0000022f002071b4 [0x0000022f00207060+0x0000000000000154]
j  java.security.AccessController.doPrivileged(Ljava/security/PrivilegedExceptionAction;)Ljava/lang/Object;+9 java.base@17.0.8
j  org.eclipse.osgi.internal.framework.BundleContextImpl.startActivator(Lorg/osgi/framework/BundleActivator;)V+9
j  org.eclipse.osgi.internal.framework.BundleContextImpl.start()V+134
j  org.eclipse.osgi.internal.framework.EquinoxBundle.startWorker0()V+35
j  org.eclipse.osgi.internal.framework.EquinoxBundle$EquinoxModule.startWorker()V+4
j  org.eclipse.osgi.container.Module.doStart([Lorg/eclipse/osgi/container/Module$StartOptions;)Lorg/eclipse/osgi/container/ModuleContainerAdaptor$ModuleEvent;+190
j  org.eclipse.osgi.container.Module.start([Lorg/eclipse/osgi/container/Module$StartOptions;)V+460
j  org.eclipse.osgi.framework.util.SecureAction.start(Lorg/eclipse/osgi/container/Module;[Lorg/eclipse/osgi/container/Module$StartOptions;)V+8
J 1814 c1 org.eclipse.osgi.internal.hooks.EclipseLazyStarter.postFindLocalClass(Ljava/lang/String;Ljava/lang/Class;Lorg/eclipse/osgi/internal/loader/classpath/ClasspathManager;)V (394 bytes) @ 0x0000022f0034fe5c [0x0000022f0034eee0+0x0000000000000f7c]
J 1682 c1 org.eclipse.osgi.internal.loader.classpath.ClasspathManager.findLocalClass(Ljava/lang/String;)Ljava/lang/Class; (210 bytes) @ 0x0000022f0030c4d4 [0x0000022f0030b520+0x0000000000000fb4]
J 1680 c1 org.eclipse.osgi.internal.loader.BundleLoader.findLocalClass(Ljava/lang/String;)Ljava/lang/Class; (152 bytes) @ 0x0000022f0030706c [0x0000022f00306820+0x000000000000084c]
j  org.eclipse.osgi.internal.loader.sources.SingleSourcePackage.loadClass(Ljava/lang/String;)Ljava/lang/Class;+5
J 1602 c1 org.eclipse.osgi.internal.loader.BundleLoader.findClass0(Ljava/lang/String;ZZ)Ljava/lang/Class; (466 bytes) @ 0x0000022f002d3e9c [0x0000022f002d18a0+0x00000000000025fc]
J 1601 c1 org.eclipse.osgi.internal.loader.BundleLoader.findClass(Ljava/lang/String;)Ljava/lang/Class; (8 bytes) @ 0x0000022f002d0f9c [0x0000022f002d0f20+0x000000000000007c]
J 1604 c1 org.eclipse.osgi.internal.loader.ModuleClassLoader.loadClass(Ljava/lang/String;Z)Ljava/lang/Class; (36 bytes) @ 0x0000022f002d7d3c [0x0000022f002d7b20+0x000000000000021c]
J 796 c1 java.lang.ClassLoader.loadClass(Ljava/lang/String;)Ljava/lang/Class; java.base@17.0.8 (7 bytes) @ 0x0000022f00140dbc [0x0000022f00140cc0+0x00000000000000fc]
v  ~StubRoutines::call_stub
j  java.lang.Class.getDeclaredConstructors0(Z)[Ljava/lang/reflect/Constructor;+0 java.base@17.0.8
j  java.lang.Class.privateGetDeclaredConstructors(Z)[Ljava/lang/reflect/Constructor;+52 java.base@17.0.8
j  java.lang.Class.getConstructor0([Ljava/lang/Class;I)Ljava/lang/reflect/Constructor;+14 java.base@17.0.8
j  java.lang.Class.getConstructor([Ljava/lang/Class;)Ljava/lang/reflect/Constructor;+24 java.base@17.0.8
j  org.eclipse.osgi.internal.framework.BundleContextImpl.loadBundleActivator()Lorg/osgi/framework/BundleActivator;+105
j  org.eclipse.osgi.internal.framework.BundleContextImpl.start()V+18
j  org.eclipse.osgi.internal.framework.EquinoxBundle.startWorker0()V+35
j  org.eclipse.osgi.internal.framework.EquinoxBundle$EquinoxModule.startWorker()V+4
j  org.eclipse.osgi.container.Module.doStart([Lorg/eclipse/osgi/container/Module$StartOptions;)Lorg/eclipse/osgi/container/ModuleContainerAdaptor$ModuleEvent;+190
j  org.eclipse.osgi.container.Module.start([Lorg/eclipse/osgi/container/Module$StartOptions;)V+460
j  org.eclipse.osgi.container.ModuleContainer$ContainerStartLevel$2.run()V+71
j  org.eclipse.osgi.internal.framework.EquinoxContainerAdaptor$1$1.execute(Ljava/lang/Runnable;)V+1
j  org.eclipse.osgi.container.ModuleContainer$ContainerStartLevel.incStartLevel(ILjava/util/List;Z)V+192
j  org.eclipse.osgi.container.ModuleContainer$ContainerStartLevel.incStartLevel(ILjava/util/List;Ljava/util/List;Ljava/util/List;Ljava/util/List;)V+19
j  org.eclipse.osgi.container.ModuleContainer$ContainerStartLevel.doContainerStartLevel(Lorg/eclipse/osgi/container/Module;I[Lorg/osgi/framework/FrameworkListener;)V+349
j  org.eclipse.osgi.container.ModuleContainer$ContainerStartLevel.dispatchEvent(Lorg/eclipse/osgi/container/Module;[Lorg/osgi/framework/FrameworkListener;ILjava/lang/Integer;)V+32
j  org.eclipse.osgi.container.ModuleContainer$ContainerStartLevel.dispatchEvent(Ljava/lang/Object;Ljava/lang/Object;ILjava/lang/Object;)V+15
j  org.eclipse.osgi.framework.eventmgr.EventManager.dispatchEvent(Ljava/util/Set;Lorg/eclipse/osgi/framework/eventmgr/EventDispatcher;ILjava/lang/Object;)V+48
j  org.eclipse.osgi.framework.eventmgr.EventManager$EventThread.run()V+26
v  ~StubRoutines::call_stub

---------------  P R O C E S S  ---------------

Threads class SMR info:
_java_thread_list=0x0000022f0f434b60, length=21, elements={
0x0000022f6cabe630, 0x0000022f7d7c4610, 0x0000022f6cb77f10, 0x0000022f78708f80,
0x0000022f78709950, 0x0000022f7d823bb0, 0x0000022f7d7cdfc0, 0x0000022f7d7d0ab0,
0x0000022f7d7d17c0, 0x0000022f7d7f2950, 0x0000022f6cb1f1a0, 0x0000022f7db6e7a0,
0x0000022f7e9d7030, 0x0000022f0f295c20, 0x0000022f0f3533b0, 0x0000022f0f2e5af0,
0x0000022f0f2747b0, 0x0000022f0f206460, 0x0000022f0f48b810, 0x0000022f0f48b300,
0x0000022f0f488570
}

Java Threads: ( => current thread )
  0x0000022f6cabe630 JavaThread "main" [_thread_blocked, id=27768, stack(0x0000006123d00000,0x0000006123e00000)]
  0x0000022f7d7c4610 JavaThread "Reference Handler" daemon [_thread_blocked, id=1568, stack(0x0000006124000000,0x0000006124100000)]
  0x0000022f6cb77f10 JavaThread "Finalizer" daemon [_thread_blocked, id=30080, stack(0x0000006124100000,0x0000006124200000)]
  0x0000022f78708f80 JavaThread "Signal Dispatcher" daemon [_thread_blocked, id=9524, stack(0x0000006124200000,0x0000006124300000)]
  0x0000022f78709950 JavaThread "Attach Listener" daemon [_thread_blocked, id=19912, stack(0x0000006124300000,0x0000006124400000)]
  0x0000022f7d823bb0 JavaThread "Service Thread" daemon [_thread_blocked, id=11800, stack(0x0000006124400000,0x0000006124500000)]
  0x0000022f7d7cdfc0 JavaThread "Monitor Deflation Thread" daemon [_thread_blocked, id=31388, stack(0x0000006124500000,0x0000006124600000)]
  0x0000022f7d7d0ab0 JavaThread "C2 CompilerThread0" daemon [_thread_blocked, id=15192, stack(0x0000006124600000,0x0000006124700000)]
  0x0000022f7d7d17c0 JavaThread "C1 CompilerThread0" daemon [_thread_blocked, id=29896, stack(0x0000006124700000,0x0000006124800000)]
  0x0000022f7d7f2950 JavaThread "Sweeper thread" daemon [_thread_blocked, id=28340, stack(0x0000006124800000,0x0000006124900000)]
  0x0000022f6cb1f1a0 JavaThread "Common-Cleaner" daemon [_thread_blocked, id=31516, stack(0x0000006124900000,0x0000006124a00000)]
  0x0000022f7db6e7a0 JavaThread "Notification Thread" daemon [_thread_blocked, id=31404, stack(0x0000006124a00000,0x0000006124b00000)]
  0x0000022f7e9d7030 JavaThread "C2 CompilerThread1" daemon [_thread_blocked, id=9440, stack(0x0000006124c00000,0x0000006124d00000)]
  0x0000022f0f295c20 JavaThread "Active Thread: Equinox Container: cae2edbf-24b5-49fe-925e-d513d1dc7ab3" [_thread_blocked, id=31368, stack(0x0000006124d00000,0x0000006124e00000)]
  0x0000022f0f3533b0 JavaThread "Framework Event Dispatcher: Equinox Container: cae2edbf-24b5-49fe-925e-d513d1dc7ab3" daemon [_thread_blocked, id=7260, stack(0x0000006125400000,0x0000006125500000)]
=>0x0000022f0f2e5af0 JavaThread "Start Level: Equinox Container: cae2edbf-24b5-49fe-925e-d513d1dc7ab3" daemon [_thread_in_vm, id=10364, stack(0x0000006125500000,0x0000006125600000)]
  0x0000022f0f2747b0 JavaThread "SCR Component Actor" daemon [_thread_blocked, id=29484, stack(0x0000006125600000,0x0000006125700000)]
  0x0000022f0f206460 JavaThread "SCR Component Registry" daemon [_thread_blocked, id=24944, stack(0x0000006125800000,0x0000006125900000)]
  0x0000022f0f48b810 JavaThread "Worker-JM" [_thread_blocked, id=20516, stack(0x0000006125900000,0x0000006125a00000)]
  0x0000022f0f48b300 JavaThread "Worker-0" [_thread_blocked, id=29844, stack(0x0000006125a00000,0x0000006125b00000)]
  0x0000022f0f488570 JavaThread "Worker-1" [_thread_blocked, id=26960, stack(0x0000006125b00000,0x0000006125c00000)]

Other Threads:
  0x0000022f6cb38bb0 VMThread "VM Thread" [stack: 0x0000006123f00000,0x0000006124000000] [id=17608]
  0x0000022f7e92a780 WatcherThread [stack: 0x0000006124b00000,0x0000006124c00000] [id=29300]
  0x0000022f6cad3650 GCTaskThread "GC Thread#0" [stack: 0x0000006123e00000,0x0000006123f00000] [id=22640]
  0x0000022f7ec84020 GCTaskThread "GC Thread#1" [stack: 0x0000006124e00000,0x0000006124f00000] [id=6500]
  0x0000022f7f0c70d0 GCTaskThread "GC Thread#2" [stack: 0x0000006124f00000,0x0000006125000000] [id=27532]
  0x0000022f7f0c7390 GCTaskThread "GC Thread#3" [stack: 0x0000006125000000,0x0000006125100000] [id=28012]
  0x0000022f7f0c7650 GCTaskThread "GC Thread#4" [stack: 0x0000006125100000,0x0000006125200000] [id=21528]
  0x0000022f7f0c7910 GCTaskThread "GC Thread#5" [stack: 0x0000006125200000,0x0000006125300000] [id=26564]
  0x0000022f7ed4aef0 GCTaskThread "GC Thread#6" [stack: 0x0000006125300000,0x0000006125400000] [id=9620]
  0x0000022f0f473280 GCTaskThread "GC Thread#7" [stack: 0x0000006125700000,0x0000006125800000] [id=12108]

Threads with active compile tasks:

VM state: not at safepoint (normal execution)

VM Mutex/Monitor currently owned by a thread:  ([mutex/lock_event])
[0x0000022f6cab98f0] Metaspace_lock - owner thread: 0x0000022f0f2e5af0

Heap address: 0x00000000c0000000, size: 1024 MB, Compressed Oops mode: 32-bit

CDS archive(s) not mapped
Compressed class space mapped at: 0x0000000100000000-0x0000000140000000, reserved size: 1073741824
Narrow klass base: 0x0000000000000000, Narrow klass shift: 3, Narrow klass range: 0x140000000

GC Precious Log:
 CPUs: 8 total, 8 available
 Memory: 16165M
 Large Page Support: Disabled
 NUMA Support: Disabled
 Compressed Oops: Enabled (32-bit)
 Alignments: Space 512K, Generation 512K, Heap 2M
 Heap Min Capacity: 100M
 Heap Initial Capacity: 100M
 Heap Max Capacity: 1G
 Pre-touch: Disabled
 Parallel Workers: 8

Heap:
 PSYoungGen      total 29696K, used 7748K [0x00000000eab00000, 0x00000000ecc00000, 0x0000000100000000)
  eden space 25600K, 27% used [0x00000000eab00000,0x00000000eb1f0c08,0x00000000ec400000)
  from space 4096K, 15% used [0x00000000ec800000,0x00000000ec8a0590,0x00000000ecc00000)
  to   space 4096K, 0% used [0x00000000ec400000,0x00000000ec400000,0x00000000ec800000)
 ParOldGen       total 68608K, used 6711K [0x00000000c0000000, 0x00000000c4300000, 0x00000000eab00000)
  object space 68608K, 9% used [0x00000000c0000000,0x00000000c068dfd0,0x00000000c4300000)
 Metaspace       used 25869K, committed 26304K, reserved 1114112K
  class space    used 2404K, committed 2624K, reserved 1048576K

Card table byte_map: [0x0000022f75f80000,0x0000022f76190000] _byte_map_base: 0x0000022f75980000

Marking Bits: (ParMarkBitMap*) 0x00007ffceb7b83b0
 Begin Bits: [0x0000022f762f0000, 0x0000022f772f0000)
 End Bits:   [0x0000022f772f0000, 0x0000022f782f0000)

Polling page: 0x0000022f6cb80000

Metaspace:

Usage:
  Non-class:     22.92 MB used.
      Class:      2.35 MB used.
       Both:     25.26 MB used.

Virtual space:
  Non-class space:       64.00 MB reserved,      23.12 MB ( 36%) committed,  1 nodes.
      Class space:        1.00 GB reserved,       2.56 MB ( <1%) committed,  1 nodes.
             Both:        1.06 GB reserved,      25.69 MB (  2%) committed. 

Chunk freelists:
   Non-Class:  8.55 MB
       Class:  13.47 MB
        Both:  22.02 MB

MaxMetaspaceSize: unlimited
CompressedClassSpaceSize: 1.00 GB
Initial GC threshold: 21.00 MB
Current GC threshold: 35.00 MB
CDS: off
MetaspaceReclaimPolicy: balanced
 - commit_granule_bytes: 65536.
 - commit_granule_words: 8192.
 - virtual_space_node_default_size: 8388608.
 - enlarge_chunks_in_place: 1.
 - new_chunks_are_fully_committed: 0.
 - uncommit_free_chunks: 1.
 - use_allocation_guard: 0.
 - handle_deallocations: 1.


Internal statistics:

num_allocs_failed_limit: 3.
num_arena_births: 272.
num_arena_deaths: 14.
num_vsnodes_births: 2.
num_vsnodes_deaths: 0.
num_space_committed: 411.
num_space_uncommitted: 0.
num_chunks_returned_to_freelist: 17.
num_chunks_taken_from_freelist: 918.
num_chunk_merges: 7.
num_chunk_splits: 598.
num_chunks_enlarged: 406.
num_inconsistent_stats: 0.

CodeHeap 'non-profiled nmethods': size=120000Kb used=866Kb max_used=866Kb free=119133Kb
 bounds [0x0000022f07ad0000, 0x0000022f07d40000, 0x0000022f0f000000]
CodeHeap 'profiled nmethods': size=120000Kb used=4376Kb max_used=4376Kb free=115623Kb
 bounds [0x0000022f00000000, 0x0000022f00450000, 0x0000022f07530000]
CodeHeap 'non-nmethods': size=5760Kb used=1227Kb max_used=1241Kb free=4532Kb
 bounds [0x0000022f07530000, 0x0000022f077a0000, 0x0000022f07ad0000]
 total_blobs=2790 nmethods=2267 adapters=437
 compilation: enabled
              stopped_count=0, restarted_count=0
 full_count=0

Compilation events (20 events):
Event: 2.020 Thread 0x0000022f7d7d17c0 2256       3       java.util.ArrayList$SubList::toArray (79 bytes)
Event: 2.021 Thread 0x0000022f7d7d17c0 nmethod 2256 0x0000022f00441a10 code [0x0000022f00441c00, 0x0000022f00442288]
Event: 2.022 Thread 0x0000022f7d7d17c0 2260       3       org.objectweb.asm.SymbolTable::addConstantIntegerOrFloat (21 bytes)
Event: 2.022 Thread 0x0000022f7d7d17c0 nmethod 2260 0x0000022f00442490 code [0x0000022f00442640, 0x0000022f00442898]
Event: 2.027 Thread 0x0000022f7d7d17c0 2261       3       java.util.regex.Pattern$GroupHead::match (47 bytes)
Event: 2.027 Thread 0x0000022f7d7d17c0 nmethod 2261 0x0000022f00442a10 code [0x0000022f00442bc0, 0x0000022f00442e28]
Event: 2.029 Thread 0x0000022f7d7d17c0 2262       3       java.util.ArrayDeque::circularClear (43 bytes)
Event: 2.029 Thread 0x0000022f7d7d17c0 nmethod 2262 0x0000022f00443010 code [0x0000022f004431e0, 0x0000022f004435d8]
Event: 2.055 Thread 0x0000022f7d7d0ab0 2263       4       java.util.concurrent.locks.AbstractQueuedSynchronizer::signalNext (34 bytes)
Event: 2.056 Thread 0x0000022f7d7d0ab0 nmethod 2263 0x0000022f07ba7e10 code [0x0000022f07ba7fa0, 0x0000022f07ba8078]
Event: 2.061 Thread 0x0000022f7d7d17c0 2264   !   3       java.util.concurrent.ConcurrentHashMap::replaceNode (437 bytes)
Event: 2.062 Thread 0x0000022f7d7d17c0 nmethod 2264 0x0000022f00443790 code [0x0000022f00443ae0, 0x0000022f00445278]
Event: 2.062 Thread 0x0000022f7d7d17c0 2265       3       java.util.concurrent.ConcurrentHashMap::remove (8 bytes)
Event: 2.062 Thread 0x0000022f7d7d17c0 nmethod 2265 0x0000022f00445f10 code [0x0000022f004460c0, 0x0000022f00446208]
Event: 2.062 Thread 0x0000022f7d7d17c0 2266       1       java.lang.reflect.Constructor::getConstructorAccessor (5 bytes)
Event: 2.062 Thread 0x0000022f7d7d17c0 nmethod 2266 0x0000022f07ba8190 code [0x0000022f07ba8320, 0x0000022f07ba83f8]
Event: 2.062 Thread 0x0000022f7d7d17c0 2267       1       java.lang.reflect.Constructor::getRoot (5 bytes)
Event: 2.062 Thread 0x0000022f7d7d17c0 nmethod 2267 0x0000022f07ba8490 code [0x0000022f07ba8620, 0x0000022f07ba86f8]
Event: 2.062 Thread 0x0000022f7d7d17c0 2268       1       jdk.internal.reflect.DelegatingConstructorAccessorImpl::setDelegate (6 bytes)
Event: 2.063 Thread 0x0000022f7d7d17c0 nmethod 2268 0x0000022f07ba8790 code [0x0000022f07ba8920, 0x0000022f07ba89f8]

GC Heap History (10 events):
Event: 0.702 GC heap before
{Heap before GC invocations=1 (full 0):
 PSYoungGen      total 29696K, used 25600K [0x00000000eab00000, 0x00000000ecc00000, 0x0000000100000000)
  eden space 25600K, 100% used [0x00000000eab00000,0x00000000ec400000,0x00000000ec400000)
  from space 4096K, 0% used [0x00000000ec800000,0x00000000ec800000,0x00000000ecc00000)
  to   space 4096K, 0% used [0x00000000ec400000,0x00000000ec400000,0x00000000ec800000)
 ParOldGen       total 68608K, used 0K [0x00000000c0000000, 0x00000000c4300000, 0x00000000eab00000)
  object space 68608K, 0% used [0x00000000c0000000,0x00000000c0000000,0x00000000c4300000)
 Metaspace       used 12249K, committed 12480K, reserved 1114112K
  class space    used 1108K, committed 1216K, reserved 1048576K
}
Event: 0.707 GC heap after
{Heap after GC invocations=1 (full 0):
 PSYoungGen      total 29696K, used 3332K [0x00000000eab00000, 0x00000000ecc00000, 0x0000000100000000)
  eden space 25600K, 0% used [0x00000000eab00000,0x00000000eab00000,0x00000000ec400000)
  from space 4096K, 81% used [0x00000000ec400000,0x00000000ec7412e0,0x00000000ec800000)
  to   space 4096K, 0% used [0x00000000ec800000,0x00000000ec800000,0x00000000ecc00000)
 ParOldGen       total 68608K, used 16K [0x00000000c0000000, 0x00000000c4300000, 0x00000000eab00000)
  object space 68608K, 0% used [0x00000000c0000000,0x00000000c0004000,0x00000000c4300000)
 Metaspace       used 12249K, committed 12480K, reserved 1114112K
  class space    used 1108K, committed 1216K, reserved 1048576K
}
Event: 1.223 GC heap before
{Heap before GC invocations=2 (full 0):
 PSYoungGen      total 29696K, used 28932K [0x00000000eab00000, 0x00000000ecc00000, 0x0000000100000000)
  eden space 25600K, 100% used [0x00000000eab00000,0x00000000ec400000,0x00000000ec400000)
  from space 4096K, 81% used [0x00000000ec400000,0x00000000ec7412e0,0x00000000ec800000)
  to   space 4096K, 0% used [0x00000000ec800000,0x00000000ec800000,0x00000000ecc00000)
 ParOldGen       total 68608K, used 16K [0x00000000c0000000, 0x00000000c4300000, 0x00000000eab00000)
  object space 68608K, 0% used [0x00000000c0000000,0x00000000c0004000,0x00000000c4300000)
 Metaspace       used 16672K, committed 16960K, reserved 1114112K
  class space    used 1563K, committed 1728K, reserved 1048576K
}
Event: 1.227 GC heap after
{Heap after GC invocations=2 (full 0):
 PSYoungGen      total 29696K, used 4065K [0x00000000eab00000, 0x00000000ecc00000, 0x0000000100000000)
  eden space 25600K, 0% used [0x00000000eab00000,0x00000000eab00000,0x00000000ec400000)
  from space 4096K, 99% used [0x00000000ec800000,0x00000000ecbf8760,0x00000000ecc00000)
  to   space 4096K, 0% used [0x00000000ec400000,0x00000000ec400000,0x00000000ec800000)
 ParOldGen       total 68608K, used 902K [0x00000000c0000000, 0x00000000c4300000, 0x00000000eab00000)
  object space 68608K, 1% used [0x00000000c0000000,0x00000000c00e1b60,0x00000000c4300000)
 Metaspace       used 16672K, committed 16960K, reserved 1114112K
  class space    used 1563K, committed 1728K, reserved 1048576K
}
Event: 1.619 GC heap before
{Heap before GC invocations=3 (full 0):
 PSYoungGen      total 29696K, used 27056K [0x00000000eab00000, 0x00000000ecc00000, 0x0000000100000000)
  eden space 25600K, 89% used [0x00000000eab00000,0x00000000ec173c40,0x00000000ec400000)
  from space 4096K, 99% used [0x00000000ec800000,0x00000000ecbf8760,0x00000000ecc00000)
  to   space 4096K, 0% used [0x00000000ec400000,0x00000000ec400000,0x00000000ec800000)
 ParOldGen       total 68608K, used 902K [0x00000000c0000000, 0x00000000c4300000, 0x00000000eab00000)
  object space 68608K, 1% used [0x00000000c0000000,0x00000000c00e1b60,0x00000000c4300000)
 Metaspace       used 21120K, committed 21504K, reserved 1114112K
  class space    used 2011K, committed 2176K, reserved 1048576K
}
Event: 1.623 GC heap after
{Heap after GC invocations=3 (full 0):
 PSYoungGen      total 29696K, used 4074K [0x00000000eab00000, 0x00000000ecc00000, 0x0000000100000000)
  eden space 25600K, 0% used [0x00000000eab00000,0x00000000eab00000,0x00000000ec400000)
  from space 4096K, 99% used [0x00000000ec400000,0x00000000ec7fab38,0x00000000ec800000)
  to   space 4096K, 0% used [0x00000000ec800000,0x00000000ec800000,0x00000000ecc00000)
 ParOldGen       total 68608K, used 2743K [0x00000000c0000000, 0x00000000c4300000, 0x00000000eab00000)
  object space 68608K, 3% used [0x00000000c0000000,0x00000000c02adec8,0x00000000c4300000)
 Metaspace       used 21120K, committed 21504K, reserved 1114112K
  class space    used 2011K, committed 2176K, reserved 1048576K
}
Event: 1.623 GC heap before
{Heap before GC invocations=4 (full 1):
 PSYoungGen      total 29696K, used 4074K [0x00000000eab00000, 0x00000000ecc00000, 0x0000000100000000)
  eden space 25600K, 0% used [0x00000000eab00000,0x00000000eab00000,0x00000000ec400000)
  from space 4096K, 99% used [0x00000000ec400000,0x00000000ec7fab38,0x00000000ec800000)
  to   space 4096K, 0% used [0x00000000ec800000,0x00000000ec800000,0x00000000ecc00000)
 ParOldGen       total 68608K, used 2743K [0x00000000c0000000, 0x00000000c4300000, 0x00000000eab00000)
  object space 68608K, 3% used [0x00000000c0000000,0x00000000c02adec8,0x00000000c4300000)
 Metaspace       used 21120K, committed 21504K, reserved 1114112K
  class space    used 2011K, committed 2176K, reserved 1048576K
}
Event: 1.640 GC heap after
{Heap after GC invocations=4 (full 1):
 PSYoungGen      total 29696K, used 0K [0x00000000eab00000, 0x00000000ecc00000, 0x0000000100000000)
  eden space 25600K, 0% used [0x00000000eab00000,0x00000000eab00000,0x00000000ec400000)
  from space 4096K, 0% used [0x00000000ec400000,0x00000000ec400000,0x00000000ec800000)
  to   space 4096K, 0% used [0x00000000ec800000,0x00000000ec800000,0x00000000ecc00000)
 ParOldGen       total 68608K, used 6703K [0x00000000c0000000, 0x00000000c4300000, 0x00000000eab00000)
  object space 68608K, 9% used [0x00000000c0000000,0x00000000c068bfd0,0x00000000c4300000)
 Metaspace       used 21107K, committed 21504K, reserved 1114112K
  class space    used 2008K, committed 2176K, reserved 1048576K
}
Event: 1.991 GC heap before
{Heap before GC invocations=5 (full 1):
 PSYoungGen      total 29696K, used 25600K [0x00000000eab00000, 0x00000000ecc00000, 0x0000000100000000)
  eden space 25600K, 100% used [0x00000000eab00000,0x00000000ec400000,0x00000000ec400000)
  from space 4096K, 0% used [0x00000000ec400000,0x00000000ec400000,0x00000000ec800000)
  to   space 4096K, 0% used [0x00000000ec800000,0x00000000ec800000,0x00000000ecc00000)
 ParOldGen       total 68608K, used 6703K [0x00000000c0000000, 0x00000000c4300000, 0x00000000eab00000)
  object space 68608K, 9% used [0x00000000c0000000,0x00000000c068bfd0,0x00000000c4300000)
 Metaspace       used 24514K, committed 24960K, reserved 1114112K
  class space    used 2296K, committed 2496K, reserved 1048576K
}
Event: 1.992 GC heap after
{Heap after GC invocations=5 (full 1):
 PSYoungGen      total 29696K, used 641K [0x00000000eab00000, 0x00000000ecc00000, 0x0000000100000000)
  eden space 25600K, 0% used [0x00000000eab00000,0x00000000eab00000,0x00000000ec400000)
  from space 4096K, 15% used [0x00000000ec800000,0x00000000ec8a0590,0x00000000ecc00000)
  to   space 4096K, 0% used [0x00000000ec400000,0x00000000ec400000,0x00000000ec800000)
 ParOldGen       total 68608K, used 6711K [0x00000000c0000000, 0x00000000c4300000, 0x00000000eab00000)
  object space 68608K, 9% used [0x00000000c0000000,0x00000000c068dfd0,0x00000000c4300000)
 Metaspace       used 24514K, committed 24960K, reserved 1114112K
  class space    used 2296K, committed 2496K, reserved 1048576K
}

Dll operation events (10 events):
Event: 0.005 Loaded shared library c:\Users\admin\AppData\Roaming\Code\User\globalStorage\pleiades.java-extension-pack-jdk\java\17\bin\java.dll
Event: 0.021 Loaded shared library c:\Users\admin\AppData\Roaming\Code\User\globalStorage\pleiades.java-extension-pack-jdk\java\17\bin\jsvml.dll
Event: 0.130 Loaded shared library c:\Users\admin\AppData\Roaming\Code\User\globalStorage\pleiades.java-extension-pack-jdk\java\17\bin\zip.dll
Event: 0.135 Loaded shared library C:\Users\admin\AppData\Roaming\Code\User\globalStorage\pleiades.java-extension-pack-jdk\java\17\bin\instrument.dll
Event: 0.148 Loaded shared library C:\Users\admin\AppData\Roaming\Code\User\globalStorage\pleiades.java-extension-pack-jdk\java\17\bin\net.dll
Event: 0.150 Loaded shared library C:\Users\admin\AppData\Roaming\Code\User\globalStorage\pleiades.java-extension-pack-jdk\java\17\bin\nio.dll
Event: 0.157 Loaded shared library C:\Users\admin\AppData\Roaming\Code\User\globalStorage\pleiades.java-extension-pack-jdk\java\17\bin\zip.dll
Event: 0.172 Loaded shared library C:\Users\admin\AppData\Roaming\Code\User\globalStorage\pleiades.java-extension-pack-jdk\java\17\bin\jimage.dll
Event: 0.215 Loaded shared library c:\Users\admin\AppData\Roaming\Code\User\globalStorage\pleiades.java-extension-pack-jdk\java\17\bin\verify.dll
Event: 1.097 Loaded shared library C:\Users\admin\AppData\Roaming\Code\User\globalStorage\redhat.java\1.21.0\config_ss_win\org.eclipse.equinox.launcher\org.eclipse.equinox.launcher.win32.win32.x86_64_1.2.700.v20221108-1024\eclipse_11801.dll

Deoptimization events (20 events):
Event: 1.442 Thread 0x0000022f0f2e5af0 Uncommon trap: trap_request=0xffffffc6 fr.pc=0x0000022f07b77bf4 relative=0x0000000000000cb4
Event: 1.442 Thread 0x0000022f0f2e5af0 Uncommon trap: reason=bimorphic_or_optimized_type_check action=maybe_recompile pc=0x0000022f07b77bf4 method=java.io.DataInputStream.readInt()I @ 12 c2
Event: 1.442 Thread 0x0000022f0f2e5af0 DEOPT PACKING pc=0x0000022f07b77bf4 sp=0x00000061255f3f00
Event: 1.442 Thread 0x0000022f0f2e5af0 DEOPT UNPACKING pc=0x0000022f07589ea3 sp=0x00000061255f3eb0 mode 2
Event: 1.442 Thread 0x0000022f0f2e5af0 Uncommon trap: trap_request=0xffffffc6 fr.pc=0x0000022f07b77bf4 relative=0x0000000000000cb4
Event: 1.442 Thread 0x0000022f0f2e5af0 Uncommon trap: reason=bimorphic_or_optimized_type_check action=maybe_recompile pc=0x0000022f07b77bf4 method=java.io.DataInputStream.readInt()I @ 12 c2
Event: 1.442 Thread 0x0000022f0f2e5af0 DEOPT PACKING pc=0x0000022f07b77bf4 sp=0x00000061255f3f70
Event: 1.442 Thread 0x0000022f0f2e5af0 DEOPT UNPACKING pc=0x0000022f07589ea3 sp=0x00000061255f3f20 mode 2
Event: 1.442 Thread 0x0000022f0f2e5af0 Uncommon trap: trap_request=0xffffffc6 fr.pc=0x0000022f07b77bf4 relative=0x0000000000000cb4
Event: 1.442 Thread 0x0000022f0f2e5af0 Uncommon trap: reason=bimorphic_or_optimized_type_check action=maybe_recompile pc=0x0000022f07b77bf4 method=java.io.DataInputStream.readInt()I @ 12 c2
Event: 1.442 Thread 0x0000022f0f2e5af0 DEOPT PACKING pc=0x0000022f07b77bf4 sp=0x00000061255f3f00
Event: 1.442 Thread 0x0000022f0f2e5af0 DEOPT UNPACKING pc=0x0000022f07589ea3 sp=0x00000061255f3eb0 mode 2
Event: 1.531 Thread 0x0000022f0f2e5af0 Uncommon trap: trap_request=0xffffff45 fr.pc=0x0000022f07b028ac relative=0x0000000000000c0c
Event: 1.531 Thread 0x0000022f0f2e5af0 Uncommon trap: reason=unstable_if action=reinterpret pc=0x0000022f07b028ac method=lombok.patcher.PatchScript.classMatches(Ljava/lang/String;Ljava/util/Collection;)Z @ 25 c2
Event: 1.531 Thread 0x0000022f0f2e5af0 DEOPT PACKING pc=0x0000022f07b028ac sp=0x00000061255f2400
Event: 1.532 Thread 0x0000022f0f2e5af0 DEOPT UNPACKING pc=0x0000022f07589ea3 sp=0x00000061255f23c0 mode 2
Event: 1.722 Thread 0x0000022f0f2e5af0 Uncommon trap: trap_request=0xffffff45 fr.pc=0x0000022f07b55740 relative=0x0000000000000040
Event: 1.722 Thread 0x0000022f0f2e5af0 Uncommon trap: reason=unstable_if action=reinterpret pc=0x0000022f07b55740 method=sun.nio.fs.WindowsPathParser.isSlash(C)Z @ 9 c2
Event: 1.722 Thread 0x0000022f0f2e5af0 DEOPT PACKING pc=0x0000022f07b55740 sp=0x00000061255f4860
Event: 1.722 Thread 0x0000022f0f2e5af0 DEOPT UNPACKING pc=0x0000022f07589ea3 sp=0x00000061255f47e8 mode 2

Classes unloaded (7 events):
Event: 1.626 Thread 0x0000022f6cb38bb0 Unloading class 0x000000010021a000 'java/lang/invoke/LambdaForm$MH+0x000000010021a000'
Event: 1.626 Thread 0x0000022f6cb38bb0 Unloading class 0x0000000100219c00 'java/lang/invoke/LambdaForm$MH+0x0000000100219c00'
Event: 1.626 Thread 0x0000022f6cb38bb0 Unloading class 0x0000000100219800 'java/lang/invoke/LambdaForm$MH+0x0000000100219800'
Event: 1.626 Thread 0x0000022f6cb38bb0 Unloading class 0x0000000100219400 'java/lang/invoke/LambdaForm$MH+0x0000000100219400'
Event: 1.626 Thread 0x0000022f6cb38bb0 Unloading class 0x0000000100219000 'java/lang/invoke/LambdaForm$BMH+0x0000000100219000'
Event: 1.626 Thread 0x0000022f6cb38bb0 Unloading class 0x0000000100218c00 'java/lang/invoke/LambdaForm$DMH+0x0000000100218c00'
Event: 1.626 Thread 0x0000022f6cb38bb0 Unloading class 0x0000000100212000 'java/lang/invoke/LambdaForm$DMH+0x0000000100212000'

Classes redefined (0 events):
No events

Internal exceptions (20 events):
Event: 1.550 Thread 0x0000022f0f2e5af0 Exception <a 'java/lang/NoSuchMethodError'{0x00000000ebdf1aa8}: 'int java.lang.invoke.DirectMethodHandle$Holder.invokeSpecial(java.lang.Object, java.lang.Object, java.lang.Object)'> (0x00000000ebdf1aa8) 
thrown [s\src\hotspot\share\interpreter\linkResolver.cpp, line 759]
Event: 1.551 Thread 0x0000022f0f2e5af0 Exception <a 'java/lang/NoSuchMethodError'{0x00000000ebe03430}: 'int java.lang.invoke.DirectMethodHandle$Holder.invokeStatic(java.lang.Object, java.lang.Object, int)'> (0x00000000ebe03430) 
thrown [s\src\hotspot\share\interpreter\linkResolver.cpp, line 759]
Event: 1.551 Thread 0x0000022f0f2e5af0 Exception <a 'java/lang/NoSuchMethodError'{0x00000000ebe07700}: 'int java.lang.invoke.DirectMethodHandle$Holder.invokeSpecial(java.lang.Object, java.lang.Object, java.lang.Object, int)'> (0x00000000ebe07700) 
thrown [s\src\hotspot\share\interpreter\linkResolver.cpp, line 759]
Event: 1.553 Thread 0x0000022f0f2e5af0 Exception <a 'java/lang/NoSuchMethodError'{0x00000000ebe23928}: 'java.lang.Object java.lang.invoke.DirectMethodHandle$Holder.invokeStatic(java.lang.Object, java.lang.Object, java.lang.Object, java.lang.Object, int)'> (0x00000000ebe23928) 
thrown [s\src\hotspot\share\interpreter\linkResolver.cpp, line 759]
Event: 1.555 Thread 0x0000022f0f2e5af0 Exception <a 'java/lang/NoSuchMethodError'{0x00000000ebe2fb60}: 'java.lang.Object java.lang.invoke.DelegatingMethodHandle$Holder.reinvoke_L(java.lang.Object, java.lang.Object, java.lang.Object, java.lang.Object, int, int)'> (0x00000000ebe2fb60) 
thrown [s\src\hotspot\share\interpreter\linkResolver.cpp, line 759]
Event: 1.558 Thread 0x0000022f0f2e5af0 Exception <a 'java/lang/NoSuchMethodError'{0x00000000ebe44628}: 'java.lang.Object java.lang.invoke.Invokers$Holder.invokeExact_MT(java.lang.Object, java.lang.Object, java.lang.Object, java.lang.Object)'> (0x00000000ebe44628) 
thrown [s\src\hotspot\share\interpreter\linkResolver.cpp, line 759]
Event: 1.679 Thread 0x0000022f0f2e5af0 Exception <a 'java/lang/NoSuchMethodError'{0x00000000eacd24e8}: 'java.lang.Object java.lang.invoke.DirectMethodHandle$Holder.newInvokeSpecial(java.lang.Object, java.lang.Object, java.lang.Object, java.lang.Object, java.lang.Object)'> (0x00000000eacd24e8) 
thrown [s\src\hotspot\share\interpreter\linkResolver.cpp, line 759]
Event: 1.786 Thread 0x0000022f0f2e5af0 Exception <a 'java/lang/NoSuchMethodError'{0x00000000eb059e60}: 'java.lang.Object java.lang.invoke.DirectMethodHandle$Holder.invokeSpecial(java.lang.Object, java.lang.Object, java.lang.Object, long, java.lang.Object)'> (0x00000000eb059e60) 
thrown [s\src\hotspot\share\interpreter\linkResolver.cpp, line 759]
Event: 1.787 Thread 0x0000022f0f2e5af0 Exception <a 'java/lang/NoSuchMethodError'{0x00000000eb062018}: 'java.lang.Object java.lang.invoke.DirectMethodHandle$Holder.newInvokeSpecial(java.lang.Object, java.lang.Object, java.lang.Object, long)'> (0x00000000eb062018) 
thrown [s\src\hotspot\share\interpreter\linkResolver.cpp, line 759]
Event: 1.788 Thread 0x0000022f0f2e5af0 Exception <a 'java/lang/NoSuchMethodError'{0x00000000eb0665b8}: 'java.lang.Object java.lang.invoke.DirectMethodHandle$Holder.invokeSpecial(java.lang.Object, java.lang.Object, java.lang.Object, java.lang.Object, long)'> (0x00000000eb0665b8) 
thrown [s\src\hotspot\share\interpreter\linkResolver.cpp, line 759]
Event: 1.789 Thread 0x0000022f0f2e5af0 Exception <a 'java/lang/NoSuchMethodError'{0x00000000eb06a430}: 'java.lang.Object java.lang.invoke.Invokers$Holder.linkToTargetMethod(java.lang.Object, java.lang.Object, long, java.lang.Object)'> (0x00000000eb06a430) 
thrown [s\src\hotspot\share\interpreter\linkResolver.cpp, line 759]
Event: 1.800 Thread 0x0000022f0f2e5af0 Exception <a 'java/lang/NoSuchMethodError'{0x00000000eb0e8338}: 'int java.lang.invoke.DirectMethodHandle$Holder.invokeStaticInit(java.lang.Object, java.lang.Object, java.lang.Object)'> (0x00000000eb0e8338) 
thrown [s\src\hotspot\share\interpreter\linkResolver.cpp, line 759]
Event: 1.808 Thread 0x0000022f0f2e5af0 Exception <a 'java/lang/IncompatibleClassChangeError'{0x00000000eb150030}: Found class java.lang.Object, but interface was expected> (0x00000000eb150030) 
thrown [s\src\hotspot\share\interpreter\linkResolver.cpp, line 826]
Event: 1.812 Thread 0x0000022f0f2e5af0 Exception <a 'java/lang/NoSuchMethodError'{0x00000000eb164090}: 'java.lang.Object java.lang.invoke.DirectMethodHandle$Holder.invokeSpecial(java.lang.Object, java.lang.Object, java.lang.Object, int, java.lang.Object, java.lang.Object)'> (0x00000000eb164090) 
thrown [s\src\hotspot\share\interpreter\linkResolver.cpp, line 759]
Event: 1.813 Thread 0x0000022f0f2e5af0 Exception <a 'java/lang/NoSuchMethodError'{0x00000000eb16c818}: 'java.lang.Object java.lang.invoke.DirectMethodHandle$Holder.newInvokeSpecial(java.lang.Object, java.lang.Object, java.lang.Object, int, java.lang.Object)'> (0x00000000eb16c818) 
thrown [s\src\hotspot\share\interpreter\linkResolver.cpp, line 759]
Event: 1.813 Thread 0x0000022f0f2e5af0 Exception <a 'java/lang/NoSuchMethodError'{0x00000000eb170c70}: 'java.lang.Object java.lang.invoke.DirectMethodHandle$Holder.invokeSpecial(java.lang.Object, java.lang.Object, java.lang.Object, java.lang.Object, int, java.lang.Object)'> (0x00000000eb170c70) 
thrown [s\src\hotspot\share\interpreter\linkResolver.cpp, line 759]
Event: 1.814 Thread 0x0000022f0f48b300 Exception <a 'java/lang/NoSuchMethodError'{0x00000000eb0bfd90}: 'java.lang.Object java.lang.invoke.DirectMethodHandle$Holder.invokeSpecial(java.lang.Object, java.lang.Object, int, java.lang.Object, java.lang.Object)'> (0x00000000eb0bfd90) 
thrown [s\src\hotspot\share\interpreter\linkResolver.cpp, line 759]
Event: 1.815 Thread 0x0000022f0f48b300 Exception <a 'java/lang/NoSuchMethodError'{0x00000000eb0c7460}: 'java.lang.Object java.lang.invoke.DirectMethodHandle$Holder.newInvokeSpecial(java.lang.Object, java.lang.Object, int, java.lang.Object)'> (0x00000000eb0c7460) 
thrown [s\src\hotspot\share\interpreter\linkResolver.cpp, line 759]
Event: 1.815 Thread 0x0000022f0f48b300 Exception <a 'java/lang/NoSuchMethodError'{0x00000000eb0caf70}: 'java.lang.Object java.lang.invoke.DirectMethodHandle$Holder.invokeSpecial(java.lang.Object, java.lang.Object, java.lang.Object, int, java.lang.Object)'> (0x00000000eb0caf70) 
thrown [s\src\hotspot\share\interpreter\linkResolver.cpp, line 759]
Event: 1.840 Thread 0x0000022f0f48b300 Exception <a 'java/io/FileNotFoundException'{0x00000000eb2cffb8}> (0x00000000eb2cffb8) 
thrown [s\src\hotspot\share\prims\jni.cpp, line 516]

VM Operations (20 events):
Event: 0.926 Executing VM operation: HandshakeAllThreads
Event: 0.926 Executing VM operation: HandshakeAllThreads done
Event: 0.941 Executing VM operation: HandshakeAllThreads
Event: 0.941 Executing VM operation: HandshakeAllThreads done
Event: 1.182 Executing VM operation: HandshakeAllThreads
Event: 1.182 Executing VM operation: HandshakeAllThreads done
Event: 1.223 Executing VM operation: ParallelGCFailedAllocation
Event: 1.227 Executing VM operation: ParallelGCFailedAllocation done
Event: 1.443 Executing VM operation: HandshakeAllThreads
Event: 1.443 Executing VM operation: HandshakeAllThreads done
Event: 1.548 Executing VM operation: HandshakeAllThreads
Event: 1.548 Executing VM operation: HandshakeAllThreads done
Event: 1.619 Executing VM operation: CollectForMetadataAllocation
Event: 1.641 Executing VM operation: CollectForMetadataAllocation done
Event: 1.830 Executing VM operation: HandshakeAllThreads
Event: 1.830 Executing VM operation: HandshakeAllThreads done
Event: 1.991 Executing VM operation: ParallelGCFailedAllocation
Event: 1.992 Executing VM operation: ParallelGCFailedAllocation done
Event: 2.050 Executing VM operation: HandshakeAllThreads
Event: 2.050 Executing VM operation: HandshakeAllThreads done

Events (20 events):
Event: 1.869 loading class java/io/StringReader
Event: 1.870 loading class java/io/StringReader done
Event: 1.872 loading class java/util/zip/GZIPInputStream
Event: 1.872 loading class java/util/zip/GZIPInputStream done
Event: 1.874 loading class java/util/zip/GZIPOutputStream
Event: 1.874 loading class java/util/zip/GZIPOutputStream done
Event: 1.876 loading class java/net/SocketTimeoutException
Event: 1.876 loading class java/io/InterruptedIOException
Event: 1.876 loading class java/io/InterruptedIOException done
Event: 1.876 loading class java/net/SocketTimeoutException done
Event: 1.876 loading class java/net/SocketException
Event: 1.876 loading class java/net/SocketException done
Event: 1.876 loading class java/net/UnknownHostException
Event: 1.876 loading class java/net/UnknownHostException done
Event: 1.876 loading class java/net/ProtocolException
Event: 1.876 loading class java/net/ProtocolException done
Event: 1.895 loading class java/io/FileWriter
Event: 1.895 loading class java/io/FileWriter done
Event: 1.951 loading class java/lang/NegativeArraySizeException
Event: 1.951 loading class java/lang/NegativeArraySizeException done


Dynamic libraries:
0x00007ff7c44f0000 - 0x00007ff7c44fe000 	c:\Users\admin\AppData\Roaming\Code\User\globalStorage\pleiades.java-extension-pack-jdk\java\17\bin\java.exe
0x00007ffd682b0000 - 0x00007ffd684a8000 	C:\WINDOWS\SYSTEM32\ntdll.dll
0x00007ffd67190000 - 0x00007ffd6724f000 	C:\WINDOWS\System32\KERNEL32.DLL
0x00007ffd65ba0000 - 0x00007ffd65e96000 	C:\WINDOWS\System32\KERNELBASE.dll
0x00007ffd66000000 - 0x00007ffd66100000 	C:\WINDOWS\System32\ucrtbase.dll
0x00007ffd4efb0000 - 0x00007ffd4efc7000 	c:\Users\admin\AppData\Roaming\Code\User\globalStorage\pleiades.java-extension-pack-jdk\java\17\bin\jli.dll
0x00007ffd4ef90000 - 0x00007ffd4efa9000 	c:\Users\admin\AppData\Roaming\Code\User\globalStorage\pleiades.java-extension-pack-jdk\java\17\bin\VCRUNTIME140.dll
0x00007ffd67aa0000 - 0x00007ffd67c3d000 	C:\WINDOWS\System32\USER32.dll
0x00007ffd65a30000 - 0x00007ffd65a52000 	C:\WINDOWS\System32\win32u.dll
0x00007ffd55300000 - 0x00007ffd5559a000 	C:\WINDOWS\WinSxS\amd64_microsoft.windows.common-controls_6595b64144ccf1df_6.0.19041.1110_none_60b5254171f9507e\COMCTL32.dll
0x00007ffd66f90000 - 0x00007ffd66fbc000 	C:\WINDOWS\System32\GDI32.dll
0x00007ffd66b30000 - 0x00007ffd66bce000 	C:\WINDOWS\System32\msvcrt.dll
0x00007ffd66100000 - 0x00007ffd66215000 	C:\WINDOWS\System32\gdi32full.dll
0x00007ffd65990000 - 0x00007ffd65a2d000 	C:\WINDOWS\System32\msvcp_win.dll
0x00007ffd67d60000 - 0x00007ffd67d90000 	C:\WINDOWS\System32\IMM32.DLL
0x00007ffd54880000 - 0x00007ffd5488c000 	c:\Users\admin\AppData\Roaming\Code\User\globalStorage\pleiades.java-extension-pack-jdk\java\17\bin\vcruntime140_1.dll
0x00007ffd20350000 - 0x00007ffd203e1000 	c:\Users\admin\AppData\Roaming\Code\User\globalStorage\pleiades.java-extension-pack-jdk\java\17\bin\msvcp140.dll
0x00007ffceac30000 - 0x00007ffceb87c000 	c:\Users\admin\AppData\Roaming\Code\User\globalStorage\pleiades.java-extension-pack-jdk\java\17\bin\server\jvm.dll
0x00007ffd67f20000 - 0x00007ffd67fcf000 	C:\WINDOWS\System32\ADVAPI32.dll
0x00007ffd67a00000 - 0x00007ffd67a9c000 	C:\WINDOWS\System32\sechost.dll
0x00007ffd66870000 - 0x00007ffd66996000 	C:\WINDOWS\System32\RPCRT4.dll
0x00007ffd64f40000 - 0x00007ffd64f8b000 	C:\WINDOWS\SYSTEM32\POWRPROF.dll
0x00007ffd40a80000 - 0x00007ffd40aa7000 	C:\WINDOWS\SYSTEM32\WINMM.dll
0x00007ffd47b20000 - 0x00007ffd47b29000 	C:\WINDOWS\SYSTEM32\WSOCK32.dll
0x00007ffd5f1d0000 - 0x00007ffd5f1da000 	C:\WINDOWS\SYSTEM32\VERSION.dll
0x00007ffd67cc0000 - 0x00007ffd67d2b000 	C:\WINDOWS\System32\WS2_32.dll
0x00007ffd64db0000 - 0x00007ffd64dc2000 	C:\WINDOWS\SYSTEM32\UMPDC.dll
0x00007ffd64210000 - 0x00007ffd64222000 	C:\WINDOWS\SYSTEM32\kernel.appcore.dll
0x00007ffd547d0000 - 0x00007ffd547da000 	c:\Users\admin\AppData\Roaming\Code\User\globalStorage\pleiades.java-extension-pack-jdk\java\17\bin\jimage.dll
0x00007ffd63ee0000 - 0x00007ffd640c4000 	C:\WINDOWS\SYSTEM32\DBGHELP.DLL
0x00007ffd55990000 - 0x00007ffd559c4000 	C:\WINDOWS\SYSTEM32\dbgcore.DLL
0x00007ffd65a60000 - 0x00007ffd65ae2000 	C:\WINDOWS\System32\bcryptPrimitives.dll
0x00007ffd547a0000 - 0x00007ffd547ae000 	c:\Users\admin\AppData\Roaming\Code\User\globalStorage\pleiades.java-extension-pack-jdk\java\17\bin\instrument.dll
0x00007ffd43950000 - 0x00007ffd43975000 	c:\Users\admin\AppData\Roaming\Code\User\globalStorage\pleiades.java-extension-pack-jdk\java\17\bin\java.dll
0x00007ffd1e680000 - 0x00007ffd1e756000 	c:\Users\admin\AppData\Roaming\Code\User\globalStorage\pleiades.java-extension-pack-jdk\java\17\bin\jsvml.dll
0x00007ffd67250000 - 0x00007ffd67994000 	C:\WINDOWS\System32\SHELL32.dll
0x00007ffd63730000 - 0x00007ffd63ec3000 	C:\WINDOWS\SYSTEM32\windows.storage.dll
0x00007ffd66bd0000 - 0x00007ffd66f24000 	C:\WINDOWS\System32\combase.dll
0x00007ffd653d0000 - 0x00007ffd653fe000 	C:\WINDOWS\SYSTEM32\Wldp.dll
0x00007ffd67fd0000 - 0x00007ffd6807d000 	C:\WINDOWS\System32\SHCORE.dll
0x00007ffd66810000 - 0x00007ffd66865000 	C:\WINDOWS\System32\shlwapi.dll
0x00007ffd658c0000 - 0x00007ffd658e5000 	C:\WINDOWS\SYSTEM32\profapi.dll
0x00007ffd44400000 - 0x00007ffd44418000 	c:\Users\admin\AppData\Roaming\Code\User\globalStorage\pleiades.java-extension-pack-jdk\java\17\bin\zip.dll
0x00007ffd43610000 - 0x00007ffd43629000 	C:\Users\admin\AppData\Roaming\Code\User\globalStorage\pleiades.java-extension-pack-jdk\java\17\bin\net.dll
0x00007ffd5cc60000 - 0x00007ffd5cd6a000 	C:\WINDOWS\SYSTEM32\WINHTTP.dll
0x00007ffd65130000 - 0x00007ffd6519a000 	C:\WINDOWS\system32\mswsock.dll
0x00007ffd42fa0000 - 0x00007ffd42fb5000 	C:\Users\admin\AppData\Roaming\Code\User\globalStorage\pleiades.java-extension-pack-jdk\java\17\bin\nio.dll
0x00007ffd538e0000 - 0x00007ffd538f0000 	c:\Users\admin\AppData\Roaming\Code\User\globalStorage\pleiades.java-extension-pack-jdk\java\17\bin\verify.dll
0x00007ffd36d60000 - 0x00007ffd36d9e000 	C:\Users\admin\AppData\Roaming\Code\User\globalStorage\redhat.java\1.21.0\config_ss_win\org.eclipse.equinox.launcher\org.eclipse.equinox.launcher.win32.win32.x86_64_1.2.700.v20221108-1024\eclipse_11801.dll
0x00007ffd67d90000 - 0x00007ffd67eba000 	C:\WINDOWS\System32\ole32.dll

dbghelp: loaded successfully - version: 4.0.5 - missing functions: none
symbol engine: initialized successfully - sym options: 0x614 - pdb path: .;c:\Users\admin\AppData\Roaming\Code\User\globalStorage\pleiades.java-extension-pack-jdk\java\17\bin;C:\WINDOWS\SYSTEM32;C:\WINDOWS\WinSxS\amd64_microsoft.windows.common-controls_6595b64144ccf1df_6.0.19041.1110_none_60b5254171f9507e;c:\Users\admin\AppData\Roaming\Code\User\globalStorage\pleiades.java-extension-pack-jdk\java\17\bin\server;C:\Users\admin\AppData\Roaming\Code\User\globalStorage\redhat.java\1.21.0\config_ss_win\org.eclipse.equinox.launcher\org.eclipse.equinox.launcher.win32.win32.x86_64_1.2.700.v20221108-1024

VM Arguments:
jvm_args: --add-modules=ALL-SYSTEM --add-opens=java.base/java.util=ALL-UNNAMED --add-opens=java.base/java.lang=ALL-UNNAMED --add-opens=java.base/sun.nio.fs=ALL-UNNAMED -Declipse.application=org.eclipse.jdt.ls.core.id1 -Dosgi.bundles.defaultStartLevel=4 -Declipse.product=org.eclipse.jdt.ls.core.product -Djava.import.generatesMetadataFilesAtProjectRoot=false -Dfile.encoding=utf8 -XX:+UseParallelGC -XX:GCTimeRatio=4 -XX:AdaptiveSizePolicyWeight=90 -Dsun.zip.disableMemoryMapping=true -Xmx1G -Xms100m -Xlog:disable -javaagent:c:\Users\admin\.vscode\extensions\redhat.java-1.21.0-win32-x64\lombok\lombok-1.18.28.jar 
java_command: c:\Users\admin\.vscode\extensions\redhat.java-1.21.0-win32-x64\server\plugins\org.eclipse.equinox.launcher_1.6.500.v20230717-2134.jar -configuration c:\Users\admin\AppData\Roaming\Code\User\globalStorage\redhat.java\1.21.0\config_ss_win -data c:\Users\admin\AppData\Roaming\Code\User\workspaceStorage\0de9fda288e954dfd67d7ebf2119b05c\redhat.java\ss_ws
java_class_path (initial): c:\Users\admin\.vscode\extensions\redhat.java-1.21.0-win32-x64\server\plugins\org.eclipse.equinox.launcher_1.6.500.v20230717-2134.jar
Launcher Type: SUN_STANDARD

[Global flags]
    uintx AdaptiveSizePolicyWeight                 = 90                                        {product} {command line}
     intx CICompilerCount                          = 4                                         {product} {ergonomic}
    uintx GCTimeRatio                              = 4                                         {product} {command line}
   size_t InitialHeapSize                          = 104857600                                 {product} {command line}
   size_t MaxHeapSize                              = 1073741824                                {product} {command line}
   size_t MaxNewSize                               = 357564416                                 {product} {ergonomic}
   size_t MinHeapDeltaBytes                        = 524288                                    {product} {ergonomic}
   size_t MinHeapSize                              = 104857600                                 {product} {command line}
   size_t NewSize                                  = 34603008                                  {product} {ergonomic}
    uintx NonNMethodCodeHeapSize                   = 5839372                                {pd product} {ergonomic}
    uintx NonProfiledCodeHeapSize                  = 122909434                              {pd product} {ergonomic}
   size_t OldSize                                  = 70254592                                  {product} {ergonomic}
    uintx ProfiledCodeHeapSize                     = 122909434                              {pd product} {ergonomic}
    uintx ReservedCodeCacheSize                    = 251658240                              {pd product} {ergonomic}
     bool SegmentedCodeCache                       = true                                      {product} {ergonomic}
   size_t SoftMaxHeapSize                          = 1073741824                             {manageable} {ergonomic}
     bool UseCompressedClassPointers               = true                           {product lp64_product} {ergonomic}
     bool UseCompressedOops                        = true                           {product lp64_product} {ergonomic}
     bool UseLargePagesIndividualAllocation        = false                                  {pd product} {ergonomic}
     bool UseParallelGC                            = true                                      {product} {command line}

Logging:
Log output configuration:
 #0: stdout all=off uptime,level,tags
 #1: stderr all=off uptime,level,tags

Environment Variables:
JAVA_HOME=C:\Users\admin\Desktop\soobin\tool\jdk\openjdk-11_windows-x64_bin\jdk-11
CLASSPATH=C:\Users\admin\Desktop\soobin\tool\jdk\openjdk-11_windows-x64_bin\jdk-11\lib
PATH=C:\CUBRID\bin\;C:\WINDOWS\system32;C:\WINDOWS;C:\WINDOWS\System32\Wbem;C:\WINDOWS\System32\WindowsPowerShell\v1.0\;C:\WINDOWS\System32\OpenSSH\;C:\Program Files\Bandizip\;C:\Users\admin\Desktop\soobin\tool\jdk\openjdk-11_windows-x64_bin\jdk-11\bin;C:\dev\Git\cmd;C:\dev\nodejs\;C:\Users\admin\AppData\Local\Microsoft\WindowsApps;;C:\dev\Microsoft VS Code\bin;C:\Users\admin\AppData\Roaming\npm
USERNAME=admin
OS=Windows_NT
PROCESSOR_IDENTIFIER=Intel64 Family 6 Model 126 Stepping 5, GenuineIntel
TMP=C:\Users\admin\AppData\Local\Temp
TEMP=C:\Users\admin\AppData\Local\Temp



---------------  S Y S T E M  ---------------

OS:
 Windows 10 , 64 bit Build 19041 (10.0.19041.3155)
OS uptime: 33 days 18:28 hours

CPU: total 8 (initial active 8) (4 cores per cpu, 2 threads per core) family 6 model 126 stepping 5 microcode 0x56, cx8, cmov, fxsr, ht, mmx, 3dnowpref, sse, sse2, sse3, ssse3, sse4.1, sse4.2, popcnt, lzcnt, tsc, tscinvbit, avx, avx2, aes, erms, clmul, bmi1, bmi2, adx, avx512f, avx512dq, avx512cd, avx512bw, avx512vl, sha, fma, vzeroupper, avx512_vpopcntdq, avx512_vpclmulqdq, avx512_vaes, avx512_vnni, clflush, clflushopt, avx512_vbmi2, avx512_vbmi
Processor Information for all 8 processors :
  Max Mhz: 1190, Current Mhz: 991, Mhz Limit: 987

Memory: 4k page, system-wide physical 16165M (1802M free)
TotalPageFile size 46608M (AvailPageFile size 5M)
current process WorkingSet (physical memory assigned to process): 111M, peak: 111M
current process commit charge ("private bytes"): 224M, peak: 224M

vm_info: OpenJDK 64-Bit Server VM (17.0.8+7) for windows-amd64 JRE (17.0.8+7), built on Jul 18 2023 21:02:32 by "admin" with MS VC++ 16.7 (VS2019)

END.
