#
# There is insufficient memory for the Java Runtime Environment to continue.
# Native memory allocation (mmap) failed to map 65536 bytes for Failed to commit metaspace.
# Possible reasons:
#   The system is out of physical RAM or swap space
#   The process is running with CompressedOops enabled, and the Java Heap may be blocking the growth of the native heap
# Possible solutions:
#   Reduce memory load on the system
#   Increase physical memory or swap space
#   Check if swap backing store is full
#   Decrease Java heap size (-Xmx/-Xms)
#   Decrease number of Java threads
#   Decrease Java thread stack sizes (-Xss)
#   Set larger code cache with -XX:ReservedCodeCacheSize=
#   JVM is running with Unscaled Compressed Oops mode in which the Java heap is
#     placed in the first 4GB address space. The Java Heap base address is the
#     maximum limit for the native heap growth. Please use -XX:HeapBaseMinAddress
#     to set the Java Heap base and to place the Java Heap above 4GB virtual address.
# This output file may be truncated or incomplete.
#
#  Out of Memory Error (virtualSpaceNode.cpp:110), pid=20640, tid=23436
#
# JRE version: OpenJDK Runtime Environment Temurin-17.0.8+7 (17.0.8+7) (build 17.0.8+7)
# Java VM: OpenJDK 64-Bit Server VM Temurin-17.0.8+7 (17.0.8+7, mixed mode, tiered, compressed oops, compressed class ptrs, parallel gc, windows-amd64)
# No core dump will be written. Minidumps are not enabled by default on client versions of Windows
#

---------------  S U M M A R Y ------------

Command Line: --add-modules=ALL-SYSTEM --add-opens=java.base/java.util=ALL-UNNAMED --add-opens=java.base/java.lang=ALL-UNNAMED --add-opens=java.base/sun.nio.fs=ALL-UNNAMED -Declipse.application=org.eclipse.jdt.ls.core.id1 -Dosgi.bundles.defaultStartLevel=4 -Declipse.product=org.eclipse.jdt.ls.core.product -Djava.import.generatesMetadataFilesAtProjectRoot=false -Dfile.encoding=utf8 -XX:+UseParallelGC -XX:GCTimeRatio=4 -XX:AdaptiveSizePolicyWeight=90 -Dsun.zip.disableMemoryMapping=true -Xmx1G -Xms100m -Xlog:disable -javaagent:c:\Users\admin\.vscode\extensions\redhat.java-1.21.0-win32-x64\lombok\lombok-1.18.28.jar c:\Users\admin\.vscode\extensions\redhat.java-1.21.0-win32-x64\server\plugins\org.eclipse.equinox.launcher_1.6.500.v20230717-2134.jar -configuration c:\Users\admin\AppData\Roaming\Code\User\globalStorage\redhat.java\1.21.0\config_ss_win -data c:\Users\admin\AppData\Roaming\Code\User\workspaceStorage\0de9fda288e954dfd67d7ebf2119b05c\redhat.java\ss_ws

Host: Intel(R) Core(TM) i5-1035G1 CPU @ 1.00GHz, 8 cores, 15G,  Windows 10 , 64 bit Build 19041 (10.0.19041.3155)
Time: Tue Sep 12 12:58:30 2023  Windows 10 , 64 bit Build 19041 (10.0.19041.3155) elapsed time: 0.991686 seconds (0d 0h 0m 0s)

---------------  T H R E A D  ---------------

Current thread (0x000002120ad8d670):  JavaThread "main" [_thread_in_vm, id=23436, stack(0x0000006be1900000,0x0000006be1a00000)]

Stack: [0x0000006be1900000,0x0000006be1a00000]
Native frames: (J=compiled Java code, j=interpreted, Vv=VM code, C=native code)
V  [jvm.dll+0x678b0a]
V  [jvm.dll+0x835e84]
V  [jvm.dll+0x83762e]
V  [jvm.dll+0x837c93]
V  [jvm.dll+0x24746f]
V  [jvm.dll+0x831f1b]
V  [jvm.dll+0x61d3c6]
V  [jvm.dll+0x1c1aae]
V  [jvm.dll+0x61fd21]
V  [jvm.dll+0x61dd66]
V  [jvm.dll+0x244dbc]
V  [jvm.dll+0x6cf82d]
V  [jvm.dll+0x6d025f]
V  [jvm.dll+0x3729d3]
V  [jvm.dll+0x371a74]
V  [jvm.dll+0x371a18]
V  [jvm.dll+0x38193a]
C  0x0000021219dcae05

Java frames: (J=compiled Java code, j=interpreted, Vv=VM code)
j  org.eclipse.osgi.internal.hookregistry.HookRegistry.initialize()V+79
j  org.eclipse.osgi.internal.framework.EquinoxContainer.<init>(Ljava/util/Map;Lorg/osgi/framework/connect/ModuleConnector;)V+140
j  org.eclipse.osgi.launch.Equinox.<init>(Ljava/util/Map;Lorg/osgi/framework/connect/ModuleConnector;)V+10
j  org.eclipse.osgi.launch.Equinox.<init>(Ljava/util/Map;)V+3
j  org.eclipse.core.runtime.adaptor.EclipseStarter.startup([Ljava/lang/String;Ljava/lang/Runnable;)Lorg/osgi/framework/BundleContext;+28
j  org.eclipse.core.runtime.adaptor.EclipseStarter.run([Ljava/lang/String;Ljava/lang/Runnable;)Ljava/lang/Object;+21
v  ~StubRoutines::call_stub
j  jdk.internal.reflect.NativeMethodAccessorImpl.invoke0(Ljava/lang/reflect/Method;Ljava/lang/Object;[Ljava/lang/Object;)Ljava/lang/Object;+0 java.base@17.0.8
j  jdk.internal.reflect.NativeMethodAccessorImpl.invoke(Ljava/lang/Object;[Ljava/lang/Object;)Ljava/lang/Object;+133 java.base@17.0.8
j  jdk.internal.reflect.DelegatingMethodAccessorImpl.invoke(Ljava/lang/Object;[Ljava/lang/Object;)Ljava/lang/Object;+6 java.base@17.0.8
j  java.lang.reflect.Method.invoke(Ljava/lang/Object;[Ljava/lang/Object;)Ljava/lang/Object;+59 java.base@17.0.8
j  org.eclipse.equinox.launcher.Main.invokeFramework([Ljava/lang/String;[Ljava/net/URL;)V+201
j  org.eclipse.equinox.launcher.Main.basicRun([Ljava/lang/String;)V+159
j  org.eclipse.equinox.launcher.Main.run([Ljava/lang/String;)I+4
j  org.eclipse.equinox.launcher.Main.main([Ljava/lang/String;)V+10
v  ~StubRoutines::call_stub

---------------  P R O C E S S  ---------------

Threads class SMR info:
_java_thread_list=0x0000021229f2f150, length=12, elements={
0x000002120ad8d670, 0x0000021228af5620, 0x000002120ae469c0, 0x0000021228b0a000,
0x0000021228b0a8d0, 0x0000021228b0b940, 0x0000021228b2cf30, 0x0000021228b3cdc0,
0x0000021228b3e6e0, 0x0000021228b3eff0, 0x0000021228c3de10, 0x0000021228d80780
}

Java Threads: ( => current thread )
=>0x000002120ad8d670 JavaThread "main" [_thread_in_vm, id=23436, stack(0x0000006be1900000,0x0000006be1a00000)]
  0x0000021228af5620 JavaThread "Reference Handler" daemon [_thread_blocked, id=26824, stack(0x0000006be1c00000,0x0000006be1d00000)]
  0x000002120ae469c0 JavaThread "Finalizer" daemon [_thread_blocked, id=620, stack(0x0000006be1d00000,0x0000006be1e00000)]
  0x0000021228b0a000 JavaThread "Signal Dispatcher" daemon [_thread_blocked, id=29172, stack(0x0000006be1e00000,0x0000006be1f00000)]
  0x0000021228b0a8d0 JavaThread "Attach Listener" daemon [_thread_blocked, id=18176, stack(0x0000006be1f00000,0x0000006be2000000)]
  0x0000021228b0b940 JavaThread "Service Thread" daemon [_thread_blocked, id=30504, stack(0x0000006be2000000,0x0000006be2100000)]
  0x0000021228b2cf30 JavaThread "Monitor Deflation Thread" daemon [_thread_blocked, id=31352, stack(0x0000006be2100000,0x0000006be2200000)]
  0x0000021228b3cdc0 JavaThread "C2 CompilerThread0" daemon [_thread_blocked, id=27728, stack(0x0000006be2200000,0x0000006be2300000)]
  0x0000021228b3e6e0 JavaThread "C1 CompilerThread0" daemon [_thread_blocked, id=16172, stack(0x0000006be2300000,0x0000006be2400000)]
  0x0000021228b3eff0 JavaThread "Sweeper thread" daemon [_thread_blocked, id=27644, stack(0x0000006be2400000,0x0000006be2500000)]
  0x0000021228c3de10 JavaThread "Common-Cleaner" daemon [_thread_blocked, id=11864, stack(0x0000006be2500000,0x0000006be2600000)]
  0x0000021228d80780 JavaThread "Notification Thread" daemon [_thread_blocked, id=20200, stack(0x0000006be2600000,0x0000006be2700000)]

Other Threads:
  0x0000021228ae28c0 VMThread "VM Thread" [stack: 0x0000006be1b00000,0x0000006be1c00000] [id=12224]
  0x0000021228d80c60 WatcherThread [stack: 0x0000006be2700000,0x0000006be2800000] [id=20324]
  0x000002120ada3eb0 GCTaskThread "GC Thread#0" [stack: 0x0000006be1a00000,0x0000006be1b00000] [id=8104]

Threads with active compile tasks:

VM state: not at safepoint (normal execution)

VM Mutex/Monitor currently owned by a thread:  ([mutex/lock_event])
[0x000002120ad88300] Metaspace_lock - owner thread: 0x000002120ad8d670

Heap address: 0x00000000c0000000, size: 1024 MB, Compressed Oops mode: 32-bit

CDS archive(s) not mapped
Compressed class space mapped at: 0x0000000100000000-0x0000000140000000, reserved size: 1073741824
Narrow klass base: 0x0000000000000000, Narrow klass shift: 3, Narrow klass range: 0x140000000

GC Precious Log:
 CPUs: 8 total, 8 available
 Memory: 16165M
 Large Page Support: Disabled
 NUMA Support: Disabled
 Compressed Oops: Enabled (32-bit)
 Alignments: Space 512K, Generation 512K, Heap 2M
 Heap Min Capacity: 100M
 Heap Initial Capacity: 100M
 Heap Max Capacity: 1G
 Pre-touch: Disabled
 Parallel Workers: 8

Heap:
 PSYoungGen      total 29696K, used 23610K [0x00000000eab00000, 0x00000000ecc00000, 0x0000000100000000)
  eden space 25600K, 92% used [0x00000000eab00000,0x00000000ec20e9f0,0x00000000ec400000)
  from space 4096K, 0% used [0x00000000ec800000,0x00000000ec800000,0x00000000ecc00000)
  to   space 4096K, 0% used [0x00000000ec400000,0x00000000ec400000,0x00000000ec800000)
 ParOldGen       total 68608K, used 0K [0x00000000c0000000, 0x00000000c4300000, 0x00000000eab00000)
  object space 68608K, 0% used [0x00000000c0000000,0x00000000c0000000,0x00000000c4300000)
 Metaspace       used 11675K, committed 11776K, reserved 1114112K
  class space    used 1047K, committed 1088K, reserved 1048576K

Card table byte_map: [0x000002120a760000,0x000002120a970000] _byte_map_base: 0x000002120a160000

Marking Bits: (ParMarkBitMap*) 0x00007ffceb7b83b0
 Begin Bits: [0x0000021221880000, 0x0000021222880000)
 End Bits:   [0x0000021222880000, 0x0000021223880000)

Polling page: 0x000002120a550000

Metaspace:

Usage:
  Non-class:     10.38 MB used.
      Class:      1.02 MB used.
       Both:     11.40 MB used.

Virtual space:
  Non-class space:       64.00 MB reserved,      10.44 MB ( 16%) committed,  1 nodes.
      Class space:        1.00 GB reserved,       1.06 MB ( <1%) committed,  1 nodes.
             Both:        1.06 GB reserved,      11.50 MB (  1%) committed. 

Chunk freelists:
   Non-Class:  4.67 MB
       Class:  14.95 MB
        Both:  19.62 MB

MaxMetaspaceSize: unlimited
CompressedClassSpaceSize: 1.00 GB
Initial GC threshold: 21.00 MB
Current GC threshold: 21.00 MB
CDS: off
MetaspaceReclaimPolicy: balanced
 - commit_granule_bytes: 65536.
 - commit_granule_words: 8192.
 - virtual_space_node_default_size: 8388608.
 - enlarge_chunks_in_place: 1.
 - new_chunks_are_fully_committed: 0.
 - uncommit_free_chunks: 1.
 - use_allocation_guard: 0.
 - handle_deallocations: 1.


Internal statistics:

num_allocs_failed_limit: 0.
num_arena_births: 14.
num_arena_deaths: 0.
num_vsnodes_births: 2.
num_vsnodes_deaths: 0.
num_space_committed: 184.
num_space_uncommitted: 0.
num_chunks_returned_to_freelist: 0.
num_chunks_taken_from_freelist: 88.
num_chunk_merges: 0.
num_chunk_splits: 52.
num_chunks_enlarged: 37.
num_inconsistent_stats: 0.

CodeHeap 'non-profiled nmethods': size=120000Kb used=358Kb max_used=358Kb free=119641Kb
 bounds [0x000002121a350000, 0x000002121a5c0000, 0x0000021221880000]
CodeHeap 'profiled nmethods': size=120000Kb used=1447Kb max_used=1447Kb free=118552Kb
 bounds [0x0000021212880000, 0x0000021212af0000, 0x0000021219db0000]
CodeHeap 'non-nmethods': size=5760Kb used=1152Kb max_used=1180Kb free=4607Kb
 bounds [0x0000021219db0000, 0x000002121a020000, 0x000002121a350000]
 total_blobs=1303 nmethods=871 adapters=347
 compilation: enabled
              stopped_count=0, restarted_count=0
 full_count=0

Compilation events (20 events):
Event: 0.956 Thread 0x0000021228b3e6e0  865       3       java.util.HashMap::getNode (150 bytes)
Event: 0.956 Thread 0x0000021228b3e6e0 nmethod 865 0x00000212129e3990 code [0x00000212129e3bc0, 0x00000212129e4758]
Event: 0.956 Thread 0x0000021228b3e6e0  864       3       sun.net.www.ParseUtil::firstEncodeIndex (86 bytes)
Event: 0.957 Thread 0x0000021228b3e6e0 nmethod 864 0x00000212129e4a10 code [0x00000212129e4c60, 0x00000212129e5628]
Event: 0.957 Thread 0x0000021228b3e6e0  866   !   3       jdk.internal.misc.ScopedMemoryAccess::getLong (20 bytes)
Event: 0.957 Thread 0x0000021228b3e6e0 nmethod 866 0x00000212129e5a10 code [0x00000212129e5c00, 0x00000212129e6118]
Event: 0.957 Thread 0x0000021228b3e6e0  867   !   3       jdk.internal.misc.ScopedMemoryAccess::getLongInternal (36 bytes)
Event: 0.958 Thread 0x0000021228b3e6e0 nmethod 867 0x00000212129e6390 code [0x00000212129e6540, 0x00000212129e6828]
Event: 0.958 Thread 0x0000021228b3e6e0  868   !   3       jdk.internal.misc.ScopedMemoryAccess::putLong (25 bytes)
Event: 0.958 Thread 0x0000021228b3e6e0 nmethod 868 0x00000212129e6a10 code [0x00000212129e6c00, 0x00000212129e7158]
Event: 0.960 Thread 0x0000021228b3cdc0  869       4       java.util.concurrent.ConcurrentHashMap::setTabAt (20 bytes)
Event: 0.960 Thread 0x0000021228b3e6e0  870       3       java.util.concurrent.ConcurrentHashMap$Node::<init> (14 bytes)
Event: 0.960 Thread 0x0000021228b3e6e0 nmethod 870 0x00000212129e7410 code [0x00000212129e75c0, 0x00000212129e77d8]
Event: 0.960 Thread 0x0000021228b3cdc0 nmethod 869 0x000002121a3a9710 code [0x000002121a3a9880, 0x000002121a3a98f8]
Event: 0.968 Thread 0x0000021228b3e6e0  871   !   3       java.nio.DirectLongBufferU::get (36 bytes)
Event: 0.969 Thread 0x0000021228b3e6e0 nmethod 871 0x00000212129e7910 code [0x00000212129e7b40, 0x00000212129e83d8]
Event: 0.972 Thread 0x0000021228b3e6e0  872   !   3       java.nio.DirectLongBufferU::put (39 bytes)
Event: 0.973 Thread 0x0000021228b3e6e0 nmethod 872 0x00000212129e8910 code [0x00000212129e8b60, 0x00000212129e9438]
Event: 0.986 Thread 0x0000021228b3e6e0  873       3       java.security.MessageDigest$Delegate::engineUpdate (11 bytes)
Event: 0.986 Thread 0x0000021228b3e6e0 nmethod 873 0x00000212129e9910 code [0x00000212129e9ac0, 0x00000212129e9c88]

GC Heap History (0 events):
No events

Dll operation events (9 events):
Event: 0.007 Loaded shared library c:\Users\admin\AppData\Roaming\Code\User\globalStorage\pleiades.java-extension-pack-jdk\java\17\bin\java.dll
Event: 0.035 Loaded shared library c:\Users\admin\AppData\Roaming\Code\User\globalStorage\pleiades.java-extension-pack-jdk\java\17\bin\jsvml.dll
Event: 0.208 Loaded shared library c:\Users\admin\AppData\Roaming\Code\User\globalStorage\pleiades.java-extension-pack-jdk\java\17\bin\zip.dll
Event: 0.212 Loaded shared library C:\Users\admin\AppData\Roaming\Code\User\globalStorage\pleiades.java-extension-pack-jdk\java\17\bin\instrument.dll
Event: 0.223 Loaded shared library C:\Users\admin\AppData\Roaming\Code\User\globalStorage\pleiades.java-extension-pack-jdk\java\17\bin\net.dll
Event: 0.225 Loaded shared library C:\Users\admin\AppData\Roaming\Code\User\globalStorage\pleiades.java-extension-pack-jdk\java\17\bin\nio.dll
Event: 0.231 Loaded shared library C:\Users\admin\AppData\Roaming\Code\User\globalStorage\pleiades.java-extension-pack-jdk\java\17\bin\zip.dll
Event: 0.242 Loaded shared library C:\Users\admin\AppData\Roaming\Code\User\globalStorage\pleiades.java-extension-pack-jdk\java\17\bin\jimage.dll
Event: 0.289 Loaded shared library c:\Users\admin\AppData\Roaming\Code\User\globalStorage\pleiades.java-extension-pack-jdk\java\17\bin\verify.dll

Deoptimization events (20 events):
Event: 0.944 Thread 0x000002120ad8d670 Uncommon trap: trap_request=0xffffffde fr.pc=0x000002121a37eb1c relative=0x000000000000053c
Event: 0.944 Thread 0x000002120ad8d670 Uncommon trap: reason=class_check action=maybe_recompile pc=0x000002121a37eb1c method=java.util.Collections$UnmodifiableCollection$1.<init>(Ljava/util/Collections$UnmodifiableCollection;)V @ 17 c2
Event: 0.944 Thread 0x000002120ad8d670 DEOPT PACKING pc=0x000002121a37eb1c sp=0x0000006be19fe1c0
Event: 0.944 Thread 0x000002120ad8d670 DEOPT UNPACKING pc=0x0000021219e09ea3 sp=0x0000006be19fe108 mode 2
Event: 0.944 Thread 0x000002120ad8d670 Uncommon trap: trap_request=0xffffff45 fr.pc=0x000002121a399fe4 relative=0x0000000000000244
Event: 0.944 Thread 0x000002120ad8d670 Uncommon trap: reason=unstable_if action=reinterpret pc=0x000002121a399fe4 method=java.util.HashMap.hash(Ljava/lang/Object;)I @ 1 c2
Event: 0.944 Thread 0x000002120ad8d670 DEOPT PACKING pc=0x000002121a399fe4 sp=0x0000006be19fe170
Event: 0.944 Thread 0x000002120ad8d670 DEOPT UNPACKING pc=0x0000021219e09ea3 sp=0x0000006be19fe008 mode 2
Event: 0.944 Thread 0x000002120ad8d670 Uncommon trap: trap_request=0xffffff45 fr.pc=0x000002121a391968 relative=0x00000000000002a8
Event: 0.944 Thread 0x000002120ad8d670 Uncommon trap: reason=unstable_if action=reinterpret pc=0x000002121a391968 method=java.util.HashMap.hash(Ljava/lang/Object;)I @ 1 c2
Event: 0.944 Thread 0x000002120ad8d670 DEOPT PACKING pc=0x000002121a391968 sp=0x0000006be19fe200
Event: 0.944 Thread 0x000002120ad8d670 DEOPT UNPACKING pc=0x0000021219e09ea3 sp=0x0000006be19fe118 mode 2
Event: 0.944 Thread 0x000002120ad8d670 Uncommon trap: trap_request=0xffffffde fr.pc=0x000002121a37eb1c relative=0x000000000000053c
Event: 0.944 Thread 0x000002120ad8d670 Uncommon trap: reason=class_check action=maybe_recompile pc=0x000002121a37eb1c method=java.util.Collections$UnmodifiableCollection$1.<init>(Ljava/util/Collections$UnmodifiableCollection;)V @ 17 c2
Event: 0.944 Thread 0x000002120ad8d670 DEOPT PACKING pc=0x000002121a37eb1c sp=0x0000006be19fe1c0
Event: 0.944 Thread 0x000002120ad8d670 DEOPT UNPACKING pc=0x0000021219e09ea3 sp=0x0000006be19fe108 mode 2
Event: 0.944 Thread 0x000002120ad8d670 Uncommon trap: trap_request=0xffffff45 fr.pc=0x000002121a38f894 relative=0x0000000000000094
Event: 0.944 Thread 0x000002120ad8d670 Uncommon trap: reason=unstable_if action=reinterpret pc=0x000002121a38f894 method=java.util.HashMap.hash(Ljava/lang/Object;)I @ 1 c2
Event: 0.944 Thread 0x000002120ad8d670 DEOPT PACKING pc=0x000002121a38f894 sp=0x0000006be19fe070
Event: 0.944 Thread 0x000002120ad8d670 DEOPT UNPACKING pc=0x0000021219e09ea3 sp=0x0000006be19fe008 mode 2

Classes unloaded (0 events):
No events

Classes redefined (0 events):
No events

Internal exceptions (16 events):
Event: 0.177 Thread 0x000002120ad8d670 Exception <a 'java/lang/NoSuchMethodError'{0x00000000eac51a40}: 'void java.lang.invoke.DirectMethodHandle$Holder.invokeStatic(java.lang.Object, java.lang.Object, java.lang.Object)'> (0x00000000eac51a40) 
thrown [s\src\hotspot\share\interpreter\linkResolver.cpp, line 759]
Event: 0.308 Thread 0x000002120ad8d670 Exception <a 'java/lang/reflect/InvocationTargetException'{0x00000000eafbca80}> (0x00000000eafbca80) 
thrown [s\src\hotspot\share\runtime\reflection.cpp, line 1121]
Event: 0.558 Thread 0x000002120ad8d670 Exception <a 'java/lang/ClassNotFoundException'{0x00000000eb7f54f8}: sun/net/www/protocol/c/Handler> (0x00000000eb7f54f8) 
thrown [s\src\hotspot\share\classfile\systemDictionary.cpp, line 256]
Event: 0.566 Thread 0x000002120ad8d670 Exception <a 'java/io/FileNotFoundException'{0x00000000eb809ac8}> (0x00000000eb809ac8) 
thrown [s\src\hotspot\share\prims\jni.cpp, line 516]
Event: 0.567 Thread 0x000002120ad8d670 Exception <a 'java/io/FileNotFoundException'{0x00000000eb80ab30}> (0x00000000eb80ab30) 
thrown [s\src\hotspot\share\prims\jni.cpp, line 516]
Event: 0.568 Thread 0x000002120ad8d670 Exception <a 'java/io/FileNotFoundException'{0x00000000eb80bb90}> (0x00000000eb80bb90) 
thrown [s\src\hotspot\share\prims\jni.cpp, line 516]
Event: 0.568 Thread 0x000002120ad8d670 Exception <a 'java/io/FileNotFoundException'{0x00000000eb80cbc0}> (0x00000000eb80cbc0) 
thrown [s\src\hotspot\share\prims\jni.cpp, line 516]
Event: 0.580 Thread 0x000002120ad8d670 Exception <a 'java/io/FileNotFoundException'{0x00000000eb843a18}> (0x00000000eb843a18) 
thrown [s\src\hotspot\share\prims\jni.cpp, line 516]
Event: 0.836 Thread 0x000002120ad8d670 Exception <a 'java/lang/ClassNotFoundException'{0x00000000ec063558}: sun/net/www/protocol/c/Handler> (0x00000000ec063558) 
thrown [s\src\hotspot\share\classfile\systemDictionary.cpp, line 256]
Event: 0.836 Thread 0x000002120ad8d670 Exception <a 'java/lang/ClassNotFoundException'{0x00000000ec064880}: sun/net/www/protocol/c/Handler> (0x00000000ec064880) 
thrown [s\src\hotspot\share\classfile\systemDictionary.cpp, line 256]
Event: 0.837 Thread 0x000002120ad8d670 Exception <a 'java/lang/ClassNotFoundException'{0x00000000ec0659d0}: sun/net/www/protocol/c/Handler> (0x00000000ec0659d0) 
thrown [s\src\hotspot\share\classfile\systemDictionary.cpp, line 256]
Event: 0.842 Thread 0x000002120ad8d670 Exception <a 'java/io/FileNotFoundException'{0x00000000ec0848b8}> (0x00000000ec0848b8) 
thrown [s\src\hotspot\share\prims\jni.cpp, line 516]
Event: 0.944 Thread 0x000002120ad8d670 Implicit null exception at 0x000002121a38e63b to 0x000002121a38ef78
Event: 0.944 Thread 0x000002120ad8d670 Implicit null exception at 0x000002121a399dec to 0x000002121a399fcc
Event: 0.944 Thread 0x000002120ad8d670 Implicit null exception at 0x000002121a39170e to 0x000002121a391948
Event: 0.944 Thread 0x000002120ad8d670 Implicit null exception at 0x000002121a38f80f to 0x000002121a38f885

VM Operations (8 events):
Event: 0.184 Executing VM operation: HandshakeAllThreads
Event: 0.184 Executing VM operation: HandshakeAllThreads done
Event: 0.527 Executing VM operation: HandshakeAllThreads
Event: 0.527 Executing VM operation: HandshakeAllThreads done
Event: 0.551 Executing VM operation: HandshakeAllThreads
Event: 0.551 Executing VM operation: HandshakeAllThreads done
Event: 0.809 Executing VM operation: HandshakeAllThreads
Event: 0.809 Executing VM operation: HandshakeAllThreads done

Events (20 events):
Event: 0.878 loading class java/util/concurrent/locks/ReadWriteLock done
Event: 0.878 loading class java/util/concurrent/locks/ReentrantReadWriteLock done
Event: 0.878 loading class java/util/concurrent/locks/ReentrantReadWriteLock$NonfairSync
Event: 0.878 loading class java/util/concurrent/locks/ReentrantReadWriteLock$Sync
Event: 0.879 loading class java/util/concurrent/locks/ReentrantReadWriteLock$Sync done
Event: 0.879 loading class java/util/concurrent/locks/ReentrantReadWriteLock$NonfairSync done
Event: 0.879 loading class java/util/concurrent/locks/ReentrantReadWriteLock$Sync$ThreadLocalHoldCounter
Event: 0.879 loading class java/util/concurrent/locks/ReentrantReadWriteLock$Sync$ThreadLocalHoldCounter done
Event: 0.879 loading class java/util/concurrent/locks/ReentrantReadWriteLock$ReadLock
Event: 0.885 loading class java/util/concurrent/locks/ReentrantReadWriteLock$ReadLock done
Event: 0.886 loading class java/util/concurrent/locks/ReentrantReadWriteLock$WriteLock
Event: 0.886 loading class java/util/concurrent/locks/ReentrantReadWriteLock$WriteLock done
Event: 0.931 Thread 0x000002122a140ba0 Thread exited: 0x000002122a140ba0
Event: 0.940 Thread 0x0000021228e984f0 Thread exited: 0x0000021228e984f0
Event: 0.948 loading class java/net/URLClassLoader$3
Event: 0.948 loading class java/net/URLClassLoader$3 done
Event: 0.948 loading class java/net/URLClassLoader$3$1
Event: 0.949 loading class java/net/URLClassLoader$3$1 done
Event: 0.949 loading class jdk/internal/loader/URLClassPath$FileLoader
Event: 0.949 loading class jdk/internal/loader/URLClassPath$FileLoader done


Dynamic libraries:
0x00007ff7c44f0000 - 0x00007ff7c44fe000 	c:\Users\admin\AppData\Roaming\Code\User\globalStorage\pleiades.java-extension-pack-jdk\java\17\bin\java.exe
0x00007ffd682b0000 - 0x00007ffd684a8000 	C:\WINDOWS\SYSTEM32\ntdll.dll
0x00007ffd67190000 - 0x00007ffd6724f000 	C:\WINDOWS\System32\KERNEL32.DLL
0x00007ffd65ba0000 - 0x00007ffd65e96000 	C:\WINDOWS\System32\KERNELBASE.dll
0x00007ffd66000000 - 0x00007ffd66100000 	C:\WINDOWS\System32\ucrtbase.dll
0x00007ffd4efb0000 - 0x00007ffd4efc7000 	c:\Users\admin\AppData\Roaming\Code\User\globalStorage\pleiades.java-extension-pack-jdk\java\17\bin\jli.dll
0x00007ffd4ef90000 - 0x00007ffd4efa9000 	c:\Users\admin\AppData\Roaming\Code\User\globalStorage\pleiades.java-extension-pack-jdk\java\17\bin\VCRUNTIME140.dll
0x00007ffd67aa0000 - 0x00007ffd67c3d000 	C:\WINDOWS\System32\USER32.dll
0x00007ffd65a30000 - 0x00007ffd65a52000 	C:\WINDOWS\System32\win32u.dll
0x00007ffd66f90000 - 0x00007ffd66fbc000 	C:\WINDOWS\System32\GDI32.dll
0x00007ffd66100000 - 0x00007ffd66215000 	C:\WINDOWS\System32\gdi32full.dll
0x00007ffd65990000 - 0x00007ffd65a2d000 	C:\WINDOWS\System32\msvcp_win.dll
0x00007ffd55300000 - 0x00007ffd5559a000 	C:\WINDOWS\WinSxS\amd64_microsoft.windows.common-controls_6595b64144ccf1df_6.0.19041.1110_none_60b5254171f9507e\COMCTL32.dll
0x00007ffd66b30000 - 0x00007ffd66bce000 	C:\WINDOWS\System32\msvcrt.dll
0x00007ffd67d60000 - 0x00007ffd67d90000 	C:\WINDOWS\System32\IMM32.DLL
0x00007ffd54880000 - 0x00007ffd5488c000 	c:\Users\admin\AppData\Roaming\Code\User\globalStorage\pleiades.java-extension-pack-jdk\java\17\bin\vcruntime140_1.dll
0x00007ffd20350000 - 0x00007ffd203e1000 	c:\Users\admin\AppData\Roaming\Code\User\globalStorage\pleiades.java-extension-pack-jdk\java\17\bin\msvcp140.dll
0x00007ffceac30000 - 0x00007ffceb87c000 	c:\Users\admin\AppData\Roaming\Code\User\globalStorage\pleiades.java-extension-pack-jdk\java\17\bin\server\jvm.dll
0x00007ffd67f20000 - 0x00007ffd67fcf000 	C:\WINDOWS\System32\ADVAPI32.dll
0x00007ffd67a00000 - 0x00007ffd67a9c000 	C:\WINDOWS\System32\sechost.dll
0x00007ffd66870000 - 0x00007ffd66996000 	C:\WINDOWS\System32\RPCRT4.dll
0x00007ffd64f40000 - 0x00007ffd64f8b000 	C:\WINDOWS\SYSTEM32\POWRPROF.dll
0x00007ffd40a80000 - 0x00007ffd40aa7000 	C:\WINDOWS\SYSTEM32\WINMM.dll
0x00007ffd5f1d0000 - 0x00007ffd5f1da000 	C:\WINDOWS\SYSTEM32\VERSION.dll
0x00007ffd47b20000 - 0x00007ffd47b29000 	C:\WINDOWS\SYSTEM32\WSOCK32.dll
0x00007ffd67cc0000 - 0x00007ffd67d2b000 	C:\WINDOWS\System32\WS2_32.dll
0x00007ffd64db0000 - 0x00007ffd64dc2000 	C:\WINDOWS\SYSTEM32\UMPDC.dll
0x00007ffd64210000 - 0x00007ffd64222000 	C:\WINDOWS\SYSTEM32\kernel.appcore.dll
0x00007ffd547d0000 - 0x00007ffd547da000 	c:\Users\admin\AppData\Roaming\Code\User\globalStorage\pleiades.java-extension-pack-jdk\java\17\bin\jimage.dll
0x00007ffd63ee0000 - 0x00007ffd640c4000 	C:\WINDOWS\SYSTEM32\DBGHELP.DLL
0x00007ffd55990000 - 0x00007ffd559c4000 	C:\WINDOWS\SYSTEM32\dbgcore.DLL
0x00007ffd65a60000 - 0x00007ffd65ae2000 	C:\WINDOWS\System32\bcryptPrimitives.dll
0x00007ffd547a0000 - 0x00007ffd547ae000 	c:\Users\admin\AppData\Roaming\Code\User\globalStorage\pleiades.java-extension-pack-jdk\java\17\bin\instrument.dll
0x00007ffd43950000 - 0x00007ffd43975000 	c:\Users\admin\AppData\Roaming\Code\User\globalStorage\pleiades.java-extension-pack-jdk\java\17\bin\java.dll
0x00007ffd1e680000 - 0x00007ffd1e756000 	c:\Users\admin\AppData\Roaming\Code\User\globalStorage\pleiades.java-extension-pack-jdk\java\17\bin\jsvml.dll
0x00007ffd67250000 - 0x00007ffd67994000 	C:\WINDOWS\System32\SHELL32.dll
0x00007ffd63730000 - 0x00007ffd63ec3000 	C:\WINDOWS\SYSTEM32\windows.storage.dll
0x00007ffd66bd0000 - 0x00007ffd66f24000 	C:\WINDOWS\System32\combase.dll
0x00007ffd653d0000 - 0x00007ffd653fe000 	C:\WINDOWS\SYSTEM32\Wldp.dll
0x00007ffd67fd0000 - 0x00007ffd6807d000 	C:\WINDOWS\System32\SHCORE.dll
0x00007ffd66810000 - 0x00007ffd66865000 	C:\WINDOWS\System32\shlwapi.dll
0x00007ffd658c0000 - 0x00007ffd658e5000 	C:\WINDOWS\SYSTEM32\profapi.dll
0x00007ffd44400000 - 0x00007ffd44418000 	c:\Users\admin\AppData\Roaming\Code\User\globalStorage\pleiades.java-extension-pack-jdk\java\17\bin\zip.dll
0x00007ffd43610000 - 0x00007ffd43629000 	C:\Users\admin\AppData\Roaming\Code\User\globalStorage\pleiades.java-extension-pack-jdk\java\17\bin\net.dll
0x00007ffd5cc60000 - 0x00007ffd5cd6a000 	C:\WINDOWS\SYSTEM32\WINHTTP.dll
0x00007ffd65130000 - 0x00007ffd6519a000 	C:\WINDOWS\system32\mswsock.dll
0x00007ffd42fa0000 - 0x00007ffd42fb5000 	C:\Users\admin\AppData\Roaming\Code\User\globalStorage\pleiades.java-extension-pack-jdk\java\17\bin\nio.dll
0x00007ffd538e0000 - 0x00007ffd538f0000 	c:\Users\admin\AppData\Roaming\Code\User\globalStorage\pleiades.java-extension-pack-jdk\java\17\bin\verify.dll

dbghelp: loaded successfully - version: 4.0.5 - missing functions: none
symbol engine: initialized successfully - sym options: 0x614 - pdb path: .;c:\Users\admin\AppData\Roaming\Code\User\globalStorage\pleiades.java-extension-pack-jdk\java\17\bin;C:\WINDOWS\SYSTEM32;C:\WINDOWS\WinSxS\amd64_microsoft.windows.common-controls_6595b64144ccf1df_6.0.19041.1110_none_60b5254171f9507e;c:\Users\admin\AppData\Roaming\Code\User\globalStorage\pleiades.java-extension-pack-jdk\java\17\bin\server

VM Arguments:
jvm_args: --add-modules=ALL-SYSTEM --add-opens=java.base/java.util=ALL-UNNAMED --add-opens=java.base/java.lang=ALL-UNNAMED --add-opens=java.base/sun.nio.fs=ALL-UNNAMED -Declipse.application=org.eclipse.jdt.ls.core.id1 -Dosgi.bundles.defaultStartLevel=4 -Declipse.product=org.eclipse.jdt.ls.core.product -Djava.import.generatesMetadataFilesAtProjectRoot=false -Dfile.encoding=utf8 -XX:+UseParallelGC -XX:GCTimeRatio=4 -XX:AdaptiveSizePolicyWeight=90 -Dsun.zip.disableMemoryMapping=true -Xmx1G -Xms100m -Xlog:disable -javaagent:c:\Users\admin\.vscode\extensions\redhat.java-1.21.0-win32-x64\lombok\lombok-1.18.28.jar 
java_command: c:\Users\admin\.vscode\extensions\redhat.java-1.21.0-win32-x64\server\plugins\org.eclipse.equinox.launcher_1.6.500.v20230717-2134.jar -configuration c:\Users\admin\AppData\Roaming\Code\User\globalStorage\redhat.java\1.21.0\config_ss_win -data c:\Users\admin\AppData\Roaming\Code\User\workspaceStorage\0de9fda288e954dfd67d7ebf2119b05c\redhat.java\ss_ws
java_class_path (initial): c:\Users\admin\.vscode\extensions\redhat.java-1.21.0-win32-x64\server\plugins\org.eclipse.equinox.launcher_1.6.500.v20230717-2134.jar
Launcher Type: SUN_STANDARD

[Global flags]
    uintx AdaptiveSizePolicyWeight                 = 90                                        {product} {command line}
     intx CICompilerCount                          = 4                                         {product} {ergonomic}
    uintx GCTimeRatio                              = 4                                         {product} {command line}
   size_t InitialHeapSize                          = 104857600                                 {product} {command line}
   size_t MaxHeapSize                              = 1073741824                                {product} {command line}
   size_t MaxNewSize                               = 357564416                                 {product} {ergonomic}
   size_t MinHeapDeltaBytes                        = 524288                                    {product} {ergonomic}
   size_t MinHeapSize                              = 104857600                                 {product} {command line}
   size_t NewSize                                  = 34603008                                  {product} {ergonomic}
    uintx NonNMethodCodeHeapSize                   = 5839372                                {pd product} {ergonomic}
    uintx NonProfiledCodeHeapSize                  = 122909434                              {pd product} {ergonomic}
   size_t OldSize                                  = 70254592                                  {product} {ergonomic}
    uintx ProfiledCodeHeapSize                     = 122909434                              {pd product} {ergonomic}
    uintx ReservedCodeCacheSize                    = 251658240                              {pd product} {ergonomic}
     bool SegmentedCodeCache                       = true                                      {product} {ergonomic}
   size_t SoftMaxHeapSize                          = 1073741824                             {manageable} {ergonomic}
     bool UseCompressedClassPointers               = true                           {product lp64_product} {ergonomic}
     bool UseCompressedOops                        = true                           {product lp64_product} {ergonomic}
     bool UseLargePagesIndividualAllocation        = false                                  {pd product} {ergonomic}
     bool UseParallelGC                            = true                                      {product} {command line}

Logging:
Log output configuration:
 #0: stdout all=off uptime,level,tags
 #1: stderr all=off uptime,level,tags

Environment Variables:
JAVA_HOME=C:\Users\admin\Desktop\soobin\tool\jdk\openjdk-11_windows-x64_bin\jdk-11
CLASSPATH=C:\Users\admin\Desktop\soobin\tool\jdk\openjdk-11_windows-x64_bin\jdk-11\lib
PATH=C:\CUBRID\bin\;C:\WINDOWS\system32;C:\WINDOWS;C:\WINDOWS\System32\Wbem;C:\WINDOWS\System32\WindowsPowerShell\v1.0\;C:\WINDOWS\System32\OpenSSH\;C:\Program Files\Bandizip\;C:\Users\admin\Desktop\soobin\tool\jdk\openjdk-11_windows-x64_bin\jdk-11\bin;C:\dev\Git\cmd;C:\dev\nodejs\;C:\Users\admin\AppData\Local\Microsoft\WindowsApps;;C:\dev\Microsoft VS Code\bin;C:\Users\admin\AppData\Roaming\npm
USERNAME=admin
OS=Windows_NT
PROCESSOR_IDENTIFIER=Intel64 Family 6 Model 126 Stepping 5, GenuineIntel
TMP=C:\Users\admin\AppData\Local\Temp
TEMP=C:\Users\admin\AppData\Local\Temp



---------------  S Y S T E M  ---------------

OS:
 Windows 10 , 64 bit Build 19041 (10.0.19041.3155)
OS uptime: 33 days 18:28 hours

CPU: total 8 (initial active 8) (4 cores per cpu, 2 threads per core) family 6 model 126 stepping 5 microcode 0x56, cx8, cmov, fxsr, ht, mmx, 3dnowpref, sse, sse2, sse3, ssse3, sse4.1, sse4.2, popcnt, lzcnt, tsc, tscinvbit, avx, avx2, aes, erms, clmul, bmi1, bmi2, adx, avx512f, avx512dq, avx512cd, avx512bw, avx512vl, sha, fma, vzeroupper, avx512_vpopcntdq, avx512_vpclmulqdq, avx512_vaes, avx512_vnni, clflush, clflushopt, avx512_vbmi2, avx512_vbmi
Processor Information for all 8 processors :
  Max Mhz: 1190, Current Mhz: 991, Mhz Limit: 987

Memory: 4k page, system-wide physical 16165M (1857M free)
TotalPageFile size 46608M (AvailPageFile size 4M)
current process WorkingSet (physical memory assigned to process): 69M, peak: 69M
current process commit charge ("private bytes"): 201M, peak: 202M

vm_info: OpenJDK 64-Bit Server VM (17.0.8+7) for windows-amd64 JRE (17.0.8+7), built on Jul 18 2023 21:02:32 by "admin" with MS VC++ 16.7 (VS2019)

END.
