#
# There is insufficient memory for the Java Runtime Environment to continue.
# Native memory allocation (malloc) failed to allocate 1063760 bytes for Chunk::new
# Possible reasons:
#   The system is out of physical RAM or swap space
#   The process is running with CompressedOops enabled, and the Java Heap may be blocking the growth of the native heap
# Possible solutions:
#   Reduce memory load on the system
#   Increase physical memory or swap space
#   Check if swap backing store is full
#   Decrease Java heap size (-Xmx/-Xms)
#   Decrease number of Java threads
#   Decrease Java thread stack sizes (-Xss)
#   Set larger code cache with -XX:ReservedCodeCacheSize=
#   JVM is running with Unscaled Compressed Oops mode in which the Java heap is
#     placed in the first 4GB address space. The Java Heap base address is the
#     maximum limit for the native heap growth. Please use -XX:HeapBaseMinAddress
#     to set the Java Heap base and to place the Java Heap above 4GB virtual address.
# This output file may be truncated or incomplete.
#
#  Out of Memory Error (arena.cpp:189), pid=2952, tid=31348
#
# JRE version: OpenJDK Runtime Environment Temurin-17.0.8+7 (17.0.8+7) (build 17.0.8+7)
# Java VM: OpenJDK 64-Bit Server VM Temurin-17.0.8+7 (17.0.8+7, mixed mode, tiered, compressed oops, compressed class ptrs, parallel gc, windows-amd64)
# No core dump will be written. Minidumps are not enabled by default on client versions of Windows
#

---------------  S U M M A R Y ------------

Command Line: --add-modules=ALL-SYSTEM --add-opens=java.base/java.util=ALL-UNNAMED --add-opens=java.base/java.lang=ALL-UNNAMED --add-opens=java.base/sun.nio.fs=ALL-UNNAMED -Declipse.application=org.eclipse.jdt.ls.core.id1 -Dosgi.bundles.defaultStartLevel=4 -Declipse.product=org.eclipse.jdt.ls.core.product -Djava.import.generatesMetadataFilesAtProjectRoot=false -Dfile.encoding=utf8 -XX:+UseParallelGC -XX:GCTimeRatio=4 -XX:AdaptiveSizePolicyWeight=90 -Dsun.zip.disableMemoryMapping=true -Xmx1G -Xms100m -Xlog:disable -javaagent:c:\Users\admin\.vscode\extensions\redhat.java-1.21.0-win32-x64\lombok\lombok-1.18.28.jar c:\Users\admin\.vscode\extensions\redhat.java-1.21.0-win32-x64\server\plugins\org.eclipse.equinox.launcher_1.6.500.v20230717-2134.jar -configuration c:\Users\admin\AppData\Roaming\Code\User\globalStorage\redhat.java\1.21.0\config_ss_win -data c:\Users\admin\AppData\Roaming\Code\User\workspaceStorage\0de9fda288e954dfd67d7ebf2119b05c\redhat.java\ss_ws

Host: Intel(R) Core(TM) i5-1035G1 CPU @ 1.00GHz, 8 cores, 15G,  Windows 10 , 64 bit Build 19041 (10.0.19041.3155)
Time: Tue Sep 12 12:58:29 2023  Windows 10 , 64 bit Build 19041 (10.0.19041.3155) elapsed time: 4.944002 seconds (0d 0h 0m 4s)

---------------  T H R E A D  ---------------

Current thread (0x000001a3d2c58340):  JavaThread "C2 CompilerThread0" daemon [_thread_in_native, id=31348, stack(0x0000001453b00000,0x0000001453c00000)]


Current CompileTask:
C2:   4944 2318       4       org.objectweb.asm.ClassReader::readMethod (1066 bytes)

Stack: [0x0000001453b00000,0x0000001453c00000]
Native frames: (J=compiled Java code, j=interpreted, Vv=VM code, C=native code)
V  [jvm.dll+0x678b0a]
V  [jvm.dll+0x835e84]
V  [jvm.dll+0x83762e]
V  [jvm.dll+0x837c93]
V  [jvm.dll+0x24746f]
V  [jvm.dll+0xac20c]
V  [jvm.dll+0xac7dc]
V  [jvm.dll+0x365ca7]
V  [jvm.dll+0x1bce92]
V  [jvm.dll+0x219d49]
V  [jvm.dll+0x219011]
V  [jvm.dll+0x1a534d]
V  [jvm.dll+0x228d8a]
V  [jvm.dll+0x226dcc]
V  [jvm.dll+0x7ec09b]
V  [jvm.dll+0x7e64ca]
V  [jvm.dll+0x677955]
C  [ucrtbase.dll+0x21bb2]
C  [KERNEL32.DLL+0x17614]
C  [ntdll.dll+0x526b1]


---------------  P R O C E S S  ---------------

Threads class SMR info:
_java_thread_list=0x000001a3d4f53d30, length=22, elements={
0x000001a3b2f75ee0, 0x000001a3d2c15620, 0x000001a3cda94650, 0x000001a3cdbb87a0,
0x000001a3d2c207c0, 0x000001a3d2c21090, 0x000001a3d2c21960, 0x000001a3d2c58340,
0x000001a3d2cb8320, 0x000001a3cdbbd580, 0x000001a3b3030e10, 0x000001a3d2f64540,
0x000001a3d44aa430, 0x000001a3d46668e0, 0x000001a3d4666dc0, 0x000001a3d486d6e0,
0x000001a3d4599b10, 0x000001a3d4a29ba0, 0x000001a3d4a2a5c0, 0x000001a3d4a29690,
0x000001a3d56d0750, 0x000001a3d4a2c930
}

Java Threads: ( => current thread )
  0x000001a3b2f75ee0 JavaThread "main" [_thread_blocked, id=17044, stack(0x0000001453200000,0x0000001453300000)]
  0x000001a3d2c15620 JavaThread "Reference Handler" daemon [_thread_blocked, id=22092, stack(0x0000001453500000,0x0000001453600000)]
  0x000001a3cda94650 JavaThread "Finalizer" daemon [_thread_blocked, id=668, stack(0x0000001453600000,0x0000001453700000)]
  0x000001a3cdbb87a0 JavaThread "Signal Dispatcher" daemon [_thread_blocked, id=21752, stack(0x0000001453700000,0x0000001453800000)]
  0x000001a3d2c207c0 JavaThread "Attach Listener" daemon [_thread_blocked, id=20872, stack(0x0000001453800000,0x0000001453900000)]
  0x000001a3d2c21090 JavaThread "Service Thread" daemon [_thread_blocked, id=18608, stack(0x0000001453900000,0x0000001453a00000)]
  0x000001a3d2c21960 JavaThread "Monitor Deflation Thread" daemon [_thread_blocked, id=11344, stack(0x0000001453a00000,0x0000001453b00000)]
=>0x000001a3d2c58340 JavaThread "C2 CompilerThread0" daemon [_thread_in_native, id=31348, stack(0x0000001453b00000,0x0000001453c00000)]
  0x000001a3d2cb8320 JavaThread "C1 CompilerThread0" daemon [_thread_blocked, id=1764, stack(0x0000001453c00000,0x0000001453d00000)]
  0x000001a3cdbbd580 JavaThread "Sweeper thread" daemon [_thread_blocked, id=12412, stack(0x0000001453d00000,0x0000001453e00000)]
  0x000001a3b3030e10 JavaThread "Common-Cleaner" daemon [_thread_blocked, id=3864, stack(0x0000001453e00000,0x0000001453f00000)]
  0x000001a3d2f64540 JavaThread "Notification Thread" daemon [_thread_blocked, id=23892, stack(0x0000001453f00000,0x0000001454000000)]
  0x000001a3d44aa430 JavaThread "Active Thread: Equinox Container: 5388d0c9-2981-4fb9-b8f6-0007c0016f02" [_thread_blocked, id=7964, stack(0x0000001454800000,0x0000001454900000)]
  0x000001a3d46668e0 JavaThread "Framework Event Dispatcher: Equinox Container: 5388d0c9-2981-4fb9-b8f6-0007c0016f02" daemon [_thread_blocked, id=31456, stack(0x0000001454900000,0x0000001454a00000)]
  0x000001a3d4666dc0 JavaThread "Start Level: Equinox Container: 5388d0c9-2981-4fb9-b8f6-0007c0016f02" daemon [_thread_blocked, id=27892, stack(0x0000001454a00000,0x0000001454b00000)]
  0x000001a3d486d6e0 JavaThread "SCR Component Actor" daemon [_thread_blocked, id=18468, stack(0x0000001454700000,0x0000001454800000)]
  0x000001a3d4599b10 JavaThread "SCR Component Registry" daemon [_thread_blocked, id=29752, stack(0x0000001454c00000,0x0000001454d00000)]
  0x000001a3d4a29ba0 JavaThread "Worker-JM" [_thread_blocked, id=16596, stack(0x0000001454d00000,0x0000001454e00000)]
  0x000001a3d4a2a5c0 JavaThread "Worker-0" [_thread_blocked, id=12240, stack(0x0000001454e00000,0x0000001454f00000)]
  0x000001a3d4a29690 JavaThread "Worker-1" [_thread_blocked, id=3148, stack(0x0000001454f00000,0x0000001455000000)]
  0x000001a3d56d0750 JavaThread "C2 CompilerThread1" daemon [_thread_blocked, id=31184, stack(0x0000001455000000,0x0000001455100000)]
  0x000001a3d4a2c930 JavaThread "Java indexing" daemon [_thread_blocked, id=18884, stack(0x0000001455100000,0x0000001455200000)]

Other Threads:
  0x000001a3d2c01c00 VMThread "VM Thread" [stack: 0x0000001453400000,0x0000001453500000] [id=31668]
  0x000001a3d2f90fc0 WatcherThread [stack: 0x0000001454000000,0x0000001454100000] [id=22268]
  0x000001a3b2f8b610 GCTaskThread "GC Thread#0" [stack: 0x0000001453300000,0x0000001453400000] [id=19648]
  0x000001a3d47ebaa0 GCTaskThread "GC Thread#1" [stack: 0x0000001454100000,0x0000001454200000] [id=22632]
  0x000001a3d47ebd60 GCTaskThread "GC Thread#2" [stack: 0x0000001454200000,0x0000001454300000] [id=23200]
  0x000001a3d47ec020 GCTaskThread "GC Thread#3" [stack: 0x0000001454300000,0x0000001454400000] [id=20148]
  0x000001a3d46c36b0 GCTaskThread "GC Thread#4" [stack: 0x0000001454400000,0x0000001454500000] [id=24392]
  0x000001a3d46c3970 GCTaskThread "GC Thread#5" [stack: 0x0000001454500000,0x0000001454600000] [id=25128]
  0x000001a3d46c3c30 GCTaskThread "GC Thread#6" [stack: 0x0000001454600000,0x0000001454700000] [id=27156]
  0x000001a3d4598fe0 GCTaskThread "GC Thread#7" [stack: 0x0000001454b00000,0x0000001454c00000] [id=25456]

Threads with active compile tasks:
C2 CompilerThread0     4963 2318       4       org.objectweb.asm.ClassReader::readMethod (1066 bytes)

VM state: not at safepoint (normal execution)

VM Mutex/Monitor currently owned by a thread: None

Heap address: 0x00000000c0000000, size: 1024 MB, Compressed Oops mode: 32-bit

CDS archive(s) not mapped
Compressed class space mapped at: 0x0000000100000000-0x0000000140000000, reserved size: 1073741824
Narrow klass base: 0x0000000000000000, Narrow klass shift: 3, Narrow klass range: 0x140000000

GC Precious Log:
 CPUs: 8 total, 8 available
 Memory: 16165M
 Large Page Support: Disabled
 NUMA Support: Disabled
 Compressed Oops: Enabled (32-bit)
 Alignments: Space 512K, Generation 512K, Heap 2M
 Heap Min Capacity: 100M
 Heap Initial Capacity: 100M
 Heap Max Capacity: 1G
 Pre-touch: Disabled
 Parallel Workers: 8

Heap:
 PSYoungGen      total 26624K, used 8345K [0x00000000eab00000, 0x00000000ec880000, 0x0000000100000000)
  eden space 25088K, 28% used [0x00000000eab00000,0x00000000eb1dcf58,0x00000000ec380000)
  from space 1536K, 85% used [0x00000000ec400000,0x00000000ec549630,0x00000000ec580000)
  to   space 1536K, 0% used [0x00000000ec700000,0x00000000ec700000,0x00000000ec880000)
 ParOldGen       total 68608K, used 6605K [0x00000000c0000000, 0x00000000c4300000, 0x00000000eab00000)
  object space 68608K, 9% used [0x00000000c0000000,0x00000000c0673728,0x00000000c4300000)
 Metaspace       used 28871K, committed 29312K, reserved 1114112K
  class space    used 2645K, committed 2880K, reserved 1048576K

Card table byte_map: [0x000001a3cb430000,0x000001a3cb640000] _byte_map_base: 0x000001a3cae30000

Marking Bits: (ParMarkBitMap*) 0x00007ffceb7b83b0
 Begin Bits: [0x000001a3cb7a0000, 0x000001a3cc7a0000)
 End Bits:   [0x000001a3cc7a0000, 0x000001a3cd7a0000)

Polling page: 0x000001a3b3040000

Metaspace:

Usage:
  Non-class:     25.61 MB used.
      Class:      2.58 MB used.
       Both:     28.20 MB used.

Virtual space:
  Non-class space:       64.00 MB reserved,      25.81 MB ( 40%) committed,  1 nodes.
      Class space:        1.00 GB reserved,       2.81 MB ( <1%) committed,  1 nodes.
             Both:        1.06 GB reserved,      28.62 MB (  3%) committed. 

Chunk freelists:
   Non-Class:  6.00 MB
       Class:  13.01 MB
        Both:  19.01 MB

MaxMetaspaceSize: unlimited
CompressedClassSpaceSize: 1.00 GB
Initial GC threshold: 21.00 MB
Current GC threshold: 35.00 MB
CDS: off
MetaspaceReclaimPolicy: balanced
 - commit_granule_bytes: 65536.
 - commit_granule_words: 8192.
 - virtual_space_node_default_size: 8388608.
 - enlarge_chunks_in_place: 1.
 - new_chunks_are_fully_committed: 0.
 - uncommit_free_chunks: 1.
 - use_allocation_guard: 0.
 - handle_deallocations: 1.


Internal statistics:

num_allocs_failed_limit: 3.
num_arena_births: 278.
num_arena_deaths: 14.
num_vsnodes_births: 2.
num_vsnodes_deaths: 0.
num_space_committed: 458.
num_space_uncommitted: 0.
num_chunks_returned_to_freelist: 17.
num_chunks_taken_from_freelist: 1035.
num_chunk_merges: 8.
num_chunk_splits: 680.
num_chunks_enlarged: 455.
num_inconsistent_stats: 0.

CodeHeap 'non-profiled nmethods': size=120000Kb used=954Kb max_used=954Kb free=119045Kb
 bounds [0x000001a3c3d10000, 0x000001a3c3f80000, 0x000001a3cb240000]
CodeHeap 'profiled nmethods': size=120000Kb used=4932Kb max_used=4932Kb free=115067Kb
 bounds [0x000001a3bc240000, 0x000001a3bc720000, 0x000001a3c3770000]
CodeHeap 'non-nmethods': size=5760Kb used=1246Kb max_used=1267Kb free=4514Kb
 bounds [0x000001a3c3770000, 0x000001a3c39e0000, 0x000001a3c3d10000]
 total_blobs=2993 nmethods=2449 adapters=458
 compilation: enabled
              stopped_count=0, restarted_count=0
 full_count=0

Compilation events (20 events):
Event: 4.859 Thread 0x000001a3d2cb8320 nmethod 2443 0x000001a3bc70f490 code [0x000001a3bc70f640, 0x000001a3bc70f7d8]
Event: 4.864 Thread 0x000001a3d2cb8320 2445       3       java.util.TreeMap::leftOf (13 bytes)
Event: 4.864 Thread 0x000001a3d2cb8320 nmethod 2445 0x000001a3bc70f890 code [0x000001a3bc70fa20, 0x000001a3bc70fb98]
Event: 4.864 Thread 0x000001a3d2cb8320 2447       3       java.lang.Character::toUpperCase (6 bytes)
Event: 4.864 Thread 0x000001a3d2cb8320 nmethod 2447 0x000001a3bc70fc90 code [0x000001a3bc70fe40, 0x000001a3bc710098]
Event: 4.864 Thread 0x000001a3d2cb8320 2446       3       java.lang.Character::toUpperCase (9 bytes)
Event: 4.864 Thread 0x000001a3d2cb8320 nmethod 2446 0x000001a3bc710190 code [0x000001a3bc710340, 0x000001a3bc710538]
Event: 4.864 Thread 0x000001a3d2cb8320 2448       3       java.lang.ProcessEnvironment$NameComparator::compare (13 bytes)
Event: 4.864 Thread 0x000001a3d2cb8320 nmethod 2448 0x000001a3bc710610 code [0x000001a3bc7107c0, 0x000001a3bc710ac8]
Event: 4.891 Thread 0x000001a3d56d0750 nmethod 2408 0x000001a3c3df7b10 code [0x000001a3c3df7da0, 0x000001a3c3df9e70]
Event: 4.892 Thread 0x000001a3d56d0750 2407       4       java.lang.AbstractStringBuilder::append (77 bytes)
Event: 4.897 Thread 0x000001a3d56d0750 nmethod 2407 0x000001a3c3dfb090 code [0x000001a3c3dfb220, 0x000001a3c3dfb748]
Event: 4.897 Thread 0x000001a3d56d0750 2444       4       java.util.HashMap::put (13 bytes)
Event: 4.910 Thread 0x000001a3d56d0750 nmethod 2444 0x000001a3c3dfba90 code [0x000001a3c3dfbca0, 0x000001a3c3dfc580]
Event: 4.910 Thread 0x000001a3d56d0750 2370       4       java.util.Properties$LineReader::readLine (584 bytes)
Event: 4.913 Thread 0x000001a3d2cb8320 2449       3       java.util.concurrent.Semaphore$Sync::nonfairTryAcquireShared (27 bytes)
Event: 4.913 Thread 0x000001a3d2cb8320 nmethod 2449 0x000001a3bc710b90 code [0x000001a3bc710d40, 0x000001a3bc710fa8]
Event: 4.928 Thread 0x000001a3d56d0750 nmethod 2370 0x000001a3c3dfcc10 code [0x000001a3c3dfcde0, 0x000001a3c3dfdbf8]
Event: 4.928 Thread 0x000001a3d56d0750 2410       4       java.lang.String::checkIndex (48 bytes)
Event: 4.929 Thread 0x000001a3d56d0750 nmethod 2410 0x000001a3c3dfe410 code [0x000001a3c3dfe580, 0x000001a3c3dfe618]

GC Heap History (12 events):
Event: 1.710 GC heap before
{Heap before GC invocations=1 (full 0):
 PSYoungGen      total 29696K, used 25600K [0x00000000eab00000, 0x00000000ecc00000, 0x0000000100000000)
  eden space 25600K, 100% used [0x00000000eab00000,0x00000000ec400000,0x00000000ec400000)
  from space 4096K, 0% used [0x00000000ec800000,0x00000000ec800000,0x00000000ecc00000)
  to   space 4096K, 0% used [0x00000000ec400000,0x00000000ec400000,0x00000000ec800000)
 ParOldGen       total 68608K, used 0K [0x00000000c0000000, 0x00000000c4300000, 0x00000000eab00000)
  object space 68608K, 0% used [0x00000000c0000000,0x00000000c0000000,0x00000000c4300000)
 Metaspace       used 12299K, committed 12544K, reserved 1114112K
  class space    used 1111K, committed 1216K, reserved 1048576K
}
Event: 1.747 GC heap after
{Heap after GC invocations=1 (full 0):
 PSYoungGen      total 29696K, used 3314K [0x00000000eab00000, 0x00000000ecc00000, 0x0000000100000000)
  eden space 25600K, 0% used [0x00000000eab00000,0x00000000eab00000,0x00000000ec400000)
  from space 4096K, 80% used [0x00000000ec400000,0x00000000ec73caa0,0x00000000ec800000)
  to   space 4096K, 0% used [0x00000000ec800000,0x00000000ec800000,0x00000000ecc00000)
 ParOldGen       total 68608K, used 0K [0x00000000c0000000, 0x00000000c4300000, 0x00000000eab00000)
  object space 68608K, 0% used [0x00000000c0000000,0x00000000c0000000,0x00000000c4300000)
 Metaspace       used 12299K, committed 12544K, reserved 1114112K
  class space    used 1111K, committed 1216K, reserved 1048576K
}
Event: 3.066 GC heap before
{Heap before GC invocations=2 (full 0):
 PSYoungGen      total 29696K, used 28914K [0x00000000eab00000, 0x00000000ecc00000, 0x0000000100000000)
  eden space 25600K, 100% used [0x00000000eab00000,0x00000000ec400000,0x00000000ec400000)
  from space 4096K, 80% used [0x00000000ec400000,0x00000000ec73caa0,0x00000000ec800000)
  to   space 4096K, 0% used [0x00000000ec800000,0x00000000ec800000,0x00000000ecc00000)
 ParOldGen       total 68608K, used 0K [0x00000000c0000000, 0x00000000c4300000, 0x00000000eab00000)
  object space 68608K, 0% used [0x00000000c0000000,0x00000000c0000000,0x00000000c4300000)
 Metaspace       used 16644K, committed 16960K, reserved 1114112K
  class space    used 1566K, committed 1728K, reserved 1048576K
}
Event: 3.071 GC heap after
{Heap after GC invocations=2 (full 0):
 PSYoungGen      total 29696K, used 4071K [0x00000000eab00000, 0x00000000ecc00000, 0x0000000100000000)
  eden space 25600K, 0% used [0x00000000eab00000,0x00000000eab00000,0x00000000ec400000)
  from space 4096K, 99% used [0x00000000ec800000,0x00000000ecbf9fb0,0x00000000ecc00000)
  to   space 4096K, 0% used [0x00000000ec400000,0x00000000ec400000,0x00000000ec800000)
 ParOldGen       total 68608K, used 882K [0x00000000c0000000, 0x00000000c4300000, 0x00000000eab00000)
  object space 68608K, 1% used [0x00000000c0000000,0x00000000c00dcb70,0x00000000c4300000)
 Metaspace       used 16644K, committed 16960K, reserved 1114112K
  class space    used 1566K, committed 1728K, reserved 1048576K
}
Event: 3.927 GC heap before
{Heap before GC invocations=3 (full 0):
 PSYoungGen      total 29696K, used 27253K [0x00000000eab00000, 0x00000000ecc00000, 0x0000000100000000)
  eden space 25600K, 90% used [0x00000000eab00000,0x00000000ec1a3750,0x00000000ec400000)
  from space 4096K, 99% used [0x00000000ec800000,0x00000000ecbf9fb0,0x00000000ecc00000)
  to   space 4096K, 0% used [0x00000000ec400000,0x00000000ec400000,0x00000000ec800000)
 ParOldGen       total 68608K, used 882K [0x00000000c0000000, 0x00000000c4300000, 0x00000000eab00000)
  object space 68608K, 1% used [0x00000000c0000000,0x00000000c00dcb70,0x00000000c4300000)
 Metaspace       used 21181K, committed 21504K, reserved 1114112K
  class space    used 2018K, committed 2176K, reserved 1048576K
}
Event: 3.930 GC heap after
{Heap after GC invocations=3 (full 0):
 PSYoungGen      total 29696K, used 4069K [0x00000000eab00000, 0x00000000ecc00000, 0x0000000100000000)
  eden space 25600K, 0% used [0x00000000eab00000,0x00000000eab00000,0x00000000ec400000)
  from space 4096K, 99% used [0x00000000ec400000,0x00000000ec7f9640,0x00000000ec800000)
  to   space 4096K, 0% used [0x00000000ec800000,0x00000000ec800000,0x00000000ecc00000)
 ParOldGen       total 68608K, used 2623K [0x00000000c0000000, 0x00000000c4300000, 0x00000000eab00000)
  object space 68608K, 3% used [0x00000000c0000000,0x00000000c028fcf8,0x00000000c4300000)
 Metaspace       used 21181K, committed 21504K, reserved 1114112K
  class space    used 2018K, committed 2176K, reserved 1048576K
}
Event: 3.930 GC heap before
{Heap before GC invocations=4 (full 1):
 PSYoungGen      total 29696K, used 4069K [0x00000000eab00000, 0x00000000ecc00000, 0x0000000100000000)
  eden space 25600K, 0% used [0x00000000eab00000,0x00000000eab00000,0x00000000ec400000)
  from space 4096K, 99% used [0x00000000ec400000,0x00000000ec7f9640,0x00000000ec800000)
  to   space 4096K, 0% used [0x00000000ec800000,0x00000000ec800000,0x00000000ecc00000)
 ParOldGen       total 68608K, used 2623K [0x00000000c0000000, 0x00000000c4300000, 0x00000000eab00000)
  object space 68608K, 3% used [0x00000000c0000000,0x00000000c028fcf8,0x00000000c4300000)
 Metaspace       used 21181K, committed 21504K, reserved 1114112K
  class space    used 2018K, committed 2176K, reserved 1048576K
}
Event: 3.950 GC heap after
{Heap after GC invocations=4 (full 1):
 PSYoungGen      total 29696K, used 0K [0x00000000eab00000, 0x00000000ecc00000, 0x0000000100000000)
  eden space 25600K, 0% used [0x00000000eab00000,0x00000000eab00000,0x00000000ec400000)
  from space 4096K, 0% used [0x00000000ec400000,0x00000000ec400000,0x00000000ec800000)
  to   space 4096K, 0% used [0x00000000ec800000,0x00000000ec800000,0x00000000ecc00000)
 ParOldGen       total 68608K, used 6589K [0x00000000c0000000, 0x00000000c4300000, 0x00000000eab00000)
  object space 68608K, 9% used [0x00000000c0000000,0x00000000c066f728,0x00000000c4300000)
 Metaspace       used 21168K, committed 21504K, reserved 1114112K
  class space    used 2015K, committed 2176K, reserved 1048576K
}
Event: 4.405 GC heap before
{Heap before GC invocations=5 (full 1):
 PSYoungGen      total 29696K, used 25600K [0x00000000eab00000, 0x00000000ecc00000, 0x0000000100000000)
  eden space 25600K, 100% used [0x00000000eab00000,0x00000000ec400000,0x00000000ec400000)
  from space 4096K, 0% used [0x00000000ec400000,0x00000000ec400000,0x00000000ec800000)
  to   space 4096K, 0% used [0x00000000ec800000,0x00000000ec800000,0x00000000ecc00000)
 ParOldGen       total 68608K, used 6589K [0x00000000c0000000, 0x00000000c4300000, 0x00000000eab00000)
  object space 68608K, 9% used [0x00000000c0000000,0x00000000c066f728,0x00000000c4300000)
 Metaspace       used 24430K, committed 24896K, reserved 1114112K
  class space    used 2294K, committed 2496K, reserved 1048576K
}
Event: 4.405 GC heap after
{Heap after GC invocations=5 (full 1):
 PSYoungGen      total 29696K, used 954K [0x00000000eab00000, 0x00000000ecc00000, 0x0000000100000000)
  eden space 25600K, 0% used [0x00000000eab00000,0x00000000eab00000,0x00000000ec400000)
  from space 4096K, 23% used [0x00000000ec800000,0x00000000ec8ee9f8,0x00000000ecc00000)
  to   space 4096K, 0% used [0x00000000ec400000,0x00000000ec400000,0x00000000ec800000)
 ParOldGen       total 68608K, used 6597K [0x00000000c0000000, 0x00000000c4300000, 0x00000000eab00000)
  object space 68608K, 9% used [0x00000000c0000000,0x00000000c0671728,0x00000000c4300000)
 Metaspace       used 24430K, committed 24896K, reserved 1114112K
  class space    used 2294K, committed 2496K, reserved 1048576K
}
Event: 4.736 GC heap before
{Heap before GC invocations=6 (full 1):
 PSYoungGen      total 29696K, used 26548K [0x00000000eab00000, 0x00000000ecc00000, 0x0000000100000000)
  eden space 25600K, 99% used [0x00000000eab00000,0x00000000ec3fe8a0,0x00000000ec400000)
  from space 4096K, 23% used [0x00000000ec800000,0x00000000ec8ee9f8,0x00000000ecc00000)
  to   space 4096K, 0% used [0x00000000ec400000,0x00000000ec400000,0x00000000ec800000)
 ParOldGen       total 68608K, used 6597K [0x00000000c0000000, 0x00000000c4300000, 0x00000000eab00000)
  object space 68608K, 9% used [0x00000000c0000000,0x00000000c0671728,0x00000000c4300000)
 Metaspace       used 27907K, committed 28352K, reserved 1114112K
  class space    used 2553K, committed 2752K, reserved 1048576K
}
Event: 4.737 GC heap after
{Heap after GC invocations=6 (full 1):
 PSYoungGen      total 26624K, used 1317K [0x00000000eab00000, 0x00000000ec880000, 0x0000000100000000)
  eden space 25088K, 0% used [0x00000000eab00000,0x00000000eab00000,0x00000000ec380000)
  from space 1536K, 85% used [0x00000000ec400000,0x00000000ec549630,0x00000000ec580000)
  to   space 1536K, 0% used [0x00000000ec700000,0x00000000ec700000,0x00000000ec880000)
 ParOldGen       total 68608K, used 6605K [0x00000000c0000000, 0x00000000c4300000, 0x00000000eab00000)
  object space 68608K, 9% used [0x00000000c0000000,0x00000000c0673728,0x00000000c4300000)
 Metaspace       used 27907K, committed 28352K, reserved 1114112K
  class space    used 2553K, committed 2752K, reserved 1048576K
}

Dll operation events (10 events):
Event: 0.009 Loaded shared library c:\Users\admin\AppData\Roaming\Code\User\globalStorage\pleiades.java-extension-pack-jdk\java\17\bin\java.dll
Event: 0.036 Loaded shared library c:\Users\admin\AppData\Roaming\Code\User\globalStorage\pleiades.java-extension-pack-jdk\java\17\bin\jsvml.dll
Event: 0.223 Loaded shared library c:\Users\admin\AppData\Roaming\Code\User\globalStorage\pleiades.java-extension-pack-jdk\java\17\bin\zip.dll
Event: 0.230 Loaded shared library C:\Users\admin\AppData\Roaming\Code\User\globalStorage\pleiades.java-extension-pack-jdk\java\17\bin\instrument.dll
Event: 0.258 Loaded shared library C:\Users\admin\AppData\Roaming\Code\User\globalStorage\pleiades.java-extension-pack-jdk\java\17\bin\net.dll
Event: 0.260 Loaded shared library C:\Users\admin\AppData\Roaming\Code\User\globalStorage\pleiades.java-extension-pack-jdk\java\17\bin\nio.dll
Event: 0.269 Loaded shared library C:\Users\admin\AppData\Roaming\Code\User\globalStorage\pleiades.java-extension-pack-jdk\java\17\bin\zip.dll
Event: 0.313 Loaded shared library C:\Users\admin\AppData\Roaming\Code\User\globalStorage\pleiades.java-extension-pack-jdk\java\17\bin\jimage.dll
Event: 0.467 Loaded shared library c:\Users\admin\AppData\Roaming\Code\User\globalStorage\pleiades.java-extension-pack-jdk\java\17\bin\verify.dll
Event: 2.741 Loaded shared library C:\Users\admin\AppData\Roaming\Code\User\globalStorage\redhat.java\1.21.0\config_ss_win\org.eclipse.equinox.launcher\org.eclipse.equinox.launcher.win32.win32.x86_64_1.2.700.v20221108-1024\eclipse_11801.dll

Deoptimization events (20 events):
Event: 4.862 Thread 0x000001a3d4666dc0 Uncommon trap: trap_request=0xffffffc6 fr.pc=0x000001a3c3d94d40 relative=0x0000000000000a00
Event: 4.862 Thread 0x000001a3d4666dc0 Uncommon trap: reason=bimorphic_or_optimized_type_check action=maybe_recompile pc=0x000001a3c3d94d40 method=java.util.HashMap.putVal(ILjava/lang/Object;Ljava/lang/Object;ZZ)Ljava/lang/Object; @ 56 c2
Event: 4.862 Thread 0x000001a3d4666dc0 DEOPT PACKING pc=0x000001a3c3d94d40 sp=0x0000001454afdd10
Event: 4.862 Thread 0x000001a3d4666dc0 DEOPT UNPACKING pc=0x000001a3c37c9ea3 sp=0x0000001454afdc10 mode 2
Event: 4.862 Thread 0x000001a3d4666dc0 Uncommon trap: trap_request=0xffffffc6 fr.pc=0x000001a3c3d94d40 relative=0x0000000000000a00
Event: 4.862 Thread 0x000001a3d4666dc0 Uncommon trap: reason=bimorphic_or_optimized_type_check action=maybe_recompile pc=0x000001a3c3d94d40 method=java.util.HashMap.putVal(ILjava/lang/Object;Ljava/lang/Object;ZZ)Ljava/lang/Object; @ 56 c2
Event: 4.862 Thread 0x000001a3d4666dc0 DEOPT PACKING pc=0x000001a3c3d94d40 sp=0x0000001454afdd10
Event: 4.862 Thread 0x000001a3d4666dc0 DEOPT UNPACKING pc=0x000001a3c37c9ea3 sp=0x0000001454afdc10 mode 2
Event: 4.862 Thread 0x000001a3d4666dc0 Uncommon trap: trap_request=0xffffffc6 fr.pc=0x000001a3c3d94d40 relative=0x0000000000000a00
Event: 4.862 Thread 0x000001a3d4666dc0 Uncommon trap: reason=bimorphic_or_optimized_type_check action=maybe_recompile pc=0x000001a3c3d94d40 method=java.util.HashMap.putVal(ILjava/lang/Object;Ljava/lang/Object;ZZ)Ljava/lang/Object; @ 56 c2
Event: 4.862 Thread 0x000001a3d4666dc0 DEOPT PACKING pc=0x000001a3c3d94d40 sp=0x0000001454afdd10
Event: 4.862 Thread 0x000001a3d4666dc0 DEOPT UNPACKING pc=0x000001a3c37c9ea3 sp=0x0000001454afdc10 mode 2
Event: 4.862 Thread 0x000001a3d4666dc0 Uncommon trap: trap_request=0xffffffc6 fr.pc=0x000001a3c3d94d40 relative=0x0000000000000a00
Event: 4.862 Thread 0x000001a3d4666dc0 Uncommon trap: reason=bimorphic_or_optimized_type_check action=maybe_recompile pc=0x000001a3c3d94d40 method=java.util.HashMap.putVal(ILjava/lang/Object;Ljava/lang/Object;ZZ)Ljava/lang/Object; @ 56 c2
Event: 4.862 Thread 0x000001a3d4666dc0 DEOPT PACKING pc=0x000001a3c3d94d40 sp=0x0000001454afdd10
Event: 4.862 Thread 0x000001a3d4666dc0 DEOPT UNPACKING pc=0x000001a3c37c9ea3 sp=0x0000001454afdc10 mode 2
Event: 4.862 Thread 0x000001a3d4666dc0 Uncommon trap: trap_request=0xffffffc6 fr.pc=0x000001a3c3d932d8 relative=0x0000000000000938
Event: 4.862 Thread 0x000001a3d4666dc0 Uncommon trap: reason=bimorphic_or_optimized_type_check action=maybe_recompile pc=0x000001a3c3d932d8 method=java.util.HashMap.putVal(ILjava/lang/Object;Ljava/lang/Object;ZZ)Ljava/lang/Object; @ 56 c2
Event: 4.862 Thread 0x000001a3d4666dc0 DEOPT PACKING pc=0x000001a3c3d932d8 sp=0x0000001454afdc80
Event: 4.862 Thread 0x000001a3d4666dc0 DEOPT UNPACKING pc=0x000001a3c37c9ea3 sp=0x0000001454afdc08 mode 2

Classes unloaded (7 events):
Event: 3.934 Thread 0x000001a3d2c01c00 Unloading class 0x000000010021b400 'java/lang/invoke/LambdaForm$MH+0x000000010021b400'
Event: 3.934 Thread 0x000001a3d2c01c00 Unloading class 0x000000010021b000 'java/lang/invoke/LambdaForm$MH+0x000000010021b000'
Event: 3.934 Thread 0x000001a3d2c01c00 Unloading class 0x000000010021ac00 'java/lang/invoke/LambdaForm$MH+0x000000010021ac00'
Event: 3.934 Thread 0x000001a3d2c01c00 Unloading class 0x000000010021a800 'java/lang/invoke/LambdaForm$MH+0x000000010021a800'
Event: 3.934 Thread 0x000001a3d2c01c00 Unloading class 0x000000010021a400 'java/lang/invoke/LambdaForm$BMH+0x000000010021a400'
Event: 3.934 Thread 0x000001a3d2c01c00 Unloading class 0x000000010021a000 'java/lang/invoke/LambdaForm$DMH+0x000000010021a000'
Event: 3.934 Thread 0x000001a3d2c01c00 Unloading class 0x0000000100214400 'java/lang/invoke/LambdaForm$DMH+0x0000000100214400'

Classes redefined (0 events):
No events

Internal exceptions (20 events):
Event: 3.747 Thread 0x000001a3d4666dc0 Exception <a 'java/lang/NoSuchMethodError'{0x00000000ebd6b7d8}: 'java.lang.Object java.lang.invoke.DelegatingMethodHandle$Holder.reinvoke_L(java.lang.Object, java.lang.Object, java.lang.Object, java.lang.Object, int, int)'> (0x00000000ebd6b7d8) 
thrown [s\src\hotspot\share\interpreter\linkResolver.cpp, line 759]
Event: 3.756 Thread 0x000001a3d4666dc0 Exception <a 'java/lang/NoSuchMethodError'{0x00000000ebd800d0}: 'java.lang.Object java.lang.invoke.Invokers$Holder.invokeExact_MT(java.lang.Object, java.lang.Object, java.lang.Object, java.lang.Object)'> (0x00000000ebd800d0) 
thrown [s\src\hotspot\share\interpreter\linkResolver.cpp, line 759]
Event: 3.978 Thread 0x000001a3d4666dc0 Exception <a 'java/lang/NoSuchMethodError'{0x00000000eabd58e0}: 'java.lang.Object java.lang.invoke.DirectMethodHandle$Holder.newInvokeSpecial(java.lang.Object, java.lang.Object, java.lang.Object, java.lang.Object, java.lang.Object)'> (0x00000000eabd58e0) 
thrown [s\src\hotspot\share\interpreter\linkResolver.cpp, line 759]
Event: 4.143 Thread 0x000001a3d4666dc0 Exception <a 'java/lang/NoSuchMethodError'{0x00000000eaf78758}: 'java.lang.Object java.lang.invoke.DirectMethodHandle$Holder.invokeSpecial(java.lang.Object, java.lang.Object, java.lang.Object, long, java.lang.Object)'> (0x00000000eaf78758) 
thrown [s\src\hotspot\share\interpreter\linkResolver.cpp, line 759]
Event: 4.144 Thread 0x000001a3d4666dc0 Exception <a 'java/lang/NoSuchMethodError'{0x00000000eaf80910}: 'java.lang.Object java.lang.invoke.DirectMethodHandle$Holder.newInvokeSpecial(java.lang.Object, java.lang.Object, java.lang.Object, long)'> (0x00000000eaf80910) 
thrown [s\src\hotspot\share\interpreter\linkResolver.cpp, line 759]
Event: 4.145 Thread 0x000001a3d4666dc0 Exception <a 'java/lang/NoSuchMethodError'{0x00000000eaf84eb0}: 'java.lang.Object java.lang.invoke.DirectMethodHandle$Holder.invokeSpecial(java.lang.Object, java.lang.Object, java.lang.Object, java.lang.Object, long)'> (0x00000000eaf84eb0) 
thrown [s\src\hotspot\share\interpreter\linkResolver.cpp, line 759]
Event: 4.145 Thread 0x000001a3d4666dc0 Exception <a 'java/lang/NoSuchMethodError'{0x00000000eaf88d28}: 'java.lang.Object java.lang.invoke.Invokers$Holder.linkToTargetMethod(java.lang.Object, java.lang.Object, long, java.lang.Object)'> (0x00000000eaf88d28) 
thrown [s\src\hotspot\share\interpreter\linkResolver.cpp, line 759]
Event: 4.162 Thread 0x000001a3d4666dc0 Exception <a 'java/lang/NoSuchMethodError'{0x00000000eb005b58}: 'int java.lang.invoke.DirectMethodHandle$Holder.invokeStaticInit(java.lang.Object, java.lang.Object, java.lang.Object)'> (0x00000000eb005b58) 
thrown [s\src\hotspot\share\interpreter\linkResolver.cpp, line 759]
Event: 4.176 Thread 0x000001a3d4666dc0 Exception <a 'java/lang/IncompatibleClassChangeError'{0x00000000eb06d8c0}: Found class java.lang.Object, but interface was expected> (0x00000000eb06d8c0) 
thrown [s\src\hotspot\share\interpreter\linkResolver.cpp, line 826]
Event: 4.180 Thread 0x000001a3d4666dc0 Exception <a 'java/lang/NoSuchMethodError'{0x00000000eb081678}: 'java.lang.Object java.lang.invoke.DirectMethodHandle$Holder.invokeSpecial(java.lang.Object, java.lang.Object, java.lang.Object, int, java.lang.Object, java.lang.Object)'> (0x00000000eb081678) 
thrown [s\src\hotspot\share\interpreter\linkResolver.cpp, line 759]
Event: 4.181 Thread 0x000001a3d4666dc0 Exception <a 'java/lang/NoSuchMethodError'{0x00000000eb089e00}: 'java.lang.Object java.lang.invoke.DirectMethodHandle$Holder.newInvokeSpecial(java.lang.Object, java.lang.Object, java.lang.Object, int, java.lang.Object)'> (0x00000000eb089e00) 
thrown [s\src\hotspot\share\interpreter\linkResolver.cpp, line 759]
Event: 4.181 Thread 0x000001a3d4666dc0 Exception <a 'java/lang/NoSuchMethodError'{0x00000000eb08e258}: 'java.lang.Object java.lang.invoke.DirectMethodHandle$Holder.invokeSpecial(java.lang.Object, java.lang.Object, java.lang.Object, java.lang.Object, int, java.lang.Object)'> (0x00000000eb08e258) 
thrown [s\src\hotspot\share\interpreter\linkResolver.cpp, line 759]
Event: 4.186 Thread 0x000001a3d4a2a5c0 Exception <a 'java/lang/NoSuchMethodError'{0x00000000eafdef88}: 'java.lang.Object java.lang.invoke.DirectMethodHandle$Holder.invokeSpecial(java.lang.Object, java.lang.Object, int, java.lang.Object, java.lang.Object)'> (0x00000000eafdef88) 
thrown [s\src\hotspot\share\interpreter\linkResolver.cpp, line 759]
Event: 4.187 Thread 0x000001a3d4a2a5c0 Exception <a 'java/lang/NoSuchMethodError'{0x00000000eafe6658}: 'java.lang.Object java.lang.invoke.DirectMethodHandle$Holder.newInvokeSpecial(java.lang.Object, java.lang.Object, int, java.lang.Object)'> (0x00000000eafe6658) 
thrown [s\src\hotspot\share\interpreter\linkResolver.cpp, line 759]
Event: 4.187 Thread 0x000001a3d4a2a5c0 Exception <a 'java/lang/NoSuchMethodError'{0x00000000eafea168}: 'java.lang.Object java.lang.invoke.DirectMethodHandle$Holder.invokeSpecial(java.lang.Object, java.lang.Object, java.lang.Object, int, java.lang.Object)'> (0x00000000eafea168) 
thrown [s\src\hotspot\share\interpreter\linkResolver.cpp, line 759]
Event: 4.214 Thread 0x000001a3d4a2a5c0 Exception <a 'java/io/FileNotFoundException'{0x00000000eb1f2018}> (0x00000000eb1f2018) 
thrown [s\src\hotspot\share\prims\jni.cpp, line 516]
Event: 4.813 Thread 0x000001a3d4666dc0 Exception <a 'java/lang/ClassNotFoundException'{0x00000000eafc2e28}: com/sun/org/apache/xerces/internal/impl/msg/spi/DOMMessagesProvider> (0x00000000eafc2e28) 
thrown [s\src\hotspot\share\classfile\systemDictionary.cpp, line 256]
Event: 4.819 Thread 0x000001a3d4666dc0 Exception <a 'java/lang/ClassNotFoundException'{0x00000000eaff75d0}: com/sun/org/apache/xerces/internal/impl/msg/spi/XMLSerializerMessagesProvider> (0x00000000eaff75d0) 
thrown [s\src\hotspot\share\classfile\systemDictionary.cpp, line 256]
Event: 4.820 Thread 0x000001a3d4666dc0 Exception <a 'java/lang/ClassNotFoundException'{0x00000000eb00d358}: com/sun/org/apache/xerces/internal/impl/msg/spi/XMLMessagesProvider> (0x00000000eb00d358) 
thrown [s\src\hotspot\share\classfile\systemDictionary.cpp, line 256]
Event: 4.851 Thread 0x000001a3d4666dc0 Exception <a 'java/lang/NoSuchMethodError'{0x00000000eb0dcae8}: 'void java.lang.invoke.DirectMethodHandle$Holder.invokeVirtual(java.lang.Object, java.lang.Object)'> (0x00000000eb0dcae8) 
thrown [s\src\hotspot\share\interpreter\linkResolver.cpp, line 759]

VM Operations (20 events):
Event: 2.946 Executing VM operation: Cleanup
Event: 2.946 Executing VM operation: Cleanup done
Event: 3.065 Executing VM operation: ParallelGCFailedAllocation
Event: 3.071 Executing VM operation: ParallelGCFailedAllocation done
Event: 3.502 Executing VM operation: HandshakeAllThreads
Event: 3.502 Executing VM operation: HandshakeAllThreads done
Event: 3.728 Executing VM operation: HandshakeAllThreads
Event: 3.728 Executing VM operation: HandshakeAllThreads done
Event: 3.927 Executing VM operation: CollectForMetadataAllocation
Event: 3.951 Executing VM operation: CollectForMetadataAllocation done
Event: 4.201 Executing VM operation: HandshakeAllThreads
Event: 4.201 Executing VM operation: HandshakeAllThreads done
Event: 4.405 Executing VM operation: ParallelGCFailedAllocation
Event: 4.406 Executing VM operation: ParallelGCFailedAllocation done
Event: 4.507 Executing VM operation: HandshakeAllThreads
Event: 4.507 Executing VM operation: HandshakeAllThreads done
Event: 4.736 Executing VM operation: ParallelGCFailedAllocation
Event: 4.737 Executing VM operation: ParallelGCFailedAllocation done
Event: 4.862 Executing VM operation: HandshakeAllThreads
Event: 4.862 Executing VM operation: HandshakeAllThreads done

Events (20 events):
Event: 4.824 loading class com/sun/org/apache/xerces/internal/impl/msg/XMLMessages_ko
Event: 4.824 loading class com/sun/org/apache/xerces/internal/impl/msg/XMLMessages_ko done
Event: 4.830 Thread 0x000001a3d56d0750 Thread added: 0x000001a3d56d0750
Event: 4.833 loading class com/sun/org/apache/xerces/internal/impl/msg/XMLMessages_ko_KR
Event: 4.833 loading class com/sun/org/apache/xerces/internal/impl/msg/XMLMessages_ko_KR done
Event: 4.833 loading class com/sun/org/apache/xerces/internal/impl/msg/XMLMessages_ko_KR
Event: 4.833 loading class com/sun/org/apache/xerces/internal/impl/msg/XMLMessages_ko_KR done
Event: 4.852 Thread 0x000001a3d4a2c930 Thread added: 0x000001a3d4a2c930
Event: 4.861 loading class java/lang/ProcessEnvironment
Event: 4.861 loading class java/lang/ProcessEnvironment done
Event: 4.862 loading class java/lang/ProcessEnvironment$NameComparator
Event: 4.862 loading class java/lang/ProcessEnvironment$NameComparator done
Event: 4.862 loading class java/lang/ProcessEnvironment$EntryComparator
Event: 4.862 loading class java/lang/ProcessEnvironment$EntryComparator done
Event: 4.863 loading class java/lang/ProcessEnvironment$CheckedEntrySet
Event: 4.863 loading class java/lang/ProcessEnvironment$CheckedEntrySet done
Event: 4.863 loading class java/lang/ProcessEnvironment$CheckedEntrySet$1
Event: 4.863 loading class java/lang/ProcessEnvironment$CheckedEntrySet$1 done
Event: 4.863 loading class java/lang/ProcessEnvironment$CheckedEntry
Event: 4.863 loading class java/lang/ProcessEnvironment$CheckedEntry done


Dynamic libraries:
0x00007ff7c44f0000 - 0x00007ff7c44fe000 	c:\Users\admin\AppData\Roaming\Code\User\globalStorage\pleiades.java-extension-pack-jdk\java\17\bin\java.exe
0x00007ffd682b0000 - 0x00007ffd684a8000 	C:\WINDOWS\SYSTEM32\ntdll.dll
0x00007ffd67190000 - 0x00007ffd6724f000 	C:\WINDOWS\System32\KERNEL32.DLL
0x00007ffd65ba0000 - 0x00007ffd65e96000 	C:\WINDOWS\System32\KERNELBASE.dll
0x00007ffd66000000 - 0x00007ffd66100000 	C:\WINDOWS\System32\ucrtbase.dll
0x00007ffd4efb0000 - 0x00007ffd4efc7000 	c:\Users\admin\AppData\Roaming\Code\User\globalStorage\pleiades.java-extension-pack-jdk\java\17\bin\jli.dll
0x00007ffd67aa0000 - 0x00007ffd67c3d000 	C:\WINDOWS\System32\USER32.dll
0x00007ffd65a30000 - 0x00007ffd65a52000 	C:\WINDOWS\System32\win32u.dll
0x00007ffd4ef90000 - 0x00007ffd4efa9000 	c:\Users\admin\AppData\Roaming\Code\User\globalStorage\pleiades.java-extension-pack-jdk\java\17\bin\VCRUNTIME140.dll
0x00007ffd66f90000 - 0x00007ffd66fbc000 	C:\WINDOWS\System32\GDI32.dll
0x00007ffd66100000 - 0x00007ffd66215000 	C:\WINDOWS\System32\gdi32full.dll
0x00007ffd65990000 - 0x00007ffd65a2d000 	C:\WINDOWS\System32\msvcp_win.dll
0x00007ffd55300000 - 0x00007ffd5559a000 	C:\WINDOWS\WinSxS\amd64_microsoft.windows.common-controls_6595b64144ccf1df_6.0.19041.1110_none_60b5254171f9507e\COMCTL32.dll
0x00007ffd66b30000 - 0x00007ffd66bce000 	C:\WINDOWS\System32\msvcrt.dll
0x00007ffd67d60000 - 0x00007ffd67d90000 	C:\WINDOWS\System32\IMM32.DLL
0x00007ffd54880000 - 0x00007ffd5488c000 	c:\Users\admin\AppData\Roaming\Code\User\globalStorage\pleiades.java-extension-pack-jdk\java\17\bin\vcruntime140_1.dll
0x00007ffd20350000 - 0x00007ffd203e1000 	c:\Users\admin\AppData\Roaming\Code\User\globalStorage\pleiades.java-extension-pack-jdk\java\17\bin\msvcp140.dll
0x00007ffceac30000 - 0x00007ffceb87c000 	c:\Users\admin\AppData\Roaming\Code\User\globalStorage\pleiades.java-extension-pack-jdk\java\17\bin\server\jvm.dll
0x00007ffd67f20000 - 0x00007ffd67fcf000 	C:\WINDOWS\System32\ADVAPI32.dll
0x00007ffd67a00000 - 0x00007ffd67a9c000 	C:\WINDOWS\System32\sechost.dll
0x00007ffd66870000 - 0x00007ffd66996000 	C:\WINDOWS\System32\RPCRT4.dll
0x00007ffd64f40000 - 0x00007ffd64f8b000 	C:\WINDOWS\SYSTEM32\POWRPROF.dll
0x00007ffd47b20000 - 0x00007ffd47b29000 	C:\WINDOWS\SYSTEM32\WSOCK32.dll
0x00007ffd67cc0000 - 0x00007ffd67d2b000 	C:\WINDOWS\System32\WS2_32.dll
0x00007ffd40a80000 - 0x00007ffd40aa7000 	C:\WINDOWS\SYSTEM32\WINMM.dll
0x00007ffd5f1d0000 - 0x00007ffd5f1da000 	C:\WINDOWS\SYSTEM32\VERSION.dll
0x00007ffd64db0000 - 0x00007ffd64dc2000 	C:\WINDOWS\SYSTEM32\UMPDC.dll
0x00007ffd64210000 - 0x00007ffd64222000 	C:\WINDOWS\SYSTEM32\kernel.appcore.dll
0x00007ffd547d0000 - 0x00007ffd547da000 	c:\Users\admin\AppData\Roaming\Code\User\globalStorage\pleiades.java-extension-pack-jdk\java\17\bin\jimage.dll
0x00007ffd63ee0000 - 0x00007ffd640c4000 	C:\WINDOWS\SYSTEM32\DBGHELP.DLL
0x00007ffd55990000 - 0x00007ffd559c4000 	C:\WINDOWS\SYSTEM32\dbgcore.DLL
0x00007ffd65a60000 - 0x00007ffd65ae2000 	C:\WINDOWS\System32\bcryptPrimitives.dll
0x00007ffd547a0000 - 0x00007ffd547ae000 	c:\Users\admin\AppData\Roaming\Code\User\globalStorage\pleiades.java-extension-pack-jdk\java\17\bin\instrument.dll
0x00007ffd43950000 - 0x00007ffd43975000 	c:\Users\admin\AppData\Roaming\Code\User\globalStorage\pleiades.java-extension-pack-jdk\java\17\bin\java.dll
0x00007ffd1e680000 - 0x00007ffd1e756000 	c:\Users\admin\AppData\Roaming\Code\User\globalStorage\pleiades.java-extension-pack-jdk\java\17\bin\jsvml.dll
0x00007ffd67250000 - 0x00007ffd67994000 	C:\WINDOWS\System32\SHELL32.dll
0x00007ffd63730000 - 0x00007ffd63ec3000 	C:\WINDOWS\SYSTEM32\windows.storage.dll
0x00007ffd66bd0000 - 0x00007ffd66f24000 	C:\WINDOWS\System32\combase.dll
0x00007ffd653d0000 - 0x00007ffd653fe000 	C:\WINDOWS\SYSTEM32\Wldp.dll
0x00007ffd67fd0000 - 0x00007ffd6807d000 	C:\WINDOWS\System32\SHCORE.dll
0x00007ffd66810000 - 0x00007ffd66865000 	C:\WINDOWS\System32\shlwapi.dll
0x00007ffd658c0000 - 0x00007ffd658e5000 	C:\WINDOWS\SYSTEM32\profapi.dll
0x00007ffd44400000 - 0x00007ffd44418000 	c:\Users\admin\AppData\Roaming\Code\User\globalStorage\pleiades.java-extension-pack-jdk\java\17\bin\zip.dll
0x00007ffd43610000 - 0x00007ffd43629000 	C:\Users\admin\AppData\Roaming\Code\User\globalStorage\pleiades.java-extension-pack-jdk\java\17\bin\net.dll
0x00007ffd5cc60000 - 0x00007ffd5cd6a000 	C:\WINDOWS\SYSTEM32\WINHTTP.dll
0x00007ffd65130000 - 0x00007ffd6519a000 	C:\WINDOWS\system32\mswsock.dll
0x00007ffd42fa0000 - 0x00007ffd42fb5000 	C:\Users\admin\AppData\Roaming\Code\User\globalStorage\pleiades.java-extension-pack-jdk\java\17\bin\nio.dll
0x00007ffd538e0000 - 0x00007ffd538f0000 	c:\Users\admin\AppData\Roaming\Code\User\globalStorage\pleiades.java-extension-pack-jdk\java\17\bin\verify.dll
0x00007ffd36d60000 - 0x00007ffd36d9e000 	C:\Users\admin\AppData\Roaming\Code\User\globalStorage\redhat.java\1.21.0\config_ss_win\org.eclipse.equinox.launcher\org.eclipse.equinox.launcher.win32.win32.x86_64_1.2.700.v20221108-1024\eclipse_11801.dll
0x00007ffd67d90000 - 0x00007ffd67eba000 	C:\WINDOWS\System32\ole32.dll

dbghelp: loaded successfully - version: 4.0.5 - missing functions: none
symbol engine: initialized successfully - sym options: 0x614 - pdb path: .;c:\Users\admin\AppData\Roaming\Code\User\globalStorage\pleiades.java-extension-pack-jdk\java\17\bin;C:\WINDOWS\SYSTEM32;C:\WINDOWS\WinSxS\amd64_microsoft.windows.common-controls_6595b64144ccf1df_6.0.19041.1110_none_60b5254171f9507e;c:\Users\admin\AppData\Roaming\Code\User\globalStorage\pleiades.java-extension-pack-jdk\java\17\bin\server;C:\Users\admin\AppData\Roaming\Code\User\globalStorage\redhat.java\1.21.0\config_ss_win\org.eclipse.equinox.launcher\org.eclipse.equinox.launcher.win32.win32.x86_64_1.2.700.v20221108-1024

VM Arguments:
jvm_args: --add-modules=ALL-SYSTEM --add-opens=java.base/java.util=ALL-UNNAMED --add-opens=java.base/java.lang=ALL-UNNAMED --add-opens=java.base/sun.nio.fs=ALL-UNNAMED -Declipse.application=org.eclipse.jdt.ls.core.id1 -Dosgi.bundles.defaultStartLevel=4 -Declipse.product=org.eclipse.jdt.ls.core.product -Djava.import.generatesMetadataFilesAtProjectRoot=false -Dfile.encoding=utf8 -XX:+UseParallelGC -XX:GCTimeRatio=4 -XX:AdaptiveSizePolicyWeight=90 -Dsun.zip.disableMemoryMapping=true -Xmx1G -Xms100m -Xlog:disable -javaagent:c:\Users\admin\.vscode\extensions\redhat.java-1.21.0-win32-x64\lombok\lombok-1.18.28.jar 
java_command: c:\Users\admin\.vscode\extensions\redhat.java-1.21.0-win32-x64\server\plugins\org.eclipse.equinox.launcher_1.6.500.v20230717-2134.jar -configuration c:\Users\admin\AppData\Roaming\Code\User\globalStorage\redhat.java\1.21.0\config_ss_win -data c:\Users\admin\AppData\Roaming\Code\User\workspaceStorage\0de9fda288e954dfd67d7ebf2119b05c\redhat.java\ss_ws
java_class_path (initial): c:\Users\admin\.vscode\extensions\redhat.java-1.21.0-win32-x64\server\plugins\org.eclipse.equinox.launcher_1.6.500.v20230717-2134.jar
Launcher Type: SUN_STANDARD

[Global flags]
    uintx AdaptiveSizePolicyWeight                 = 90                                        {product} {command line}
     intx CICompilerCount                          = 4                                         {product} {ergonomic}
    uintx GCTimeRatio                              = 4                                         {product} {command line}
   size_t InitialHeapSize                          = 104857600                                 {product} {command line}
   size_t MaxHeapSize                              = 1073741824                                {product} {command line}
   size_t MaxNewSize                               = 357564416                                 {product} {ergonomic}
   size_t MinHeapDeltaBytes                        = 524288                                    {product} {ergonomic}
   size_t MinHeapSize                              = 104857600                                 {product} {command line}
   size_t NewSize                                  = 34603008                                  {product} {ergonomic}
    uintx NonNMethodCodeHeapSize                   = 5839372                                {pd product} {ergonomic}
    uintx NonProfiledCodeHeapSize                  = 122909434                              {pd product} {ergonomic}
   size_t OldSize                                  = 70254592                                  {product} {ergonomic}
    uintx ProfiledCodeHeapSize                     = 122909434                              {pd product} {ergonomic}
    uintx ReservedCodeCacheSize                    = 251658240                              {pd product} {ergonomic}
     bool SegmentedCodeCache                       = true                                      {product} {ergonomic}
   size_t SoftMaxHeapSize                          = 1073741824                             {manageable} {ergonomic}
     bool UseCompressedClassPointers               = true                           {product lp64_product} {ergonomic}
     bool UseCompressedOops                        = true                           {product lp64_product} {ergonomic}
     bool UseLargePagesIndividualAllocation        = false                                  {pd product} {ergonomic}
     bool UseParallelGC                            = true                                      {product} {command line}

Logging:
Log output configuration:
 #0: stdout all=off uptime,level,tags
 #1: stderr all=off uptime,level,tags

Environment Variables:
JAVA_HOME=C:\Users\admin\Desktop\soobin\tool\jdk\openjdk-11_windows-x64_bin\jdk-11
CLASSPATH=C:\Users\admin\Desktop\soobin\tool\jdk\openjdk-11_windows-x64_bin\jdk-11\lib
PATH=C:\CUBRID\bin\;C:\WINDOWS\system32;C:\WINDOWS;C:\WINDOWS\System32\Wbem;C:\WINDOWS\System32\WindowsPowerShell\v1.0\;C:\WINDOWS\System32\OpenSSH\;C:\Program Files\Bandizip\;C:\Users\admin\Desktop\soobin\tool\jdk\openjdk-11_windows-x64_bin\jdk-11\bin;C:\dev\Git\cmd;C:\dev\nodejs\;C:\Users\admin\AppData\Local\Microsoft\WindowsApps;;C:\dev\Microsoft VS Code\bin;C:\Users\admin\AppData\Roaming\npm
USERNAME=admin
OS=Windows_NT
PROCESSOR_IDENTIFIER=Intel64 Family 6 Model 126 Stepping 5, GenuineIntel
TMP=C:\Users\admin\AppData\Local\Temp
TEMP=C:\Users\admin\AppData\Local\Temp



---------------  S Y S T E M  ---------------

OS:
 Windows 10 , 64 bit Build 19041 (10.0.19041.3155)
OS uptime: 33 days 18:28 hours

CPU: total 8 (initial active 8) (4 cores per cpu, 2 threads per core) family 6 model 126 stepping 5 microcode 0x56, cx8, cmov, fxsr, ht, mmx, 3dnowpref, sse, sse2, sse3, ssse3, sse4.1, sse4.2, popcnt, lzcnt, tsc, tscinvbit, avx, avx2, aes, erms, clmul, bmi1, bmi2, adx, avx512f, avx512dq, avx512cd, avx512bw, avx512vl, sha, fma, vzeroupper, avx512_vpopcntdq, avx512_vpclmulqdq, avx512_vaes, avx512_vnni, clflush, clflushopt, avx512_vbmi2, avx512_vbmi
Processor Information for all 8 processors :
  Max Mhz: 1190, Current Mhz: 991, Mhz Limit: 987

Memory: 4k page, system-wide physical 16165M (1822M free)
TotalPageFile size 46608M (AvailPageFile size 7M)
current process WorkingSet (physical memory assigned to process): 126M, peak: 128M
current process commit charge ("private bytes"): 240M, peak: 242M

vm_info: OpenJDK 64-Bit Server VM (17.0.8+7) for windows-amd64 JRE (17.0.8+7), built on Jul 18 2023 21:02:32 by "admin" with MS VC++ 16.7 (VS2019)

END.
