#
# There is insufficient memory for the Java Runtime Environment to continue.
# Native memory allocation (malloc) failed to allocate 1413296 bytes for Chunk::new
# Possible reasons:
#   The system is out of physical RAM or swap space
#   The process is running with CompressedOops enabled, and the Java Heap may be blocking the growth of the native heap
# Possible solutions:
#   Reduce memory load on the system
#   Increase physical memory or swap space
#   Check if swap backing store is full
#   Decrease Java heap size (-Xmx/-Xms)
#   Decrease number of Java threads
#   Decrease Java thread stack sizes (-Xss)
#   Set larger code cache with -XX:ReservedCodeCacheSize=
#   JVM is running with Zero Based Compressed Oops mode in which the Java heap is
#     placed in the first 32GB address space. The Java Heap base address is the
#     maximum limit for the native heap growth. Please use -XX:HeapBaseMinAddress
#     to set the Java Heap base and to place the Java Heap above 32GB virtual address.
# This output file may be truncated or incomplete.
#
#  Out of Memory Error (arena.cpp:184), pid=2608, tid=23372
#
# JRE version: OpenJDK Runtime Environment Temurin-20.0.1+9 (20.0.1+9) (build 20.0.1+9)
# Java VM: OpenJDK 64-Bit Server VM Temurin-20.0.1+9 (20.0.1+9, mixed mode, sharing, tiered, compressed oops, compressed class ptrs, g1 gc, windows-amd64)
# No core dump will be written. Minidumps are not enabled by default on client versions of Windows
#

---------------  S U M M A R Y ------------

Command Line: -ea -XX:+ShowCodeDetailsInExceptionMessages -Dfile.encoding=UTF-8 org.eclipse.jdt.internal.junit.runner.RemoteTestRunner -version 3 -port 55009 -testLoaderClass org.eclipse.jdt.internal.junit5.runner.JUnit5TestLoader -loaderpluginname org.eclipse.jdt.junit5.runtime -test com.prac.jpa.JpaPjtApplicationTests:findAllTest

Host: Intel(R) Core(TM) i5-1035G1 CPU @ 1.00GHz, 8 cores, 15G,  Windows 10 , 64 bit Build 19041 (10.0.19041.3155)
Time: Tue Sep 12 12:58:17 2023  Windows 10 , 64 bit Build 19041 (10.0.19041.3155) elapsed time: 1.695285 seconds (0d 0h 0m 1s)

---------------  T H R E A D  ---------------

Current thread (0x0000024049111a20):  JavaThread "C2 CompilerThread0" daemon [_thread_in_native, id=23372, stack(0x0000004788400000,0x0000004788500000)]


Current CompileTask:
C2:   1695 2193       4       java.lang.invoke.MethodType::methodType (69 bytes)

Stack: [0x0000004788400000,0x0000004788500000]
Native frames: (J=compiled Java code, j=interpreted, Vv=VM code, C=native code)
V  [jvm.dll+0x6c44aa]
V  [jvm.dll+0x8a27fc]
V  [jvm.dll+0x8a4405]
V  [jvm.dll+0x8a4b03]
V  [jvm.dll+0x284a4f]
V  [jvm.dll+0xc4ad1]
V  [jvm.dll+0xc4de5]
V  [jvm.dll+0x3c1201]
V  [jvm.dll+0x38b637]
V  [jvm.dll+0x38aaba]
V  [jvm.dll+0x24ea3b]
V  [jvm.dll+0x24de31]
V  [jvm.dll+0x1d09c1]
V  [jvm.dll+0x25d75b]
V  [jvm.dll+0x25be40]
V  [jvm.dll+0x3f8f05]
V  [jvm.dll+0x84e976]
V  [jvm.dll+0x6c310b]
C  [ucrtbase.dll+0x21bb2]
C  [KERNEL32.DLL+0x17614]
C  [ntdll.dll+0x526b1]


---------------  P R O C E S S  ---------------

Threads class SMR info:
_java_thread_list=0x000002404e52d0a0, length=14, elements={
0x000002402992fc80, 0x00000240490ffd70, 0x0000024049100810, 0x0000024049102350,
0x0000024049103ca0, 0x0000024049105000, 0x00000240491070f0, 0x0000024049111a20,
0x0000024049113120, 0x000002404d514f00, 0x000002404d51d330, 0x0000024049114cf0,
0x000002404daaaeb0, 0x000002404e4738f0
}

Java Threads: ( => current thread )
  0x000002402992fc80 JavaThread "main" [_thread_blocked, id=29748, stack(0x0000004787700000,0x0000004787800000)]
  0x00000240490ffd70 JavaThread "Reference Handler" daemon [_thread_blocked, id=27320, stack(0x0000004787e00000,0x0000004787f00000)]
  0x0000024049100810 JavaThread "Finalizer" daemon [_thread_blocked, id=11204, stack(0x0000004787f00000,0x0000004788000000)]
  0x0000024049102350 JavaThread "Signal Dispatcher" daemon [_thread_blocked, id=25832, stack(0x0000004788000000,0x0000004788100000)]
  0x0000024049103ca0 JavaThread "Attach Listener" daemon [_thread_blocked, id=4728, stack(0x0000004788100000,0x0000004788200000)]
  0x0000024049105000 JavaThread "Service Thread" daemon [_thread_blocked, id=7340, stack(0x0000004788200000,0x0000004788300000)]
  0x00000240491070f0 JavaThread "Monitor Deflation Thread" daemon [_thread_blocked, id=23232, stack(0x0000004788300000,0x0000004788400000)]
=>0x0000024049111a20 JavaThread "C2 CompilerThread0" daemon [_thread_in_native, id=23372, stack(0x0000004788400000,0x0000004788500000)]
  0x0000024049113120 JavaThread "C1 CompilerThread0" daemon [_thread_blocked, id=30740, stack(0x0000004788500000,0x0000004788600000)]
  0x000002404d514f00 JavaThread "Notification Thread" daemon [_thread_blocked, id=17972, stack(0x0000004788600000,0x0000004788700000)]
  0x000002404d51d330 JavaThread "Common-Cleaner" daemon [_thread_blocked, id=24316, stack(0x0000004788800000,0x0000004788900000)]
  0x0000024049114cf0 JavaThread "C2 CompilerThread1" daemon [_thread_blocked, id=28332, stack(0x0000004788900000,0x0000004788a00000)]
  0x000002404daaaeb0 JavaThread "ReaderThread" [_thread_in_native, id=14992, stack(0x0000004788a00000,0x0000004788b00000)]
  0x000002404e4738f0 JavaThread "background-preinit" [_thread_blocked, id=11300, stack(0x0000004789200000,0x0000004789300000)]

Other Threads:
  0x00000240490dddc0 VMThread "VM Thread" [stack: 0x0000004787d00000,0x0000004787e00000] [id=8748] _threads_hazard_ptr=0x000002404e52d0a0
  0x000002404d517a70 WatcherThread "VM Periodic Task Thread" [stack: 0x0000004788700000,0x0000004788800000] [id=5104]
  0x00000240299b2c00 WorkerThread "GC Thread#0" [stack: 0x0000004787800000,0x0000004787900000] [id=28244]
  0x000002404dd84790 WorkerThread "GC Thread#1" [stack: 0x0000004788b00000,0x0000004788c00000] [id=9604]
  0x000002404e14f740 WorkerThread "GC Thread#2" [stack: 0x0000004788c00000,0x0000004788d00000] [id=2428]
  0x000002404e14fa10 WorkerThread "GC Thread#3" [stack: 0x0000004788d00000,0x0000004788e00000] [id=7696]
  0x000002404e2139f0 WorkerThread "GC Thread#4" [stack: 0x0000004788e00000,0x0000004788f00000] [id=8316]
  0x000002404e213cc0 WorkerThread "GC Thread#5" [stack: 0x0000004788f00000,0x0000004789000000] [id=7768]
  0x000002404e2120a0 WorkerThread "GC Thread#6" [stack: 0x0000004789000000,0x0000004789100000] [id=29800]
  0x000002404e212370 WorkerThread "GC Thread#7" [stack: 0x0000004789100000,0x0000004789200000] [id=29368]
  0x00000240299c36b0 ConcurrentGCThread "G1 Main Marker" [stack: 0x0000004787900000,0x0000004787a00000] [id=5072]
  0x00000240299c4190 WorkerThread "G1 Conc#0" [stack: 0x0000004787a00000,0x0000004787b00000] [id=13512]
  0x00000240299fe980 ConcurrentGCThread "G1 Refine#0" [stack: 0x0000004787b00000,0x0000004787c00000] [id=25532]
  0x0000024048f9b970 ConcurrentGCThread "G1 Service" [stack: 0x0000004787c00000,0x0000004787d00000] [id=22856]

Threads with active compile tasks:
C2 CompilerThread0     1712 2193       4       java.lang.invoke.MethodType::methodType (69 bytes)
C1 CompilerThread0     1712 2270       3       java.lang.reflect.AccessibleObject::verifyAccess (55 bytes)
C2 CompilerThread1     1712 2259       4       sun.util.locale.LocaleUtils::toLowerString (95 bytes)

VM state: synchronizing (normal execution)

VM Mutex/Monitor currently owned by a thread:  ([mutex/lock_event])
[0x0000024029931630] Threads_lock - owner thread: 0x00000240490dddc0

Heap address: 0x0000000703600000, size: 4042 MB, Compressed Oops mode: Zero based, Oop shift amount: 3

CDS archive(s) mapped at: [0x0000000800000000-0x0000000800c60000-0x0000000800c60000), size 12976128, SharedBaseAddress: 0x0000000800000000, ArchiveRelocationMode: 0.
Compressed class space mapped at: 0x0000000801000000-0x0000000841000000, reserved size: 1073741824
Narrow klass base: 0x0000000800000000, Narrow klass shift: 0, Narrow klass range: 0x100000000

GC Precious Log:
 CardTable entry size: 512
 Card Set container configuration: InlinePtr #cards 4 size 8 Array Of Cards #cards 16 size 48 Howl #buckets 8 coarsen threshold 3686 Howl Bitmap #cards 512 size 80 coarsen threshold 460 Card regions per heap region 1 cards per card region 4096
 CPUs: 8 total, 8 available
 Memory: 16165M
 Large Page Support: Disabled
 NUMA Support: Disabled
 Compressed Oops: Enabled (Zero based)
 Heap Region Size: 2M
 Heap Min Capacity: 8M
 Heap Initial Capacity: 254M
 Heap Max Capacity: 4042M
 Pre-touch: Disabled
 Parallel Workers: 8
 Concurrent Workers: 2
 Concurrent Refinement Workers: 8
 Periodic GC: Disabled

Heap:
 garbage-first heap   total 260096K, used 25553K [0x0000000703600000, 0x0000000800000000)
  region size 2048K, 11 young (22528K), 2 survivors (4096K)
 Metaspace       used 15880K, committed 16128K, reserved 1114112K
  class space    used 2008K, committed 2112K, reserved 1048576K

Heap Regions: E=young(eden), S=young(survivor), O=old, HS=humongous(starts), HC=humongous(continues), CS=collection set, F=free, OA=open archive, CA=closed archive, TAMS=top-at-mark-start, PB=parsable bottom
|   0|0x0000000703600000, 0x0000000703800000, 0x0000000703800000|100%| O|  |TAMS 0x0000000703600000| PB 0x0000000703600000| Untracked 
|   1|0x0000000703800000, 0x0000000703a00000, 0x0000000703a00000|100%| O|  |TAMS 0x0000000703800000| PB 0x0000000703800000| Untracked 
|   2|0x0000000703a00000, 0x0000000703c00000, 0x0000000703c00000|100%| O|  |TAMS 0x0000000703a00000| PB 0x0000000703a00000| Untracked 
|   3|0x0000000703c00000, 0x0000000703c16c00, 0x0000000703e00000|  4%| O|  |TAMS 0x0000000703c00000| PB 0x0000000703c00000| Untracked 
|   4|0x0000000703e00000, 0x0000000703e00000, 0x0000000704000000|  0%| F|  |TAMS 0x0000000703e00000| PB 0x0000000703e00000| Untracked 
|   5|0x0000000704000000, 0x0000000704000000, 0x0000000704200000|  0%| F|  |TAMS 0x0000000704000000| PB 0x0000000704000000| Untracked 
|   6|0x0000000704200000, 0x0000000704200000, 0x0000000704400000|  0%| F|  |TAMS 0x0000000704200000| PB 0x0000000704200000| Untracked 
|   7|0x0000000704400000, 0x0000000704400000, 0x0000000704600000|  0%| F|  |TAMS 0x0000000704400000| PB 0x0000000704400000| Untracked 
|   8|0x0000000704600000, 0x0000000704600000, 0x0000000704800000|  0%| F|  |TAMS 0x0000000704600000| PB 0x0000000704600000| Untracked 
|   9|0x0000000704800000, 0x0000000704800000, 0x0000000704a00000|  0%| F|  |TAMS 0x0000000704800000| PB 0x0000000704800000| Untracked 
|  10|0x0000000704a00000, 0x0000000704a00000, 0x0000000704c00000|  0%| F|  |TAMS 0x0000000704a00000| PB 0x0000000704a00000| Untracked 
|  11|0x0000000704c00000, 0x0000000704c00000, 0x0000000704e00000|  0%| F|  |TAMS 0x0000000704c00000| PB 0x0000000704c00000| Untracked 
|  12|0x0000000704e00000, 0x0000000704e00000, 0x0000000705000000|  0%| F|  |TAMS 0x0000000704e00000| PB 0x0000000704e00000| Untracked 
|  13|0x0000000705000000, 0x0000000705000000, 0x0000000705200000|  0%| F|  |TAMS 0x0000000705000000| PB 0x0000000705000000| Untracked 
|  14|0x0000000705200000, 0x0000000705200000, 0x0000000705400000|  0%| F|  |TAMS 0x0000000705200000| PB 0x0000000705200000| Untracked 
|  15|0x0000000705400000, 0x0000000705400000, 0x0000000705600000|  0%| F|  |TAMS 0x0000000705400000| PB 0x0000000705400000| Untracked 
|  16|0x0000000705600000, 0x0000000705600000, 0x0000000705800000|  0%| F|  |TAMS 0x0000000705600000| PB 0x0000000705600000| Untracked 
|  17|0x0000000705800000, 0x0000000705800000, 0x0000000705a00000|  0%| F|  |TAMS 0x0000000705800000| PB 0x0000000705800000| Untracked 
|  18|0x0000000705a00000, 0x0000000705a00000, 0x0000000705c00000|  0%| F|  |TAMS 0x0000000705a00000| PB 0x0000000705a00000| Untracked 
|  19|0x0000000705c00000, 0x0000000705c00000, 0x0000000705e00000|  0%| F|  |TAMS 0x0000000705c00000| PB 0x0000000705c00000| Untracked 
|  20|0x0000000705e00000, 0x0000000705e00000, 0x0000000706000000|  0%| F|  |TAMS 0x0000000705e00000| PB 0x0000000705e00000| Untracked 
|  21|0x0000000706000000, 0x0000000706000000, 0x0000000706200000|  0%| F|  |TAMS 0x0000000706000000| PB 0x0000000706000000| Untracked 
|  22|0x0000000706200000, 0x0000000706200000, 0x0000000706400000|  0%| F|  |TAMS 0x0000000706200000| PB 0x0000000706200000| Untracked 
|  23|0x0000000706400000, 0x0000000706400000, 0x0000000706600000|  0%| F|  |TAMS 0x0000000706400000| PB 0x0000000706400000| Untracked 
|  24|0x0000000706600000, 0x0000000706600000, 0x0000000706800000|  0%| F|  |TAMS 0x0000000706600000| PB 0x0000000706600000| Untracked 
|  25|0x0000000706800000, 0x0000000706800000, 0x0000000706a00000|  0%| F|  |TAMS 0x0000000706800000| PB 0x0000000706800000| Untracked 
|  26|0x0000000706a00000, 0x0000000706a00000, 0x0000000706c00000|  0%| F|  |TAMS 0x0000000706a00000| PB 0x0000000706a00000| Untracked 
|  27|0x0000000706c00000, 0x0000000706c00000, 0x0000000706e00000|  0%| F|  |TAMS 0x0000000706c00000| PB 0x0000000706c00000| Untracked 
|  28|0x0000000706e00000, 0x0000000706e00000, 0x0000000707000000|  0%| F|  |TAMS 0x0000000706e00000| PB 0x0000000706e00000| Untracked 
|  29|0x0000000707000000, 0x0000000707000000, 0x0000000707200000|  0%| F|  |TAMS 0x0000000707000000| PB 0x0000000707000000| Untracked 
|  30|0x0000000707200000, 0x0000000707200000, 0x0000000707400000|  0%| F|  |TAMS 0x0000000707200000| PB 0x0000000707200000| Untracked 
|  31|0x0000000707400000, 0x0000000707400000, 0x0000000707600000|  0%| F|  |TAMS 0x0000000707400000| PB 0x0000000707400000| Untracked 
|  32|0x0000000707600000, 0x0000000707600000, 0x0000000707800000|  0%| F|  |TAMS 0x0000000707600000| PB 0x0000000707600000| Untracked 
|  33|0x0000000707800000, 0x0000000707800000, 0x0000000707a00000|  0%| F|  |TAMS 0x0000000707800000| PB 0x0000000707800000| Untracked 
|  34|0x0000000707a00000, 0x0000000707a00000, 0x0000000707c00000|  0%| F|  |TAMS 0x0000000707a00000| PB 0x0000000707a00000| Untracked 
|  35|0x0000000707c00000, 0x0000000707c00000, 0x0000000707e00000|  0%| F|  |TAMS 0x0000000707c00000| PB 0x0000000707c00000| Untracked 
|  36|0x0000000707e00000, 0x0000000707e00000, 0x0000000708000000|  0%| F|  |TAMS 0x0000000707e00000| PB 0x0000000707e00000| Untracked 
|  37|0x0000000708000000, 0x0000000708000000, 0x0000000708200000|  0%| F|  |TAMS 0x0000000708000000| PB 0x0000000708000000| Untracked 
|  38|0x0000000708200000, 0x0000000708200000, 0x0000000708400000|  0%| F|  |TAMS 0x0000000708200000| PB 0x0000000708200000| Untracked 
|  39|0x0000000708400000, 0x0000000708400000, 0x0000000708600000|  0%| F|  |TAMS 0x0000000708400000| PB 0x0000000708400000| Untracked 
|  40|0x0000000708600000, 0x0000000708600000, 0x0000000708800000|  0%| F|  |TAMS 0x0000000708600000| PB 0x0000000708600000| Untracked 
|  41|0x0000000708800000, 0x0000000708800000, 0x0000000708a00000|  0%| F|  |TAMS 0x0000000708800000| PB 0x0000000708800000| Untracked 
|  42|0x0000000708a00000, 0x0000000708a00000, 0x0000000708c00000|  0%| F|  |TAMS 0x0000000708a00000| PB 0x0000000708a00000| Untracked 
|  43|0x0000000708c00000, 0x0000000708c00000, 0x0000000708e00000|  0%| F|  |TAMS 0x0000000708c00000| PB 0x0000000708c00000| Untracked 
|  44|0x0000000708e00000, 0x0000000708e00000, 0x0000000709000000|  0%| F|  |TAMS 0x0000000708e00000| PB 0x0000000708e00000| Untracked 
|  45|0x0000000709000000, 0x0000000709000000, 0x0000000709200000|  0%| F|  |TAMS 0x0000000709000000| PB 0x0000000709000000| Untracked 
|  46|0x0000000709200000, 0x0000000709200000, 0x0000000709400000|  0%| F|  |TAMS 0x0000000709200000| PB 0x0000000709200000| Untracked 
|  47|0x0000000709400000, 0x0000000709400000, 0x0000000709600000|  0%| F|  |TAMS 0x0000000709400000| PB 0x0000000709400000| Untracked 
|  48|0x0000000709600000, 0x0000000709600000, 0x0000000709800000|  0%| F|  |TAMS 0x0000000709600000| PB 0x0000000709600000| Untracked 
|  49|0x0000000709800000, 0x0000000709800000, 0x0000000709a00000|  0%| F|  |TAMS 0x0000000709800000| PB 0x0000000709800000| Untracked 
|  50|0x0000000709a00000, 0x0000000709a00000, 0x0000000709c00000|  0%| F|  |TAMS 0x0000000709a00000| PB 0x0000000709a00000| Untracked 
|  51|0x0000000709c00000, 0x0000000709c00000, 0x0000000709e00000|  0%| F|  |TAMS 0x0000000709c00000| PB 0x0000000709c00000| Untracked 
|  52|0x0000000709e00000, 0x0000000709e00000, 0x000000070a000000|  0%| F|  |TAMS 0x0000000709e00000| PB 0x0000000709e00000| Untracked 
|  53|0x000000070a000000, 0x000000070a000000, 0x000000070a200000|  0%| F|  |TAMS 0x000000070a000000| PB 0x000000070a000000| Untracked 
|  54|0x000000070a200000, 0x000000070a200000, 0x000000070a400000|  0%| F|  |TAMS 0x000000070a200000| PB 0x000000070a200000| Untracked 
|  55|0x000000070a400000, 0x000000070a400000, 0x000000070a600000|  0%| F|  |TAMS 0x000000070a400000| PB 0x000000070a400000| Untracked 
|  56|0x000000070a600000, 0x000000070a600000, 0x000000070a800000|  0%| F|  |TAMS 0x000000070a600000| PB 0x000000070a600000| Untracked 
|  57|0x000000070a800000, 0x000000070a800000, 0x000000070aa00000|  0%| F|  |TAMS 0x000000070a800000| PB 0x000000070a800000| Untracked 
|  58|0x000000070aa00000, 0x000000070aa00000, 0x000000070ac00000|  0%| F|  |TAMS 0x000000070aa00000| PB 0x000000070aa00000| Untracked 
|  59|0x000000070ac00000, 0x000000070ac00000, 0x000000070ae00000|  0%| F|  |TAMS 0x000000070ac00000| PB 0x000000070ac00000| Untracked 
|  60|0x000000070ae00000, 0x000000070ae00000, 0x000000070b000000|  0%| F|  |TAMS 0x000000070ae00000| PB 0x000000070ae00000| Untracked 
|  61|0x000000070b000000, 0x000000070b000000, 0x000000070b200000|  0%| F|  |TAMS 0x000000070b000000| PB 0x000000070b000000| Untracked 
|  62|0x000000070b200000, 0x000000070b200000, 0x000000070b400000|  0%| F|  |TAMS 0x000000070b200000| PB 0x000000070b200000| Untracked 
|  63|0x000000070b400000, 0x000000070b400000, 0x000000070b600000|  0%| F|  |TAMS 0x000000070b400000| PB 0x000000070b400000| Untracked 
|  64|0x000000070b600000, 0x000000070b600000, 0x000000070b800000|  0%| F|  |TAMS 0x000000070b600000| PB 0x000000070b600000| Untracked 
|  65|0x000000070b800000, 0x000000070b800000, 0x000000070ba00000|  0%| F|  |TAMS 0x000000070b800000| PB 0x000000070b800000| Untracked 
|  66|0x000000070ba00000, 0x000000070ba00000, 0x000000070bc00000|  0%| F|  |TAMS 0x000000070ba00000| PB 0x000000070ba00000| Untracked 
|  67|0x000000070bc00000, 0x000000070bc00000, 0x000000070be00000|  0%| F|  |TAMS 0x000000070bc00000| PB 0x000000070bc00000| Untracked 
|  68|0x000000070be00000, 0x000000070be00000, 0x000000070c000000|  0%| F|  |TAMS 0x000000070be00000| PB 0x000000070be00000| Untracked 
|  69|0x000000070c000000, 0x000000070c000000, 0x000000070c200000|  0%| F|  |TAMS 0x000000070c000000| PB 0x000000070c000000| Untracked 
|  70|0x000000070c200000, 0x000000070c200000, 0x000000070c400000|  0%| F|  |TAMS 0x000000070c200000| PB 0x000000070c200000| Untracked 
|  71|0x000000070c400000, 0x000000070c400000, 0x000000070c600000|  0%| F|  |TAMS 0x000000070c400000| PB 0x000000070c400000| Untracked 
|  72|0x000000070c600000, 0x000000070c600000, 0x000000070c800000|  0%| F|  |TAMS 0x000000070c600000| PB 0x000000070c600000| Untracked 
|  73|0x000000070c800000, 0x000000070c800000, 0x000000070ca00000|  0%| F|  |TAMS 0x000000070c800000| PB 0x000000070c800000| Untracked 
|  74|0x000000070ca00000, 0x000000070ca00000, 0x000000070cc00000|  0%| F|  |TAMS 0x000000070ca00000| PB 0x000000070ca00000| Untracked 
|  75|0x000000070cc00000, 0x000000070cc00000, 0x000000070ce00000|  0%| F|  |TAMS 0x000000070cc00000| PB 0x000000070cc00000| Untracked 
|  76|0x000000070ce00000, 0x000000070ce00000, 0x000000070d000000|  0%| F|  |TAMS 0x000000070ce00000| PB 0x000000070ce00000| Untracked 
|  77|0x000000070d000000, 0x000000070d000000, 0x000000070d200000|  0%| F|  |TAMS 0x000000070d000000| PB 0x000000070d000000| Untracked 
|  78|0x000000070d200000, 0x000000070d200000, 0x000000070d400000|  0%| F|  |TAMS 0x000000070d200000| PB 0x000000070d200000| Untracked 
|  79|0x000000070d400000, 0x000000070d400000, 0x000000070d600000|  0%| F|  |TAMS 0x000000070d400000| PB 0x000000070d400000| Untracked 
|  80|0x000000070d600000, 0x000000070d600000, 0x000000070d800000|  0%| F|  |TAMS 0x000000070d600000| PB 0x000000070d600000| Untracked 
|  81|0x000000070d800000, 0x000000070d800000, 0x000000070da00000|  0%| F|  |TAMS 0x000000070d800000| PB 0x000000070d800000| Untracked 
|  82|0x000000070da00000, 0x000000070da00000, 0x000000070dc00000|  0%| F|  |TAMS 0x000000070da00000| PB 0x000000070da00000| Untracked 
|  83|0x000000070dc00000, 0x000000070dc00000, 0x000000070de00000|  0%| F|  |TAMS 0x000000070dc00000| PB 0x000000070dc00000| Untracked 
|  84|0x000000070de00000, 0x000000070de00000, 0x000000070e000000|  0%| F|  |TAMS 0x000000070de00000| PB 0x000000070de00000| Untracked 
|  85|0x000000070e000000, 0x000000070e000000, 0x000000070e200000|  0%| F|  |TAMS 0x000000070e000000| PB 0x000000070e000000| Untracked 
|  86|0x000000070e200000, 0x000000070e200000, 0x000000070e400000|  0%| F|  |TAMS 0x000000070e200000| PB 0x000000070e200000| Untracked 
|  87|0x000000070e400000, 0x000000070e400000, 0x000000070e600000|  0%| F|  |TAMS 0x000000070e400000| PB 0x000000070e400000| Untracked 
|  88|0x000000070e600000, 0x000000070e600000, 0x000000070e800000|  0%| F|  |TAMS 0x000000070e600000| PB 0x000000070e600000| Untracked 
|  89|0x000000070e800000, 0x000000070e800000, 0x000000070ea00000|  0%| F|  |TAMS 0x000000070e800000| PB 0x000000070e800000| Untracked 
|  90|0x000000070ea00000, 0x000000070ea00000, 0x000000070ec00000|  0%| F|  |TAMS 0x000000070ea00000| PB 0x000000070ea00000| Untracked 
|  91|0x000000070ec00000, 0x000000070ec00000, 0x000000070ee00000|  0%| F|  |TAMS 0x000000070ec00000| PB 0x000000070ec00000| Untracked 
|  92|0x000000070ee00000, 0x000000070ee00000, 0x000000070f000000|  0%| F|  |TAMS 0x000000070ee00000| PB 0x000000070ee00000| Untracked 
|  93|0x000000070f000000, 0x000000070f000000, 0x000000070f200000|  0%| F|  |TAMS 0x000000070f000000| PB 0x000000070f000000| Untracked 
|  94|0x000000070f200000, 0x000000070f200000, 0x000000070f400000|  0%| F|  |TAMS 0x000000070f200000| PB 0x000000070f200000| Untracked 
|  95|0x000000070f400000, 0x000000070f400000, 0x000000070f600000|  0%| F|  |TAMS 0x000000070f400000| PB 0x000000070f400000| Untracked 
|  96|0x000000070f600000, 0x000000070f600000, 0x000000070f800000|  0%| F|  |TAMS 0x000000070f600000| PB 0x000000070f600000| Untracked 
|  97|0x000000070f800000, 0x000000070f800000, 0x000000070fa00000|  0%| F|  |TAMS 0x000000070f800000| PB 0x000000070f800000| Untracked 
|  98|0x000000070fa00000, 0x000000070fa00000, 0x000000070fc00000|  0%| F|  |TAMS 0x000000070fa00000| PB 0x000000070fa00000| Untracked 
|  99|0x000000070fc00000, 0x000000070fc00000, 0x000000070fe00000|  0%| F|  |TAMS 0x000000070fc00000| PB 0x000000070fc00000| Untracked 
| 100|0x000000070fe00000, 0x000000070fe00000, 0x0000000710000000|  0%| F|  |TAMS 0x000000070fe00000| PB 0x000000070fe00000| Untracked 
| 101|0x0000000710000000, 0x0000000710000000, 0x0000000710200000|  0%| F|  |TAMS 0x0000000710000000| PB 0x0000000710000000| Untracked 
| 102|0x0000000710200000, 0x0000000710200000, 0x0000000710400000|  0%| F|  |TAMS 0x0000000710200000| PB 0x0000000710200000| Untracked 
| 103|0x0000000710400000, 0x0000000710400000, 0x0000000710600000|  0%| F|  |TAMS 0x0000000710400000| PB 0x0000000710400000| Untracked 
| 104|0x0000000710600000, 0x0000000710600000, 0x0000000710800000|  0%| F|  |TAMS 0x0000000710600000| PB 0x0000000710600000| Untracked 
| 105|0x0000000710800000, 0x0000000710800000, 0x0000000710a00000|  0%| F|  |TAMS 0x0000000710800000| PB 0x0000000710800000| Untracked 
| 106|0x0000000710a00000, 0x0000000710a00000, 0x0000000710c00000|  0%| F|  |TAMS 0x0000000710a00000| PB 0x0000000710a00000| Untracked 
| 107|0x0000000710c00000, 0x0000000710c00000, 0x0000000710e00000|  0%| F|  |TAMS 0x0000000710c00000| PB 0x0000000710c00000| Untracked 
| 108|0x0000000710e00000, 0x0000000710e00000, 0x0000000711000000|  0%| F|  |TAMS 0x0000000710e00000| PB 0x0000000710e00000| Untracked 
| 109|0x0000000711000000, 0x0000000711000000, 0x0000000711200000|  0%| F|  |TAMS 0x0000000711000000| PB 0x0000000711000000| Untracked 
| 110|0x0000000711200000, 0x00000007112dd8c8, 0x0000000711400000| 43%| S|CS|TAMS 0x0000000711200000| PB 0x0000000711200000| Complete 
| 111|0x0000000711400000, 0x0000000711600000, 0x0000000711600000|100%| S|CS|TAMS 0x0000000711400000| PB 0x0000000711400000| Complete 
| 112|0x0000000711600000, 0x0000000711600000, 0x0000000711800000|  0%| F|  |TAMS 0x0000000711600000| PB 0x0000000711600000| Untracked 
| 113|0x0000000711800000, 0x0000000711800000, 0x0000000711a00000|  0%| F|  |TAMS 0x0000000711800000| PB 0x0000000711800000| Untracked 
| 114|0x0000000711a00000, 0x0000000711a00000, 0x0000000711c00000|  0%| F|  |TAMS 0x0000000711a00000| PB 0x0000000711a00000| Untracked 
| 115|0x0000000711c00000, 0x0000000711c00000, 0x0000000711e00000|  0%| F|  |TAMS 0x0000000711c00000| PB 0x0000000711c00000| Untracked 
| 116|0x0000000711e00000, 0x0000000711e00000, 0x0000000712000000|  0%| F|  |TAMS 0x0000000711e00000| PB 0x0000000711e00000| Untracked 
| 117|0x0000000712000000, 0x0000000712000000, 0x0000000712200000|  0%| F|  |TAMS 0x0000000712000000| PB 0x0000000712000000| Untracked 
| 118|0x0000000712200000, 0x0000000712335ed0, 0x0000000712400000| 60%| E|  |TAMS 0x0000000712200000| PB 0x0000000712200000| Complete 
| 119|0x0000000712400000, 0x0000000712600000, 0x0000000712600000|100%| E|CS|TAMS 0x0000000712400000| PB 0x0000000712400000| Complete 
| 120|0x0000000712600000, 0x0000000712800000, 0x0000000712800000|100%| E|CS|TAMS 0x0000000712600000| PB 0x0000000712600000| Complete 
| 121|0x0000000712800000, 0x0000000712a00000, 0x0000000712a00000|100%| E|CS|TAMS 0x0000000712800000| PB 0x0000000712800000| Complete 
| 122|0x0000000712a00000, 0x0000000712c00000, 0x0000000712c00000|100%| E|CS|TAMS 0x0000000712a00000| PB 0x0000000712a00000| Complete 
| 123|0x0000000712c00000, 0x0000000712e00000, 0x0000000712e00000|100%| E|CS|TAMS 0x0000000712c00000| PB 0x0000000712c00000| Complete 
| 124|0x0000000712e00000, 0x0000000713000000, 0x0000000713000000|100%| E|CS|TAMS 0x0000000712e00000| PB 0x0000000712e00000| Complete 
| 125|0x0000000713000000, 0x0000000713200000, 0x0000000713200000|100%| E|CS|TAMS 0x0000000713000000| PB 0x0000000713000000| Complete 
| 126|0x0000000713200000, 0x0000000713400000, 0x0000000713400000|100%| E|CS|TAMS 0x0000000713200000| PB 0x0000000713200000| Complete 

Card table byte_map: [0x00000240417a0000,0x0000024041f90000] _byte_map_base: 0x000002403df85000

Marking Bits: (CMBitMap*) 0x00000240299b3140
 Bits: [0x0000024042780000, 0x00000240466a8000)

Polling page: 0x0000024029100000

Metaspace:

Usage:
  Non-class:     13.55 MB used.
      Class:      1.96 MB used.
       Both:     15.51 MB used.

Virtual space:
  Non-class space:       64.00 MB reserved,      13.69 MB ( 21%) committed,  1 nodes.
      Class space:        1.00 GB reserved,       2.06 MB ( <1%) committed,  1 nodes.
             Both:        1.06 GB reserved,      15.75 MB (  1%) committed. 

Chunk freelists:
   Non-Class:  1.67 MB
       Class:  1.91 MB
        Both:  3.58 MB

MaxMetaspaceSize: unlimited
CompressedClassSpaceSize: 1.00 GB
Initial GC threshold: 21.00 MB
Current GC threshold: 21.00 MB
CDS: on
MetaspaceReclaimPolicy: balanced
 - commit_granule_bytes: 65536.
 - commit_granule_words: 8192.
 - virtual_space_node_default_size: 8388608.
 - enlarge_chunks_in_place: 1.
 - new_chunks_are_fully_committed: 0.
 - uncommit_free_chunks: 1.
 - use_allocation_guard: 0.


Internal statistics:

num_allocs_failed_limit: 0.
num_arena_births: 224.
num_arena_deaths: 0.
num_vsnodes_births: 2.
num_vsnodes_deaths: 0.
num_space_committed: 252.
num_space_uncommitted: 0.
num_chunks_returned_to_freelist: 0.
num_chunks_taken_from_freelist: 759.
num_chunk_merges: 0.
num_chunk_splits: 497.
num_chunks_enlarged: 373.
num_inconsistent_stats: 0.

CodeHeap 'non-profiled nmethods': size=120000Kb used=878Kb max_used=878Kb free=119121Kb
 bounds [0x0000024039740000, 0x00000240399b0000, 0x0000024040c70000]
CodeHeap 'profiled nmethods': size=120000Kb used=4490Kb max_used=4490Kb free=115509Kb
 bounds [0x0000024031c70000, 0x00000240320e0000, 0x00000240391a0000]
CodeHeap 'non-nmethods': size=5760Kb used=1571Kb max_used=1589Kb free=4188Kb
 bounds [0x00000240391a0000, 0x0000024039410000, 0x0000024039740000]
 total_blobs=2756 nmethods=2267 adapters=399
 compilation: enabled
              stopped_count=0, restarted_count=0
 full_count=0

Compilation events (20 events):
Event: 1.671 Thread 0x0000024049113120 nmethod 2244 0x00000240320c3290 code [0x00000240320c3420, 0x00000240320c3690]
Event: 1.671 Thread 0x0000024049113120 2245       3       sun.reflect.generics.visitor.Reifier::<init> (10 bytes)
Event: 1.671 Thread 0x0000024049113120 nmethod 2245 0x00000240320c3790 code [0x00000240320c3920, 0x00000240320c3ae0]
Event: 1.672 Thread 0x0000024049113120 2247       3       sun.reflect.generics.visitor.Reifier::getResult (26 bytes)
Event: 1.672 Thread 0x0000024049113120 nmethod 2247 0x00000240320c3b90 code [0x00000240320c3d20, 0x00000240320c3e40]
Event: 1.674 Thread 0x0000024049114cf0 nmethod 2238 0x000002403981a610 code [0x000002403981a780, 0x000002403981aa58]
Event: 1.674 Thread 0x0000024049114cf0 2246       4       java.util.jar.JarFile::maybeInstantiateVerifier (42 bytes)
Event: 1.674 Thread 0x0000024049113120 2248       3       ch.qos.logback.classic.Logger::getChildByName (68 bytes)
Event: 1.675 Thread 0x0000024049113120 nmethod 2248 0x00000240320c3f10 code [0x00000240320c4100, 0x00000240320c46b0]
Event: 1.675 Thread 0x0000024049114cf0 nmethod 2246 0x000002403981ac10 code [0x000002403981ad80, 0x000002403981ae78]
Event: 1.677 Thread 0x0000024049113120 2249       3       java.lang.invoke.MethodType::dropParameterTypes (162 bytes)
Event: 1.677 Thread 0x0000024049113120 nmethod 2249 0x00000240320c4890 code [0x00000240320c4b60, 0x00000240320c5a38]
Event: 1.677 Thread 0x0000024049113120 2250       1       java.util.stream.ReduceOps$Box::get (5 bytes)
Event: 1.678 Thread 0x0000024049113120 nmethod 2250 0x000002403981af90 code [0x000002403981b100, 0x000002403981b1d0]
Event: 1.679 Thread 0x0000024049114cf0 2251       4       jdk.internal.org.objectweb.asm.MethodWriter::visitCode (1 bytes)
Event: 1.679 Thread 0x0000024049114cf0 nmethod 2251 0x000002403981b290 code [0x000002403981b400, 0x000002403981b488]
Event: 1.688 Thread 0x0000024049113120 2252       3       java.lang.StringLatin1::getChar (9 bytes)
Event: 1.688 Thread 0x0000024049113120 nmethod 2252 0x00000240320c5f10 code [0x00000240320c60a0, 0x00000240320c61c0]
Event: 1.690 Thread 0x0000024049113120 2253       1       java.util.zip.ZipEntry::getName (5 bytes)
Event: 1.690 Thread 0x0000024049113120 nmethod 2253 0x000002403981b590 code [0x000002403981b700, 0x000002403981b7d0]

GC Heap History (4 events):
Event: 0.613 GC heap before
{Heap before GC invocations=0 (full 0):
 garbage-first heap   total 260096K, used 22528K [0x0000000703600000, 0x0000000800000000)
  region size 2048K, 11 young (22528K), 0 survivors (0K)
 Metaspace       used 4426K, committed 4608K, reserved 1114112K
  class space    used 552K, committed 640K, reserved 1048576K
}
Event: 0.617 GC heap after
{Heap after GC invocations=1 (full 0):
 garbage-first heap   total 260096K, used 6229K [0x0000000703600000, 0x0000000800000000)
  region size 2048K, 2 young (4096K), 2 survivors (4096K)
 Metaspace       used 4426K, committed 4608K, reserved 1114112K
  class space    used 552K, committed 640K, reserved 1048576K
}
Event: 1.361 GC heap before
{Heap before GC invocations=1 (full 0):
 garbage-first heap   total 260096K, used 32853K [0x0000000703600000, 0x0000000800000000)
  region size 2048K, 15 young (30720K), 2 survivors (4096K)
 Metaspace       used 11432K, committed 11648K, reserved 1114112K
  class space    used 1434K, committed 1536K, reserved 1048576K
}
Event: 1.366 GC heap after
{Heap after GC invocations=2 (full 0):
 garbage-first heap   total 260096K, used 9169K [0x0000000703600000, 0x0000000800000000)
  region size 2048K, 2 young (4096K), 2 survivors (4096K)
 Metaspace       used 11432K, committed 11648K, reserved 1114112K
  class space    used 1434K, committed 1536K, reserved 1048576K
}

Dll operation events (10 events):
Event: 0.007 Loaded shared library c:\Users\admin\AppData\Roaming\Code\User\globalStorage\pleiades.java-extension-pack-jdk\java\20\bin\java.dll
Event: 0.020 Loaded shared library c:\Users\admin\AppData\Roaming\Code\User\globalStorage\pleiades.java-extension-pack-jdk\java\20\bin\jsvml.dll
Event: 0.107 Loaded shared library C:\Users\admin\AppData\Roaming\Code\User\globalStorage\pleiades.java-extension-pack-jdk\java\20\bin\net.dll
Event: 0.109 Loaded shared library C:\Users\admin\AppData\Roaming\Code\User\globalStorage\pleiades.java-extension-pack-jdk\java\20\bin\nio.dll
Event: 0.113 Loaded shared library C:\Users\admin\AppData\Roaming\Code\User\globalStorage\pleiades.java-extension-pack-jdk\java\20\bin\zip.dll
Event: 0.209 Loaded shared library C:\Users\admin\AppData\Roaming\Code\User\globalStorage\pleiades.java-extension-pack-jdk\java\20\bin\jimage.dll
Event: 0.280 Loaded shared library C:\Users\admin\AppData\Roaming\Code\User\globalStorage\pleiades.java-extension-pack-jdk\java\20\bin\extnet.dll
Event: 0.663 Loaded shared library c:\Users\admin\AppData\Roaming\Code\User\globalStorage\pleiades.java-extension-pack-jdk\java\20\bin\verify.dll
Event: 1.491 Loaded shared library C:\Users\admin\AppData\Roaming\Code\User\globalStorage\pleiades.java-extension-pack-jdk\java\20\bin\management.dll
Event: 1.494 Loaded shared library C:\Users\admin\AppData\Roaming\Code\User\globalStorage\pleiades.java-extension-pack-jdk\java\20\bin\management_ext.dll

Deoptimization events (20 events):
Event: 1.505 Thread 0x000002402992fc80 Uncommon trap: trap_request=0xffffff45 fr.pc=0x00000240397a6210 relative=0x0000000000000c70
Event: 1.505 Thread 0x000002402992fc80 Uncommon trap: reason=unstable_if action=reinterpret pc=0x00000240397a6210 method=java.util.concurrent.ConcurrentHashMap.putVal(Ljava/lang/Object;Ljava/lang/Object;Z)Ljava/lang/Object; @ 148 c2
Event: 1.505 Thread 0x000002402992fc80 DEOPT PACKING pc=0x00000240397a6210 sp=0x00000047877fbf60
Event: 1.505 Thread 0x000002402992fc80 DEOPT UNPACKING pc=0x00000240391bd2a2 sp=0x00000047877fbed0 mode 2
Event: 1.572 Thread 0x000002402992fc80 Uncommon trap: trap_request=0xffffff45 fr.pc=0x00000240397d2ec4 relative=0x0000000000000fe4
Event: 1.572 Thread 0x000002402992fc80 Uncommon trap: reason=unstable_if action=reinterpret pc=0x00000240397d2ec4 method=java.net.URL.<init>(Ljava/net/URL;Ljava/lang/String;Ljava/net/URLStreamHandler;)V @ 347 c2
Event: 1.572 Thread 0x000002402992fc80 DEOPT PACKING pc=0x00000240397d2ec4 sp=0x00000047877fc880
Event: 1.572 Thread 0x000002402992fc80 DEOPT UNPACKING pc=0x00000240391bd2a2 sp=0x00000047877fc800 mode 2
Event: 1.575 Thread 0x000002402992fc80 Uncommon trap: trap_request=0xffffff45 fr.pc=0x000002403979e8e0 relative=0x0000000000000160
Event: 1.575 Thread 0x000002402992fc80 Uncommon trap: reason=unstable_if action=reinterpret pc=0x000002403979e8e0 method=java.util.concurrent.locks.ReentrantLock$NonfairSync.initialTryLock()Z @ 10 c2
Event: 1.575 Thread 0x000002402992fc80 DEOPT PACKING pc=0x000002403979e8e0 sp=0x00000047877fc660
Event: 1.575 Thread 0x000002402992fc80 DEOPT UNPACKING pc=0x00000240391bd2a2 sp=0x00000047877fc4f0 mode 2
Event: 1.575 Thread 0x000002402992fc80 Uncommon trap: trap_request=0xffffff45 fr.pc=0x000002403979ed48 relative=0x0000000000000128
Event: 1.575 Thread 0x000002402992fc80 Uncommon trap: reason=unstable_if action=reinterpret pc=0x000002403979ed48 method=java.util.concurrent.locks.ReentrantLock$Sync.tryRelease(I)Z @ 26 c2
Event: 1.575 Thread 0x000002402992fc80 DEOPT PACKING pc=0x000002403979ed48 sp=0x00000047877fc660
Event: 1.575 Thread 0x000002402992fc80 DEOPT UNPACKING pc=0x00000240391bd2a2 sp=0x00000047877fc4e0 mode 2
Event: 1.576 Thread 0x000002404e4738f0 Uncommon trap: trap_request=0xffffff45 fr.pc=0x000002403978fd90 relative=0x0000000000000270
Event: 1.576 Thread 0x000002404e4738f0 Uncommon trap: reason=unstable_if action=reinterpret pc=0x000002403978fd90 method=java.util.concurrent.ConcurrentHashMap.get(Ljava/lang/Object;)Ljava/lang/Object; @ 86 c2
Event: 1.576 Thread 0x000002404e4738f0 DEOPT PACKING pc=0x000002403978fd90 sp=0x00000047892fd320
Event: 1.576 Thread 0x000002404e4738f0 DEOPT UNPACKING pc=0x00000240391bd2a2 sp=0x00000047892fd288 mode 2

Classes loaded (20 events):
Event: 1.611 Loading class jdk/xml/internal/XMLSecurityManager
Event: 1.612 Loading class jdk/xml/internal/XMLSecurityManager done
Event: 1.612 Loading class jdk/xml/internal/XMLSecurityManager$Limit
Event: 1.612 Loading class jdk/xml/internal/XMLSecurityManager$Limit done
Event: 1.612 Loading class jdk/xml/internal/XMLSecurityManager$Processor
Event: 1.612 Loading class jdk/xml/internal/XMLSecurityManager$Processor done
Event: 1.612 Loading class jdk/xml/internal/XMLSecurityManager$NameMap
Event: 1.612 Loading class jdk/xml/internal/XMLSecurityManager$NameMap done
Event: 1.612 Loading class jdk/xml/internal/JdkProperty
Event: 1.612 Loading class jdk/xml/internal/JdkProperty done
Event: 1.686 Loading class org/xml/sax/ErrorHandler
Event: 1.686 Loading class org/xml/sax/ErrorHandler done
Event: 1.687 Loading class org/xml/sax/SAXParseException
Event: 1.687 Loading class java/beans/Transient
Event: 1.687 Loading class org/xml/sax/SAXParseException done
Event: 1.687 Loading class java/beans/Transient done
Event: 1.687 Loading class java/beans/ConstructorProperties
Event: 1.687 Loading class java/beans/ConstructorProperties done
Event: 1.691 Loading class java/io/CharConversionException
Event: 1.691 Loading class java/io/CharConversionException done

Classes unloaded (0 events):
No events

Classes redefined (0 events):
No events

Internal exceptions (20 events):
Event: 1.252 Thread 0x000002402992fc80 Exception <a 'java/lang/NoSuchMethodError'{0x0000000711fcbdc8}: 'void java.lang.invoke.DirectMethodHandle$Holder.invokeStaticInit(java.lang.Object, java.lang.Object, java.lang.Object, java.lang.Object)'> (0x0000000711fcbdc8) 
thrown [s\src\hotspot\share\interpreter\linkResolver.cpp, line 773]
Event: 1.254 Thread 0x000002402992fc80 Exception <a 'java/lang/IncompatibleClassChangeError'{0x0000000711fdd990}: Found class java.lang.Object, but interface was expected> (0x0000000711fdd990) 
thrown [s\src\hotspot\share\interpreter\linkResolver.cpp, line 840]
Event: 1.277 Thread 0x000002402992fc80 Exception <a 'java/lang/NoSuchMethodError'{0x00000007118eb0e8}: 'int java.lang.invoke.DirectMethodHandle$Holder.invokeSpecial(java.lang.Object, java.lang.Object, java.lang.Object, java.lang.Object)'> (0x00000007118eb0e8) 
thrown [s\src\hotspot\share\interpreter\linkResolver.cpp, line 773]
Event: 1.322 Thread 0x000002402992fc80 Exception <a 'java/lang/NoSuchMethodError'{0x0000000711687d50}: 'void java.lang.invoke.DirectMethodHandle$Holder.invokeStatic(java.lang.Object, java.lang.Object, java.lang.Object, java.lang.Object, java.lang.Object, java.lang.Object)'> (0x0000000711687d50) 
thrown [s\src\hotspot\share\interpreter\linkResolver.cpp, line 773]
Event: 1.327 Thread 0x000002402992fc80 Exception <a 'java/lang/NoSuchMethodError'{0x00000007116c8860}: 'java.lang.Object java.lang.invoke.Invokers$Holder.invokeExact_MT(java.lang.Object, java.lang.Object, java.lang.Object, java.lang.Object, java.lang.Object)'> (0x00000007116c8860) 
thrown [s\src\hotspot\share\interpreter\linkResolver.cpp, line 773]
Event: 1.335 Thread 0x000002402992fc80 Exception <a 'java/lang/NoSuchMethodError'{0x00000007116f8398}: 'java.lang.Object java.lang.invoke.DirectMethodHandle$Holder.invokeSpecial(java.lang.Object, java.lang.Object, java.lang.Object, java.lang.Object, java.lang.Object, java.lang.Object, int)'> (0x00000007116f8398) 
thrown [s\src\hotspot\share\interpreter\linkResolver.cpp, line 773]
Event: 1.336 Thread 0x000002402992fc80 Exception <a 'java/lang/NoSuchMethodError'{0x0000000711702ba0}: 'java.lang.Object java.lang.invoke.DirectMethodHandle$Holder.newInvokeSpecial(java.lang.Object, java.lang.Object, java.lang.Object, java.lang.Object, java.lang.Object, java.lang.Object, int)'> (0x0000000711702ba0) 
thrown [s\src\hotspot\share\interpreter\linkResolver.cpp, line 773]
Event: 1.336 Thread 0x000002402992fc80 Exception <a 'java/lang/NoSuchMethodError'{0x00000007117076b0}: 'java.lang.Object java.lang.invoke.DirectMethodHandle$Holder.invokeSpecial(java.lang.Object, java.lang.Object, java.lang.Object, java.lang.Object, java.lang.Object, java.lang.Object, java.lang.Object, int)'> (0x00000007117076b0) 
thrown [s\src\hotspot\share\interpreter\linkResolver.cpp, line 773]
Event: 1.425 Thread 0x000002402992fc80 Implicit null exception at 0x00000240397a431b to 0x00000240397a4560
Event: 1.445 Thread 0x000002402992fc80 Implicit null exception at 0x00000240397b852c to 0x00000240397b86f0
Event: 1.446 Thread 0x000002402992fc80 Exception <a 'java/lang/NoSuchMethodError'{0x000000071319efd8}: 'java.lang.Object java.lang.invoke.DirectMethodHandle$Holder.invokeSpecial(java.lang.Object, java.lang.Object, java.lang.Object, int, java.lang.Object)'> (0x000000071319efd8) 
thrown [s\src\hotspot\share\interpreter\linkResolver.cpp, line 773]
Event: 1.447 Thread 0x000002402992fc80 Exception <a 'java/lang/NoSuchMethodError'{0x00000007131a78d8}: 'java.lang.Object java.lang.invoke.DirectMethodHandle$Holder.newInvokeSpecial(java.lang.Object, java.lang.Object, java.lang.Object, int, java.lang.Object)'> (0x00000007131a78d8) 
thrown [s\src\hotspot\share\interpreter\linkResolver.cpp, line 773]
Event: 1.449 Thread 0x000002402992fc80 Exception <a 'java/lang/NoSuchMethodError'{0x00000007131af2f0}: 'java.lang.Object java.lang.invoke.Invokers$Holder.linkToTargetMethod(java.lang.Object, java.lang.Object, int, java.lang.Object, java.lang.Object)'> (0x00000007131af2f0) 
thrown [s\src\hotspot\share\interpreter\linkResolver.cpp, line 773]
Event: 1.452 Thread 0x000002402992fc80 Exception <a 'java/lang/NoSuchMethodError'{0x00000007131be580}: 'java.lang.Object java.lang.invoke.DirectMethodHandle$Holder.newInvokeSpecial(java.lang.Object, int, java.lang.Object)'> (0x00000007131be580) 
thrown [s\src\hotspot\share\interpreter\linkResolver.cpp, line 773]
Event: 1.487 Thread 0x000002402992fc80 Exception <a 'java/lang/NoSuchMethodError'{0x0000000712ef44a8}: 'void java.lang.invoke.DirectMethodHandle$Holder.invokeStaticInit(java.lang.Object, java.lang.Object)'> (0x0000000712ef44a8) 
thrown [s\src\hotspot\share\interpreter\linkResolver.cpp, line 773]
Event: 1.532 Thread 0x000002402992fc80 Exception <a 'java/lang/NoSuchMethodError'{0x0000000712f9f190}: 'void java.lang.invoke.DirectMethodHandle$Holder.invokeVirtual(java.lang.Object, java.lang.Object, java.lang.Object, java.lang.Object)'> (0x0000000712f9f190) 
thrown [s\src\hotspot\share\interpreter\linkResolver.cpp, line 773]
Event: 1.570 Thread 0x000002404e4738f0 Exception <a 'java/lang/NoClassDefFoundError'{0x0000000712d172d8}: javax/validation/Validation> (0x0000000712d172d8) 
thrown [s\src\hotspot\share\classfile\systemDictionary.cpp, line 294]
Event: 1.578 Thread 0x000002402992fc80 Exception <a 'java/lang/NoSuchMethodError'{0x0000000712ddbf08}: 'java.lang.Object java.lang.invoke.DirectMethodHandle$Holder.invokeStatic(java.lang.Object, int, java.lang.Object)'> (0x0000000712ddbf08) 
thrown [s\src\hotspot\share\interpreter\linkResolver.cpp, line 773]
Event: 1.579 Thread 0x000002402992fc80 Exception <a 'java/lang/NoSuchMethodError'{0x0000000712ddfab8}: 'java.lang.Object java.lang.invoke.DirectMethodHandle$Holder.invokeStaticInit(java.lang.Object, int, java.lang.Object)'> (0x0000000712ddfab8) 
thrown [s\src\hotspot\share\interpreter\linkResolver.cpp, line 773]
Event: 1.596 Thread 0x000002404e4738f0 Exception <a 'java/lang/NoSuchMethodError'{0x0000000712a8a9c0}: 'java.lang.Object java.lang.invoke.DirectMethodHandle$Holder.invokeStaticInit(java.lang.Object, java.lang.Object, java.lang.Object, java.lang.Object, java.lang.Object)'> (0x0000000712a8a9c0) 
thrown [s\src\hotspot\share\interpreter\linkResolver.cpp, line 773]

VM Operations (20 events):
Event: 0.750 Executing VM operation: HandshakeAllThreads
Event: 0.750 Executing VM operation: HandshakeAllThreads done
Event: 0.754 Executing VM operation: HandshakeAllThreads
Event: 0.754 Executing VM operation: HandshakeAllThreads done
Event: 0.776 Executing VM operation: HandshakeAllThreads
Event: 0.776 Executing VM operation: HandshakeAllThreads done
Event: 0.824 Executing VM operation: HandshakeAllThreads
Event: 0.824 Executing VM operation: HandshakeAllThreads done
Event: 0.939 Executing VM operation: HandshakeAllThreads
Event: 0.939 Executing VM operation: HandshakeAllThreads done
Event: 0.988 Executing VM operation: HandshakeAllThreads
Event: 0.988 Executing VM operation: HandshakeAllThreads done
Event: 0.999 Executing VM operation: ICBufferFull
Event: 0.999 Executing VM operation: ICBufferFull done
Event: 1.043 Executing VM operation: HandshakeAllThreads
Event: 1.043 Executing VM operation: HandshakeAllThreads done
Event: 1.361 Executing VM operation: G1CollectForAllocation
Event: 1.366 Executing VM operation: G1CollectForAllocation done
Event: 1.436 Executing VM operation: HandshakeAllThreads
Event: 1.436 Executing VM operation: HandshakeAllThreads done

Events (14 events):
Event: 0.021 Thread 0x000002402992fc80 Thread added: 0x000002402992fc80
Event: 0.041 Thread 0x00000240490ffd70 Thread added: 0x00000240490ffd70
Event: 0.041 Thread 0x0000024049100810 Thread added: 0x0000024049100810
Event: 0.042 Thread 0x0000024049102350 Thread added: 0x0000024049102350
Event: 0.042 Thread 0x0000024049103ca0 Thread added: 0x0000024049103ca0
Event: 0.042 Thread 0x0000024049105000 Thread added: 0x0000024049105000
Event: 0.042 Thread 0x00000240491070f0 Thread added: 0x00000240491070f0
Event: 0.042 Thread 0x0000024049111a20 Thread added: 0x0000024049111a20
Event: 0.042 Thread 0x0000024049113120 Thread added: 0x0000024049113120
Event: 0.102 Thread 0x000002404d514f00 Thread added: 0x000002404d514f00
Event: 0.104 Thread 0x000002404d51d330 Thread added: 0x000002404d51d330
Event: 0.131 Thread 0x0000024049114cf0 Thread added: 0x0000024049114cf0
Event: 0.287 Thread 0x000002404daaaeb0 Thread added: 0x000002404daaaeb0
Event: 1.567 Thread 0x000002404e4738f0 Thread added: 0x000002404e4738f0


Dynamic libraries:
0x00007ff7d6550000 - 0x00007ff7d655e000 	c:\Users\admin\AppData\Roaming\Code\User\globalStorage\pleiades.java-extension-pack-jdk\java\20\bin\java.exe
0x00007ffd682b0000 - 0x00007ffd684a8000 	C:\WINDOWS\SYSTEM32\ntdll.dll
0x00007ffd67190000 - 0x00007ffd6724f000 	C:\WINDOWS\System32\KERNEL32.DLL
0x00007ffd65ba0000 - 0x00007ffd65e96000 	C:\WINDOWS\System32\KERNELBASE.dll
0x00007ffd66000000 - 0x00007ffd66100000 	C:\WINDOWS\System32\ucrtbase.dll
0x00007ffd4f270000 - 0x00007ffd4f28b000 	c:\Users\admin\AppData\Roaming\Code\User\globalStorage\pleiades.java-extension-pack-jdk\java\20\bin\VCRUNTIME140.dll
0x00007ffd4eeb0000 - 0x00007ffd4eec7000 	c:\Users\admin\AppData\Roaming\Code\User\globalStorage\pleiades.java-extension-pack-jdk\java\20\bin\jli.dll
0x00007ffd67aa0000 - 0x00007ffd67c3d000 	C:\WINDOWS\System32\USER32.dll
0x00007ffd55300000 - 0x00007ffd5559a000 	C:\WINDOWS\WinSxS\amd64_microsoft.windows.common-controls_6595b64144ccf1df_6.0.19041.1110_none_60b5254171f9507e\COMCTL32.dll
0x00007ffd65a30000 - 0x00007ffd65a52000 	C:\WINDOWS\System32\win32u.dll
0x00007ffd66f90000 - 0x00007ffd66fbc000 	C:\WINDOWS\System32\GDI32.dll
0x00007ffd66b30000 - 0x00007ffd66bce000 	C:\WINDOWS\System32\msvcrt.dll
0x00007ffd66100000 - 0x00007ffd66215000 	C:\WINDOWS\System32\gdi32full.dll
0x00007ffd65990000 - 0x00007ffd65a2d000 	C:\WINDOWS\System32\msvcp_win.dll
0x00007ffd67d60000 - 0x00007ffd67d90000 	C:\WINDOWS\System32\IMM32.DLL
0x00007ffd56620000 - 0x00007ffd5662c000 	c:\Users\admin\AppData\Roaming\Code\User\globalStorage\pleiades.java-extension-pack-jdk\java\20\bin\vcruntime140_1.dll
0x00007ffd20d60000 - 0x00007ffd20ded000 	c:\Users\admin\AppData\Roaming\Code\User\globalStorage\pleiades.java-extension-pack-jdk\java\20\bin\msvcp140.dll
0x00007ffce4220000 - 0x00007ffce4f2e000 	c:\Users\admin\AppData\Roaming\Code\User\globalStorage\pleiades.java-extension-pack-jdk\java\20\bin\server\jvm.dll
0x00007ffd67f20000 - 0x00007ffd67fcf000 	C:\WINDOWS\System32\ADVAPI32.dll
0x00007ffd67a00000 - 0x00007ffd67a9c000 	C:\WINDOWS\System32\sechost.dll
0x00007ffd66870000 - 0x00007ffd66996000 	C:\WINDOWS\System32\RPCRT4.dll
0x00007ffd47b20000 - 0x00007ffd47b29000 	C:\WINDOWS\SYSTEM32\WSOCK32.dll
0x00007ffd40a80000 - 0x00007ffd40aa7000 	C:\WINDOWS\SYSTEM32\WINMM.dll
0x00007ffd5f1d0000 - 0x00007ffd5f1da000 	C:\WINDOWS\SYSTEM32\VERSION.dll
0x00007ffd67cc0000 - 0x00007ffd67d2b000 	C:\WINDOWS\System32\WS2_32.dll
0x00007ffd64210000 - 0x00007ffd64222000 	C:\WINDOWS\SYSTEM32\kernel.appcore.dll
0x00007ffd53840000 - 0x00007ffd5384a000 	c:\Users\admin\AppData\Roaming\Code\User\globalStorage\pleiades.java-extension-pack-jdk\java\20\bin\jimage.dll
0x00007ffd63ee0000 - 0x00007ffd640c4000 	C:\WINDOWS\SYSTEM32\DBGHELP.DLL
0x00007ffd55990000 - 0x00007ffd559c4000 	C:\WINDOWS\SYSTEM32\dbgcore.DLL
0x00007ffd65a60000 - 0x00007ffd65ae2000 	C:\WINDOWS\System32\bcryptPrimitives.dll
0x00007ffd41dd0000 - 0x00007ffd41df6000 	c:\Users\admin\AppData\Roaming\Code\User\globalStorage\pleiades.java-extension-pack-jdk\java\20\bin\java.dll
0x00007ffd1f710000 - 0x00007ffd1f7e7000 	c:\Users\admin\AppData\Roaming\Code\User\globalStorage\pleiades.java-extension-pack-jdk\java\20\bin\jsvml.dll
0x00007ffd67250000 - 0x00007ffd67994000 	C:\WINDOWS\System32\SHELL32.dll
0x00007ffd63730000 - 0x00007ffd63ec3000 	C:\WINDOWS\SYSTEM32\windows.storage.dll
0x00007ffd66bd0000 - 0x00007ffd66f24000 	C:\WINDOWS\System32\combase.dll
0x00007ffd653d0000 - 0x00007ffd653fe000 	C:\WINDOWS\SYSTEM32\Wldp.dll
0x00007ffd67fd0000 - 0x00007ffd6807d000 	C:\WINDOWS\System32\SHCORE.dll
0x00007ffd66810000 - 0x00007ffd66865000 	C:\WINDOWS\System32\shlwapi.dll
0x00007ffd658c0000 - 0x00007ffd658e5000 	C:\WINDOWS\SYSTEM32\profapi.dll
0x00007ffd4ee90000 - 0x00007ffd4eea3000 	C:\Users\admin\AppData\Roaming\Code\User\globalStorage\pleiades.java-extension-pack-jdk\java\20\bin\net.dll
0x00007ffd5cc60000 - 0x00007ffd5cd6a000 	C:\WINDOWS\SYSTEM32\WINHTTP.dll
0x00007ffd65130000 - 0x00007ffd6519a000 	C:\WINDOWS\system32\mswsock.dll
0x00007ffd4e360000 - 0x00007ffd4e376000 	C:\Users\admin\AppData\Roaming\Code\User\globalStorage\pleiades.java-extension-pack-jdk\java\20\bin\nio.dll
0x00007ffd42f50000 - 0x00007ffd42f68000 	C:\Users\admin\AppData\Roaming\Code\User\globalStorage\pleiades.java-extension-pack-jdk\java\20\bin\zip.dll
0x00007ffd64dd0000 - 0x00007ffd64e0b000 	C:\WINDOWS\SYSTEM32\IPHLPAPI.DLL
0x00007ffd67d30000 - 0x00007ffd67d38000 	C:\WINDOWS\System32\NSI.dll
0x00007ffd5e6f0000 - 0x00007ffd5e707000 	C:\WINDOWS\SYSTEM32\dhcpcsvc6.DLL
0x00007ffd5e6d0000 - 0x00007ffd5e6ed000 	C:\WINDOWS\SYSTEM32\dhcpcsvc.DLL
0x00007ffd64e20000 - 0x00007ffd64eea000 	C:\WINDOWS\SYSTEM32\DNSAPI.dll
0x00007ffd537d0000 - 0x00007ffd537d7000 	C:\Users\admin\AppData\Roaming\Code\User\globalStorage\pleiades.java-extension-pack-jdk\java\20\bin\extnet.dll
0x00007ffd534f0000 - 0x00007ffd53500000 	c:\Users\admin\AppData\Roaming\Code\User\globalStorage\pleiades.java-extension-pack-jdk\java\20\bin\verify.dll
0x00007ffd4f070000 - 0x00007ffd4f079000 	C:\Users\admin\AppData\Roaming\Code\User\globalStorage\pleiades.java-extension-pack-jdk\java\20\bin\management.dll
0x00007ffd4e320000 - 0x00007ffd4e32b000 	C:\Users\admin\AppData\Roaming\Code\User\globalStorage\pleiades.java-extension-pack-jdk\java\20\bin\management_ext.dll
0x00007ffd66fc0000 - 0x00007ffd66fc8000 	C:\WINDOWS\System32\PSAPI.DLL
0x00007ffd4d060000 - 0x00007ffd4d077000 	C:\WINDOWS\system32\napinsp.dll
0x00007ffd4d040000 - 0x00007ffd4d05b000 	C:\WINDOWS\system32\pnrpnsp.dll
0x00007ffd607e0000 - 0x00007ffd607f5000 	C:\WINDOWS\system32\wshbth.dll
0x00007ffd5ee60000 - 0x00007ffd5ee7d000 	C:\WINDOWS\system32\NLAapi.dll
0x00007ffd4d020000 - 0x00007ffd4d032000 	C:\WINDOWS\System32\winrnr.dll
0x00007ffd5a8b0000 - 0x00007ffd5a8ba000 	C:\Windows\System32\rasadhlp.dll
0x00007ffd5a640000 - 0x00007ffd5a6c2000 	C:\WINDOWS\System32\fwpuclnt.dll
0x00007ffd66270000 - 0x00007ffd66297000 	C:\WINDOWS\System32\bcrypt.dll

dbghelp: loaded successfully - version: 4.0.5 - missing functions: none
symbol engine: initialized successfully - sym options: 0x614 - pdb path: .;c:\Users\admin\AppData\Roaming\Code\User\globalStorage\pleiades.java-extension-pack-jdk\java\20\bin;C:\WINDOWS\SYSTEM32;C:\WINDOWS\WinSxS\amd64_microsoft.windows.common-controls_6595b64144ccf1df_6.0.19041.1110_none_60b5254171f9507e;c:\Users\admin\AppData\Roaming\Code\User\globalStorage\pleiades.java-extension-pack-jdk\java\20\bin\server

VM Arguments:
jvm_args: -ea -XX:+ShowCodeDetailsInExceptionMessages -Dfile.encoding=UTF-8 
java_command: org.eclipse.jdt.internal.junit.runner.RemoteTestRunner -version 3 -port 55009 -testLoaderClass org.eclipse.jdt.internal.junit5.runner.JUnit5TestLoader -loaderpluginname org.eclipse.jdt.junit5.runtime -test com.prac.jpa.JpaPjtApplicationTests:findAllTest
java_class_path (initial): c:\workspace_vs\prac_jpa\bin\main;c:\workspace_vs\prac_jpa\bin\test;c:\workspace_vs\prac_jpa\bin\default;c:\Users\admin\.gradle\caches\modules-2\files-2.1\org.projectlombok\lombok\1.18.24\13a394eed5c4f9efb2a6d956e2086f1d81e857d9\lombok-1.18.24.jar;c:\Users\admin\.gradle\caches\modules-2\files-2.1\org.springframework.boot\spring-boot-starter-data-jpa\2.7.0\773d8c4fbe92493655f4c7db3a2d95388b8f6eb8\spring-boot-starter-data-jpa-2.7.0.jar;c:\Users\admin\.gradle\caches\modules-2\files-2.1\org.springframework.boot\spring-boot-starter-web\2.7.0\7bf2381d030023970b5375c1090545e480467aa1\spring-boot-starter-web-2.7.0.jar;c:\Users\admin\.gradle\caches\modules-2\files-2.1\org.springframework.boot\spring-boot-starter-aop\2.7.0\49f204ec9672800932f8f7b344221251b1422da6\spring-boot-starter-aop-2.7.0.jar;c:\Users\admin\.gradle\caches\modules-2\files-2.1\org.springframework.boot\spring-boot-starter-jdbc\2.7.0\dd69f21efd63a2a16d631210b5656dc30348451b\spring-boot-starter-jdbc-2.7.0.jar;c:\Users\admin\.gradle\caches\modules-2\files-2.1\jakarta.transaction\jakarta.transaction-api\1.3.3\c4179d48720a1e87202115fbed6089bdc4195405\jakarta.transaction-api-1.3.3.jar;c:\Users\admin\.gradle\caches\modules-2\files-2.1\jakarta.persistence\jakarta.persistence-api\2.2.3\8f6ea5daedc614f07a3654a455660145286f024e\jakarta.persistence-api-2.2.3.jar;c:\Users\admin\.gradle\caches\modules-2\files-2.1\org.hibernate\hibernate-core\5.6.9.Final\8ec2c7b13de2fbcb19feddfb3a30932bb6a8228a\hibernate-core-5.6.9.Final.jar;c:\Users\admin\.gradle\caches\modules-2\files-2.1\org.springframework.data\spring-data-jpa\2.7.0\f82986cdf2beda49b0bbb28a880ca644a1eb6c42\spring-data-jpa-2.7.0.jar;c:\Users\admin\.gradle\caches\modules-2\files-2.1\org.springframework\spring-aspects\5.3.20\161a2ccb1d68aed17922981909081bd6d1e46628\spring-aspects-5.3.20.jar;c:\Users\admin\.gradle\caches\modules-2\files-2.1\org.springframework.boot\spring-boot-starter-json\2.7.0\f7120f4a6fd5dd2ca2128061e420e45ae2294943\spring-boot-starter-json-2.7.0.jar;c:\Users\admin\.gradle\caches\modules-2\files-2.1\org.springframework.boot\spring-boot-starter\2.7.0\64fd3c21486dd20df9a62566599337dae2eb62cc\spring-boot-starter-2.7.0.jar;c:\Users\admin\.gradle\caches\modules-2\files-2.1\org.springframework.boot\spring-boot-starter-tomcat\2.7.0\b8e5cd8cd4bf3935a68468fe32fe2e7550f96b8a\spring-boot-starter-tomcat-2.7.0.jar;c:\Users\admin\.gradle\caches\modules-2\files-2.1\org.springframework\spring-webmvc\5.3.20\8ac1b72a1f5c41fdc2cb3340cd94f795af260301\spring-webmvc-5.3.20.jar;c:\Users\admin\.gradle\caches\modules-2\files-2.1\org.springframework\spring-web\5.3.20\3c2fe9363760d62d5b7c9f087bb4255e3377a0b2\spring-web-5.3.20.jar;c:\Users\admin\.gradle\caches\modules-2\files-2.1\org.springframework.boot\spring-boot-autoconfigure\2.7.0\483f9a66d0e8326583c5054038d0aa0a95045dc3\spring-boot-autoconfigure-2.7.0.jar;c:\Users\admin\.gradle\caches\modules-2\files-2.1\org.springframework.boot\spring-boot\2.7.0\df8bd106d6c6a6494b787b71d23cef6d2dc73703\spring-boot-2.7.0.jar;c:\Users\admin\.gradle\caches\modules-2\files-2.1\org.springframework\spring-context\5.3.20\517a42165221ea944c8b794154c10b69c0128281\spring-context-5.3.20.jar;c:\Users\admin\.gradle\caches\modules-2\files-2.1\org.springframework\spring-aop\5.3.20\c82f17997ab18ecafa8d08ce34a7c7aa4a04ef9e\spring-aop-5.3.20.jar;c:\Users\admin\.gradle\caches\modules-2\files-2.1\org.aspectj\aspectjweaver\1.9.7\158f5c255cd3e4408e795b79f7c3fbae9b53b7ca\aspectjweaver-1.9.7.jar;c:\Users\admin\.gradle\caches\modules-2\files-2.1\com.zaxxer\HikariCP\4.0.3\107cbdf0db6780a065f895ae9d8fbf3bb0e1c21f\HikariCP-4.0.3.jar;c:\Users\admin\.gradle\caches\modules-2\files-2.1\org.springframework\spring-orm\5.3.20\4eaf36c114a3aa2d1603834cfb197b5742ccde5b\spring-orm-5.3.20.jar;c:\Users\admin\.gradle\caches\modules-2\files-2.1\org.springframework\spring-jdbc\5.3.20\140414df1080754fcefe12921543c599e51dfbb2\spring-jdbc-5.3.20.jar;c:\Users\admin\.gradle\caches\modules-2\files-2.1\org.hibernate.common\hibernate-commons-annotations\5.1.2.Final\e59ffdbc6ad09eeb33507b39ffcf287679a498c8\hibernate-commons-annotations-5.1.2.Final.jar;c:\Users\admin\.gradle\caches\modules-2\files-2.1\org.jboss.logging\jboss-logging\3.4.3.Final\c4bd7e12a745c0e7f6cf98c45cdcdf482fd827ea\jboss-logging-3.4.3.Final.jar;c:\Users\admin\.gradle\caches\modules-2\files-2.1\net.bytebuddy\byte-buddy\1.12.10\f34127d93639fad8c6fb84b3ca30292697d6c55d\byte-buddy-1.12.10.jar;c:\Users\admin\.gradle\caches\modules-2\files-2.1\antlr\antlr\2.7.7\83cd2cd674a217ade95a4bb83a8a14f351f48bd0\antlr-2.7.7.jar;c:\Users\admin\.gradle\caches\modules-2\files-2.1\org.jboss\jandex\2.4.2.Final\1e1c385990b258ff1a24c801e84aebbacf70eb39\jandex-2.4.2.Final.jar;c:\Users\admin\.gradle\caches\modules-2\files-2.1\com.fasterxml\classmate\1.5.1\3fe0bed568c62df5e89f4f174c101eab25345b6c\classmate-1.5.1.jar;c:\Users\admin\.gradle\caches\modules-2\files-2.1\org.glassfish.jaxb\jaxb-runtime\2.3.6\1e6cd0e5d9f9919c8c8824fb4d310b09a978a60e\jaxb-runtime-2.3.6.jar;c:\Users\admin\.gradle\caches\modules-2\files-2.1\org.springframework.data\spring-data-commons\2.7.0\6dc643cf1512fdc5c2d63f55c83080b60b629d10\spring-data-commons-2.7.0.jar;c:\Users\admin\.gradle\caches\modules-2\files-2.1\org.springframework\spring-tx\5.3.20\9a4ec2249dc3523ac70e0710a64288c14fc3ff78\spring-tx-5.3.20.jar;c:\Users\admin\.gradle\caches\modules-2\files-2.1\org.springframework\spring-beans\5.3.20\ab88bd9e3a8307f5c0516c15d295c88ec318659\spring-beans-5.3.20.jar;c:\Users\admin\.gradle\caches\modules-2\files-2.1\org.springframework\spring-expression\5.3.20\20e179f0dfabf0a46428f22c2150c9c4850fd15d\spring-expression-5.3.20.jar;c:\Users\admin\.gradle\caches\modules-2\files-2.1\org.springframework\spring-core\5.3.20\4b88aa3c401ede3d6c8ac78ea0c646cf326ec24b\spring-core-5.3.20.jar;c:\Users\admin\.gradle\caches\modules-2\files-2.1\org.springframework.boot\spring-boot-starter-logging\2.7.0\5ff2a55d345ad824f39d55eaa32203865a92b30f\spring-boot-starter-logging-2.7.0.jar;c:\Users\admin\.gradle\caches\modules-2\files-2.1\ch.qos.logback\logback-classic\1.2.11\4741689214e9d1e8408b206506cbe76d1c6a7d60\logback-classic-1.2.11.jar;c:\Users\admin\.gradle\caches\modules-2\files-2.1\org.apache.logging.log4j\log4j-to-slf4j\2.17.2\17dd0fae2747d9a28c67bc9534108823d2376b46\log4j-to-slf4j-2.17.2.jar;c:\Users\admin\.gradle\caches\modules-2\files-2.1\org.slf4j\jul-to-slf4j\1.7.36\ed46d81cef9c412a88caef405b58f93a678ff2ca\jul-to-slf4j-1.7.36.jar;c:\Users\admin\.gradle\caches\modules-2\files-2.1\org.slf4j\slf4j-api\1.7.36\6c62681a2f655b49963a5983b8b0950a6120ae14\slf4j-api-1.7.36.jar;c:\Users\admin\.gradle\caches\modules-2\files-2.1\jakarta.annotation\jakarta.annotation-api\1.3.5\59eb84ee0d616332ff44aba065f3888cf002cd2d\jakarta.annotation-api-1.3.5.jar;c:\Users\admin\.gradle\caches\modules-2\files-2.1\org.yaml\snakeyaml\1.30\8fde7fe2586328ac3c68db92045e1c8759125000\snakeyaml-1.30.jar;c:\Users\admin\.gradle\caches\modules-2\files-2.1\com.fasterxml.jackson.datatype\jackson-datatype-jsr310\2.13.3\ad2f4c61aeb9e2a8bb5e4a3ed782cfddec52d972\jackson-datatype-jsr310-2.13.3.jar;c:\Users\admin\.gradle\caches\modules-2\files-2.1\com.fasterxml.jackson.module\jackson-module-parameter-names\2.13.3\f71c4ecc1a403787c963f68bc619b78ce1d2687b\jackson-module-parameter-names-2.13.3.jar;c:\Users\admin\.gradle\caches\modules-2\files-2.1\com.fasterxml.jackson.core\jackson-annotations\2.13.3\7198b3aac15285a49e218e08441c5f70af00fc51\jackson-annotations-2.13.3.jar;c:\Users\admin\.gradle\caches\modules-2\files-2.1\com.fasterxml.jackson.core\jackson-core\2.13.3\a27014716e4421684416e5fa83d896ddb87002da\jackson-core-2.13.3.jar;c:\Users\admin\.gradle\caches\modules-2\files-2.1\com.fasterxml.jackson.datatype\jackson-datatype-jdk8\2.13.3\d4884595d5aab5babdb00ddbd693b8fd36b5ec3c\jackson-datatype-jdk8-2.13.3.jar;c:\Users\admin\.gradle\caches\modules-2\files-2.1\com.fasterxml.jackson.core\jackson-databind\2.13.3\56deb9ea2c93a7a556b3afbedd616d342963464e\jackson-databind-2.13.3.jar;c:\Users\admin\.gradle\caches\modules-2\files-2.1\org.apache.tomcat.embed\tomcat-embed-websocket\9.0.63\c0bedf7bad4c0552e1805b2bc802604171c64146\tomcat-embed-websocket-9.0.63.jar;c:\Users\admin\.gradle\caches\modules-2\files-2.1\org.apache.tomcat.embed\tomcat-embed-core\9.0.63\f427a282d02439570f1e2af2c00376d4188c5291\tomcat-embed-core-9.0.63.jar;c:\Users\admin\.gradle\caches\modules-2\files-2.1\org.apache.tomcat.embed\tomcat-embed-el\9.0.63\b595f0bdae0392c8b3c8592fea10023956a3f619\tomcat-embed-el-9.0.63.jar;c:\Users\admin\.gradle\caches\modules-2\files-2.1\jakarta.xml.bind\jakarta.xml.bind-api\2.3.3\48e3b9cfc10752fba3521d6511f4165bea951801\jakarta.xml.bind-api-2.3.3.jar;c:\Users\admin\.gradle\caches\modules-2\files-2.1\org.glassfish.jaxb\txw2\2.3.6\45db7b69a8f1ec2c21eb7d4fc0ee729f53c1addc\txw2-2.3.6.jar;c:\Users\admin\.gradle\caches\modules-2\files-2.1\com.sun.istack\istack-commons-runtime\3.0.12\cbbe1a62b0cc6c85972e99d52aaee350153dc530\istack-commons-runtime-3.0.12.jar;c:\Users\admin\.gradle\caches\modules-2\files-2.1\org.springframework\spring-jcl\5.3.20\35119231d09863699567ce579c21512ddcbc5407\spring-jcl-5.3.20.jar;c:\Users\admin\.gradle\caches\modules-2\files-2.1\ch.qos.logback\logback-core\1.2.11\a01230df5ca5c34540cdaa3ad5efb012f1f1f792\logback-core-1.2.11.jar;c:\Users\admin\.gradle\caches\modules-2\files-2.1\org.apache.logging.log4j\log4j-api\2.17.2\f42d6afa111b4dec5d2aea0fe2197240749a4ea6\log4j-api-2.17.2.jar;c:\Users\admin\.gradle\caches\modules-2\files-2.1\org.springframework.boot\spring-boot-devtools\2.7.0\2a45b04877bbfe9750e4d29f6a73f125e146513d\spring-boot-devtools-2.7.0.jar;c:\Users\admin\.gradle\caches\modules-2\files-2.1\com.h2database\h2\2.1.212\f3187885395bd0c0e0e83f96641bb630f368ee2f\h2-2.1.212.jar;c:\Users\admin\.gradle\caches\modules-2\files-2.1\org.mariadb.jdbc\mariadb-java-client\3.0.4\fa28784fc03bbe87cb97394373760f6c707f3e9\mariadb-java-client-3.0.4.jar;c:\Users\admin\.gradle\caches\modules-2\files-2.1\com.sun.activation\jakarta.activation\1.2.2\74548703f9851017ce2f556066659438019e7eb5\jakarta.activation-1.2.2.jar;c:\Users\admin\.gradle\caches\modules-2\files-2.1\org.springframework.boot\spring-boot-starter-test\2.7.0\417764bfd907f7deffd617fb31b3ea0900547287\spring-boot-starter-test-2.7.0.jar;c:\Users\admin\.gradle\caches\modules-2\files-2.1\org.springframework.boot\spring-boot-test-autoconfigure\2.7.0\e0270c5cf20211c43f7b485c64e3e6a96f16b991\spring-boot-test-autoconfigure-2.7.0.jar;c:\Users\admin\.gradle\caches\modules-2\files-2.1\org.springframework.boot\spring-boot-test\2.7.0\8be4bc652e4bd0ae0f61b99e164ae26ac269f154\spring-boot-test-2.7.0.jar;c:\Users\admin\.gradle\caches\modules-2\files-2.1\com.jayway.jsonpath\json-path\2.7.0\f9d7d9659f2694e61142046ff8a216c047f263e8\json-path-2.7.0.jar;c:\Users\admin\.gradle\caches\modules-2\files-2.1\org.assertj\assertj-core\3.22.0\c300c0c6a24559f35fa0bd3a5472dc1edcd0111e\assertj-core-3.22.0.jar;c:\Users\admin\.gradle\caches\modules-2\files-2.1\org.hamcrest\hamcrest\2.2\1820c0968dba3a11a1b30669bb1f01978a91dedc\hamcrest-2.2.jar;c:\Users\admin\.gradle\caches\modules-2\files-2.1\org.junit.jupiter\junit-jupiter-params\5.8.2\ddeafe92fc263f895bfb73ffeca7fd56e23c2cce\junit-jupiter-params-5.8.2.jar;c:\Users\admin\.gradle\caches\modules-2\files-2.1\org.junit.jupiter\junit-jupiter-api\5.8.2\4c21029217adf07e4c0d0c5e192b6bf610c94bdc\junit-jupiter-api-5.8.2.jar;c:\Users\admin\.gradle\caches\modules-2\files-2.1\org.junit.platform\junit-platform-commons\1.8.2\32c8b8617c1342376fd5af2053da6410d8866861\junit-platform-commons-1.8.2.jar;c:\Users\admin\.gradle\caches\modules-2\files-2.1\org.junit.jupiter\junit-jupiter\5.8.2\5a817b1e63f1217e5c586090c45e681281f097ad\junit-jupiter-5.8.2.jar;c:\Users\admin\.gradle\caches\modules-2\files-2.1\org.mockito\mockito-junit-jupiter\4.5.1\f81fb60bd69b3a6e5537ae23b883326f01632a61\mockito-junit-jupiter-4.5.1.jar;c:\Users\admin\.gradle\caches\modules-2\files-2.1\org.mockito\mockito-core\4.5.1\ed456e623e5afc6f4cee3ae58144e5c45f3b3bf\mockito-core-4.5.1.jar;c:\Users\admin\.gradle\caches\modules-2\files-2.1\org.skyscreamer\jsonassert\1.5.0\6c9d5fe2f59da598d9aefc1cfc6528ff3cf32df3\jsonassert-1.5.0.jar;c:\Users\admin\.gradle\caches\modules-2\files-2.1\org.springframework\spring-test\5.3.20\33a92d5066fb810023969a0d70fac96387962769\spring-test-5.3.20.jar;c:\Users\admin\.gradle\caches\modules-2\files-2.1\org.xmlunit\xmlunit-core\2.9.0\8959725d90eecfee28acd7110e2bb8460285d876\xmlunit-core-2.9.0.jar;c:\Users\admin\.gradle\caches\modules-2\files-2.1\net.minidev\json-smart\2.4.8\7c62f5f72ab05eb54d40e2abf0360a2fe9ea477f\json-smart-2.4.8.jar;c:\Users\admin\.gradle\caches\modules-2\files-2.1\jakarta.activation\jakarta.activation-api\1.2.2\99f53adba383cb1bf7c3862844488574b559621f\jakarta.activation-api-1.2.2.jar;c:\Users\admin\.gradle\caches\modules-2\files-2.1\net.bytebuddy\byte-buddy-agent\1.12.10\1f097f8d6cad60e8f93e5eb670cf5dc9b64da32\byte-buddy-agent-1.12.10.jar;c:\Users\admin\.gradle\caches\modules-2\files-2.1\com.vaadin.external.google\android-json\0.0.20131108.vaadin1\fa26d351fe62a6a17f5cda1287c1c6110dec413f\android-json-0.0.20131108.vaadin1.jar;c:\Users\admin\.gradle\caches\modules-2\files-2.1\net.minidev\accessors-smart\2.4.8\6e1bee5a530caba91893604d6ab41d0edcecca9a\accessors-smart-2.4.8.jar;c:\Users\admin\.gradle\caches\modules-2\files-2.1\org.opentest4j\opentest4j\1.2.0\28c11eb91f9b6d8e200631d46e20a7f407f2a046\opentest4j-1.2.0.jar;c:\Users\admin\.gradle\caches\modules-2\files-2.1\org.apiguardian\apiguardian-api\1.1.2\a231e0d844d2721b0fa1b238006d15c6ded6842a\apiguardian-api-1.1.2.jar;c:\Users\admin\.gradle\caches\modules-2\files-2.1\org.ow2.asm\asm\9.1\a99500cf6eea30535eeac6be73899d048f8d12a8\asm-9.1.jar;c:\Users\admin\.gradle\caches\modules-2\files-2.1\org.junit.jupiter\junit-jupiter-engine\5.8.2\c598b4328d2f397194d11df3b1648d68d7d990e3\junit-jupiter-engine-5.8.2.jar;c:\Users\admin\.gradle\caches\modules-2\files-2.1\org.junit.platform\junit-platform-engine\1.8.2\b737de09f19864bd136805c84df7999a142fec29\junit-platform-engine-1.8.2.jar;c:\Users\admin\.gradle\caches\modules-2\files-2.1\org.objenesis\objenesis\3.2\7fadf57620c8b8abdf7519533e5527367cb51f09\objenesis-3.2.jar;c:\Users\admin\AppData\Roaming\Code\User\globalStorage\redhat.java\1.21.0\config_win\org.eclipse.osgi\123\0\.cp;c:\Users\admin\AppData\Roaming\Code\User\globalStorage\redhat.java\1.21.0\config_win\org.eclipse.osgi\51\0\.cp;c:\Users\admin\AppData\Roaming\Code\User\globalStorage\redhat.java\1.21.0\config_win\org.eclipse.osgi\115\0\.cp
Launcher Type: SUN_STANDARD

[Global flags]
     intx CICompilerCount                          = 4                                         {product} {ergonomic}
     uint ConcGCThreads                            = 2                                         {product} {ergonomic}
     uint G1ConcRefinementThreads                  = 8                                         {product} {ergonomic}
   size_t G1HeapRegionSize                         = 2097152                                   {product} {ergonomic}
    uintx GCDrainStackTargetSize                   = 64                                        {product} {ergonomic}
   size_t InitialHeapSize                          = 266338304                                 {product} {ergonomic}
   size_t MarkStackSize                            = 4194304                                   {product} {ergonomic}
   size_t MaxHeapSize                              = 4238344192                                {product} {ergonomic}
   size_t MaxNewSize                               = 2541748224                                {product} {ergonomic}
   size_t MinHeapDeltaBytes                        = 2097152                                   {product} {ergonomic}
   size_t MinHeapSize                              = 8388608                                   {product} {ergonomic}
    uintx NonNMethodCodeHeapSize                   = 5839372                                {pd product} {ergonomic}
    uintx NonProfiledCodeHeapSize                  = 122909434                              {pd product} {ergonomic}
    uintx ProfiledCodeHeapSize                     = 122909434                              {pd product} {ergonomic}
    uintx ReservedCodeCacheSize                    = 251658240                              {pd product} {ergonomic}
     bool SegmentedCodeCache                       = true                                      {product} {ergonomic}
     bool ShowCodeDetailsInExceptionMessages       = true                                   {manageable} {command line}
   size_t SoftMaxHeapSize                          = 4238344192                             {manageable} {ergonomic}
     bool UseCompressedClassPointers               = true                           {product lp64_product} {ergonomic}
     bool UseCompressedOops                        = true                           {product lp64_product} {ergonomic}
     bool UseG1GC                                  = true                                      {product} {ergonomic}
     bool UseLargePagesIndividualAllocation        = false                                  {pd product} {ergonomic}

Logging:
Log output configuration:
 #0: stdout all=warning uptime,level,tags foldmultilines=false
 #1: stderr all=off uptime,level,tags foldmultilines=false

Environment Variables:
JAVA_HOME=C:\Users\admin\Desktop\soobin\tool\jdk\openjdk-11_windows-x64_bin\jdk-11
CLASSPATH=C:\Users\admin\Desktop\soobin\tool\jdk\openjdk-11_windows-x64_bin\jdk-11\lib
PATH=C:\CUBRID\bin\;C:\WINDOWS\system32;C:\WINDOWS;C:\WINDOWS\System32\Wbem;C:\WINDOWS\System32\WindowsPowerShell\v1.0\;C:\WINDOWS\System32\OpenSSH\;C:\Program Files\Bandizip\;C:\Users\admin\Desktop\soobin\tool\jdk\openjdk-11_windows-x64_bin\jdk-11\bin;C:\dev\Git\cmd;C:\dev\nodejs\;C:\Users\admin\AppData\Local\Microsoft\WindowsApps;;C:\dev\Microsoft VS Code\bin;C:\Users\admin\AppData\Roaming\npm
USERNAME=admin
OS=Windows_NT
PROCESSOR_IDENTIFIER=Intel64 Family 6 Model 126 Stepping 5, GenuineIntel
TMP=C:\Users\admin\AppData\Local\Temp
TEMP=C:\Users\admin\AppData\Local\Temp




---------------  S Y S T E M  ---------------

OS:
 Windows 10 , 64 bit Build 19041 (10.0.19041.3155)
OS uptime: 33 days 18:27 hours

CPU: total 8 (initial active 8) (4 cores per cpu, 2 threads per core) family 6 model 126 stepping 5 microcode 0x56, cx8, cmov, fxsr, ht, mmx, 3dnowpref, sse, sse2, sse3, ssse3, sse4.1, sse4.2, popcnt, lzcnt, tsc, tscinvbit, avx, avx2, aes, erms, clmul, bmi1, bmi2, adx, avx512f, avx512dq, avx512cd, avx512bw, avx512vl, sha, fma, vzeroupper, avx512_vpopcntdq, avx512_vpclmulqdq, avx512_vaes, avx512_vnni, clflush, clflushopt, avx512_vbmi2, avx512_vbmi, rdtscp, rdpid, fsrm, gfni, avx512_bitalg, f16c, pku, avx512_ifma

Memory: 4k page, system-wide physical 16165M (1661M free)
TotalPageFile size 46608M (AvailPageFile size 3M)
current process WorkingSet (physical memory assigned to process): 121M, peak: 121M
current process commit charge ("private bytes"): 380M, peak: 382M

vm_info: OpenJDK 64-Bit Server VM (20.0.1+9) for windows-amd64 JRE (20.0.1+9), built on 2023-04-18T00:00:00Z by "temurin" with MS VC++ 16.10 / 16.11 (VS2019)

END.
