#
# There is insufficient memory for the Java Runtime Environment to continue.
# Native memory allocation (malloc) failed to allocate 855376 bytes for Chunk::new
# Possible reasons:
#   The system is out of physical RAM or swap space
#   The process is running with CompressedOops enabled, and the Java Heap may be blocking the growth of the native heap
# Possible solutions:
#   Reduce memory load on the system
#   Increase physical memory or swap space
#   Check if swap backing store is full
#   Decrease Java heap size (-Xmx/-Xms)
#   Decrease number of Java threads
#   Decrease Java thread stack sizes (-Xss)
#   Set larger code cache with -XX:ReservedCodeCacheSize=
#   JVM is running with Unscaled Compressed Oops mode in which the Java heap is
#     placed in the first 4GB address space. The Java Heap base address is the
#     maximum limit for the native heap growth. Please use -XX:HeapBaseMinAddress
#     to set the Java Heap base and to place the Java Heap above 4GB virtual address.
# This output file may be truncated or incomplete.
#
#  Out of Memory Error (arena.cpp:189), pid=25660, tid=10352
#
# JRE version: OpenJDK Runtime Environment Temurin-17.0.8+7 (17.0.8+7) (build 17.0.8+7)
# Java VM: OpenJDK 64-Bit Server VM Temurin-17.0.8+7 (17.0.8+7, mixed mode, tiered, compressed oops, compressed class ptrs, parallel gc, windows-amd64)
# No core dump will be written. Minidumps are not enabled by default on client versions of Windows
#

---------------  S U M M A R Y ------------

Command Line: --add-modules=ALL-SYSTEM --add-opens=java.base/java.util=ALL-UNNAMED --add-opens=java.base/java.lang=ALL-UNNAMED --add-opens=java.base/sun.nio.fs=ALL-UNNAMED -Declipse.application=org.eclipse.jdt.ls.core.id1 -Dosgi.bundles.defaultStartLevel=4 -Declipse.product=org.eclipse.jdt.ls.core.product -Djava.import.generatesMetadataFilesAtProjectRoot=false -Dfile.encoding=utf8 -XX:+UseParallelGC -XX:GCTimeRatio=4 -XX:AdaptiveSizePolicyWeight=90 -Dsun.zip.disableMemoryMapping=true -Xmx1G -Xms100m -Xlog:disable -javaagent:c:\Users\admin\.vscode\extensions\redhat.java-1.21.0-win32-x64\lombok\lombok-1.18.28.jar -XX:+HeapDumpOnOutOfMemoryError -XX:HeapDumpPath=c:\Users\admin\AppData\Roaming\Code\User\workspaceStorage\0de9fda288e954dfd67d7ebf2119b05c\redhat.java -Daether.dependencyCollector.impl=bf c:\Users\admin\.vscode\extensions\redhat.java-1.21.0-win32-x64\server\plugins\org.eclipse.equinox.launcher_1.6.500.v20230717-2134.jar -configuration c:\Users\admin\AppData\Roaming\Code\User\globalStorage\redhat.java\1.21.0\config_win -data c:\Users\admin\AppData\Roaming\Code\User\workspaceStorage\0de9fda288e954dfd67d7ebf2119b05c\redhat.java\jdt_ws

Host: Intel(R) Core(TM) i5-1035G1 CPU @ 1.00GHz, 8 cores, 15G,  Windows 10 , 64 bit Build 19041 (10.0.19041.3155)
Time: Tue Sep 12 12:58:30 2023  Windows 10 , 64 bit Build 19041 (10.0.19041.3155) elapsed time: 5.413921 seconds (0d 0h 0m 5s)

---------------  T H R E A D  ---------------

Current thread (0x000001df0f6cc530):  JavaThread "C2 CompilerThread1" daemon [_thread_in_native, id=10352, stack(0x000000254c500000,0x000000254c600000)]


Current CompileTask:
C2:   5413 3089       4       java.io.WinNTFileSystem::normalize (143 bytes)

Stack: [0x000000254c500000,0x000000254c600000]
Native frames: (J=compiled Java code, j=interpreted, Vv=VM code, C=native code)
V  [jvm.dll+0x678b0a]
V  [jvm.dll+0x835e84]
V  [jvm.dll+0x83762e]
V  [jvm.dll+0x837c93]
V  [jvm.dll+0x24746f]
V  [jvm.dll+0xac20c]
V  [jvm.dll+0xac7dc]
V  [jvm.dll+0x365c52]
V  [jvm.dll+0x3301a1]
V  [jvm.dll+0x32f64a]
V  [jvm.dll+0x219bf1]
V  [jvm.dll+0x219011]
V  [jvm.dll+0x1a534d]
V  [jvm.dll+0x228d8a]
V  [jvm.dll+0x226dcc]
V  [jvm.dll+0x7ec09b]
V  [jvm.dll+0x7e64ca]
V  [jvm.dll+0x677955]
C  [ucrtbase.dll+0x21bb2]
C  [KERNEL32.DLL+0x17614]
C  [ntdll.dll+0x526b1]


---------------  P R O C E S S  ---------------

Threads class SMR info:
_java_thread_list=0x000001df10b52350, length=24, elements={
0x000001df6f627610, 0x000001df7931b4e0, 0x000001df791f07b0, 0x000001df7e3ab430,
0x000001df7e3abd00, 0x000001df7e3ac5d0, 0x000001df7e3acea0, 0x000001df7e3848c0,
0x000001df7e427f40, 0x000001df7e446c00, 0x000001df6f6e22c0, 0x000001df7e5f0650,
0x000001df7fbca050, 0x000001df0f2aa930, 0x000001df0f45f2d0, 0x000001df0f0507f0,
0x000001df0f2a9c80, 0x000001df0f4fdfc0, 0x000001df0f4fdab0, 0x000001df0f4fd090,
0x000001df0f6cc530, 0x000001df0f4fe4d0, 0x000001df0fa78960, 0x000001df0f4fe9e0
}

Java Threads: ( => current thread )
  0x000001df6f627610 JavaThread "main" [_thread_blocked, id=12292, stack(0x000000254a700000,0x000000254a800000)]
  0x000001df7931b4e0 JavaThread "Reference Handler" daemon [_thread_blocked, id=22908, stack(0x000000254aa00000,0x000000254ab00000)]
  0x000001df791f07b0 JavaThread "Finalizer" daemon [_thread_blocked, id=30404, stack(0x000000254ab00000,0x000000254ac00000)]
  0x000001df7e3ab430 JavaThread "Signal Dispatcher" daemon [_thread_blocked, id=29720, stack(0x000000254ac00000,0x000000254ad00000)]
  0x000001df7e3abd00 JavaThread "Attach Listener" daemon [_thread_blocked, id=23064, stack(0x000000254ad00000,0x000000254ae00000)]
  0x000001df7e3ac5d0 JavaThread "Service Thread" daemon [_thread_blocked, id=15040, stack(0x000000254ae00000,0x000000254af00000)]
  0x000001df7e3acea0 JavaThread "Monitor Deflation Thread" daemon [_thread_blocked, id=17232, stack(0x000000254af00000,0x000000254b000000)]
  0x000001df7e3848c0 JavaThread "C2 CompilerThread0" daemon [_thread_in_native, id=24180, stack(0x000000254b000000,0x000000254b100000)]
  0x000001df7e427f40 JavaThread "C1 CompilerThread0" daemon [_thread_blocked, id=1528, stack(0x000000254b100000,0x000000254b200000)]
  0x000001df7e446c00 JavaThread "Sweeper thread" daemon [_thread_blocked, id=28220, stack(0x000000254b200000,0x000000254b300000)]
  0x000001df6f6e22c0 JavaThread "Common-Cleaner" daemon [_thread_blocked, id=19584, stack(0x000000254b300000,0x000000254b400000)]
  0x000001df7e5f0650 JavaThread "Notification Thread" daemon [_thread_blocked, id=9304, stack(0x000000254b400000,0x000000254b500000)]
  0x000001df7fbca050 JavaThread "Active Thread: Equinox Container: e58029ab-204b-4162-8929-7da84ca98000" [_thread_blocked, id=22308, stack(0x000000254bc00000,0x000000254bd00000)]
  0x000001df0f2aa930 JavaThread "Framework Event Dispatcher: Equinox Container: e58029ab-204b-4162-8929-7da84ca98000" daemon [_thread_blocked, id=22888, stack(0x000000254be00000,0x000000254bf00000)]
  0x000001df0f45f2d0 JavaThread "Start Level: Equinox Container: e58029ab-204b-4162-8929-7da84ca98000" daemon [_thread_in_vm, id=1532, stack(0x000000254bf00000,0x000000254c000000)]
  0x000001df0f0507f0 JavaThread "SCR Component Actor" daemon [_thread_blocked, id=6060, stack(0x000000254c000000,0x000000254c100000)]
  0x000001df0f2a9c80 JavaThread "SCR Component Registry" daemon [_thread_blocked, id=31092, stack(0x000000254c200000,0x000000254c300000)]
  0x000001df0f4fdfc0 JavaThread "Worker-JM" [_thread_blocked, id=17320, stack(0x000000254c300000,0x000000254c400000)]
  0x000001df0f4fdab0 JavaThread "Worker-0: Processing Java changes since last activation" [_thread_blocked, id=31468, stack(0x000000254bd00000,0x000000254be00000)]
  0x000001df0f4fd090 JavaThread "Worker-1: Building" [_thread_in_Java, id=16508, stack(0x000000254c400000,0x000000254c500000)]
=>0x000001df0f6cc530 JavaThread "C2 CompilerThread1" daemon [_thread_in_native, id=10352, stack(0x000000254c500000,0x000000254c600000)]
  0x000001df0f4fe4d0 JavaThread "Worker-2" [_thread_blocked, id=6176, stack(0x000000254c600000,0x000000254c700000)]
  0x000001df0fa78960 JavaThread "C2 CompilerThread2" daemon [_thread_blocked, id=27628, stack(0x000000254c700000,0x000000254c800000)]
  0x000001df0f4fe9e0 JavaThread "Java indexing" daemon [_thread_blocked, id=2264, stack(0x000000254c800000,0x000000254c900000)]

Other Threads:
  0x000001df79306c10 VMThread "VM Thread" [stack: 0x000000254a900000,0x000000254aa00000] [id=5960]
  0x000001df7e5e68f0 WatcherThread [stack: 0x000000254b500000,0x000000254b600000] [id=12400]
  0x000001df6f63baf0 GCTaskThread "GC Thread#0" [stack: 0x000000254a800000,0x000000254a900000] [id=1252]
  0x000001df7f52bcd0 GCTaskThread "GC Thread#1" [stack: 0x000000254b600000,0x000000254b700000] [id=2164]
  0x000001df7f52bf90 GCTaskThread "GC Thread#2" [stack: 0x000000254b700000,0x000000254b800000] [id=19524]
  0x000001df7f84d060 GCTaskThread "GC Thread#3" [stack: 0x000000254b800000,0x000000254b900000] [id=25748]
  0x000001df7f84d320 GCTaskThread "GC Thread#4" [stack: 0x000000254b900000,0x000000254ba00000] [id=22896]
  0x000001df7f4c9250 GCTaskThread "GC Thread#5" [stack: 0x000000254ba00000,0x000000254bb00000] [id=5912]
  0x000001df7f4c9510 GCTaskThread "GC Thread#6" [stack: 0x000000254bb00000,0x000000254bc00000] [id=24040]
  0x000001df0f1e6750 GCTaskThread "GC Thread#7" [stack: 0x000000254c100000,0x000000254c200000] [id=14376]

Threads with active compile tasks:
C2 CompilerThread0     5434 2999       4       org.objectweb.asm.ClassReader::readMethod (1066 bytes)
C1 CompilerThread0     5434 3139       3       jdk.internal.org.objectweb.asm.Type::getArgumentTypes (154 bytes)
C2 CompilerThread1     5434 3089       4       java.io.WinNTFileSystem::normalize (143 bytes)

VM state: not at safepoint (normal execution)

VM Mutex/Monitor currently owned by a thread: None

Heap address: 0x00000000c0000000, size: 1024 MB, Compressed Oops mode: 32-bit

CDS archive(s) not mapped
Compressed class space mapped at: 0x0000000100000000-0x0000000140000000, reserved size: 1073741824
Narrow klass base: 0x0000000000000000, Narrow klass shift: 3, Narrow klass range: 0x140000000

GC Precious Log:
 CPUs: 8 total, 8 available
 Memory: 16165M
 Large Page Support: Disabled
 NUMA Support: Disabled
 Compressed Oops: Enabled (32-bit)
 Alignments: Space 512K, Generation 512K, Heap 2M
 Heap Min Capacity: 100M
 Heap Initial Capacity: 100M
 Heap Max Capacity: 1G
 Pre-touch: Disabled
 Parallel Workers: 8

Heap:
 PSYoungGen      total 28160K, used 18309K [0x00000000eab00000, 0x00000000eca80000, 0x0000000100000000)
  eden space 24064K, 60% used [0x00000000eab00000,0x00000000eb949958,0x00000000ec280000)
  from space 4096K, 89% used [0x00000000ec300000,0x00000000ec697da8,0x00000000ec700000)
  to   space 3584K, 0% used [0x00000000ec700000,0x00000000ec700000,0x00000000eca80000)
 ParOldGen       total 68608K, used 7848K [0x00000000c0000000, 0x00000000c4300000, 0x00000000eab00000)
  object space 68608K, 11% used [0x00000000c0000000,0x00000000c07aa060,0x00000000c4300000)
 Metaspace       used 33201K, committed 33920K, reserved 1114112K
  class space    used 3097K, committed 3456K, reserved 1048576K

Card table byte_map: [0x000001df6efd0000,0x000001df6f1e0000] _byte_map_base: 0x000001df6e9d0000

Marking Bits: (ParMarkBitMap*) 0x00007ffceb7b83b0
 Begin Bits: [0x000001df77120000, 0x000001df78120000)
 End Bits:   [0x000001df78120000, 0x000001df79120000)

Polling page: 0x000001df6d5c0000

Metaspace:

Usage:
  Non-class:     29.40 MB used.
      Class:      3.03 MB used.
       Both:     32.42 MB used.

Virtual space:
  Non-class space:       64.00 MB reserved,      29.75 MB ( 46%) committed,  1 nodes.
      Class space:        1.00 GB reserved,       3.38 MB ( <1%) committed,  1 nodes.
             Both:        1.06 GB reserved,      33.12 MB (  3%) committed. 

Chunk freelists:
   Non-Class:  1.98 MB
       Class:  12.69 MB
        Both:  14.66 MB

MaxMetaspaceSize: unlimited
CompressedClassSpaceSize: 1.00 GB
Initial GC threshold: 21.00 MB
Current GC threshold: 35.00 MB
CDS: off
MetaspaceReclaimPolicy: balanced
 - commit_granule_bytes: 65536.
 - commit_granule_words: 8192.
 - virtual_space_node_default_size: 8388608.
 - enlarge_chunks_in_place: 1.
 - new_chunks_are_fully_committed: 0.
 - uncommit_free_chunks: 1.
 - use_allocation_guard: 0.
 - handle_deallocations: 1.


Internal statistics:

num_allocs_failed_limit: 3.
num_arena_births: 328.
num_arena_deaths: 14.
num_vsnodes_births: 2.
num_vsnodes_deaths: 0.
num_space_committed: 530.
num_space_uncommitted: 0.
num_chunks_returned_to_freelist: 17.
num_chunks_taken_from_freelist: 1261.
num_chunk_merges: 7.
num_chunk_splits: 821.
num_chunks_enlarged: 532.
num_inconsistent_stats: 0.

CodeHeap 'non-profiled nmethods': size=120000Kb used=1322Kb max_used=1322Kb free=118677Kb
 bounds [0x000001df07ad0000, 0x000001df07d40000, 0x000001df0f000000]
CodeHeap 'profiled nmethods': size=120000Kb used=6337Kb max_used=6337Kb free=113662Kb
 bounds [0x000001df00000000, 0x000001df00640000, 0x000001df07530000]
CodeHeap 'non-nmethods': size=5760Kb used=1263Kb max_used=1311Kb free=4496Kb
 bounds [0x000001df07530000, 0x000001df077a0000, 0x000001df07ad0000]
 total_blobs=3708 nmethods=3136 adapters=485
 compilation: enabled
              stopped_count=0, restarted_count=0
 full_count=0

Compilation events (20 events):
Event: 5.384 Thread 0x000001df7e427f40 nmethod 3121 0x000001df07c16510 code [0x000001df07c166a0, 0x000001df07c16778]
Event: 5.393 Thread 0x000001df0fa78960 nmethod 3117 0x000001df07c16810 code [0x000001df07c16a20, 0x000001df07c17290]
Event: 5.393 Thread 0x000001df0fa78960 3119 %     4       java.util.Properties::load0 @ 29 (249 bytes)
Event: 5.399 Thread 0x000001df7e427f40 3123       3       java.lang.Class$ReflectionData::<init> (10 bytes)
Event: 5.399 Thread 0x000001df7e427f40 nmethod 3123 0x000001df0062ad90 code [0x000001df0062af20, 0x000001df0062b098]
Event: 5.399 Thread 0x000001df7e427f40 3125   !   3       java.lang.invoke.MethodHandleNatives::linkMethodHandleConstant (50 bytes)
Event: 5.400 Thread 0x000001df7e427f40 nmethod 3125 0x000001df0062b190 code [0x000001df0062b360, 0x000001df0062b548]
Event: 5.400 Thread 0x000001df7e427f40 3124       3       java.lang.Class$Atomic::casReflectionData (13 bytes)
Event: 5.400 Thread 0x000001df7e427f40 nmethod 3124 0x000001df0062b710 code [0x000001df0062b8a0, 0x000001df0062b9b8]
Event: 5.405 Thread 0x000001df7e427f40 3127       3       jdk.internal.org.objectweb.asm.MethodVisitor::visitVarInsn (17 bytes)
Event: 5.405 Thread 0x000001df7e427f40 nmethod 3127 0x000001df0062ba90 code [0x000001df0062bc40, 0x000001df0062be48]
Event: 5.405 Thread 0x000001df7e427f40 3130 %     3       java.util.Properties::loadConvert @ 72 (540 bytes)
Event: 5.407 Thread 0x000001df7e427f40 nmethod 3130% 0x000001df0062bf10 code [0x000001df0062c200, 0x000001df0062d738]
Event: 5.407 Thread 0x000001df7e427f40 3128       3       java.lang.invoke.InnerClassLambdaMetafactory::getLoadOpcode (26 bytes)
Event: 5.407 Thread 0x000001df7e427f40 nmethod 3128 0x000001df0062de10 code [0x000001df0062dfc0, 0x000001df0062e1d8]
Event: 5.407 Thread 0x000001df7e427f40 3129       3       java.lang.invoke.InnerClassLambdaMetafactory::getParameterSize (27 bytes)
Event: 5.407 Thread 0x000001df7e427f40 nmethod 3129 0x000001df0062e290 code [0x000001df0062e440, 0x000001df0062e658]
Event: 5.411 Thread 0x000001df0fa78960 nmethod 3119% 0x000001df07c17c10 code [0x000001df07c17de0, 0x000001df07c185e8]
Event: 5.411 Thread 0x000001df0fa78960 3122       4       java.lang.ClassLoader::loadClass (7 bytes)
Event: 5.412 Thread 0x000001df0fa78960 nmethod 3122 0x000001df07c18a90 code [0x000001df07c18c00, 0x000001df07c18c98]

GC Heap History (16 events):
Event: 1.858 GC heap before
{Heap before GC invocations=1 (full 0):
 PSYoungGen      total 29696K, used 25600K [0x00000000eab00000, 0x00000000ecc00000, 0x0000000100000000)
  eden space 25600K, 100% used [0x00000000eab00000,0x00000000ec400000,0x00000000ec400000)
  from space 4096K, 0% used [0x00000000ec800000,0x00000000ec800000,0x00000000ecc00000)
  to   space 4096K, 0% used [0x00000000ec400000,0x00000000ec400000,0x00000000ec800000)
 ParOldGen       total 68608K, used 0K [0x00000000c0000000, 0x00000000c4300000, 0x00000000eab00000)
  object space 68608K, 0% used [0x00000000c0000000,0x00000000c0000000,0x00000000c4300000)
 Metaspace       used 12268K, committed 12480K, reserved 1114112K
  class space    used 1109K, committed 1216K, reserved 1048576K
}
Event: 1.876 GC heap after
{Heap after GC invocations=1 (full 0):
 PSYoungGen      total 29696K, used 3314K [0x00000000eab00000, 0x00000000ecc00000, 0x0000000100000000)
  eden space 25600K, 0% used [0x00000000eab00000,0x00000000eab00000,0x00000000ec400000)
  from space 4096K, 80% used [0x00000000ec400000,0x00000000ec73caa0,0x00000000ec800000)
  to   space 4096K, 0% used [0x00000000ec800000,0x00000000ec800000,0x00000000ecc00000)
 ParOldGen       total 68608K, used 0K [0x00000000c0000000, 0x00000000c4300000, 0x00000000eab00000)
  object space 68608K, 0% used [0x00000000c0000000,0x00000000c0000000,0x00000000c4300000)
 Metaspace       used 12268K, committed 12480K, reserved 1114112K
  class space    used 1109K, committed 1216K, reserved 1048576K
}
Event: 3.044 GC heap before
{Heap before GC invocations=2 (full 0):
 PSYoungGen      total 29696K, used 28914K [0x00000000eab00000, 0x00000000ecc00000, 0x0000000100000000)
  eden space 25600K, 100% used [0x00000000eab00000,0x00000000ec400000,0x00000000ec400000)
  from space 4096K, 80% used [0x00000000ec400000,0x00000000ec73caa0,0x00000000ec800000)
  to   space 4096K, 0% used [0x00000000ec800000,0x00000000ec800000,0x00000000ecc00000)
 ParOldGen       total 68608K, used 0K [0x00000000c0000000, 0x00000000c4300000, 0x00000000eab00000)
  object space 68608K, 0% used [0x00000000c0000000,0x00000000c0000000,0x00000000c4300000)
 Metaspace       used 16134K, committed 16384K, reserved 1114112K
  class space    used 1508K, committed 1664K, reserved 1048576K
}
Event: 3.050 GC heap after
{Heap after GC invocations=2 (full 0):
 PSYoungGen      total 29696K, used 4087K [0x00000000eab00000, 0x00000000ecc00000, 0x0000000100000000)
  eden space 25600K, 0% used [0x00000000eab00000,0x00000000eab00000,0x00000000ec400000)
  from space 4096K, 99% used [0x00000000ec800000,0x00000000ecbfdfa0,0x00000000ecc00000)
  to   space 4096K, 0% used [0x00000000ec400000,0x00000000ec400000,0x00000000ec800000)
 ParOldGen       total 68608K, used 1588K [0x00000000c0000000, 0x00000000c4300000, 0x00000000eab00000)
  object space 68608K, 2% used [0x00000000c0000000,0x00000000c018d370,0x00000000c4300000)
 Metaspace       used 16134K, committed 16384K, reserved 1114112K
  class space    used 1508K, committed 1664K, reserved 1048576K
}
Event: 3.879 GC heap before
{Heap before GC invocations=3 (full 0):
 PSYoungGen      total 29696K, used 29687K [0x00000000eab00000, 0x00000000ecc00000, 0x0000000100000000)
  eden space 25600K, 100% used [0x00000000eab00000,0x00000000ec400000,0x00000000ec400000)
  from space 4096K, 99% used [0x00000000ec800000,0x00000000ecbfdfa0,0x00000000ecc00000)
  to   space 4096K, 0% used [0x00000000ec400000,0x00000000ec400000,0x00000000ec800000)
 ParOldGen       total 68608K, used 1588K [0x00000000c0000000, 0x00000000c4300000, 0x00000000eab00000)
  object space 68608K, 2% used [0x00000000c0000000,0x00000000c018d370,0x00000000c4300000)
 Metaspace       used 21110K, committed 21504K, reserved 1114112K
  class space    used 2003K, committed 2176K, reserved 1048576K
}
Event: 3.882 GC heap after
{Heap after GC invocations=3 (full 0):
 PSYoungGen      total 29696K, used 4082K [0x00000000eab00000, 0x00000000ecc00000, 0x0000000100000000)
  eden space 25600K, 0% used [0x00000000eab00000,0x00000000eab00000,0x00000000ec400000)
  from space 4096K, 99% used [0x00000000ec400000,0x00000000ec7fcbc0,0x00000000ec800000)
  to   space 4096K, 0% used [0x00000000ec800000,0x00000000ec800000,0x00000000ecc00000)
 ParOldGen       total 68608K, used 3847K [0x00000000c0000000, 0x00000000c4300000, 0x00000000eab00000)
  object space 68608K, 5% used [0x00000000c0000000,0x00000000c03c1f98,0x00000000c4300000)
 Metaspace       used 21110K, committed 21504K, reserved 1114112K
  class space    used 2003K, committed 2176K, reserved 1048576K
}
Event: 3.883 GC heap before
{Heap before GC invocations=4 (full 0):
 PSYoungGen      total 29696K, used 4380K [0x00000000eab00000, 0x00000000ecc00000, 0x0000000100000000)
  eden space 25600K, 1% used [0x00000000eab00000,0x00000000eab4a660,0x00000000ec400000)
  from space 4096K, 99% used [0x00000000ec400000,0x00000000ec7fcbc0,0x00000000ec800000)
  to   space 4096K, 0% used [0x00000000ec800000,0x00000000ec800000,0x00000000ecc00000)
 ParOldGen       total 68608K, used 3847K [0x00000000c0000000, 0x00000000c4300000, 0x00000000eab00000)
  object space 68608K, 5% used [0x00000000c0000000,0x00000000c03c1f98,0x00000000c4300000)
 Metaspace       used 21111K, committed 21504K, reserved 1114112K
  class space    used 2003K, committed 2176K, reserved 1048576K
}
Event: 3.886 GC heap after
{Heap after GC invocations=4 (full 0):
 PSYoungGen      total 29696K, used 4066K [0x00000000eab00000, 0x00000000ecc00000, 0x0000000100000000)
  eden space 25600K, 0% used [0x00000000eab00000,0x00000000eab00000,0x00000000ec400000)
  from space 4096K, 99% used [0x00000000ec800000,0x00000000ecbf8bd0,0x00000000ecc00000)
  to   space 4096K, 0% used [0x00000000ec400000,0x00000000ec400000,0x00000000ec800000)
 ParOldGen       total 68608K, used 3901K [0x00000000c0000000, 0x00000000c4300000, 0x00000000eab00000)
  object space 68608K, 5% used [0x00000000c0000000,0x00000000c03cf558,0x00000000c4300000)
 Metaspace       used 21111K, committed 21504K, reserved 1114112K
  class space    used 2003K, committed 2176K, reserved 1048576K
}
Event: 3.886 GC heap before
{Heap before GC invocations=5 (full 1):
 PSYoungGen      total 29696K, used 4066K [0x00000000eab00000, 0x00000000ecc00000, 0x0000000100000000)
  eden space 25600K, 0% used [0x00000000eab00000,0x00000000eab00000,0x00000000ec400000)
  from space 4096K, 99% used [0x00000000ec800000,0x00000000ecbf8bd0,0x00000000ecc00000)
  to   space 4096K, 0% used [0x00000000ec400000,0x00000000ec400000,0x00000000ec800000)
 ParOldGen       total 68608K, used 3901K [0x00000000c0000000, 0x00000000c4300000, 0x00000000eab00000)
  object space 68608K, 5% used [0x00000000c0000000,0x00000000c03cf558,0x00000000c4300000)
 Metaspace       used 21111K, committed 21504K, reserved 1114112K
  class space    used 2003K, committed 2176K, reserved 1048576K
}
Event: 3.908 GC heap after
{Heap after GC invocations=5 (full 1):
 PSYoungGen      total 29696K, used 0K [0x00000000eab00000, 0x00000000ecc00000, 0x0000000100000000)
  eden space 25600K, 0% used [0x00000000eab00000,0x00000000eab00000,0x00000000ec400000)
  from space 4096K, 0% used [0x00000000ec800000,0x00000000ec800000,0x00000000ecc00000)
  to   space 4096K, 0% used [0x00000000ec400000,0x00000000ec400000,0x00000000ec800000)
 ParOldGen       total 68608K, used 7816K [0x00000000c0000000, 0x00000000c4300000, 0x00000000eab00000)
  object space 68608K, 11% used [0x00000000c0000000,0x00000000c07a2060,0x00000000c4300000)
 Metaspace       used 21098K, committed 21504K, reserved 1114112K
  class space    used 1999K, committed 2176K, reserved 1048576K
}
Event: 4.613 GC heap before
{Heap before GC invocations=6 (full 1):
 PSYoungGen      total 29696K, used 25595K [0x00000000eab00000, 0x00000000ecc00000, 0x0000000100000000)
  eden space 25600K, 99% used [0x00000000eab00000,0x00000000ec3fed08,0x00000000ec400000)
  from space 4096K, 0% used [0x00000000ec800000,0x00000000ec800000,0x00000000ecc00000)
  to   space 4096K, 0% used [0x00000000ec400000,0x00000000ec400000,0x00000000ec800000)
 ParOldGen       total 68608K, used 7816K [0x00000000c0000000, 0x00000000c4300000, 0x00000000eab00000)
  object space 68608K, 11% used [0x00000000c0000000,0x00000000c07a2060,0x00000000c4300000)
 Metaspace       used 24748K, committed 25280K, reserved 1114112K
  class space    used 2396K, committed 2624K, reserved 1048576K
}
Event: 4.617 GC heap after
{Heap after GC invocations=6 (full 1):
 PSYoungGen      total 27648K, used 2330K [0x00000000eab00000, 0x00000000eca80000, 0x0000000100000000)
  eden space 25088K, 0% used [0x00000000eab00000,0x00000000eab00000,0x00000000ec380000)
  from space 2560K, 91% used [0x00000000ec400000,0x00000000ec646be0,0x00000000ec680000)
  to   space 3584K, 0% used [0x00000000ec700000,0x00000000ec700000,0x00000000eca80000)
 ParOldGen       total 68608K, used 7824K [0x00000000c0000000, 0x00000000c4300000, 0x00000000eab00000)
  object space 68608K, 11% used [0x00000000c0000000,0x00000000c07a4060,0x00000000c4300000)
 Metaspace       used 24748K, committed 25280K, reserved 1114112K
  class space    used 2396K, committed 2624K, reserved 1048576K
}
Event: 4.869 GC heap before
{Heap before GC invocations=7 (full 1):
 PSYoungGen      total 27648K, used 27282K [0x00000000eab00000, 0x00000000eca80000, 0x0000000100000000)
  eden space 25088K, 99% used [0x00000000eab00000,0x00000000ec35e018,0x00000000ec380000)
  from space 2560K, 91% used [0x00000000ec400000,0x00000000ec646be0,0x00000000ec680000)
  to   space 3584K, 0% used [0x00000000ec700000,0x00000000ec700000,0x00000000eca80000)
 ParOldGen       total 68608K, used 7824K [0x00000000c0000000, 0x00000000c4300000, 0x00000000eab00000)
  object space 68608K, 11% used [0x00000000c0000000,0x00000000c07a4060,0x00000000c4300000)
 Metaspace       used 27590K, committed 28160K, reserved 1114112K
  class space    used 2660K, committed 2944K, reserved 1048576K
}
Event: 4.870 GC heap after
{Heap after GC invocations=7 (full 1):
 PSYoungGen      total 28160K, used 3560K [0x00000000eab00000, 0x00000000ecb00000, 0x0000000100000000)
  eden space 24576K, 0% used [0x00000000eab00000,0x00000000eab00000,0x00000000ec300000)
  from space 3584K, 99% used [0x00000000ec700000,0x00000000eca7a3c0,0x00000000eca80000)
  to   space 4096K, 0% used [0x00000000ec300000,0x00000000ec300000,0x00000000ec700000)
 ParOldGen       total 68608K, used 7840K [0x00000000c0000000, 0x00000000c4300000, 0x00000000eab00000)
  object space 68608K, 11% used [0x00000000c0000000,0x00000000c07a8060,0x00000000c4300000)
 Metaspace       used 27590K, committed 28160K, reserved 1114112K
  class space    used 2660K, committed 2944K, reserved 1048576K
}
Event: 5.224 GC heap before
{Heap before GC invocations=8 (full 1):
 PSYoungGen      total 28160K, used 28136K [0x00000000eab00000, 0x00000000ecb00000, 0x0000000100000000)
  eden space 24576K, 100% used [0x00000000eab00000,0x00000000ec300000,0x00000000ec300000)
  from space 3584K, 99% used [0x00000000ec700000,0x00000000eca7a3c0,0x00000000eca80000)
  to   space 4096K, 0% used [0x00000000ec300000,0x00000000ec300000,0x00000000ec700000)
 ParOldGen       total 68608K, used 7840K [0x00000000c0000000, 0x00000000c4300000, 0x00000000eab00000)
  object space 68608K, 11% used [0x00000000c0000000,0x00000000c07a8060,0x00000000c4300000)
 Metaspace       used 31539K, committed 32256K, reserved 1114112K
  class space    used 2938K, committed 3264K, reserved 1048576K
}
Event: 5.226 GC heap after
{Heap after GC invocations=8 (full 1):
 PSYoungGen      total 28160K, used 3679K [0x00000000eab00000, 0x00000000eca80000, 0x0000000100000000)
  eden space 24064K, 0% used [0x00000000eab00000,0x00000000eab00000,0x00000000ec280000)
  from space 4096K, 89% used [0x00000000ec300000,0x00000000ec697da8,0x00000000ec700000)
  to   space 3584K, 0% used [0x00000000ec700000,0x00000000ec700000,0x00000000eca80000)
 ParOldGen       total 68608K, used 7848K [0x00000000c0000000, 0x00000000c4300000, 0x00000000eab00000)
  object space 68608K, 11% used [0x00000000c0000000,0x00000000c07aa060,0x00000000c4300000)
 Metaspace       used 31539K, committed 32256K, reserved 1114112K
  class space    used 2938K, committed 3264K, reserved 1048576K
}

Dll operation events (10 events):
Event: 0.019 Loaded shared library c:\Users\admin\AppData\Roaming\Code\User\globalStorage\pleiades.java-extension-pack-jdk\java\17\bin\java.dll
Event: 0.102 Loaded shared library c:\Users\admin\AppData\Roaming\Code\User\globalStorage\pleiades.java-extension-pack-jdk\java\17\bin\jsvml.dll
Event: 0.346 Loaded shared library c:\Users\admin\AppData\Roaming\Code\User\globalStorage\pleiades.java-extension-pack-jdk\java\17\bin\zip.dll
Event: 0.361 Loaded shared library C:\Users\admin\AppData\Roaming\Code\User\globalStorage\pleiades.java-extension-pack-jdk\java\17\bin\instrument.dll
Event: 0.385 Loaded shared library C:\Users\admin\AppData\Roaming\Code\User\globalStorage\pleiades.java-extension-pack-jdk\java\17\bin\net.dll
Event: 0.392 Loaded shared library C:\Users\admin\AppData\Roaming\Code\User\globalStorage\pleiades.java-extension-pack-jdk\java\17\bin\nio.dll
Event: 0.408 Loaded shared library C:\Users\admin\AppData\Roaming\Code\User\globalStorage\pleiades.java-extension-pack-jdk\java\17\bin\zip.dll
Event: 0.459 Loaded shared library C:\Users\admin\AppData\Roaming\Code\User\globalStorage\pleiades.java-extension-pack-jdk\java\17\bin\jimage.dll
Event: 0.553 Loaded shared library c:\Users\admin\AppData\Roaming\Code\User\globalStorage\pleiades.java-extension-pack-jdk\java\17\bin\verify.dll
Event: 2.831 Loaded shared library C:\Users\admin\AppData\Roaming\Code\User\globalStorage\redhat.java\1.21.0\config_win\org.eclipse.equinox.launcher\org.eclipse.equinox.launcher.win32.win32.x86_64_1.2.700.v20221108-1024\eclipse_11801.dll

Deoptimization events (20 events):
Event: 5.372 Thread 0x000001df0f45f2d0 Uncommon trap: trap_request=0xffffffc6 fr.pc=0x000001df07bce5cc relative=0x00000000000009ac
Event: 5.372 Thread 0x000001df0f45f2d0 Uncommon trap: reason=bimorphic_or_optimized_type_check action=maybe_recompile pc=0x000001df07bce5cc method=java.util.HashMap.putVal(ILjava/lang/Object;Ljava/lang/Object;ZZ)Ljava/lang/Object; @ 56 c2
Event: 5.372 Thread 0x000001df0f45f2d0 DEOPT PACKING pc=0x000001df07bce5cc sp=0x000000254bffd870
Event: 5.372 Thread 0x000001df0f45f2d0 DEOPT UNPACKING pc=0x000001df07589ea3 sp=0x000000254bffd770 mode 2
Event: 5.372 Thread 0x000001df0f45f2d0 Uncommon trap: trap_request=0xffffffc6 fr.pc=0x000001df07bce5cc relative=0x00000000000009ac
Event: 5.372 Thread 0x000001df0f45f2d0 Uncommon trap: reason=bimorphic_or_optimized_type_check action=maybe_recompile pc=0x000001df07bce5cc method=java.util.HashMap.putVal(ILjava/lang/Object;Ljava/lang/Object;ZZ)Ljava/lang/Object; @ 56 c2
Event: 5.372 Thread 0x000001df0f45f2d0 DEOPT PACKING pc=0x000001df07bce5cc sp=0x000000254bffd870
Event: 5.372 Thread 0x000001df0f45f2d0 DEOPT UNPACKING pc=0x000001df07589ea3 sp=0x000000254bffd770 mode 2
Event: 5.372 Thread 0x000001df0f45f2d0 Uncommon trap: trap_request=0xffffffc6 fr.pc=0x000001df07bce5cc relative=0x00000000000009ac
Event: 5.372 Thread 0x000001df0f45f2d0 Uncommon trap: reason=bimorphic_or_optimized_type_check action=maybe_recompile pc=0x000001df07bce5cc method=java.util.HashMap.putVal(ILjava/lang/Object;Ljava/lang/Object;ZZ)Ljava/lang/Object; @ 56 c2
Event: 5.372 Thread 0x000001df0f45f2d0 DEOPT PACKING pc=0x000001df07bce5cc sp=0x000000254bffd870
Event: 5.372 Thread 0x000001df0f45f2d0 DEOPT UNPACKING pc=0x000001df07589ea3 sp=0x000000254bffd770 mode 2
Event: 5.372 Thread 0x000001df0f45f2d0 Uncommon trap: trap_request=0xffffffc6 fr.pc=0x000001df07b5bb84 relative=0x00000000000008e4
Event: 5.372 Thread 0x000001df0f45f2d0 Uncommon trap: reason=bimorphic_or_optimized_type_check action=maybe_recompile pc=0x000001df07b5bb84 method=java.util.HashMap.putVal(ILjava/lang/Object;Ljava/lang/Object;ZZ)Ljava/lang/Object; @ 56 c2
Event: 5.372 Thread 0x000001df0f45f2d0 DEOPT PACKING pc=0x000001df07b5bb84 sp=0x000000254bffd7e0
Event: 5.372 Thread 0x000001df0f45f2d0 DEOPT UNPACKING pc=0x000001df07589ea3 sp=0x000000254bffd768 mode 2
Event: 5.405 Thread 0x000001df0f4fd090 Uncommon trap: trap_request=0xffffff45 fr.pc=0x000001df07c0fe7c relative=0x00000000000011bc
Event: 5.405 Thread 0x000001df0f4fd090 Uncommon trap: reason=unstable_if action=reinterpret pc=0x000001df07c0fe7c method=java.util.Properties.loadConvert([CIILjava/lang/StringBuilder;)Ljava/lang/String; @ 477 c2
Event: 5.405 Thread 0x000001df0f4fd090 DEOPT PACKING pc=0x000001df07c0fe7c sp=0x000000254c4fd100
Event: 5.405 Thread 0x000001df0f4fd090 DEOPT UNPACKING pc=0x000001df07589ea3 sp=0x000000254c4fd0f0 mode 2

Classes unloaded (7 events):
Event: 3.890 Thread 0x000001df79306c10 Unloading class 0x0000000100216000 'java/lang/invoke/LambdaForm$MH+0x0000000100216000'
Event: 3.890 Thread 0x000001df79306c10 Unloading class 0x0000000100215c00 'java/lang/invoke/LambdaForm$MH+0x0000000100215c00'
Event: 3.890 Thread 0x000001df79306c10 Unloading class 0x0000000100215800 'java/lang/invoke/LambdaForm$MH+0x0000000100215800'
Event: 3.890 Thread 0x000001df79306c10 Unloading class 0x0000000100215400 'java/lang/invoke/LambdaForm$MH+0x0000000100215400'
Event: 3.890 Thread 0x000001df79306c10 Unloading class 0x0000000100215000 'java/lang/invoke/LambdaForm$BMH+0x0000000100215000'
Event: 3.890 Thread 0x000001df79306c10 Unloading class 0x0000000100214c00 'java/lang/invoke/LambdaForm$DMH+0x0000000100214c00'
Event: 3.890 Thread 0x000001df79306c10 Unloading class 0x0000000100212000 'java/lang/invoke/LambdaForm$DMH+0x0000000100212000'

Classes redefined (0 events):
No events

Internal exceptions (20 events):
Event: 4.327 Thread 0x000001df0f45f2d0 Exception <a 'java/lang/NoSuchMethodError'{0x00000000eb497670}: 'java.lang.Object java.lang.invoke.DirectMethodHandle$Holder.invokeSpecial(java.lang.Object, java.lang.Object, java.lang.Object, java.lang.Object, long)'> (0x00000000eb497670) 
thrown [s\src\hotspot\share\interpreter\linkResolver.cpp, line 759]
Event: 4.328 Thread 0x000001df0f45f2d0 Exception <a 'java/lang/NoSuchMethodError'{0x00000000eb49b4e8}: 'java.lang.Object java.lang.invoke.Invokers$Holder.linkToTargetMethod(java.lang.Object, java.lang.Object, long, java.lang.Object)'> (0x00000000eb49b4e8) 
thrown [s\src\hotspot\share\interpreter\linkResolver.cpp, line 759]
Event: 4.339 Thread 0x000001df0f45f2d0 Exception <a 'java/lang/NoSuchMethodError'{0x00000000eb522d08}: 'int java.lang.invoke.DirectMethodHandle$Holder.invokeStaticInit(java.lang.Object, java.lang.Object, java.lang.Object)'> (0x00000000eb522d08) 
thrown [s\src\hotspot\share\interpreter\linkResolver.cpp, line 759]
Event: 4.347 Thread 0x000001df0f45f2d0 Exception <a 'java/lang/IncompatibleClassChangeError'{0x00000000eb58b1f0}: Found class java.lang.Object, but interface was expected> (0x00000000eb58b1f0) 
thrown [s\src\hotspot\share\interpreter\linkResolver.cpp, line 826]
Event: 4.354 Thread 0x000001df0f45f2d0 Exception <a 'java/lang/NoSuchMethodError'{0x00000000eb59b6b8}: 'java.lang.Object java.lang.invoke.DirectMethodHandle$Holder.invokeSpecial(java.lang.Object, java.lang.Object, java.lang.Object, int, java.lang.Object, java.lang.Object)'> (0x00000000eb59b6b8) 
thrown [s\src\hotspot\share\interpreter\linkResolver.cpp, line 759]
Event: 4.355 Thread 0x000001df0f45f2d0 Exception <a 'java/lang/NoSuchMethodError'{0x00000000eb5a3ec0}: 'java.lang.Object java.lang.invoke.DirectMethodHandle$Holder.newInvokeSpecial(java.lang.Object, java.lang.Object, java.lang.Object, int, java.lang.Object)'> (0x00000000eb5a3ec0) 
thrown [s\src\hotspot\share\interpreter\linkResolver.cpp, line 759]
Event: 4.355 Thread 0x000001df0f45f2d0 Exception <a 'java/lang/NoSuchMethodError'{0x00000000eb5a8318}: 'java.lang.Object java.lang.invoke.DirectMethodHandle$Holder.invokeSpecial(java.lang.Object, java.lang.Object, java.lang.Object, java.lang.Object, int, java.lang.Object)'> (0x00000000eb5a8318) 
thrown [s\src\hotspot\share\interpreter\linkResolver.cpp, line 759]
Event: 4.356 Thread 0x000001df0f4fdab0 Exception <a 'java/lang/NoSuchMethodError'{0x00000000eb4bc1e0}: 'java.lang.Object java.lang.invoke.DirectMethodHandle$Holder.invokeSpecial(java.lang.Object, java.lang.Object, int, java.lang.Object, java.lang.Object)'> (0x00000000eb4bc1e0) 
thrown [s\src\hotspot\share\interpreter\linkResolver.cpp, line 759]
Event: 4.358 Thread 0x000001df0f4fdab0 Exception <a 'java/lang/NoSuchMethodError'{0x00000000eb4c38b0}: 'java.lang.Object java.lang.invoke.DirectMethodHandle$Holder.newInvokeSpecial(java.lang.Object, java.lang.Object, int, java.lang.Object)'> (0x00000000eb4c38b0) 
thrown [s\src\hotspot\share\interpreter\linkResolver.cpp, line 759]
Event: 4.358 Thread 0x000001df0f4fdab0 Exception <a 'java/lang/NoSuchMethodError'{0x00000000eb4c73c0}: 'java.lang.Object java.lang.invoke.DirectMethodHandle$Holder.invokeSpecial(java.lang.Object, java.lang.Object, java.lang.Object, int, java.lang.Object)'> (0x00000000eb4c73c0) 
thrown [s\src\hotspot\share\interpreter\linkResolver.cpp, line 759]
Event: 4.574 Thread 0x000001df0f45f2d0 Exception <a 'java/io/FileNotFoundException'{0x00000000ec136680}> (0x00000000ec136680) 
thrown [s\src\hotspot\share\prims\jni.cpp, line 516]
Event: 4.676 Thread 0x000001df0f45f2d0 Exception <a 'java/lang/NoSuchMethodError'{0x00000000eaefb6a8}: 'void java.lang.invoke.DirectMethodHandle$Holder.invokeSpecial(java.lang.Object, java.lang.Object, java.lang.Object, int)'> (0x00000000eaefb6a8) 
thrown [s\src\hotspot\share\interpreter\linkResolver.cpp, line 759]
Event: 4.723 Thread 0x000001df0f4fd090 Exception <a 'java/lang/NoSuchMethodError'{0x00000000eb1dfa60}: 'int java.lang.invoke.DirectMethodHandle$Holder.invokeVirtual(java.lang.Object, java.lang.Object)'> (0x00000000eb1dfa60) 
thrown [s\src\hotspot\share\interpreter\linkResolver.cpp, line 759]
Event: 4.724 Thread 0x000001df0f4fdab0 Exception <a 'java/io/FileNotFoundException'{0x00000000eb265fb8}> (0x00000000eb265fb8) 
thrown [s\src\hotspot\share\prims\jni.cpp, line 516]
Event: 4.929 Thread 0x000001df0f4fd090 Exception <a 'java/lang/NoSuchMethodError'{0x00000000eafb19f0}: 'java.lang.Object java.lang.invoke.DirectMethodHandle$Holder.newInvokeSpecial(java.lang.Object, java.lang.Object, java.lang.Object, java.lang.Object, java.lang.Object)'> (0x00000000eafb19f0) 
thrown [s\src\hotspot\share\interpreter\linkResolver.cpp, line 759]
Event: 5.297 Thread 0x000001df0f45f2d0 Exception <a 'java/lang/ClassNotFoundException'{0x00000000eb2ef650}: com/sun/org/apache/xerces/internal/impl/msg/spi/DOMMessagesProvider> (0x00000000eb2ef650) 
thrown [s\src\hotspot\share\classfile\systemDictionary.cpp, line 256]
Event: 5.304 Thread 0x000001df0f45f2d0 Exception <a 'java/lang/ClassNotFoundException'{0x00000000eb312f70}: com/sun/org/apache/xerces/internal/impl/msg/spi/XMLSerializerMessagesProvider> (0x00000000eb312f70) 
thrown [s\src\hotspot\share\classfile\systemDictionary.cpp, line 256]
Event: 5.305 Thread 0x000001df0f45f2d0 Exception <a 'java/lang/ClassNotFoundException'{0x00000000eb327460}: com/sun/org/apache/xerces/internal/impl/msg/spi/XMLMessagesProvider> (0x00000000eb327460) 
thrown [s\src\hotspot\share\classfile\systemDictionary.cpp, line 256]
Event: 5.348 Thread 0x000001df0f45f2d0 Exception <a 'java/lang/NoSuchMethodError'{0x00000000eb4af480}: 'void java.lang.invoke.DirectMethodHandle$Holder.invokeVirtual(java.lang.Object, java.lang.Object)'> (0x00000000eb4af480) 
thrown [s\src\hotspot\share\interpreter\linkResolver.cpp, line 759]
Event: 5.405 Thread 0x000001df0f45f2d0 Exception <a 'java/lang/NoSuchMethodError'{0x00000000eb80e2f0}: 'java.lang.Object java.lang.invoke.DirectMethodHandle$Holder.invokeStaticInit(java.lang.Object, int, int, int, int)'> (0x00000000eb80e2f0) 
thrown [s\src\hotspot\share\interpreter\linkResolver.cpp, line 759]

VM Operations (20 events):
Event: 3.883 Executing VM operation: CollectForMetadataAllocation
Event: 3.912 Executing VM operation: CollectForMetadataAllocation done
Event: 4.371 Executing VM operation: HandshakeAllThreads
Event: 4.371 Executing VM operation: HandshakeAllThreads done
Event: 4.439 Executing VM operation: HandshakeAllThreads
Event: 4.439 Executing VM operation: HandshakeAllThreads done
Event: 4.442 Executing VM operation: HandshakeAllThreads
Event: 4.442 Executing VM operation: HandshakeAllThreads done
Event: 4.502 Executing VM operation: HandshakeAllThreads
Event: 4.502 Executing VM operation: HandshakeAllThreads done
Event: 4.613 Executing VM operation: ParallelGCFailedAllocation
Event: 4.617 Executing VM operation: ParallelGCFailedAllocation done
Event: 4.869 Executing VM operation: ParallelGCFailedAllocation
Event: 4.870 Executing VM operation: ParallelGCFailedAllocation done
Event: 4.938 Executing VM operation: HandshakeAllThreads
Event: 4.938 Executing VM operation: HandshakeAllThreads done
Event: 5.224 Executing VM operation: ParallelGCFailedAllocation
Event: 5.226 Executing VM operation: ParallelGCFailedAllocation done
Event: 5.370 Executing VM operation: HandshakeAllThreads
Event: 5.371 Executing VM operation: HandshakeAllThreads done

Events (20 events):
Event: 5.401 loading class java/security/DrbgParameters
Event: 5.401 loading class java/security/DrbgParameters done
Event: 5.402 loading class java/security/DrbgParameters$Instantiation
Event: 5.402 loading class java/security/DrbgParameters$Instantiation done
Event: 5.402 loading class sun/security/provider/HashDrbg
Event: 5.402 loading class sun/security/provider/AbstractHashDrbg
Event: 5.402 loading class sun/security/provider/AbstractDrbg
Event: 5.403 loading class sun/security/provider/AbstractDrbg done
Event: 5.403 loading class sun/security/provider/AbstractHashDrbg done
Event: 5.403 loading class sun/security/provider/HashDrbg done
Event: 5.403 loading class sun/security/provider/EntropySource
Event: 5.403 loading class sun/security/provider/EntropySource done
Event: 5.406 loading class java/security/DrbgParameters$NextBytes
Event: 5.406 loading class java/security/DrbgParameters$NextBytes done
Event: 5.406 loading class sun/security/provider/AbstractDrbg$SeederHolder
Event: 5.406 loading class sun/security/provider/AbstractDrbg$SeederHolder done
Event: 5.406 loading class sun/security/provider/SeedGenerator
Event: 5.406 loading class sun/security/provider/SeedGenerator done
Event: 5.407 loading class sun/security/provider/NativeSeedGenerator
Event: 5.408 loading class sun/security/provider/NativeSeedGenerator done


Dynamic libraries:
0x00007ff7c44f0000 - 0x00007ff7c44fe000 	c:\Users\admin\AppData\Roaming\Code\User\globalStorage\pleiades.java-extension-pack-jdk\java\17\bin\java.exe
0x00007ffd682b0000 - 0x00007ffd684a8000 	C:\WINDOWS\SYSTEM32\ntdll.dll
0x00007ffd67190000 - 0x00007ffd6724f000 	C:\WINDOWS\System32\KERNEL32.DLL
0x00007ffd65ba0000 - 0x00007ffd65e96000 	C:\WINDOWS\System32\KERNELBASE.dll
0x00007ffd66000000 - 0x00007ffd66100000 	C:\WINDOWS\System32\ucrtbase.dll
0x00007ffd4efb0000 - 0x00007ffd4efc7000 	c:\Users\admin\AppData\Roaming\Code\User\globalStorage\pleiades.java-extension-pack-jdk\java\17\bin\jli.dll
0x00007ffd67aa0000 - 0x00007ffd67c3d000 	C:\WINDOWS\System32\USER32.dll
0x00007ffd65a30000 - 0x00007ffd65a52000 	C:\WINDOWS\System32\win32u.dll
0x00007ffd66f90000 - 0x00007ffd66fbc000 	C:\WINDOWS\System32\GDI32.dll
0x00007ffd66100000 - 0x00007ffd66215000 	C:\WINDOWS\System32\gdi32full.dll
0x00007ffd65990000 - 0x00007ffd65a2d000 	C:\WINDOWS\System32\msvcp_win.dll
0x00007ffd4ef90000 - 0x00007ffd4efa9000 	c:\Users\admin\AppData\Roaming\Code\User\globalStorage\pleiades.java-extension-pack-jdk\java\17\bin\VCRUNTIME140.dll
0x00007ffd55300000 - 0x00007ffd5559a000 	C:\WINDOWS\WinSxS\amd64_microsoft.windows.common-controls_6595b64144ccf1df_6.0.19041.1110_none_60b5254171f9507e\COMCTL32.dll
0x00007ffd66b30000 - 0x00007ffd66bce000 	C:\WINDOWS\System32\msvcrt.dll
0x00007ffd67d60000 - 0x00007ffd67d90000 	C:\WINDOWS\System32\IMM32.DLL
0x00007ffd54880000 - 0x00007ffd5488c000 	c:\Users\admin\AppData\Roaming\Code\User\globalStorage\pleiades.java-extension-pack-jdk\java\17\bin\vcruntime140_1.dll
0x00007ffd20350000 - 0x00007ffd203e1000 	c:\Users\admin\AppData\Roaming\Code\User\globalStorage\pleiades.java-extension-pack-jdk\java\17\bin\msvcp140.dll
0x00007ffceac30000 - 0x00007ffceb87c000 	c:\Users\admin\AppData\Roaming\Code\User\globalStorage\pleiades.java-extension-pack-jdk\java\17\bin\server\jvm.dll
0x00007ffd67f20000 - 0x00007ffd67fcf000 	C:\WINDOWS\System32\ADVAPI32.dll
0x00007ffd67a00000 - 0x00007ffd67a9c000 	C:\WINDOWS\System32\sechost.dll
0x00007ffd66870000 - 0x00007ffd66996000 	C:\WINDOWS\System32\RPCRT4.dll
0x00007ffd64f40000 - 0x00007ffd64f8b000 	C:\WINDOWS\SYSTEM32\POWRPROF.dll
0x00007ffd47b20000 - 0x00007ffd47b29000 	C:\WINDOWS\SYSTEM32\WSOCK32.dll
0x00007ffd67cc0000 - 0x00007ffd67d2b000 	C:\WINDOWS\System32\WS2_32.dll
0x00007ffd40a80000 - 0x00007ffd40aa7000 	C:\WINDOWS\SYSTEM32\WINMM.dll
0x00007ffd5f1d0000 - 0x00007ffd5f1da000 	C:\WINDOWS\SYSTEM32\VERSION.dll
0x00007ffd64db0000 - 0x00007ffd64dc2000 	C:\WINDOWS\SYSTEM32\UMPDC.dll
0x00007ffd64210000 - 0x00007ffd64222000 	C:\WINDOWS\SYSTEM32\kernel.appcore.dll
0x00007ffd547d0000 - 0x00007ffd547da000 	c:\Users\admin\AppData\Roaming\Code\User\globalStorage\pleiades.java-extension-pack-jdk\java\17\bin\jimage.dll
0x00007ffd63ee0000 - 0x00007ffd640c4000 	C:\WINDOWS\SYSTEM32\DBGHELP.DLL
0x00007ffd55990000 - 0x00007ffd559c4000 	C:\WINDOWS\SYSTEM32\dbgcore.DLL
0x00007ffd65a60000 - 0x00007ffd65ae2000 	C:\WINDOWS\System32\bcryptPrimitives.dll
0x00007ffd547a0000 - 0x00007ffd547ae000 	c:\Users\admin\AppData\Roaming\Code\User\globalStorage\pleiades.java-extension-pack-jdk\java\17\bin\instrument.dll
0x00007ffd43950000 - 0x00007ffd43975000 	c:\Users\admin\AppData\Roaming\Code\User\globalStorage\pleiades.java-extension-pack-jdk\java\17\bin\java.dll
0x00007ffd1e680000 - 0x00007ffd1e756000 	c:\Users\admin\AppData\Roaming\Code\User\globalStorage\pleiades.java-extension-pack-jdk\java\17\bin\jsvml.dll
0x00007ffd67250000 - 0x00007ffd67994000 	C:\WINDOWS\System32\SHELL32.dll
0x00007ffd63730000 - 0x00007ffd63ec3000 	C:\WINDOWS\SYSTEM32\windows.storage.dll
0x00007ffd66bd0000 - 0x00007ffd66f24000 	C:\WINDOWS\System32\combase.dll
0x00007ffd653d0000 - 0x00007ffd653fe000 	C:\WINDOWS\SYSTEM32\Wldp.dll
0x00007ffd67fd0000 - 0x00007ffd6807d000 	C:\WINDOWS\System32\SHCORE.dll
0x00007ffd66810000 - 0x00007ffd66865000 	C:\WINDOWS\System32\shlwapi.dll
0x00007ffd658c0000 - 0x00007ffd658e5000 	C:\WINDOWS\SYSTEM32\profapi.dll
0x00007ffd44400000 - 0x00007ffd44418000 	c:\Users\admin\AppData\Roaming\Code\User\globalStorage\pleiades.java-extension-pack-jdk\java\17\bin\zip.dll
0x00007ffd43610000 - 0x00007ffd43629000 	C:\Users\admin\AppData\Roaming\Code\User\globalStorage\pleiades.java-extension-pack-jdk\java\17\bin\net.dll
0x00007ffd5cc60000 - 0x00007ffd5cd6a000 	C:\WINDOWS\SYSTEM32\WINHTTP.dll
0x00007ffd65130000 - 0x00007ffd6519a000 	C:\WINDOWS\system32\mswsock.dll
0x00007ffd42fa0000 - 0x00007ffd42fb5000 	C:\Users\admin\AppData\Roaming\Code\User\globalStorage\pleiades.java-extension-pack-jdk\java\17\bin\nio.dll
0x00007ffd538e0000 - 0x00007ffd538f0000 	c:\Users\admin\AppData\Roaming\Code\User\globalStorage\pleiades.java-extension-pack-jdk\java\17\bin\verify.dll
0x00007ffd39410000 - 0x00007ffd3944e000 	C:\Users\admin\AppData\Roaming\Code\User\globalStorage\redhat.java\1.21.0\config_win\org.eclipse.equinox.launcher\org.eclipse.equinox.launcher.win32.win32.x86_64_1.2.700.v20221108-1024\eclipse_11801.dll
0x00007ffd67d90000 - 0x00007ffd67eba000 	C:\WINDOWS\System32\ole32.dll
0x00007ffd65320000 - 0x00007ffd65338000 	C:\WINDOWS\SYSTEM32\CRYPTSP.dll
0x00007ffd649d0000 - 0x00007ffd64a04000 	C:\WINDOWS\system32\rsaenh.dll
0x00007ffd66270000 - 0x00007ffd66297000 	C:\WINDOWS\System32\bcrypt.dll
0x00007ffd65880000 - 0x00007ffd658ae000 	C:\WINDOWS\SYSTEM32\USERENV.dll
0x00007ffd65340000 - 0x00007ffd6534c000 	C:\WINDOWS\SYSTEM32\CRYPTBASE.dll

dbghelp: loaded successfully - version: 4.0.5 - missing functions: none
symbol engine: initialized successfully - sym options: 0x614 - pdb path: .;c:\Users\admin\AppData\Roaming\Code\User\globalStorage\pleiades.java-extension-pack-jdk\java\17\bin;C:\WINDOWS\SYSTEM32;C:\WINDOWS\WinSxS\amd64_microsoft.windows.common-controls_6595b64144ccf1df_6.0.19041.1110_none_60b5254171f9507e;c:\Users\admin\AppData\Roaming\Code\User\globalStorage\pleiades.java-extension-pack-jdk\java\17\bin\server;C:\Users\admin\AppData\Roaming\Code\User\globalStorage\redhat.java\1.21.0\config_win\org.eclipse.equinox.launcher\org.eclipse.equinox.launcher.win32.win32.x86_64_1.2.700.v20221108-1024

VM Arguments:
jvm_args: --add-modules=ALL-SYSTEM --add-opens=java.base/java.util=ALL-UNNAMED --add-opens=java.base/java.lang=ALL-UNNAMED --add-opens=java.base/sun.nio.fs=ALL-UNNAMED -Declipse.application=org.eclipse.jdt.ls.core.id1 -Dosgi.bundles.defaultStartLevel=4 -Declipse.product=org.eclipse.jdt.ls.core.product -Djava.import.generatesMetadataFilesAtProjectRoot=false -Dfile.encoding=utf8 -XX:+UseParallelGC -XX:GCTimeRatio=4 -XX:AdaptiveSizePolicyWeight=90 -Dsun.zip.disableMemoryMapping=true -Xmx1G -Xms100m -Xlog:disable -javaagent:c:\Users\admin\.vscode\extensions\redhat.java-1.21.0-win32-x64\lombok\lombok-1.18.28.jar -XX:+HeapDumpOnOutOfMemoryError -XX:HeapDumpPath=c:\Users\admin\AppData\Roaming\Code\User\workspaceStorage\0de9fda288e954dfd67d7ebf2119b05c\redhat.java -Daether.dependencyCollector.impl=bf 
java_command: c:\Users\admin\.vscode\extensions\redhat.java-1.21.0-win32-x64\server\plugins\org.eclipse.equinox.launcher_1.6.500.v20230717-2134.jar -configuration c:\Users\admin\AppData\Roaming\Code\User\globalStorage\redhat.java\1.21.0\config_win -data c:\Users\admin\AppData\Roaming\Code\User\workspaceStorage\0de9fda288e954dfd67d7ebf2119b05c\redhat.java\jdt_ws
java_class_path (initial): c:\Users\admin\.vscode\extensions\redhat.java-1.21.0-win32-x64\server\plugins\org.eclipse.equinox.launcher_1.6.500.v20230717-2134.jar
Launcher Type: SUN_STANDARD

[Global flags]
    uintx AdaptiveSizePolicyWeight                 = 90                                        {product} {command line}
     intx CICompilerCount                          = 4                                         {product} {ergonomic}
    uintx GCTimeRatio                              = 4                                         {product} {command line}
     bool HeapDumpOnOutOfMemoryError               = true                                   {manageable} {command line}
    ccstr HeapDumpPath                             = c:\Users\admin\AppData\Roaming\Code\User\workspaceStorage\0de9fda288e954dfd67d7ebf2119b05c\redhat.java         {manageable} {command line}
   size_t InitialHeapSize                          = 104857600                                 {product} {command line}
   size_t MaxHeapSize                              = 1073741824                                {product} {command line}
   size_t MaxNewSize                               = 357564416                                 {product} {ergonomic}
   size_t MinHeapDeltaBytes                        = 524288                                    {product} {ergonomic}
   size_t MinHeapSize                              = 104857600                                 {product} {command line}
   size_t NewSize                                  = 34603008                                  {product} {ergonomic}
    uintx NonNMethodCodeHeapSize                   = 5839372                                {pd product} {ergonomic}
    uintx NonProfiledCodeHeapSize                  = 122909434                              {pd product} {ergonomic}
   size_t OldSize                                  = 70254592                                  {product} {ergonomic}
    uintx ProfiledCodeHeapSize                     = 122909434                              {pd product} {ergonomic}
    uintx ReservedCodeCacheSize                    = 251658240                              {pd product} {ergonomic}
     bool SegmentedCodeCache                       = true                                      {product} {ergonomic}
   size_t SoftMaxHeapSize                          = 1073741824                             {manageable} {ergonomic}
     bool UseCompressedClassPointers               = true                           {product lp64_product} {ergonomic}
     bool UseCompressedOops                        = true                           {product lp64_product} {ergonomic}
     bool UseLargePagesIndividualAllocation        = false                                  {pd product} {ergonomic}
     bool UseParallelGC                            = true                                      {product} {command line}

Logging:
Log output configuration:
 #0: stdout all=off uptime,level,tags
 #1: stderr all=off uptime,level,tags

Environment Variables:
JAVA_HOME=C:\Users\admin\Desktop\soobin\tool\jdk\openjdk-11_windows-x64_bin\jdk-11
CLASSPATH=C:\Users\admin\Desktop\soobin\tool\jdk\openjdk-11_windows-x64_bin\jdk-11\lib
PATH=C:\CUBRID\bin\;C:\WINDOWS\system32;C:\WINDOWS;C:\WINDOWS\System32\Wbem;C:\WINDOWS\System32\WindowsPowerShell\v1.0\;C:\WINDOWS\System32\OpenSSH\;C:\Program Files\Bandizip\;C:\Users\admin\Desktop\soobin\tool\jdk\openjdk-11_windows-x64_bin\jdk-11\bin;C:\dev\Git\cmd;C:\dev\nodejs\;C:\Users\admin\AppData\Local\Microsoft\WindowsApps;;C:\dev\Microsoft VS Code\bin;C:\Users\admin\AppData\Roaming\npm
USERNAME=admin
OS=Windows_NT
PROCESSOR_IDENTIFIER=Intel64 Family 6 Model 126 Stepping 5, GenuineIntel
TMP=C:\Users\admin\AppData\Local\Temp
TEMP=C:\Users\admin\AppData\Local\Temp



---------------  S Y S T E M  ---------------

OS:
 Windows 10 , 64 bit Build 19041 (10.0.19041.3155)
OS uptime: 33 days 18:28 hours

CPU: total 8 (initial active 8) (4 cores per cpu, 2 threads per core) family 6 model 126 stepping 5 microcode 0x56, cx8, cmov, fxsr, ht, mmx, 3dnowpref, sse, sse2, sse3, ssse3, sse4.1, sse4.2, popcnt, lzcnt, tsc, tscinvbit, avx, avx2, aes, erms, clmul, bmi1, bmi2, adx, avx512f, avx512dq, avx512cd, avx512bw, avx512vl, sha, fma, vzeroupper, avx512_vpopcntdq, avx512_vpclmulqdq, avx512_vaes, avx512_vnni, clflush, clflushopt, avx512_vbmi2, avx512_vbmi
Processor Information for all 8 processors :
  Max Mhz: 1190, Current Mhz: 991, Mhz Limit: 987

Memory: 4k page, system-wide physical 16165M (1847M free)
TotalPageFile size 46608M (AvailPageFile size 5M)
current process WorkingSet (physical memory assigned to process): 143M, peak: 143M
current process commit charge ("private bytes"): 254M, peak: 256M

vm_info: OpenJDK 64-Bit Server VM (17.0.8+7) for windows-amd64 JRE (17.0.8+7), built on Jul 18 2023 21:02:32 by "admin" with MS VC++ 16.7 (VS2019)

END.
