#
# There is insufficient memory for the Java Runtime Environment to continue.
# Native memory allocation (malloc) failed to allocate 32744 bytes for ChunkPool::allocate
# Possible reasons:
#   The system is out of physical RAM or swap space
#   The process is running with CompressedOops enabled, and the Java Heap may be blocking the growth of the native heap
# Possible solutions:
#   Reduce memory load on the system
#   Increase physical memory or swap space
#   Check if swap backing store is full
#   Decrease Java heap size (-Xmx/-Xms)
#   Decrease number of Java threads
#   Decrease Java thread stack sizes (-Xss)
#   Set larger code cache with -XX:ReservedCodeCacheSize=
#   JVM is running with Unscaled Compressed Oops mode in which the Java heap is
#     placed in the first 4GB address space. The Java Heap base address is the
#     maximum limit for the native heap growth. Please use -XX:HeapBaseMinAddress
#     to set the Java Heap base and to place the Java Heap above 4GB virtual address.
# This output file may be truncated or incomplete.
#
#  Out of Memory Error (arena.cpp:78), pid=29584, tid=3684
#
# JRE version: OpenJDK Runtime Environment Temurin-17.0.8+7 (17.0.8+7) (build 17.0.8+7)
# Java VM: OpenJDK 64-Bit Server VM Temurin-17.0.8+7 (17.0.8+7, mixed mode, tiered, compressed oops, compressed class ptrs, parallel gc, windows-amd64)
# No core dump will be written. Minidumps are not enabled by default on client versions of Windows
#

---------------  S U M M A R Y ------------

Command Line: --add-modules=ALL-SYSTEM --add-opens=java.base/java.util=ALL-UNNAMED --add-opens=java.base/java.lang=ALL-UNNAMED --add-opens=java.base/sun.nio.fs=ALL-UNNAMED -Declipse.application=org.eclipse.jdt.ls.core.id1 -Dosgi.bundles.defaultStartLevel=4 -Declipse.product=org.eclipse.jdt.ls.core.product -Djava.import.generatesMetadataFilesAtProjectRoot=false -Dfile.encoding=utf8 -XX:+UseParallelGC -XX:GCTimeRatio=4 -XX:AdaptiveSizePolicyWeight=90 -Dsun.zip.disableMemoryMapping=true -Xmx1G -Xms100m -Xlog:disable -javaagent:c:\Users\admin\.vscode\extensions\redhat.java-1.21.0-win32-x64\lombok\lombok-1.18.28.jar -XX:+HeapDumpOnOutOfMemoryError -XX:HeapDumpPath=c:\Users\admin\AppData\Roaming\Code\User\workspaceStorage\0de9fda288e954dfd67d7ebf2119b05c\redhat.java -Daether.dependencyCollector.impl=bf c:\Users\admin\.vscode\extensions\redhat.java-1.21.0-win32-x64\server\plugins\org.eclipse.equinox.launcher_1.6.500.v20230717-2134.jar -configuration c:\Users\admin\AppData\Roaming\Code\User\globalStorage\redhat.java\1.21.0\config_win -data c:\Users\admin\AppData\Roaming\Code\User\workspaceStorage\0de9fda288e954dfd67d7ebf2119b05c\redhat.java\jdt_ws

Host: Intel(R) Core(TM) i5-1035G1 CPU @ 1.00GHz, 8 cores, 15G,  Windows 10 , 64 bit Build 19041 (10.0.19041.3155)
Time: Tue Sep 12 12:59:04 2023  Windows 10 , 64 bit Build 19041 (10.0.19041.3155) elapsed time: 6.895457 seconds (0d 0h 0m 6s)

---------------  T H R E A D  ---------------

Current thread (0x0000024672493e60):  JavaThread "C2 CompilerThread0" daemon [_thread_in_native, id=3684, stack(0x000000f662e00000,0x000000f662f00000)]


Current CompileTask:
C2:   6895 3766       4       org.eclipse.osgi.internal.loader.BundleLoader::searchHooks (192 bytes)

Stack: [0x000000f662e00000,0x000000f662f00000]
Native frames: (J=compiled Java code, j=interpreted, Vv=VM code, C=native code)
V  [jvm.dll+0x678b0a]
V  [jvm.dll+0x835e84]
V  [jvm.dll+0x83762e]
V  [jvm.dll+0x837c93]
V  [jvm.dll+0x24746f]
V  [jvm.dll+0xac42c]
V  [jvm.dll+0xac7dc]
V  [jvm.dll+0x11ec98]
V  [jvm.dll+0x6a22e1]
V  [jvm.dll+0x1bd2c4]
V  [jvm.dll+0x219d49]
V  [jvm.dll+0x219011]
V  [jvm.dll+0x1a534d]
V  [jvm.dll+0x228d8a]
V  [jvm.dll+0x226dcc]
V  [jvm.dll+0x7ec09b]
V  [jvm.dll+0x7e64ca]
V  [jvm.dll+0x677955]
C  [ucrtbase.dll+0x21bb2]
C  [KERNEL32.DLL+0x17614]
C  [ntdll.dll+0x526b1]


---------------  P R O C E S S  ---------------

Threads class SMR info:
_java_thread_list=0x000002467595ff00, length=29, elements={
0x00000246544393a0, 0x000002466d12d500, 0x000002466d12e8d0, 0x00000246724bcef0,
0x00000246724bd7c0, 0x00000246724be090, 0x00000246724be960, 0x0000024672493e60,
0x00000246724f3a60, 0x00000246724feb10, 0x00000246544f4200, 0x00000246727bdc60,
0x0000024673b77e70, 0x0000024673bbbb00, 0x0000024673cb7510, 0x0000024673dbf850,
0x0000024673c65030, 0x0000024674069880, 0x0000024674068e60, 0x000002467406a2a0,
0x0000024674069d90, 0x0000024674069370, 0x000002467406a7b0, 0x0000024675100080,
0x0000024673f3e850, 0x0000024673f3cdc0, 0x00000246750fe730, 0x00000246750fdd10,
0x00000246751019d0
}

Java Threads: ( => current thread )
  0x00000246544393a0 JavaThread "main" [_thread_blocked, id=18804, stack(0x000000f662500000,0x000000f662600000)]
  0x000002466d12d500 JavaThread "Reference Handler" daemon [_thread_blocked, id=30208, stack(0x000000f662800000,0x000000f662900000)]
  0x000002466d12e8d0 JavaThread "Finalizer" daemon [_thread_blocked, id=11056, stack(0x000000f662900000,0x000000f662a00000)]
  0x00000246724bcef0 JavaThread "Signal Dispatcher" daemon [_thread_blocked, id=13620, stack(0x000000f662a00000,0x000000f662b00000)]
  0x00000246724bd7c0 JavaThread "Attach Listener" daemon [_thread_blocked, id=10944, stack(0x000000f662b00000,0x000000f662c00000)]
  0x00000246724be090 JavaThread "Service Thread" daemon [_thread_blocked, id=12028, stack(0x000000f662c00000,0x000000f662d00000)]
  0x00000246724be960 JavaThread "Monitor Deflation Thread" daemon [_thread_blocked, id=24260, stack(0x000000f662d00000,0x000000f662e00000)]
=>0x0000024672493e60 JavaThread "C2 CompilerThread0" daemon [_thread_in_native, id=3684, stack(0x000000f662e00000,0x000000f662f00000)]
  0x00000246724f3a60 JavaThread "C1 CompilerThread0" daemon [_thread_blocked, id=17280, stack(0x000000f662f00000,0x000000f663000000)]
  0x00000246724feb10 JavaThread "Sweeper thread" daemon [_thread_blocked, id=23092, stack(0x000000f663000000,0x000000f663100000)]
  0x00000246544f4200 JavaThread "Common-Cleaner" daemon [_thread_blocked, id=29852, stack(0x000000f663100000,0x000000f663200000)]
  0x00000246727bdc60 JavaThread "Notification Thread" daemon [_thread_blocked, id=28088, stack(0x000000f663200000,0x000000f663300000)]
  0x0000024673b77e70 JavaThread "Active Thread: Equinox Container: 40b291c3-606e-480a-a02d-84a01b79424d" [_thread_blocked, id=19248, stack(0x000000f663b00000,0x000000f663c00000)]
  0x0000024673bbbb00 JavaThread "Framework Event Dispatcher: Equinox Container: 40b291c3-606e-480a-a02d-84a01b79424d" daemon [_thread_blocked, id=31504, stack(0x000000f663c00000,0x000000f663d00000)]
  0x0000024673cb7510 JavaThread "Start Level: Equinox Container: 40b291c3-606e-480a-a02d-84a01b79424d" daemon [_thread_blocked, id=18948, stack(0x000000f663d00000,0x000000f663e00000)]
  0x0000024673dbf850 JavaThread "SCR Component Actor" daemon [_thread_blocked, id=13788, stack(0x000000f663e00000,0x000000f663f00000)]
  0x0000024673c65030 JavaThread "SCR Component Registry" daemon [_thread_blocked, id=18968, stack(0x000000f664000000,0x000000f664100000)]
  0x0000024674069880 JavaThread "Worker-JM" [_thread_blocked, id=30656, stack(0x000000f663a00000,0x000000f663b00000)]
  0x0000024674068e60 JavaThread "Worker-0: Repository registry initialization" [_thread_in_native, id=28240, stack(0x000000f664100000,0x000000f664200000)]
  0x000002467406a2a0 JavaThread "Worker-1: Updating Maven Dependencies" [_thread_blocked, id=30336, stack(0x000000f664200000,0x000000f664300000)]
  0x0000024674069d90 JavaThread "Java indexing" daemon [_thread_blocked, id=23320, stack(0x000000f664500000,0x000000f664600000)]
  0x0000024674069370 JavaThread "Worker-2" [_thread_blocked, id=27500, stack(0x000000f664600000,0x000000f664700000)]
  0x000002467406a7b0 JavaThread "Worker-3" [_thread_blocked, id=6328, stack(0x000000f664700000,0x000000f664800000)]
  0x0000024675100080 JavaThread "JNA Cleaner" daemon [_thread_blocked, id=18636, stack(0x000000f664300000,0x000000f664400000)]
  0x0000024673f3e850 JavaThread "C2 CompilerThread1" daemon [_thread_in_native, id=30832, stack(0x000000f664900000,0x000000f664a00000)]
  0x0000024673f3cdc0 JavaThread "C2 CompilerThread2" daemon [_thread_in_native, id=29788, stack(0x000000f664a00000,0x000000f664b00000)]
  0x00000246750fe730 JavaThread "pool-2-thread-1" [_thread_blocked, id=29184, stack(0x000000f664b00000,0x000000f664c00000)]
  0x00000246750fdd10 JavaThread "WorkspaceEventsHandler" [_thread_blocked, id=19104, stack(0x000000f664c00000,0x000000f664d00000)]
  0x00000246751019d0 JavaThread "pool-1-thread-1" [_thread_in_vm, id=20096, stack(0x000000f664d00000,0x000000f664e00000)]

Other Threads:
  0x000002466d128120 VMThread "VM Thread" [stack: 0x000000f662700000,0x000000f662800000] [id=29644]
  0x00000246727be140 WatcherThread [stack: 0x000000f663300000,0x000000f663400000] [id=10832]
  0x000002465444ea90 GCTaskThread "GC Thread#0" [stack: 0x000000f662600000,0x000000f662700000] [id=22948]
  0x00000246733cd750 GCTaskThread "GC Thread#1" [stack: 0x000000f663400000,0x000000f663500000] [id=5912]
  0x00000246733cda10 GCTaskThread "GC Thread#2" [stack: 0x000000f663500000,0x000000f663600000] [id=14376]
  0x00000246733ed030 GCTaskThread "GC Thread#3" [stack: 0x000000f663600000,0x000000f663700000] [id=31092]
  0x00000246733ed2f0 GCTaskThread "GC Thread#4" [stack: 0x000000f663700000,0x000000f663800000] [id=16508]
  0x00000246733ed5b0 GCTaskThread "GC Thread#5" [stack: 0x000000f663800000,0x000000f663900000] [id=17320]
  0x00000246733ed870 GCTaskThread "GC Thread#6" [stack: 0x000000f663900000,0x000000f663a00000] [id=31468]
  0x0000024673ffcf40 GCTaskThread "GC Thread#7" [stack: 0x000000f663f00000,0x000000f664000000] [id=19412]

Threads with active compile tasks:
C2 CompilerThread0     6926 3766       4       org.eclipse.osgi.internal.loader.BundleLoader::searchHooks (192 bytes)
C2 CompilerThread1     6926 3748   !   4       org.eclipse.osgi.internal.loader.classpath.ClasspathManager::defineClass (636 bytes)
C2 CompilerThread2     6926 3586       4       org.eclipse.osgi.internal.loader.BundleLoader::addExportedProvidersFor (167 bytes)

VM state: not at safepoint (normal execution)

VM Mutex/Monitor currently owned by a thread: None

Heap address: 0x00000000c0000000, size: 1024 MB, Compressed Oops mode: 32-bit

CDS archive(s) not mapped
Compressed class space mapped at: 0x0000000100000000-0x0000000140000000, reserved size: 1073741824
Narrow klass base: 0x0000000000000000, Narrow klass shift: 3, Narrow klass range: 0x140000000

GC Precious Log:
 CPUs: 8 total, 8 available
 Memory: 16165M
 Large Page Support: Disabled
 NUMA Support: Disabled
 Compressed Oops: Enabled (32-bit)
 Alignments: Space 512K, Generation 512K, Heap 2M
 Heap Min Capacity: 100M
 Heap Initial Capacity: 100M
 Heap Max Capacity: 1G
 Pre-touch: Disabled
 Parallel Workers: 8

Heap:
 PSYoungGen      total 26112K, used 14392K [0x00000000eab00000, 0x00000000ec900000, 0x0000000100000000)
  eden space 23552K, 51% used [0x00000000eab00000,0x00000000eb6dc508,0x00000000ec200000)
  from space 2560K, 87% used [0x00000000ec480000,0x00000000ec6b1c48,0x00000000ec700000)
  to   space 2048K, 0% used [0x00000000ec700000,0x00000000ec700000,0x00000000ec900000)
 ParOldGen       total 68608K, used 12686K [0x00000000c0000000, 0x00000000c4300000, 0x00000000eab00000)
  object space 68608K, 18% used [0x00000000c0000000,0x00000000c0c63860,0x00000000c4300000)
 Metaspace       used 42772K, committed 43520K, reserved 1114112K
  class space    used 4351K, committed 4672K, reserved 1048576K

Card table byte_map: [0x0000024653de0000,0x0000024653ff0000] _byte_map_base: 0x00000246537e0000

Marking Bits: (ParMarkBitMap*) 0x00007ffceb7b83b0
 Begin Bits: [0x000002466af30000, 0x000002466bf30000)
 End Bits:   [0x000002466bf30000, 0x000002466cf30000)

Polling page: 0x0000024652370000

Metaspace:

Usage:
  Non-class:     37.52 MB used.
      Class:      4.25 MB used.
       Both:     41.77 MB used.

Virtual space:
  Non-class space:       64.00 MB reserved,      37.94 MB ( 59%) committed,  1 nodes.
      Class space:        1.00 GB reserved,       4.56 MB ( <1%) committed,  1 nodes.
             Both:        1.06 GB reserved,      42.50 MB (  4%) committed. 

Chunk freelists:
   Non-Class:  9.75 MB
       Class:  11.44 MB
        Both:  21.19 MB

MaxMetaspaceSize: unlimited
CompressedClassSpaceSize: 1.00 GB
Initial GC threshold: 21.00 MB
Current GC threshold: 58.38 MB
CDS: off
MetaspaceReclaimPolicy: balanced
 - commit_granule_bytes: 65536.
 - commit_granule_words: 8192.
 - virtual_space_node_default_size: 8388608.
 - enlarge_chunks_in_place: 1.
 - new_chunks_are_fully_committed: 0.
 - uncommit_free_chunks: 1.
 - use_allocation_guard: 0.
 - handle_deallocations: 1.


Internal statistics:

num_allocs_failed_limit: 6.
num_arena_births: 394.
num_arena_deaths: 14.
num_vsnodes_births: 2.
num_vsnodes_deaths: 0.
num_space_committed: 680.
num_space_uncommitted: 0.
num_chunks_returned_to_freelist: 20.
num_chunks_taken_from_freelist: 1831.
num_chunk_merges: 10.
num_chunk_splits: 1132.
num_chunks_enlarged: 674.
num_inconsistent_stats: 0.

CodeHeap 'non-profiled nmethods': size=120000Kb used=1886Kb max_used=1886Kb free=118113Kb
 bounds [0x0000024663a00000, 0x0000024663c70000, 0x000002466af30000]
CodeHeap 'profiled nmethods': size=120000Kb used=7715Kb max_used=7715Kb free=112284Kb
 bounds [0x000002465bf30000, 0x000002465c6c0000, 0x0000024663460000]
CodeHeap 'non-nmethods': size=5760Kb used=1330Kb max_used=1352Kb free=4430Kb
 bounds [0x0000024663460000, 0x00000246636d0000, 0x0000024663a00000]
 total_blobs=4365 nmethods=3763 adapters=513
 compilation: enabled
              stopped_count=0, restarted_count=0
 full_count=0

Compilation events (20 events):
Event: 6.677 Thread 0x00000246724f3a60 nmethod 3758 0x000002465c6b4510 code [0x000002465c6b46a0, 0x000002465c6b4798]
Event: 6.703 Thread 0x00000246724f3a60 3759       1       com.google.gson.reflect.TypeToken::getType (5 bytes)
Event: 6.703 Thread 0x00000246724f3a60 nmethod 3759 0x0000024663bd7390 code [0x0000024663bd7520, 0x0000024663bd75f8]
Event: 6.703 Thread 0x00000246724f3a60 3760       3       com.google.gson.internal.bind.TypeAdapters$31::create (20 bytes)
Event: 6.704 Thread 0x00000246724f3a60 nmethod 3760 0x000002465c6b4810 code [0x000002465c6b49c0, 0x000002465c6b4b78]
Event: 6.704 Thread 0x00000246724f3a60 3761       1       com.google.gson.reflect.TypeToken::hashCode (5 bytes)
Event: 6.704 Thread 0x00000246724f3a60 nmethod 3761 0x0000024663bd7690 code [0x0000024663bd7820, 0x0000024663bd78f8]
Event: 6.706 Thread 0x00000246724f3a60 3762       3       java.lang.reflect.Field::getGenericType (20 bytes)
Event: 6.714 Thread 0x00000246724f3a60 nmethod 3762 0x000002465c6b4c90 code [0x000002465c6b4f60, 0x000002465c6b61a8]
Event: 6.714 Thread 0x00000246724f3a60 3763       3       jdk.internal.reflect.ClassFileAssembler::getLength (11 bytes)
Event: 6.715 Thread 0x00000246724f3a60 nmethod 3763 0x000002465c6b6890 code [0x000002465c6b6a40, 0x000002465c6b6bf8]
Event: 6.715 Thread 0x00000246724f3a60 3764       3       java.util.LinkedHashMap$LinkedValues::toArray (16 bytes)
Event: 6.716 Thread 0x00000246724f3a60 nmethod 3764 0x000002465c6b6d10 code [0x000002465c6b6ec0, 0x000002465c6b7038]
Event: 6.716 Thread 0x00000246724f3a60 3765       3       java.util.LinkedHashMap::valuesToArray (38 bytes)
Event: 6.716 Thread 0x00000246724f3a60 nmethod 3765 0x000002465c6b7110 code [0x000002465c6b72c0, 0x000002465c6b75f8]
Event: 6.717 Thread 0x0000024672493e60 3766       4       org.eclipse.osgi.internal.loader.BundleLoader::searchHooks (192 bytes)
Event: 6.814 Thread 0x00000246724f3a60 3767       3       com.google.inject.internal.DeclaredMembers$$Lambda$195/0x00000001003b8238::apply (8 bytes)
Event: 6.815 Thread 0x00000246724f3a60 nmethod 3767 0x000002465c6b7790 code [0x000002465c6b79a0, 0x000002465c6b81b8]
Event: 6.815 Thread 0x00000246724f3a60 3768       3       com.google.inject.internal.DeclaredMembers::lambda$getDeclaredMethods$1 (8 bytes)
Event: 6.816 Thread 0x00000246724f3a60 nmethod 3768 0x000002465c6b8490 code [0x000002465c6b86a0, 0x000002465c6b8d38]

GC Heap History (20 events):
Event: 2.962 GC heap before
{Heap before GC invocations=2 (full 0):
 PSYoungGen      total 29696K, used 28932K [0x00000000eab00000, 0x00000000ecc00000, 0x0000000100000000)
  eden space 25600K, 100% used [0x00000000eab00000,0x00000000ec400000,0x00000000ec400000)
  from space 4096K, 81% used [0x00000000ec400000,0x00000000ec7412e0,0x00000000ec800000)
  to   space 4096K, 0% used [0x00000000ec800000,0x00000000ec800000,0x00000000ecc00000)
 ParOldGen       total 68608K, used 0K [0x00000000c0000000, 0x00000000c4300000, 0x00000000eab00000)
  object space 68608K, 0% used [0x00000000c0000000,0x00000000c0000000,0x00000000c4300000)
 Metaspace       used 16046K, committed 16320K, reserved 1114112K
  class space    used 1497K, committed 1664K, reserved 1048576K
}
Event: 2.969 GC heap after
{Heap after GC invocations=2 (full 0):
 PSYoungGen      total 29696K, used 4094K [0x00000000eab00000, 0x00000000ecc00000, 0x0000000100000000)
  eden space 25600K, 0% used [0x00000000eab00000,0x00000000eab00000,0x00000000ec400000)
  from space 4096K, 99% used [0x00000000ec800000,0x00000000ecbff9a0,0x00000000ecc00000)
  to   space 4096K, 0% used [0x00000000ec400000,0x00000000ec400000,0x00000000ec800000)
 ParOldGen       total 68608K, used 1553K [0x00000000c0000000, 0x00000000c4300000, 0x00000000eab00000)
  object space 68608K, 2% used [0x00000000c0000000,0x00000000c0184468,0x00000000c4300000)
 Metaspace       used 16046K, committed 16320K, reserved 1114112K
  class space    used 1497K, committed 1664K, reserved 1048576K
}
Event: 3.630 GC heap before
{Heap before GC invocations=3 (full 0):
 PSYoungGen      total 29696K, used 29694K [0x00000000eab00000, 0x00000000ecc00000, 0x0000000100000000)
  eden space 25600K, 100% used [0x00000000eab00000,0x00000000ec400000,0x00000000ec400000)
  from space 4096K, 99% used [0x00000000ec800000,0x00000000ecbff9a0,0x00000000ecc00000)
  to   space 4096K, 0% used [0x00000000ec400000,0x00000000ec400000,0x00000000ec800000)
 ParOldGen       total 68608K, used 1553K [0x00000000c0000000, 0x00000000c4300000, 0x00000000eab00000)
  object space 68608K, 2% used [0x00000000c0000000,0x00000000c0184468,0x00000000c4300000)
 Metaspace       used 21115K, committed 21504K, reserved 1114112K
  class space    used 1999K, committed 2176K, reserved 1048576K
}
Event: 3.633 GC heap after
{Heap after GC invocations=3 (full 0):
 PSYoungGen      total 29696K, used 4087K [0x00000000eab00000, 0x00000000ecc00000, 0x0000000100000000)
  eden space 25600K, 0% used [0x00000000eab00000,0x00000000eab00000,0x00000000ec400000)
  from space 4096K, 99% used [0x00000000ec400000,0x00000000ec7fdce8,0x00000000ec800000)
  to   space 4096K, 0% used [0x00000000ec800000,0x00000000ec800000,0x00000000ecc00000)
 ParOldGen       total 68608K, used 3636K [0x00000000c0000000, 0x00000000c4300000, 0x00000000eab00000)
  object space 68608K, 5% used [0x00000000c0000000,0x00000000c038d2f8,0x00000000c4300000)
 Metaspace       used 21115K, committed 21504K, reserved 1114112K
  class space    used 1999K, committed 2176K, reserved 1048576K
}
Event: 3.633 GC heap before
{Heap before GC invocations=4 (full 1):
 PSYoungGen      total 29696K, used 4087K [0x00000000eab00000, 0x00000000ecc00000, 0x0000000100000000)
  eden space 25600K, 0% used [0x00000000eab00000,0x00000000eab00000,0x00000000ec400000)
  from space 4096K, 99% used [0x00000000ec400000,0x00000000ec7fdce8,0x00000000ec800000)
  to   space 4096K, 0% used [0x00000000ec800000,0x00000000ec800000,0x00000000ecc00000)
 ParOldGen       total 68608K, used 3636K [0x00000000c0000000, 0x00000000c4300000, 0x00000000eab00000)
  object space 68608K, 5% used [0x00000000c0000000,0x00000000c038d2f8,0x00000000c4300000)
 Metaspace       used 21115K, committed 21504K, reserved 1114112K
  class space    used 1999K, committed 2176K, reserved 1048576K
}
Event: 3.652 GC heap after
{Heap after GC invocations=4 (full 1):
 PSYoungGen      total 29696K, used 0K [0x00000000eab00000, 0x00000000ecc00000, 0x0000000100000000)
  eden space 25600K, 0% used [0x00000000eab00000,0x00000000eab00000,0x00000000ec400000)
  from space 4096K, 0% used [0x00000000ec400000,0x00000000ec400000,0x00000000ec800000)
  to   space 4096K, 0% used [0x00000000ec800000,0x00000000ec800000,0x00000000ecc00000)
 ParOldGen       total 68608K, used 7550K [0x00000000c0000000, 0x00000000c4300000, 0x00000000eab00000)
  object space 68608K, 11% used [0x00000000c0000000,0x00000000c075f8b8,0x00000000c4300000)
 Metaspace       used 21102K, committed 21504K, reserved 1114112K
  class space    used 1995K, committed 2176K, reserved 1048576K
}
Event: 4.100 GC heap before
{Heap before GC invocations=5 (full 1):
 PSYoungGen      total 29696K, used 25600K [0x00000000eab00000, 0x00000000ecc00000, 0x0000000100000000)
  eden space 25600K, 100% used [0x00000000eab00000,0x00000000ec400000,0x00000000ec400000)
  from space 4096K, 0% used [0x00000000ec400000,0x00000000ec400000,0x00000000ec800000)
  to   space 4096K, 0% used [0x00000000ec800000,0x00000000ec800000,0x00000000ecc00000)
 ParOldGen       total 68608K, used 7550K [0x00000000c0000000, 0x00000000c4300000, 0x00000000eab00000)
  object space 68608K, 11% used [0x00000000c0000000,0x00000000c075f8b8,0x00000000c4300000)
 Metaspace       used 24846K, committed 25472K, reserved 1114112K
  class space    used 2404K, committed 2688K, reserved 1048576K
}
Event: 4.101 GC heap after
{Heap after GC invocations=5 (full 1):
 PSYoungGen      total 29696K, used 2611K [0x00000000eab00000, 0x00000000ecc00000, 0x0000000100000000)
  eden space 25600K, 0% used [0x00000000eab00000,0x00000000eab00000,0x00000000ec400000)
  from space 4096K, 63% used [0x00000000ec800000,0x00000000eca8cc20,0x00000000ecc00000)
  to   space 4096K, 0% used [0x00000000ec400000,0x00000000ec400000,0x00000000ec800000)
 ParOldGen       total 68608K, used 7558K [0x00000000c0000000, 0x00000000c4300000, 0x00000000eab00000)
  object space 68608K, 11% used [0x00000000c0000000,0x00000000c07618b8,0x00000000c4300000)
 Metaspace       used 24846K, committed 25472K, reserved 1114112K
  class space    used 2404K, committed 2688K, reserved 1048576K
}
Event: 4.423 GC heap before
{Heap before GC invocations=6 (full 1):
 PSYoungGen      total 29696K, used 28211K [0x00000000eab00000, 0x00000000ecc00000, 0x0000000100000000)
  eden space 25600K, 100% used [0x00000000eab00000,0x00000000ec400000,0x00000000ec400000)
  from space 4096K, 63% used [0x00000000ec800000,0x00000000eca8cc20,0x00000000ecc00000)
  to   space 4096K, 0% used [0x00000000ec400000,0x00000000ec400000,0x00000000ec800000)
 ParOldGen       total 68608K, used 7558K [0x00000000c0000000, 0x00000000c4300000, 0x00000000eab00000)
  object space 68608K, 11% used [0x00000000c0000000,0x00000000c07618b8,0x00000000c4300000)
 Metaspace       used 28263K, committed 28928K, reserved 1114112K
  class space    used 2683K, committed 2944K, reserved 1048576K
}
Event: 4.425 GC heap after
{Heap after GC invocations=6 (full 1):
 PSYoungGen      total 29184K, used 3597K [0x00000000eab00000, 0x00000000ecb80000, 0x0000000100000000)
  eden space 25088K, 0% used [0x00000000eab00000,0x00000000eab00000,0x00000000ec380000)
  from space 4096K, 87% used [0x00000000ec400000,0x00000000ec783448,0x00000000ec800000)
  to   space 3584K, 0% used [0x00000000ec800000,0x00000000ec800000,0x00000000ecb80000)
 ParOldGen       total 68608K, used 7566K [0x00000000c0000000, 0x00000000c4300000, 0x00000000eab00000)
  object space 68608K, 11% used [0x00000000c0000000,0x00000000c07638b8,0x00000000c4300000)
 Metaspace       used 28263K, committed 28928K, reserved 1114112K
  class space    used 2683K, committed 2944K, reserved 1048576K
}
Event: 4.671 GC heap before
{Heap before GC invocations=7 (full 1):
 PSYoungGen      total 29184K, used 28685K [0x00000000eab00000, 0x00000000ecb80000, 0x0000000100000000)
  eden space 25088K, 100% used [0x00000000eab00000,0x00000000ec380000,0x00000000ec380000)
  from space 4096K, 87% used [0x00000000ec400000,0x00000000ec783448,0x00000000ec800000)
  to   space 3584K, 0% used [0x00000000ec800000,0x00000000ec800000,0x00000000ecb80000)
 ParOldGen       total 68608K, used 7566K [0x00000000c0000000, 0x00000000c4300000, 0x00000000eab00000)
  object space 68608K, 11% used [0x00000000c0000000,0x00000000c07638b8,0x00000000c4300000)
 Metaspace       used 31210K, committed 31808K, reserved 1114112K
  class space    used 2911K, committed 3136K, reserved 1048576K
}
Event: 4.673 GC heap after
{Heap after GC invocations=7 (full 1):
 PSYoungGen      total 28160K, used 3554K [0x00000000eab00000, 0x00000000ecb80000, 0x0000000100000000)
  eden space 24576K, 0% used [0x00000000eab00000,0x00000000eab00000,0x00000000ec300000)
  from space 3584K, 99% used [0x00000000ec800000,0x00000000ecb78820,0x00000000ecb80000)
  to   space 4096K, 0% used [0x00000000ec380000,0x00000000ec380000,0x00000000ec780000)
 ParOldGen       total 68608K, used 7838K [0x00000000c0000000, 0x00000000c4300000, 0x00000000eab00000)
  object space 68608K, 11% used [0x00000000c0000000,0x00000000c07a78c8,0x00000000c4300000)
 Metaspace       used 31210K, committed 31808K, reserved 1114112K
  class space    used 2911K, committed 3136K, reserved 1048576K
}
Event: 5.421 GC heap before
{Heap before GC invocations=8 (full 1):
 PSYoungGen      total 28160K, used 27284K [0x00000000eab00000, 0x00000000ecb80000, 0x0000000100000000)
  eden space 24576K, 96% used [0x00000000eab00000,0x00000000ec22c8e0,0x00000000ec300000)
  from space 3584K, 99% used [0x00000000ec800000,0x00000000ecb78820,0x00000000ecb80000)
  to   space 4096K, 0% used [0x00000000ec380000,0x00000000ec380000,0x00000000ec780000)
 ParOldGen       total 68608K, used 7838K [0x00000000c0000000, 0x00000000c4300000, 0x00000000eab00000)
  object space 68608K, 11% used [0x00000000c0000000,0x00000000c07a78c8,0x00000000c4300000)
 Metaspace       used 35204K, committed 35840K, reserved 1114112K
  class space    used 3362K, committed 3648K, reserved 1048576K
}
Event: 5.425 GC heap after
{Heap after GC invocations=8 (full 1):
 PSYoungGen      total 28672K, used 4068K [0x00000000eab00000, 0x00000000ece00000, 0x0000000100000000)
  eden space 24576K, 0% used [0x00000000eab00000,0x00000000eab00000,0x00000000ec300000)
  from space 4096K, 99% used [0x00000000ec380000,0x00000000ec7792b0,0x00000000ec780000)
  to   space 5632K, 0% used [0x00000000ec880000,0x00000000ec880000,0x00000000ece00000)
 ParOldGen       total 68608K, used 8913K [0x00000000c0000000, 0x00000000c4300000, 0x00000000eab00000)
  object space 68608K, 12% used [0x00000000c0000000,0x00000000c08b44a8,0x00000000c4300000)
 Metaspace       used 35204K, committed 35840K, reserved 1114112K
  class space    used 3362K, committed 3648K, reserved 1048576K
}
Event: 5.425 GC heap before
{Heap before GC invocations=9 (full 2):
 PSYoungGen      total 28672K, used 4068K [0x00000000eab00000, 0x00000000ece00000, 0x0000000100000000)
  eden space 24576K, 0% used [0x00000000eab00000,0x00000000eab00000,0x00000000ec300000)
  from space 4096K, 99% used [0x00000000ec380000,0x00000000ec7792b0,0x00000000ec780000)
  to   space 5632K, 0% used [0x00000000ec880000,0x00000000ec880000,0x00000000ece00000)
 ParOldGen       total 68608K, used 8913K [0x00000000c0000000, 0x00000000c4300000, 0x00000000eab00000)
  object space 68608K, 12% used [0x00000000c0000000,0x00000000c08b44a8,0x00000000c4300000)
 Metaspace       used 35204K, committed 35840K, reserved 1114112K
  class space    used 3362K, committed 3648K, reserved 1048576K
}
Event: 5.451 GC heap after
{Heap after GC invocations=9 (full 2):
 PSYoungGen      total 28672K, used 0K [0x00000000eab00000, 0x00000000ece00000, 0x0000000100000000)
  eden space 24576K, 0% used [0x00000000eab00000,0x00000000eab00000,0x00000000ec300000)
  from space 4096K, 0% used [0x00000000ec380000,0x00000000ec380000,0x00000000ec780000)
  to   space 5632K, 0% used [0x00000000ec880000,0x00000000ec880000,0x00000000ece00000)
 ParOldGen       total 68608K, used 12670K [0x00000000c0000000, 0x00000000c4300000, 0x00000000eab00000)
  object space 68608K, 18% used [0x00000000c0000000,0x00000000c0c5f860,0x00000000c4300000)
 Metaspace       used 35204K, committed 35840K, reserved 1114112K
  class space    used 3362K, committed 3648K, reserved 1048576K
}
Event: 5.880 GC heap before
{Heap before GC invocations=10 (full 2):
 PSYoungGen      total 28672K, used 24576K [0x00000000eab00000, 0x00000000ece00000, 0x0000000100000000)
  eden space 24576K, 100% used [0x00000000eab00000,0x00000000ec300000,0x00000000ec300000)
  from space 4096K, 0% used [0x00000000ec380000,0x00000000ec380000,0x00000000ec780000)
  to   space 5632K, 0% used [0x00000000ec880000,0x00000000ec880000,0x00000000ece00000)
 ParOldGen       total 68608K, used 12670K [0x00000000c0000000, 0x00000000c4300000, 0x00000000eab00000)
  object space 68608K, 18% used [0x00000000c0000000,0x00000000c0c5f860,0x00000000c4300000)
 Metaspace       used 38761K, committed 39552K, reserved 1114112K
  class space    used 3801K, committed 4160K, reserved 1048576K
}
Event: 5.883 GC heap after
{Heap after GC invocations=10 (full 2):
 PSYoungGen      total 26112K, used 1612K [0x00000000eab00000, 0x00000000eca80000, 0x0000000100000000)
  eden space 24064K, 0% used [0x00000000eab00000,0x00000000eab00000,0x00000000ec280000)
  from space 2048K, 78% used [0x00000000ec880000,0x00000000eca13010,0x00000000eca80000)
  to   space 3072K, 0% used [0x00000000ec480000,0x00000000ec480000,0x00000000ec780000)
 ParOldGen       total 68608K, used 12678K [0x00000000c0000000, 0x00000000c4300000, 0x00000000eab00000)
  object space 68608K, 18% used [0x00000000c0000000,0x00000000c0c61860,0x00000000c4300000)
 Metaspace       used 38761K, committed 39552K, reserved 1114112K
  class space    used 3801K, committed 4160K, reserved 1048576K
}
Event: 6.380 GC heap before
{Heap before GC invocations=11 (full 2):
 PSYoungGen      total 26112K, used 25676K [0x00000000eab00000, 0x00000000eca80000, 0x0000000100000000)
  eden space 24064K, 100% used [0x00000000eab00000,0x00000000ec280000,0x00000000ec280000)
  from space 2048K, 78% used [0x00000000ec880000,0x00000000eca13010,0x00000000eca80000)
  to   space 3072K, 0% used [0x00000000ec480000,0x00000000ec480000,0x00000000ec780000)
 ParOldGen       total 68608K, used 12678K [0x00000000c0000000, 0x00000000c4300000, 0x00000000eab00000)
  object space 68608K, 18% used [0x00000000c0000000,0x00000000c0c61860,0x00000000c4300000)
 Metaspace       used 41263K, committed 42112K, reserved 1114112K
  class space    used 4150K, committed 4480K, reserved 1048576K
}
Event: 6.383 GC heap after
{Heap after GC invocations=11 (full 2):
 PSYoungGen      total 26112K, used 2247K [0x00000000eab00000, 0x00000000ec900000, 0x0000000100000000)
  eden space 23552K, 0% used [0x00000000eab00000,0x00000000eab00000,0x00000000ec200000)
  from space 2560K, 87% used [0x00000000ec480000,0x00000000ec6b1c48,0x00000000ec700000)
  to   space 2048K, 0% used [0x00000000ec700000,0x00000000ec700000,0x00000000ec900000)
 ParOldGen       total 68608K, used 12686K [0x00000000c0000000, 0x00000000c4300000, 0x00000000eab00000)
  object space 68608K, 18% used [0x00000000c0000000,0x00000000c0c63860,0x00000000c4300000)
 Metaspace       used 41263K, committed 42112K, reserved 1114112K
  class space    used 4150K, committed 4480K, reserved 1048576K
}

Dll operation events (11 events):
Event: 0.027 Loaded shared library c:\Users\admin\AppData\Roaming\Code\User\globalStorage\pleiades.java-extension-pack-jdk\java\17\bin\java.dll
Event: 0.092 Loaded shared library c:\Users\admin\AppData\Roaming\Code\User\globalStorage\pleiades.java-extension-pack-jdk\java\17\bin\jsvml.dll
Event: 0.440 Loaded shared library c:\Users\admin\AppData\Roaming\Code\User\globalStorage\pleiades.java-extension-pack-jdk\java\17\bin\zip.dll
Event: 0.454 Loaded shared library C:\Users\admin\AppData\Roaming\Code\User\globalStorage\pleiades.java-extension-pack-jdk\java\17\bin\instrument.dll
Event: 0.502 Loaded shared library C:\Users\admin\AppData\Roaming\Code\User\globalStorage\pleiades.java-extension-pack-jdk\java\17\bin\net.dll
Event: 0.505 Loaded shared library C:\Users\admin\AppData\Roaming\Code\User\globalStorage\pleiades.java-extension-pack-jdk\java\17\bin\nio.dll
Event: 0.516 Loaded shared library C:\Users\admin\AppData\Roaming\Code\User\globalStorage\pleiades.java-extension-pack-jdk\java\17\bin\zip.dll
Event: 0.544 Loaded shared library C:\Users\admin\AppData\Roaming\Code\User\globalStorage\pleiades.java-extension-pack-jdk\java\17\bin\jimage.dll
Event: 0.700 Loaded shared library c:\Users\admin\AppData\Roaming\Code\User\globalStorage\pleiades.java-extension-pack-jdk\java\17\bin\verify.dll
Event: 2.770 Loaded shared library C:\Users\admin\AppData\Roaming\Code\User\globalStorage\redhat.java\1.21.0\config_win\org.eclipse.equinox.launcher\org.eclipse.equinox.launcher.win32.win32.x86_64_1.2.700.v20221108-1024\eclipse_11801.dll
Event: 5.497 Loaded shared library C:\Users\admin\AppData\Local\Temp\jna-92668751\jna18133196664295579172.dll

Deoptimization events (20 events):
Event: 6.496 Thread 0x00000246544393a0 Uncommon trap: trap_request=0xffffff45 fr.pc=0x0000024663bcb700 relative=0x0000000000005ac0
Event: 6.496 Thread 0x00000246544393a0 Uncommon trap: reason=unstable_if action=reinterpret pc=0x0000024663bcb700 method=jdk.internal.org.objectweb.asm.Frame.execute(IILjdk/internal/org/objectweb/asm/Symbol;Ljdk/internal/org/objectweb/asm/SymbolTable;)V @ 1 c2
Event: 6.496 Thread 0x00000246544393a0 DEOPT PACKING pc=0x0000024663bcb700 sp=0x000000f6625fd7e0
Event: 6.497 Thread 0x00000246544393a0 DEOPT UNPACKING pc=0x00000246634b9ea3 sp=0x000000f6625fd788 mode 2
Event: 6.558 Thread 0x0000024674068e60 Uncommon trap: trap_request=0xffffffde fr.pc=0x0000024663bd1e94 relative=0x0000000000000494
Event: 6.558 Thread 0x0000024674068e60 Uncommon trap: reason=class_check action=maybe_recompile pc=0x0000024663bd1e94 method=java.lang.reflect.Executable.declaredAnnotations()Ljava/util/Map; @ 23 c2
Event: 6.558 Thread 0x0000024674068e60 DEOPT PACKING pc=0x0000024663bd1e94 sp=0x000000f6641fdf10
Event: 6.558 Thread 0x0000024674068e60 DEOPT UNPACKING pc=0x00000246634b9ea3 sp=0x000000f6641fded8 mode 2
Event: 6.558 Thread 0x0000024674068e60 Uncommon trap: trap_request=0xffffffde fr.pc=0x0000024663bd1e94 relative=0x0000000000000494
Event: 6.558 Thread 0x0000024674068e60 Uncommon trap: reason=class_check action=maybe_recompile pc=0x0000024663bd1e94 method=java.lang.reflect.Executable.declaredAnnotations()Ljava/util/Map; @ 23 c2
Event: 6.558 Thread 0x0000024674068e60 DEOPT PACKING pc=0x0000024663bd1e94 sp=0x000000f6641fde70
Event: 6.558 Thread 0x0000024674068e60 DEOPT UNPACKING pc=0x00000246634b9ea3 sp=0x000000f6641fde40 mode 2
Event: 6.558 Thread 0x0000024674068e60 Uncommon trap: trap_request=0xffffffde fr.pc=0x0000024663bd1e94 relative=0x0000000000000494
Event: 6.558 Thread 0x0000024674068e60 Uncommon trap: reason=class_check action=maybe_recompile pc=0x0000024663bd1e94 method=java.lang.reflect.Executable.declaredAnnotations()Ljava/util/Map; @ 23 c2
Event: 6.558 Thread 0x0000024674068e60 DEOPT PACKING pc=0x0000024663bd1e94 sp=0x000000f6641fdf10
Event: 6.558 Thread 0x0000024674068e60 DEOPT UNPACKING pc=0x00000246634b9ea3 sp=0x000000f6641fded8 mode 2
Event: 6.558 Thread 0x0000024674068e60 Uncommon trap: trap_request=0xffffffde fr.pc=0x0000024663bd1e94 relative=0x0000000000000494
Event: 6.558 Thread 0x0000024674068e60 Uncommon trap: reason=class_check action=maybe_recompile pc=0x0000024663bd1e94 method=java.lang.reflect.Executable.declaredAnnotations()Ljava/util/Map; @ 23 c2
Event: 6.558 Thread 0x0000024674068e60 DEOPT PACKING pc=0x0000024663bd1e94 sp=0x000000f6641fde70
Event: 6.558 Thread 0x0000024674068e60 DEOPT UNPACKING pc=0x00000246634b9ea3 sp=0x000000f6641fde40 mode 2

Classes unloaded (7 events):
Event: 3.636 Thread 0x000002466d128120 Unloading class 0x0000000100218000 'java/lang/invoke/LambdaForm$MH+0x0000000100218000'
Event: 3.636 Thread 0x000002466d128120 Unloading class 0x0000000100217c00 'java/lang/invoke/LambdaForm$MH+0x0000000100217c00'
Event: 3.636 Thread 0x000002466d128120 Unloading class 0x0000000100217800 'java/lang/invoke/LambdaForm$MH+0x0000000100217800'
Event: 3.636 Thread 0x000002466d128120 Unloading class 0x0000000100217400 'java/lang/invoke/LambdaForm$MH+0x0000000100217400'
Event: 3.636 Thread 0x000002466d128120 Unloading class 0x0000000100217000 'java/lang/invoke/LambdaForm$BMH+0x0000000100217000'
Event: 3.636 Thread 0x000002466d128120 Unloading class 0x0000000100216c00 'java/lang/invoke/LambdaForm$DMH+0x0000000100216c00'
Event: 3.636 Thread 0x000002466d128120 Unloading class 0x0000000100214000 'java/lang/invoke/LambdaForm$DMH+0x0000000100214000'

Classes redefined (0 events):
No events

Internal exceptions (20 events):
Event: 4.861 Thread 0x0000024673cb7510 Exception <a 'java/lang/NoSuchMethodError'{0x00000000eb0291d8}: 'void java.lang.invoke.DirectMethodHandle$Holder.invokeVirtual(java.lang.Object, java.lang.Object)'> (0x00000000eb0291d8) 
thrown [s\src\hotspot\share\interpreter\linkResolver.cpp, line 759]
Event: 4.899 Thread 0x0000024673cb7510 Exception <a 'java/lang/NoSuchMethodError'{0x00000000eb234bd8}: 'java.lang.Object java.lang.invoke.DirectMethodHandle$Holder.invokeStaticInit(java.lang.Object, int, int, int, int)'> (0x00000000eb234bd8) 
thrown [s\src\hotspot\share\interpreter\linkResolver.cpp, line 759]
Event: 4.937 Thread 0x0000024673cb7510 Exception <a 'java/lang/NoSuchMethodError'{0x00000000eb34bf98}: 'java.lang.Object java.lang.invoke.DirectMethodHandle$Holder.invokeStaticInit(java.lang.Object, java.lang.Object, int, int, int, int)'> (0x00000000eb34bf98) 
thrown [s\src\hotspot\share\interpreter\linkResolver.cpp, line 759]
Event: 5.134 Thread 0x0000024673cb7510 Exception <a 'java/lang/ClassNotFoundException'{0x00000000eb6c0118}: com/sun/org/apache/xml/internal/serializer/spi/XMLEntitiesProvider> (0x00000000eb6c0118) 
thrown [s\src\hotspot\share\classfile\systemDictionary.cpp, line 256]
Event: 5.225 Thread 0x000002467406a2a0 Exception <a 'java/lang/NoSuchMethodError'{0x00000000eb0698e8}: 'void java.lang.invoke.DirectMethodHandle$Holder.invokeStatic(java.lang.Object, java.lang.Object, java.lang.Object, java.lang.Object)'> (0x00000000eb0698e8) 
thrown [s\src\hotspot\share\interpreter\linkResolver.cpp, line 759]
Event: 5.286 Thread 0x0000024674068e60 Exception <a 'java/lang/NoSuchMethodError'{0x00000000ebb56340}: 'java.lang.Object java.lang.invoke.DirectMethodHandle$Holder.invokeSpecialIFC(java.lang.Object, java.lang.Object, java.lang.Object, java.lang.Object)'> (0x00000000ebb56340) 
thrown [s\src\hotspot\share\interpreter\linkResolver.cpp, line 759]
Event: 5.332 Thread 0x0000024673cb7510 Exception <a 'java/io/FileNotFoundException'{0x00000000ebc0d440}> (0x00000000ebc0d440) 
thrown [s\src\hotspot\share\prims\jni.cpp, line 516]
Event: 5.519 Thread 0x0000024674068e60 Exception <a 'java/lang/NoSuchMethodError'{0x00000000eaf68ae0}: 'int java.lang.invoke.DirectMethodHandle$Holder.invokeSpecialIFC(java.lang.Object, java.lang.Object, java.lang.Object, java.lang.Object, java.lang.Object)'> (0x00000000eaf68ae0) 
thrown [s\src\hotspot\share\interpreter\linkResolver.cpp, line 759]
Event: 5.532 Thread 0x0000024673cb7510 Exception <a 'java/lang/UnsatisfiedLinkError'{0x00000000eb001f50}: 지정된 프로시저를 찾을 수 없습니다.
> (0x00000000eb001f50) 
thrown [s\src\hotspot\share\prims\jni.cpp, line 535]
Event: 5.537 Thread 0x0000024673cb7510 Exception <a 'java/io/FileNotFoundException'{0x00000000eb0aa190}> (0x00000000eb0aa190) 
thrown [s\src\hotspot\share\prims\jni.cpp, line 516]
Event: 5.548 Thread 0x0000024673cb7510 Exception <a 'java/io/FileNotFoundException'{0x00000000eb1e6c20}> (0x00000000eb1e6c20) 
thrown [s\src\hotspot\share\prims\jni.cpp, line 516]
Event: 5.564 Thread 0x0000024673cb7510 Exception <a 'java/lang/UnsatisfiedLinkError'{0x00000000eb2f8208}: 지정된 프로시저를 찾을 수 없습니다.
> (0x00000000eb2f8208) 
thrown [s\src\hotspot\share\prims\jni.cpp, line 535]
Event: 5.616 Thread 0x00000246544393a0 Exception <a 'sun/nio/fs/WindowsException'{0x00000000eb6cba80}> (0x00000000eb6cba80) 
thrown [s\src\hotspot\share\prims\jni.cpp, line 516]
Event: 5.697 Thread 0x0000024674068e60 Exception <a 'java/lang/NoClassDefFoundError'{0x00000000ebb69a10}: javax/enterprise/inject/Typed> (0x00000000ebb69a10) 
thrown [s\src\hotspot\share\classfile\systemDictionary.cpp, line 245]
Event: 5.847 Thread 0x0000024674069370 Exception <a 'java/lang/NoSuchMethodError'{0x00000000ec1331f0}: 'int java.lang.invoke.DirectMethodHandle$Holder.invokeVirtual(java.lang.Object, java.lang.Object)'> (0x00000000ec1331f0) 
thrown [s\src\hotspot\share\interpreter\linkResolver.cpp, line 759]
Event: 5.916 Thread 0x00000246544393a0 Exception <a 'java/lang/NoSuchMethodError'{0x00000000eae23dd0}: 'java.lang.Object java.lang.invoke.DirectMethodHandle$Holder.invokeStatic(java.lang.Object, java.lang.Object, long, java.lang.Object)'> (0x00000000eae23dd0) 
thrown [s\src\hotspot\share\interpreter\linkResolver.cpp, line 759]
Event: 5.916 Thread 0x00000246544393a0 Exception <a 'java/lang/NoSuchMethodError'{0x00000000eae27868}: 'java.lang.Object java.lang.invoke.DirectMethodHandle$Holder.invokeStaticInit(java.lang.Object, java.lang.Object, long, java.lang.Object)'> (0x00000000eae27868) 
thrown [s\src\hotspot\share\interpreter\linkResolver.cpp, line 759]
Event: 5.919 Thread 0x00000246544393a0 Exception <a 'java/lang/NoSuchMethodError'{0x00000000eae2de78}: 'java.lang.Object java.lang.invoke.DirectMethodHandle$Holder.newInvokeSpecial(java.lang.Object, java.lang.Object, long)'> (0x00000000eae2de78) 
thrown [s\src\hotspot\share\interpreter\linkResolver.cpp, line 759]
Event: 6.452 Thread 0x00000246544393a0 Exception <a 'java/lang/NoSuchMethodError'{0x00000000eae39830}: 'void java.lang.invoke.DirectMethodHandle$Holder.invokeSpecial(java.lang.Object, java.lang.Object, java.lang.Object, java.lang.Object, java.lang.Object, java.lang.Object)'> (0x00000000eae39830) 
thrown [s\src\hotspot\share\interpreter\linkResolver.cpp, line 759]
Event: 6.477 Thread 0x00000246544393a0 Exception <a 'java/lang/IncompatibleClassChangeError'{0x00000000eae43220}: Found class java.lang.Object, but interface was expected> (0x00000000eae43220) 
thrown [s\src\hotspot\share\interpreter\linkResolver.cpp, line 826]

VM Operations (20 events):
Event: 5.162 Executing VM operation: HandshakeAllThreads
Event: 5.162 Executing VM operation: HandshakeAllThreads done
Event: 5.245 Executing VM operation: HandshakeAllThreads
Event: 5.245 Executing VM operation: HandshakeAllThreads done
Event: 5.312 Executing VM operation: HandshakeAllThreads
Event: 5.312 Executing VM operation: HandshakeAllThreads done
Event: 5.421 Executing VM operation: CollectForMetadataAllocation
Event: 5.451 Executing VM operation: CollectForMetadataAllocation done
Event: 5.515 Executing VM operation: HandshakeAllThreads
Event: 5.515 Executing VM operation: HandshakeAllThreads done
Event: 5.515 Executing VM operation: HandshakeAllThreads
Event: 5.515 Executing VM operation: HandshakeAllThreads done
Event: 5.649 Executing VM operation: HandshakeAllThreads
Event: 5.649 Executing VM operation: HandshakeAllThreads done
Event: 5.880 Executing VM operation: ParallelGCFailedAllocation
Event: 5.883 Executing VM operation: ParallelGCFailedAllocation done
Event: 6.380 Executing VM operation: ParallelGCFailedAllocation
Event: 6.384 Executing VM operation: ParallelGCFailedAllocation done
Event: 6.649 Executing VM operation: HandshakeAllThreads
Event: 6.649 Executing VM operation: HandshakeAllThreads done

Events (20 events):
Event: 6.200 loading class sun/reflect/generics/tree/ArrayTypeSignature
Event: 6.200 loading class sun/reflect/generics/tree/ArrayTypeSignature done
Event: 6.396 loading class java/util/concurrent/atomic/AtomicIntegerArray
Event: 6.397 loading class java/util/concurrent/atomic/AtomicIntegerArray done
Event: 6.409 loading class java/util/Currency
Event: 6.410 loading class java/util/Currency done
Event: 6.416 loading class java/util/concurrent/atomic/AtomicLongArray
Event: 6.416 loading class java/util/concurrent/atomic/AtomicLongArray done
Event: 6.516 loading class sun/util/locale/provider/DateFormatProviderImpl
Event: 6.516 loading class sun/util/locale/provider/DateFormatProviderImpl done
Event: 6.543 loading class sun/reflect/annotation/AnnotatedTypeFactory$AnnotatedParameterizedTypeImpl
Event: 6.544 loading class java/lang/reflect/AnnotatedParameterizedType
Event: 6.544 loading class java/lang/reflect/AnnotatedParameterizedType done
Event: 6.544 loading class sun/reflect/annotation/AnnotatedTypeFactory$AnnotatedParameterizedTypeImpl done
Event: 6.545 Thread 0x00000246750fdd10 Thread added: 0x00000246750fdd10
Event: 6.545 Thread 0x00000246751019d0 Thread added: 0x00000246751019d0
Event: 6.626 loading class sun/reflect/generics/repository/FieldRepository
Event: 6.626 loading class sun/reflect/generics/repository/FieldRepository done
Event: 6.700 loading class jdk/internal/reflect/UnsafeQualifiedIntegerFieldAccessorImpl
Event: 6.701 loading class jdk/internal/reflect/UnsafeQualifiedIntegerFieldAccessorImpl done


Dynamic libraries:
0x00007ff7c44f0000 - 0x00007ff7c44fe000 	c:\Users\admin\AppData\Roaming\Code\User\globalStorage\pleiades.java-extension-pack-jdk\java\17\bin\java.exe
0x00007ffd682b0000 - 0x00007ffd684a8000 	C:\WINDOWS\SYSTEM32\ntdll.dll
0x00007ffd67190000 - 0x00007ffd6724f000 	C:\WINDOWS\System32\KERNEL32.DLL
0x00007ffd65ba0000 - 0x00007ffd65e96000 	C:\WINDOWS\System32\KERNELBASE.dll
0x00007ffd66000000 - 0x00007ffd66100000 	C:\WINDOWS\System32\ucrtbase.dll
0x00007ffd44400000 - 0x00007ffd44417000 	c:\Users\admin\AppData\Roaming\Code\User\globalStorage\pleiades.java-extension-pack-jdk\java\17\bin\jli.dll
0x00007ffd67aa0000 - 0x00007ffd67c3d000 	C:\WINDOWS\System32\USER32.dll
0x00007ffd65a30000 - 0x00007ffd65a52000 	C:\WINDOWS\System32\win32u.dll
0x00007ffd66f90000 - 0x00007ffd66fbc000 	C:\WINDOWS\System32\GDI32.dll
0x00007ffd66100000 - 0x00007ffd66215000 	C:\WINDOWS\System32\gdi32full.dll
0x00007ffd65990000 - 0x00007ffd65a2d000 	C:\WINDOWS\System32\msvcp_win.dll
0x00007ffd43610000 - 0x00007ffd43629000 	c:\Users\admin\AppData\Roaming\Code\User\globalStorage\pleiades.java-extension-pack-jdk\java\17\bin\VCRUNTIME140.dll
0x00007ffd55300000 - 0x00007ffd5559a000 	C:\WINDOWS\WinSxS\amd64_microsoft.windows.common-controls_6595b64144ccf1df_6.0.19041.1110_none_60b5254171f9507e\COMCTL32.dll
0x00007ffd66b30000 - 0x00007ffd66bce000 	C:\WINDOWS\System32\msvcrt.dll
0x00007ffd67d60000 - 0x00007ffd67d90000 	C:\WINDOWS\System32\IMM32.DLL
0x00007ffd547d0000 - 0x00007ffd547dc000 	c:\Users\admin\AppData\Roaming\Code\User\globalStorage\pleiades.java-extension-pack-jdk\java\17\bin\vcruntime140_1.dll
0x00007ffd224a0000 - 0x00007ffd22531000 	c:\Users\admin\AppData\Roaming\Code\User\globalStorage\pleiades.java-extension-pack-jdk\java\17\bin\msvcp140.dll
0x00007ffceac30000 - 0x00007ffceb87c000 	c:\Users\admin\AppData\Roaming\Code\User\globalStorage\pleiades.java-extension-pack-jdk\java\17\bin\server\jvm.dll
0x00007ffd67f20000 - 0x00007ffd67fcf000 	C:\WINDOWS\System32\ADVAPI32.dll
0x00007ffd67a00000 - 0x00007ffd67a9c000 	C:\WINDOWS\System32\sechost.dll
0x00007ffd66870000 - 0x00007ffd66996000 	C:\WINDOWS\System32\RPCRT4.dll
0x00007ffd64f40000 - 0x00007ffd64f8b000 	C:\WINDOWS\SYSTEM32\POWRPROF.dll
0x00007ffd47b20000 - 0x00007ffd47b29000 	C:\WINDOWS\SYSTEM32\WSOCK32.dll
0x00007ffd67cc0000 - 0x00007ffd67d2b000 	C:\WINDOWS\System32\WS2_32.dll
0x00007ffd40a80000 - 0x00007ffd40aa7000 	C:\WINDOWS\SYSTEM32\WINMM.dll
0x00007ffd5f1d0000 - 0x00007ffd5f1da000 	C:\WINDOWS\SYSTEM32\VERSION.dll
0x00007ffd64db0000 - 0x00007ffd64dc2000 	C:\WINDOWS\SYSTEM32\UMPDC.dll
0x00007ffd64210000 - 0x00007ffd64222000 	C:\WINDOWS\SYSTEM32\kernel.appcore.dll
0x00007ffd547a0000 - 0x00007ffd547aa000 	c:\Users\admin\AppData\Roaming\Code\User\globalStorage\pleiades.java-extension-pack-jdk\java\17\bin\jimage.dll
0x00007ffd63ee0000 - 0x00007ffd640c4000 	C:\WINDOWS\SYSTEM32\DBGHELP.DLL
0x00007ffd55990000 - 0x00007ffd559c4000 	C:\WINDOWS\SYSTEM32\dbgcore.DLL
0x00007ffd65a60000 - 0x00007ffd65ae2000 	C:\WINDOWS\System32\bcryptPrimitives.dll
0x00007ffd538e0000 - 0x00007ffd538ee000 	c:\Users\admin\AppData\Roaming\Code\User\globalStorage\pleiades.java-extension-pack-jdk\java\17\bin\instrument.dll
0x00007ffd42940000 - 0x00007ffd42965000 	c:\Users\admin\AppData\Roaming\Code\User\globalStorage\pleiades.java-extension-pack-jdk\java\17\bin\java.dll
0x00007ffd21bd0000 - 0x00007ffd21ca6000 	c:\Users\admin\AppData\Roaming\Code\User\globalStorage\pleiades.java-extension-pack-jdk\java\17\bin\jsvml.dll
0x00007ffd67250000 - 0x00007ffd67994000 	C:\WINDOWS\System32\SHELL32.dll
0x00007ffd63730000 - 0x00007ffd63ec3000 	C:\WINDOWS\SYSTEM32\windows.storage.dll
0x00007ffd66bd0000 - 0x00007ffd66f24000 	C:\WINDOWS\System32\combase.dll
0x00007ffd653d0000 - 0x00007ffd653fe000 	C:\WINDOWS\SYSTEM32\Wldp.dll
0x00007ffd67fd0000 - 0x00007ffd6807d000 	C:\WINDOWS\System32\SHCORE.dll
0x00007ffd66810000 - 0x00007ffd66865000 	C:\WINDOWS\System32\shlwapi.dll
0x00007ffd658c0000 - 0x00007ffd658e5000 	C:\WINDOWS\SYSTEM32\profapi.dll
0x00007ffd42fa0000 - 0x00007ffd42fb8000 	c:\Users\admin\AppData\Roaming\Code\User\globalStorage\pleiades.java-extension-pack-jdk\java\17\bin\zip.dll
0x00007ffd42f50000 - 0x00007ffd42f69000 	C:\Users\admin\AppData\Roaming\Code\User\globalStorage\pleiades.java-extension-pack-jdk\java\17\bin\net.dll
0x00007ffd5cc60000 - 0x00007ffd5cd6a000 	C:\WINDOWS\SYSTEM32\WINHTTP.dll
0x00007ffd65130000 - 0x00007ffd6519a000 	C:\WINDOWS\system32\mswsock.dll
0x00007ffd42d60000 - 0x00007ffd42d75000 	C:\Users\admin\AppData\Roaming\Code\User\globalStorage\pleiades.java-extension-pack-jdk\java\17\bin\nio.dll
0x00007ffd537d0000 - 0x00007ffd537e0000 	c:\Users\admin\AppData\Roaming\Code\User\globalStorage\pleiades.java-extension-pack-jdk\java\17\bin\verify.dll
0x00007ffd36940000 - 0x00007ffd3697e000 	C:\Users\admin\AppData\Roaming\Code\User\globalStorage\redhat.java\1.21.0\config_win\org.eclipse.equinox.launcher\org.eclipse.equinox.launcher.win32.win32.x86_64_1.2.700.v20221108-1024\eclipse_11801.dll
0x00007ffd67d90000 - 0x00007ffd67eba000 	C:\WINDOWS\System32\ole32.dll
0x00007ffd65320000 - 0x00007ffd65338000 	C:\WINDOWS\SYSTEM32\CRYPTSP.dll
0x00007ffd649d0000 - 0x00007ffd64a04000 	C:\WINDOWS\system32\rsaenh.dll
0x00007ffd66270000 - 0x00007ffd66297000 	C:\WINDOWS\System32\bcrypt.dll
0x00007ffd65880000 - 0x00007ffd658ae000 	C:\WINDOWS\SYSTEM32\USERENV.dll
0x00007ffd65340000 - 0x00007ffd6534c000 	C:\WINDOWS\SYSTEM32\CRYPTBASE.dll
0x00007ffd64dd0000 - 0x00007ffd64e0b000 	C:\WINDOWS\SYSTEM32\IPHLPAPI.DLL
0x00007ffd67d30000 - 0x00007ffd67d38000 	C:\WINDOWS\System32\NSI.dll
0x00007ffd5e6f0000 - 0x00007ffd5e707000 	C:\WINDOWS\SYSTEM32\dhcpcsvc6.DLL
0x00007ffd5e6d0000 - 0x00007ffd5e6ed000 	C:\WINDOWS\SYSTEM32\dhcpcsvc.DLL
0x00007ffd64e20000 - 0x00007ffd64eea000 	C:\WINDOWS\SYSTEM32\DNSAPI.dll
0x00007ffd350d0000 - 0x00007ffd35115000 	C:\Users\admin\AppData\Local\Temp\jna-92668751\jna18133196664295579172.dll
0x00007ffd66fc0000 - 0x00007ffd66fc8000 	C:\WINDOWS\System32\PSAPI.DLL

dbghelp: loaded successfully - version: 4.0.5 - missing functions: none
symbol engine: initialized successfully - sym options: 0x614 - pdb path: .;c:\Users\admin\AppData\Roaming\Code\User\globalStorage\pleiades.java-extension-pack-jdk\java\17\bin;C:\WINDOWS\SYSTEM32;C:\WINDOWS\WinSxS\amd64_microsoft.windows.common-controls_6595b64144ccf1df_6.0.19041.1110_none_60b5254171f9507e;c:\Users\admin\AppData\Roaming\Code\User\globalStorage\pleiades.java-extension-pack-jdk\java\17\bin\server;C:\Users\admin\AppData\Roaming\Code\User\globalStorage\redhat.java\1.21.0\config_win\org.eclipse.equinox.launcher\org.eclipse.equinox.launcher.win32.win32.x86_64_1.2.700.v20221108-1024;C:\Users\admin\AppData\Local\Temp\jna-92668751

VM Arguments:
jvm_args: --add-modules=ALL-SYSTEM --add-opens=java.base/java.util=ALL-UNNAMED --add-opens=java.base/java.lang=ALL-UNNAMED --add-opens=java.base/sun.nio.fs=ALL-UNNAMED -Declipse.application=org.eclipse.jdt.ls.core.id1 -Dosgi.bundles.defaultStartLevel=4 -Declipse.product=org.eclipse.jdt.ls.core.product -Djava.import.generatesMetadataFilesAtProjectRoot=false -Dfile.encoding=utf8 -XX:+UseParallelGC -XX:GCTimeRatio=4 -XX:AdaptiveSizePolicyWeight=90 -Dsun.zip.disableMemoryMapping=true -Xmx1G -Xms100m -Xlog:disable -javaagent:c:\Users\admin\.vscode\extensions\redhat.java-1.21.0-win32-x64\lombok\lombok-1.18.28.jar -XX:+HeapDumpOnOutOfMemoryError -XX:HeapDumpPath=c:\Users\admin\AppData\Roaming\Code\User\workspaceStorage\0de9fda288e954dfd67d7ebf2119b05c\redhat.java -Daether.dependencyCollector.impl=bf 
java_command: c:\Users\admin\.vscode\extensions\redhat.java-1.21.0-win32-x64\server\plugins\org.eclipse.equinox.launcher_1.6.500.v20230717-2134.jar -configuration c:\Users\admin\AppData\Roaming\Code\User\globalStorage\redhat.java\1.21.0\config_win -data c:\Users\admin\AppData\Roaming\Code\User\workspaceStorage\0de9fda288e954dfd67d7ebf2119b05c\redhat.java\jdt_ws
java_class_path (initial): c:\Users\admin\.vscode\extensions\redhat.java-1.21.0-win32-x64\server\plugins\org.eclipse.equinox.launcher_1.6.500.v20230717-2134.jar
Launcher Type: SUN_STANDARD

[Global flags]
    uintx AdaptiveSizePolicyWeight                 = 90                                        {product} {command line}
     intx CICompilerCount                          = 4                                         {product} {ergonomic}
    uintx GCTimeRatio                              = 4                                         {product} {command line}
     bool HeapDumpOnOutOfMemoryError               = true                                   {manageable} {command line}
    ccstr HeapDumpPath                             = c:\Users\admin\AppData\Roaming\Code\User\workspaceStorage\0de9fda288e954dfd67d7ebf2119b05c\redhat.java         {manageable} {command line}
   size_t InitialHeapSize                          = 104857600                                 {product} {command line}
   size_t MaxHeapSize                              = 1073741824                                {product} {command line}
   size_t MaxNewSize                               = 357564416                                 {product} {ergonomic}
   size_t MinHeapDeltaBytes                        = 524288                                    {product} {ergonomic}
   size_t MinHeapSize                              = 104857600                                 {product} {command line}
   size_t NewSize                                  = 34603008                                  {product} {ergonomic}
    uintx NonNMethodCodeHeapSize                   = 5839372                                {pd product} {ergonomic}
    uintx NonProfiledCodeHeapSize                  = 122909434                              {pd product} {ergonomic}
   size_t OldSize                                  = 70254592                                  {product} {ergonomic}
    uintx ProfiledCodeHeapSize                     = 122909434                              {pd product} {ergonomic}
    uintx ReservedCodeCacheSize                    = 251658240                              {pd product} {ergonomic}
     bool SegmentedCodeCache                       = true                                      {product} {ergonomic}
   size_t SoftMaxHeapSize                          = 1073741824                             {manageable} {ergonomic}
     bool UseCompressedClassPointers               = true                           {product lp64_product} {ergonomic}
     bool UseCompressedOops                        = true                           {product lp64_product} {ergonomic}
     bool UseLargePagesIndividualAllocation        = false                                  {pd product} {ergonomic}
     bool UseParallelGC                            = true                                      {product} {command line}

Logging:
Log output configuration:
 #0: stdout all=off uptime,level,tags
 #1: stderr all=off uptime,level,tags

Environment Variables:
JAVA_HOME=C:\Users\admin\Desktop\soobin\tool\jdk\openjdk-11_windows-x64_bin\jdk-11
CLASSPATH=C:\Users\admin\Desktop\soobin\tool\jdk\openjdk-11_windows-x64_bin\jdk-11\lib
PATH=C:\CUBRID\bin\;C:\WINDOWS\system32;C:\WINDOWS;C:\WINDOWS\System32\Wbem;C:\WINDOWS\System32\WindowsPowerShell\v1.0\;C:\WINDOWS\System32\OpenSSH\;C:\Program Files\Bandizip\;C:\Users\admin\Desktop\soobin\tool\jdk\openjdk-11_windows-x64_bin\jdk-11\bin;C:\dev\Git\cmd;C:\dev\nodejs\;C:\Users\admin\AppData\Local\Microsoft\WindowsApps;;C:\dev\Microsoft VS Code\bin;C:\Users\admin\AppData\Roaming\npm
USERNAME=admin
OS=Windows_NT
PROCESSOR_IDENTIFIER=Intel64 Family 6 Model 126 Stepping 5, GenuineIntel
TMP=C:\Users\admin\AppData\Local\Temp
TEMP=C:\Users\admin\AppData\Local\Temp



---------------  S Y S T E M  ---------------

OS:
 Windows 10 , 64 bit Build 19041 (10.0.19041.3155)
OS uptime: 33 days 18:28 hours

CPU: total 8 (initial active 8) (4 cores per cpu, 2 threads per core) family 6 model 126 stepping 5 microcode 0x56, cx8, cmov, fxsr, ht, mmx, 3dnowpref, sse, sse2, sse3, ssse3, sse4.1, sse4.2, popcnt, lzcnt, tsc, tscinvbit, avx, avx2, aes, erms, clmul, bmi1, bmi2, adx, avx512f, avx512dq, avx512cd, avx512bw, avx512vl, sha, fma, vzeroupper, avx512_vpopcntdq, avx512_vpclmulqdq, avx512_vaes, avx512_vnni, clflush, clflushopt, avx512_vbmi2, avx512_vbmi
Processor Information for all 8 processors :
  Max Mhz: 1190, Current Mhz: 991, Mhz Limit: 987

Memory: 4k page, system-wide physical 16165M (1869M free)
TotalPageFile size 46608M (AvailPageFile size 9M)
current process WorkingSet (physical memory assigned to process): 181M, peak: 187M
current process commit charge ("private bytes"): 286M, peak: 294M

vm_info: OpenJDK 64-Bit Server VM (17.0.8+7) for windows-amd64 JRE (17.0.8+7), built on Jul 18 2023 21:02:32 by "admin" with MS VC++ 16.7 (VS2019)

END.
